Job 54658286 started on jst087 at lun 25 mai 2026 03:14:16 CEST
Training configuration:
  conda env       : marl2grid
  algorithm       : MAPPO
  env             : bus14
  seed            : 0
  total timesteps : 25000000
  n envs          : 60
  torch threads   : 12
  wandb mode      : online
Running: python -u main.py --alg MAPPO --env-id bus14 --action-type topology --seed 0 --total-timesteps 25000000 --n-envs 60 --n-threads 12 --cuda False --checkpoint True --wandb-project Grid2Op --wandb-entity corentin-plumet-epfl --wandb-mode online --time-limit 1300  --total-timesteps 15000000 --eval-freq 42000 --actor-layers 256 256 256 --critic-layers 256 256 256 --actor-lr 0.0001 --critic-lr 0.0001 --gamma 0.9 --gae-lambda 0.95 --update-epochs 10 --max-grad-norm 1.0 --clip-coef 0.2 --vf-coef 0.5 --norm-reward True --deterministic-eval True --n-steps 660 --n-minibatches 18 --entropy-coef 0.01 --target-kl 0.02 --init-do-nothing-prob 0.3 --exp-tag a1_60env_660steps
Eval at step 42000, survival=4.169%, return=[-1.5382615557056851, 198.45358819961555, -16.50993707262096, -8.157894736842076]
SPS=202
Eval at step 84000, survival=20.696%, return=[-3.3220583320304287, 961.9907092905039, -5.01076949230046, -1.0]
SPS=214
Eval at step 126000, survival=19.640%, return=[-3.151903541723732, 918.9042451190938, -5.009111287123233, -1.0]
SPS=233
Eval at step 168000, survival=24.046%, return=[-3.6835670026077425, 1120.952952542304, -5.010000263255097, -1.0]
SPS=243
Eval at step 210000, survival=19.149%, return=[-3.144247958646156, 891.332781329154, -5.009660415526014, -1.0]
SPS=253
Eval at step 252000, survival=19.276%, return=[-3.0994937255221884, 904.5805676221847, -5.010104781278642, -1.0]
SPS=259
Eval at step 294000, survival=16.438%, return=[-2.819328415900236, 767.181741805077, -5.012019313488008, -1.0]
SPS=264
Eval at step 336000, survival=10.030%, return=[-2.0602857044141274, 471.9977261543273, -5.009795589809073, -1.0]
SPS=269
Eval at step 378000, survival=16.528%, return=[-2.804023736441741, 773.6809303665166, -5.012868762424477, -1.0]
SPS=271
Eval at step 420000, survival=16.567%, return=[-2.8625817464257124, 770.0180552196508, -5.008732100260022, -1.0]
SPS=273
Eval at step 462000, survival=21.802%, return=[-3.4439135940105188, 1014.0576428937911, -5.010142196080414, -1.0]
SPS=273
Eval at step 504000, survival=19.022%, return=[-3.082733557978645, 891.6100397968291, -5.011117544642866, -1.0]
SPS=274
Eval at step 546000, survival=27.753%, return=[-4.1787374139588795, 1283.3213369035714, -5.0113575177027085, -1.0]
SPS=272
Eval at step 588000, survival=18.963%, return=[-3.0863903088436926, 886.3620978546139, -5.011356274165155, -1.0]
SPS=273
Eval at step 630000, survival=16.058%, return=[-2.7744421781913844, 750.2804771804812, -5.013847617336433, -1.0]
SPS=275
Eval at step 672000, survival=30.523%, return=[-4.4637273409345655, 1416.1921111631386, -5.009832467476372, -1.0]
SPS=273
Eval at step 714000, survival=20.474%, return=[-3.224183438264299, 949.108766207695, -4.5076352213003705, -0.9]
SPS=273
Eval at step 756000, survival=24.035%, return=[-3.6959272739535662, 1118.6759657764428, -5.011145334740286, -1.0]
SPS=273
Eval at step 798000, survival=26.649%, return=[-3.95282087958185, 1244.5046200904849, -5.0817263528013425, -1.0035087719298246]
SPS=274
Eval at step 840000, survival=20.744%, return=[-3.3175209689536134, 966.2514538621912, -5.008323266818115, -1.0]
SPS=275
Eval at step 882000, survival=25.212%, return=[-3.801051473687403, 1175.0732137107839, -5.011071758641629, -1.0]
SPS=276
Eval at step 924000, survival=20.052%, return=[-3.293588642159011, 926.2283997869492, -5.009685325927785, -1.0]
SPS=277
