Job 54653971 started on jst322 at dim 24 mai 2026 04:42:36 CEST
Training configuration:
  conda env       : marl2grid
  algorithm       : MAPPO
  env             : bus14
  seed            : 0
  total timesteps : 25000000
  n envs          : 20
  torch threads   : 20
  wandb mode      : online
Running: python -u main.py --alg MAPPO --env-id bus14 --action-type topology --seed 0 --total-timesteps 25000000 --n-envs 20 --n-threads 20 --cuda False --checkpoint True --wandb-project Grid2Op --wandb-entity corentin-plumet-epfl --wandb-mode online --time-limit 1300  --total-timesteps 15000000 --eval-freq 40000 --actor-layers 256 256 256 --critic-layers 256 256 256 --actor-lr 0.0001 --critic-lr 0.0001 --gamma 0.9 --gae-lambda 0.95 --update-epochs 10 --max-grad-norm 1.0 --clip-coef 0.2 --vf-coef 0.5 --norm-reward True --n-steps 2000 --n-minibatches 16 --entropy-coef 0.01 --target-kl 0.02 --init-do-nothing-prob 0.7 --exp-tag a2_p0_07
Eval at step 40000, survival=16.592%, return=[-2.8072594852244945, 779.397775568962, -5.010612368712463, -1.0]
SPS=125
Eval at step 80000, survival=9.539%, return=[-2.0670799606479706, 440.4295905983448, -42.04592452363677, -22.37543859649113]
SPS=146
Eval at step 120000, survival=12.972%, return=[-2.3977766525000335, 607.8758996353146, -5.969973443559138, -8.40000000000001]
SPS=155
Eval at step 160000, survival=19.552%, return=[-3.168454181274865, 911.6434088029855, -6.975533885178447, -11.582456140351033]
SPS=156
Eval at step 200000, survival=11.560%, return=[-2.2578572911501396, 542.302165766239, -6.084821537401877, -7.564912280701752]
SPS=160
Eval at step 240000, survival=7.845%, return=[-1.8257810559705832, 365.25148627328883, -9.31391484380074, -23.589473684210457]
SPS=165
Eval at step 280000, survival=6.383%, return=[-1.669465894642053, 296.76670513629927, -7.649591901421081, -21.010526315789473]
SPS=170
Eval at step 320000, survival=10.030%, return=[-2.0602857044141274, 471.9977261543273, -5.009795589809073, -1.0]
SPS=174
Eval at step 360000, survival=16.528%, return=[-2.804023736441741, 773.6809303665166, -5.012868762424477, -1.0]
SPS=176
Eval at step 400000, survival=16.577%, return=[-2.947314647282474, 772.6931170511247, -5.009054488395369, -23.049122807017646]
SPS=179
Eval at step 440000, survival=14.218%, return=[-2.594573478156235, 660.0174863042832, -5.641859354869666, -8.014035087719288]
SPS=183
Eval at step 480000, survival=10.425%, return=[-2.1280508087715133, 481.88823013448757, -65.85201165995386, -40.028070175438856]
SPS=188
Eval at step 520000, survival=27.630%, return=[-4.165131804189878, 1277.7932142162315, -5.010819899100352, -1.0]
SPS=190
Eval at step 560000, survival=18.963%, return=[-3.0863903088436926, 886.3620978546139, -5.011356274165155, -1.0]
SPS=194
Eval at step 600000, survival=16.058%, return=[-2.7744421781913844, 750.2804771804812, -5.013847617336433, -1.0]
SPS=198
Eval at step 640000, survival=30.523%, return=[-4.4637273409345655, 1416.1921111631386, -5.009832467476372, -1.0]
SPS=199
Eval at step 680000, survival=20.474%, return=[-3.224183438264299, 949.108766207695, -4.5076352213003705, -0.9]
SPS=201
Eval at step 720000, survival=24.035%, return=[-3.6959272739535662, 1118.6759657764428, -5.011145334740286, -1.0]
SPS=203
Eval at step 760000, survival=26.651%, return=[-3.9529243606957607, 1244.5536775846483, -5.133344426682015, -1.0140350877192983]
SPS=204
Eval at step 800000, survival=20.744%, return=[-3.3175209689536134, 966.2514538621912, -5.008323266818115, -1.0]
SPS=206
Eval at step 840000, survival=24.759%, return=[-3.7433819537167436, 1154.967573790549, -5.009514799545286, -1.0]
SPS=208
Eval at step 880000, survival=20.052%, return=[-3.293588642159011, 926.2283997869492, -5.009685325927785, -1.0]
SPS=211
Eval at step 920000, survival=15.975%, return=[-2.7644516607979313, 746.7860985851285, -5.012649610769586, -1.0]
SPS=214
Eval at step 960000, survival=19.293%, return=[-3.136134308821056, 902.0480768299107, -5.01057514102431, -1.0]
SPS=217
Eval at step 1000000, survival=17.263%, return=[-2.959841770736966, 799.1699977588655, -5.035644246467564, -2.687719298245611]
SPS=220
Eval at step 1040000, survival=18.545%, return=[-3.086996114446083, 862.1703486537929, -5.01224305544456, -1.0]
SPS=223
Eval at step 1080000, survival=24.070%, return=[-3.71323307803832, 1114.106347033976, -52.860860583929025, -9.38070175438602]
SPS=225
Eval at step 1120000, survival=17.450%, return=[-2.9015977152972483, 815.1394170656213, -5.393699463884696, -9.473684210526448]
SPS=228
Eval at step 1160000, survival=17.532%, return=[-2.9696743717591745, 813.6068418455131, -5.008108640112914, -1.0]
SPS=230
Eval at step 1200000, survival=22.395%, return=[-3.516309111256851, 1042.929606812953, -5.13178414812428, -1.0035087719298246]
SPS=233
Eval at step 1240000, survival=15.138%, return=[-2.7180669976107312, 699.4712737131129, -5.011408528938773, -1.0]
SPS=235
Eval at step 1280000, survival=22.354%, return=[-3.446586872992339, 1048.714809322358, -5.011556806361478, -1.0]
SPS=237
Eval at step 1320000, survival=33.251%, return=[-4.781038747611456, 1542.5220196151738, -5.009597527324513, -1.0]
SPS=238
Eval at step 1360000, survival=21.125%, return=[-3.3954932016087698, 979.7161012694839, -5.129955106042326, -1.0035087719298246]
SPS=240
Eval at step 1400000, survival=19.989%, return=[-3.213810258259764, 933.3358251905435, -5.010755496789352, -1.0]
SPS=242
Eval at step 1440000, survival=21.791%, return=[-3.385782012558775, 1021.0835796117784, -5.010310805778806, -1.0]
SPS=244
Eval at step 1480000, survival=16.560%, return=[-2.8031937423802447, 777.3771020958424, -5.13188092154669, -1.0035087719298246]
SPS=246
Eval at step 1520000, survival=26.693%, return=[-4.032834299246315, 1238.839425957203, -5.013418499680119, -1.0105263157894737]
SPS=246
Eval at step 1560000, survival=16.545%, return=[-2.870866733259754, 766.6103347539896, -5.00832487741427, -1.0]
SPS=248
Eval at step 1600000, survival=18.864%, return=[-3.079790472215973, 880.824076986313, -5.02150047441828, -2.0438596491228096]
SPS=250
Eval at step 1640000, survival=33.461%, return=[-4.727203596144681, 1549.3641073608392, -4.508275343533024, -0.9]
SPS=250
Eval at step 1680000, survival=30.205%, return=[-4.3499323567550165, 1409.603454315187, -5.215653691435, -1.2947368421052634]
SPS=251
Eval at step 1720000, survival=16.026%, return=[-2.825447881006403, 741.4400638530257, -5.145036494513624, -2.728070175438598]
SPS=253
Eval at step 1760000, survival=21.156%, return=[-3.3739524732111024, 983.6535103702541, -5.010694951022742, -1.0]
SPS=254
Eval at step 1800000, survival=15.784%, return=[-2.767536412522895, 735.622739810943, -5.01190940858578, -4.752631578947353]
SPS=256
Eval at step 1840000, survival=21.274%, return=[-3.3044001051632224, 1000.0478800773619, -5.046311917919775, -1.1614035087719299]
SPS=257
Eval at step 1880000, survival=14.893%, return=[-2.604866261722054, 701.5835878849032, -5.009455364932364, -1.0]
SPS=258
Eval at step 1920000, survival=20.787%, return=[-3.2996873301628513, 973.0015623664852, -5.023905077189556, -1.2298245614035088]
SPS=259
Eval at step 1960000, survival=21.993%, return=[-3.467341969185509, 1022.2897453737265, -5.049680497760528, -1.4315789473684217]
SPS=260
Eval at step 2000000, survival=19.008%, return=[-3.085493950534146, 892.3654150135524, -5.208545145185781, -2.6438596491228012]
SPS=261
Eval at step 2040000, survival=13.697%, return=[-2.4622038407542277, 651.0024365234376, -5.013176813052996, -9.678947368421124]
SPS=262
Eval at step 2080000, survival=14.055%, return=[-2.532641730632167, 664.3685505580902, -5.0232071920991075, -6.8578947368421055]
SPS=264
Eval at step 2120000, survival=15.831%, return=[-2.741889327066019, 743.3679591417307, -5.01328417423183, -10.403508771930008]
SPS=265
Eval at step 2160000, survival=16.808%, return=[-2.8315751986054236, 795.0855055479999, -5.374793803681678, -12.684210526315777]
SPS=266
Eval at step 2200000, survival=11.699%, return=[-2.2737123671278825, 550.5181885991095, -5.113796614302555, -2.994736842105265]
SPS=268
Eval at step 2240000, survival=14.799%, return=[-2.652246386674233, 688.7573270072937, -5.323538098082645, -2.1684210526315812]
SPS=269
Eval at step 2280000, survival=10.782%, return=[-2.155867985257646, 510.2075993871689, -5.4201372381769035, -6.914035087719297]
SPS=270
Eval at step 2320000, survival=11.890%, return=[-2.3113018828560596, 557.287994143009, -7.548064761958085, -3.7736842105263086]
SPS=271
Eval at step 2360000, survival=16.326%, return=[-2.8325855959556065, 760.7521249303816, -5.666961060449831, -7.617543859649169]
SPS=272
Eval at step 2400000, survival=10.341%, return=[-2.122242167935474, 488.20781951284425, -5.590368936544837, -9.626315789473688]
SPS=274
Eval at step 2440000, survival=7.261%, return=[-1.748072133003734, 352.33325644207, -5.591502733532616, -10.636842105263156]
SPS=276
Eval at step 2480000, survival=9.588%, return=[-2.068927791848546, 445.9344675331114, -6.146099869420505, -5.401754385964958]
SPS=277
Eval at step 2520000, survival=4.159%, return=[-1.4151591536181514, 204.52426953411106, -5.595067698274216, -5.864912280701749]
SPS=279
Eval at step 2560000, survival=8.433%, return=[-1.9442207260755822, 389.264942100048, -5.372081564622931, -2.3666666666666685]
SPS=280
Eval at step 2600000, survival=10.216%, return=[-2.09451732581947, 490.0163200278286, -6.323678960208781, -14.635087719298278]
SPS=282
Eval at step 2640000, survival=8.682%, return=[-1.9192139087826945, 421.3426009445192, -5.665735808956015, -20.36491228070181]
SPS=283
Eval at step 2680000, survival=6.597%, return=[-1.6604051072441508, 325.3426290578842, -5.558148068137234, -20.73684210526327]
SPS=285
Eval at step 2720000, survival=8.930%, return=[-1.9443128841812722, 434.2219991807936, -5.698543214454548, -17.61228070175442]
SPS=286
Eval at step 2760000, survival=10.556%, return=[-2.1827516192453915, 500.43314191341415, -5.362153733373271, -13.924561403508843]
SPS=287
Eval at step 2800000, survival=9.545%, return=[-2.0133869923476597, 464.135446968556, -8.107821456998135, -32.408771929824994]
SPS=288
Eval at step 2840000, survival=8.826%, return=[-1.9490298149117735, 425.9465265760424, -5.120328494449495, -17.963157894736884]
SPS=290
Eval at step 2880000, survival=6.617%, return=[-1.6984778766636737, 322.8757031917573, -5.0111204628295125, -23.633333333333486]
SPS=291
Eval at step 2920000, survival=7.757%, return=[-1.825763865088811, 381.4311775574685, -5.09384939011652, -29.800000000000306]
SPS=293
Eval at step 2960000, survival=8.545%, return=[-1.920435057283612, 410.5204647669792, -5.844501332298387, -40.71578947368461]
SPS=294
Eval at step 3000000, survival=7.943%, return=[-1.8378165815316607, 389.4932391786575, -5.056831063765276, -47.34561403508809]
SPS=295
Eval at step 3040000, survival=7.016%, return=[-1.7447932267969009, 341.934561123848, -7.024599204413971, -42.09649122807049]
SPS=296
Eval at step 3080000, survival=9.722%, return=[-2.060937142756302, 471.90130281448353, -5.060229685362719, -62.12280701754446]
SPS=297
Eval at step 3120000, survival=6.983%, return=[-1.7473157245432958, 340.16405408477794, -5.779227045516746, -41.42631578947396]
SPS=299
Eval at step 3160000, survival=8.030%, return=[-1.8682717855554074, 390.1149507236481, -5.021521025206766, -48.71228070175489]
SPS=300
Eval at step 3200000, survival=9.314%, return=[-1.9952827244473155, 453.73325441837295, -5.07081969466235, -57.17368421052687]
SPS=301
Eval at step 3240000, survival=12.774%, return=[-2.4154461548139805, 616.8444541549686, -5.050543766355259, -88.88596491228219]
SPS=302
Eval at step 3280000, survival=7.934%, return=[-1.8423832337080968, 388.201305756569, -5.057151009979134, -49.128070175439035]
SPS=303
Eval at step 3320000, survival=5.820%, return=[-1.6048874507308937, 287.65329513549807, -5.38985537403496, -36.75438596491255]
SPS=304
Eval at step 3360000, survival=12.543%, return=[-2.417410389345605, 599.0521962213514, -5.027194198707366, -77.51929824561515]
SPS=305
Eval at step 3400000, survival=8.765%, return=[-1.9676725673722104, 421.5138851246834, -6.278455950717034, -54.452631578947944]
SPS=306
Eval at step 3440000, survival=5.340%, return=[-1.5495668915798888, 264.48794275283825, -5.359178382823302, -35.92807017543878]
SPS=307
Eval at step 3480000, survival=9.487%, return=[-2.0642260432883632, 455.122506747246, -5.058401447036886, -60.603508771930464]
SPS=308
Eval at step 3520000, survival=7.866%, return=[-1.8667756379058118, 380.9974744558331, -5.054475652304973, -52.79473684210579]
SPS=309
Eval at step 3560000, survival=8.870%, return=[-1.993420080759097, 425.69239200115226, -5.026650509378669, -58.18596491228126]
SPS=310
Eval at step 3600000, survival=9.551%, return=[-2.044352631107904, 462.31536868333853, -6.252419479103446, -61.745614035088536]
SPS=310
Eval at step 3640000, survival=7.692%, return=[-1.8434010452823713, 370.7684191832542, -5.1952820855774915, -47.908771929825036]
SPS=311
Eval at step 3680000, survival=4.462%, return=[-1.4757403870229608, 216.49673916339876, -7.382717206191228, -29.10526315789496]
SPS=311
Eval at step 3720000, survival=2.722%, return=[-1.2777648463437798, 128.70686219215386, -10.4378125242627, -17.243859649122797]
SPS=311
Eval at step 3760000, survival=3.739%, return=[-1.4203731831221376, 174.27008071184147, -8.507718160905643, -23.689473684210803]
SPS=311
Eval at step 3800000, survival=3.111%, return=[-1.3085358129115776, 151.70800110578529, -7.4049876043834955, -19.02982456140356]
SPS=311
Eval at step 3840000, survival=3.571%, return=[-1.3706369591527618, 167.0786411833763, -5.5860503786752815, -32.04210526315798]
SPS=310
Eval at step 3880000, survival=3.068%, return=[-1.3025673213880509, 149.12006637763974, -5.93079178230546, -24.987719298245658]
SPS=308
Eval at step 3920000, survival=3.852%, return=[-1.3910282542114145, 183.7501665587425, -6.187427137908526, -28.066666666666634]
SPS=306
Eval at step 3960000, survival=5.014%, return=[-1.5021251895930618, 242.4852193040847, -9.385239387961338, -40.043859649123]
SPS=305
Eval at step 4000000, survival=3.903%, return=[-1.3988442241505255, 185.56056891822817, -7.138194325016229, -32.222807017543914]
SPS=303
Eval at step 4040000, survival=5.904%, return=[-1.6085578646336216, 284.91345431375515, -6.912965586196878, -36.41228070175465]
SPS=301
Eval at step 4080000, survival=5.347%, return=[-1.544063359737629, 255.35214836883546, -7.61482555551338, -40.61052631578975]
SPS=299
Eval at step 4120000, survival=5.732%, return=[-1.6217532632348592, 270.5976582098008, -8.00121448322243, -43.16842105263186]
SPS=296
Eval at step 4160000, survival=4.019%, return=[-1.3931867416598833, 192.70297586345677, -7.404239595313266, -30.300000000000104]
SPS=294
Eval at step 4200000, survival=8.730%, return=[-1.9312743977585343, 419.79512742137933, -8.33306847934, -61.30175438596566]
SPS=292
Eval at step 4240000, survival=6.324%, return=[-1.6723549571528564, 300.476632718563, -6.692919554994023, -48.247368421053054]
SPS=290
Eval at step 4280000, survival=6.169%, return=[-1.646946130564902, 297.08789391851434, -6.425800164706743, -42.528070175438906]
SPS=289
Eval at step 4320000, survival=5.878%, return=[-1.6472041246830487, 276.4253795685768, -6.31279208149208, -43.059649122807414]
SPS=289
Eval at step 4360000, survival=9.487%, return=[-2.0724232651817145, 448.3340961074835, -6.06539238221485, -66.0052631578956]
SPS=289
Eval at step 4400000, survival=7.370%, return=[-1.8047247052541935, 350.4419631428716, -6.5477395981881275, -52.826315789474265]
SPS=289
Eval at step 4440000, survival=9.632%, return=[-2.039439072360983, 465.9346304759982, -6.247302182820204, -65.10000000000096]
SPS=290
Eval at step 4480000, survival=8.436%, return=[-1.9512105556030293, 397.10997024345374, -6.281672246218659, -59.1771929824569]
SPS=290
Eval at step 4520000, survival=7.767%, return=[-1.8216763534699567, 377.5333705277443, -6.025558733826619, -54.94035087719342]
SPS=291
Eval at step 4560000, survival=9.035%, return=[-2.0225606813677586, 429.55132103490814, -6.118390289407398, -64.48421052631652]
SPS=292
Eval at step 4600000, survival=6.995%, return=[-1.754181043850258, 337.2817764148712, -6.38575354955683, -48.63508771929877]
SPS=292
Eval at step 4640000, survival=7.502%, return=[-1.8072638527082745, 362.9361621336936, -6.22469717202348, -51.81578947368466]
SPS=293
Eval at step 4680000, survival=7.829%, return=[-1.8781960699125193, 373.02596661424644, -6.232893926078759, -52.84912280701811]
SPS=294
Eval at step 4720000, survival=7.364%, return=[-1.8125085783656687, 349.4938142786026, -6.403602249390678, -58.40526315789522]
SPS=295
Eval at step 4760000, survival=6.292%, return=[-1.6704357412527315, 307.30833758115756, -5.7189334261907785, -42.471929824561755]
SPS=295
Eval at step 4800000, survival=5.377%, return=[-1.5603055393323302, 262.2486230921744, -5.6714086834099815, -36.52807017543883]
SPS=296
Eval at step 4840000, survival=6.683%, return=[-1.7347204544290435, 317.1058252382277, -6.386690677318256, -50.275438596491696]
SPS=297
Eval at step 4880000, survival=5.950%, return=[-1.6512257142399904, 279.27234725213054, -6.953752570709912, -50.54561403508826]
SPS=298
Eval at step 4920000, survival=8.651%, return=[-1.9363998972810805, 417.3427199892996, -7.148329520963853, -58.7315789473693]
SPS=298
Eval at step 4960000, survival=7.768%, return=[-1.851078174432041, 369.597955485344, -6.359075147820841, -61.22105263157947]
SPS=299
Eval at step 5000000, survival=10.739%, return=[-2.198303426260827, 513.9310392069817, -5.7891250611906795, -75.68070175438677]
SPS=300
Eval at step 5040000, survival=5.143%, return=[-1.5311418549274094, 251.32140040254603, -6.42589601323707, -38.303508771930055]
SPS=300
Eval at step 5080000, survival=4.267%, return=[-1.5155598857149015, 210.81880542755135, -5.55113868778426, -35.84912280701767]
SPS=301
Eval at step 5120000, survival=6.066%, return=[-1.6807344967790414, 302.4491398496628, -7.0733400189288655, -48.303508771930055]
SPS=302
Eval at step 5160000, survival=7.091%, return=[-1.80728046806762, 342.13722817802426, -6.372938334086212, -56.5070175438603]
SPS=302
Eval at step 5200000, survival=7.722%, return=[-2.018323247873923, 366.1483572034836, -7.350678947526626, -69.28070175438664]
SPS=303
Eval at step 5240000, survival=5.972%, return=[-1.6925082269182894, 289.16605670881273, -6.4152825563593066, -43.75438596491258]
SPS=304
Eval at step 5280000, survival=4.389%, return=[-1.5039586539845913, 218.54901205492024, -6.1694002844771605, -36.72807017543878]
SPS=304
Eval at step 5320000, survival=5.495%, return=[-1.6663239226210862, 266.4475069351195, -7.0777128005992385, -53.10175438596541]
SPS=305
Eval at step 5360000, survival=5.086%, return=[-1.6116361763735767, 251.40235965871815, -8.5686569006024, -48.0789473684214]
SPS=306
Eval at step 5400000, survival=4.958%, return=[-1.6365842814440839, 243.59959638929368, -5.822843108906909, -50.54561403508801]
SPS=306
Eval at step 5440000, survival=5.472%, return=[-1.6975145820120816, 271.05568270683295, -7.407692772377049, -57.4947368421056]
SPS=307
Eval at step 5480000, survival=4.288%, return=[-1.5658047931909096, 214.38466174745562, -6.303985061827189, -38.81052631578957]
SPS=308
Eval at step 5520000, survival=3.997%, return=[-1.4609848296502606, 197.8140290803909, -5.906546528730542, -39.32456140350892]
SPS=308
Eval at step 5560000, survival=4.647%, return=[-1.6670947403588798, 232.23463472747804, -6.098087922802733, -52.46842105263174]
SPS=309
Eval at step 5600000, survival=4.656%, return=[-1.6177268480241764, 227.51188983869557, -9.184347620145854, -52.391228070175586]
SPS=310
Eval at step 5640000, survival=4.250%, return=[-1.5145991750236134, 212.49840000915523, -6.451255194498662, -36.52807017543875]
SPS=310
Eval at step 5680000, survival=4.257%, return=[-1.5631726724270265, 208.5697914171219, -6.560651383653749, -58.68771929824574]
SPS=311
Eval at step 5720000, survival=5.430%, return=[-1.7738411852682474, 265.326991007805, -8.30061218167648, -58.3245614035092]
SPS=311
Eval at step 5760000, survival=3.628%, return=[-1.523619933030568, 179.05519037246705, -14.636240203882698, -47.41228070175437]
SPS=312
Eval at step 5800000, survival=3.173%, return=[-1.4672901121084578, 154.90339532709123, -11.435529814328765, -45.54210526315788]
SPS=313
Eval at step 5840000, survival=3.674%, return=[-1.492350765201263, 183.73862208557125, -5.233742112835171, -49.16842105263144]
SPS=313
Eval at step 5880000, survival=4.520%, return=[-1.648733562976122, 221.58953548812866, -5.544781291679828, -65.76491228070181]
SPS=313
Eval at step 5920000, survival=3.633%, return=[-1.4961143160238861, 178.12402494144445, -5.309502239580615, -51.22807017543852]
SPS=313
Eval at step 5960000, survival=4.635%, return=[-1.6748525216244161, 226.93807844257358, -6.388130759366322, -63.65964912280715]
SPS=314
Eval at step 6000000, survival=3.802%, return=[-1.5261596553376875, 186.5692539110183, -5.880387594268541, -51.76315789473688]
SPS=314
Eval at step 6040000, survival=4.266%, return=[-1.6251641116454265, 211.9415428099632, -5.739576853515973, -62.80701754385966]
SPS=314
Eval at step 6080000, survival=4.280%, return=[-1.6286587868467906, 211.45128347253802, -5.2111863182261, -61.557894736842194]
SPS=315
Eval at step 6120000, survival=2.142%, return=[-1.2880191379459576, 105.59039282131194, -6.396574979065917, -28.307017543859693]
SPS=315
Eval at step 6160000, survival=4.110%, return=[-1.6152724599582142, 201.8702295913696, -6.92784064396983, -52.910526315789674]
SPS=316
Eval at step 6200000, survival=4.771%, return=[-1.795377415663097, 221.8548951964379, -10.543102349637774, -55.40350877193033]
SPS=316
Eval at step 6240000, survival=4.131%, return=[-1.5972129895235412, 202.54899404430392, -9.37124354813859, -56.91403508771939]
SPS=317
Eval at step 6280000, survival=3.328%, return=[-1.463193067733664, 161.14878871679306, -9.0787640349532, -45.25789473684212]
SPS=317
Eval at step 6320000, survival=5.481%, return=[-1.8586974932579323, 262.22801725816737, -45.64437232472337, -70.05614035087761]
SPS=318
Eval at step 6360000, survival=2.909%, return=[-1.4215203517465853, 141.67719241571427, -9.908374561175151, -35.724561403508716]
SPS=319
Eval at step 6400000, survival=3.837%, return=[-1.5776329837040977, 188.82870064067836, -7.28088223185041, -46.86140350877201]
SPS=319
Eval at step 6440000, survival=3.848%, return=[-1.5495864195749163, 190.08617703723908, -8.323963261549626, -44.589473684210425]
SPS=320
Eval at step 6480000, survival=3.307%, return=[-1.474055153876543, 163.15555280685422, -14.980190615044558, -40.50701754385978]
SPS=320
Eval at step 6520000, survival=3.340%, return=[-1.48266224040417, 159.35252972936632, -16.10548058851782, -46.95087719298249]
SPS=321
Eval at step 6560000, survival=4.329%, return=[-1.6187033399706707, 210.4257295351027, -41.433409371684135, -54.77192982456161]
SPS=321
Eval at step 6600000, survival=3.545%, return=[-1.5199323109467513, 170.78572275400163, -10.264274695313361, -46.789473684210584]
SPS=322
Eval at step 6640000, survival=3.415%, return=[-1.4707113710697741, 169.58068168926238, -6.1671026341635296, -43.468421052631435]
SPS=322
Eval at step 6680000, survival=4.653%, return=[-1.6880418331595137, 228.73101593065263, -9.525939235600527, -61.93859649122802]
SPS=323
Eval at step 6720000, survival=4.499%, return=[-1.665408892079722, 223.8715445117951, -8.982897033909103, -55.57719298245631]
SPS=323
Eval at step 6760000, survival=3.565%, return=[-1.5159472490195185, 175.19171000432974, -7.790471035893188, -44.503508771930015]
SPS=324
Eval at step 6800000, survival=4.241%, return=[-1.6337400257936678, 205.27725308990483, -15.841328698382132, -56.18421052631578]
SPS=325
Eval at step 6840000, survival=4.929%, return=[-1.7541641977382825, 240.28914674329775, -37.189343173769885, -57.91052631578981]
SPS=325
Eval at step 6880000, survival=4.426%, return=[-1.6332479910575786, 220.81639152383804, -8.09669690013543, -49.982456140350976]
SPS=325
Eval at step 6920000, survival=6.202%, return=[-1.9471993014100009, 304.71722631120707, -9.17032811594181, -66.72456140350911]
SPS=326
Eval at step 6960000, survival=3.783%, return=[-1.5308082451112568, 184.62790172863006, -6.8465280721226005, -52.19298245614036]
SPS=326
Eval at step 7000000, survival=3.889%, return=[-1.5751435592654162, 193.9858384246826, -9.926558050309541, -48.24210526315792]
SPS=327
Eval at step 7040000, survival=3.405%, return=[-1.5019316605874338, 168.7504951257706, -7.359380823318998, -45.87543859649121]
SPS=327
Eval at step 7080000, survival=3.516%, return=[-1.5203092546435073, 173.63851613283163, -6.222372046457531, -44.559649122807095]
SPS=328
Eval at step 7120000, survival=4.358%, return=[-1.6826941548613832, 210.8786886115074, -8.385276422426388, -62.07017543859665]
SPS=328
Eval at step 7160000, survival=3.584%, return=[-1.5620747558074073, 175.84622513866418, -6.705269690029672, -51.30526315789474]
SPS=329
Eval at step 7200000, survival=4.412%, return=[-1.6639326558099128, 215.41779658126833, -7.6126898741655165, -64.62456140350874]
SPS=329
Eval at step 7240000, survival=4.160%, return=[-1.644609403249342, 205.26419308662412, -5.473797275895777, -63.86140350877183]
SPS=330
Eval at step 7280000, survival=5.159%, return=[-1.794701006100513, 254.78299082279204, -6.296534113248254, -60.926315789473904]
SPS=330
Eval at step 7320000, survival=4.714%, return=[-1.7251009000232442, 232.03889636278154, -12.390466489078245, -59.65438596491233]
SPS=331
Eval at step 7360000, survival=5.304%, return=[-1.8216181426192635, 262.85969784545904, -5.419287191967305, -71.02280701754415]
SPS=331
Eval at step 7400000, survival=4.359%, return=[-1.6336912596365436, 209.475496635437, -5.074455190179288, -55.701754385964875]
SPS=332
Eval at step 7440000, survival=4.939%, return=[-1.751306651951745, 244.06074513435357, -6.28988988926867, -59.14561403508778]
SPS=332
Eval at step 7480000, survival=4.125%, return=[-1.6110802765237167, 200.70225433540347, -7.3351620644607465, -57.31754385964899]
SPS=333
Eval at step 7520000, survival=3.354%, return=[-1.5042909363633954, 163.81867070102697, -5.4977909054257905, -47.52631578947358]
SPS=333
Eval at step 7560000, survival=4.312%, return=[-1.6429966261843219, 213.83694547748559, -5.761360849131597, -52.88070175438594]
SPS=334
Eval at step 7600000, survival=4.203%, return=[-1.6469762190477923, 204.87288517141343, -8.740887835426838, -53.11403508771942]
SPS=334
Eval at step 7640000, survival=2.669%, return=[-1.3848424742696808, 130.8020952234268, -6.896385764913793, -39.12807017543861]
SPS=334
Eval at step 7680000, survival=4.222%, return=[-1.610255839175079, 206.34424525690082, -37.528499308822894, -42.670175438596644]
SPS=334
Eval at step 7720000, survival=5.755%, return=[-1.80073364994023, 273.4372686963085, -147.25340433396195, -58.3929824561407]
SPS=334
Eval at step 7760000, survival=4.934%, return=[-1.7457188942935318, 233.11876188421266, -39.0125920491324, -53.81052631578958]
SPS=334
Eval at step 7800000, survival=4.861%, return=[-1.686322583584115, 231.79478293371213, -92.81052375912914, -51.868421052631845]
SPS=334
Eval at step 7840000, survival=4.691%, return=[-1.6706046100938692, 220.0556210713384, -64.54206856848614, -50.09649122807053]
SPS=334
Eval at step 7880000, survival=5.398%, return=[-1.7599953825818375, 259.0408914341929, -81.16342882982208, -52.15964912280721]
SPS=334
Eval at step 7920000, survival=5.126%, return=[-1.759366706025321, 239.7892936449054, -69.21189064685277, -53.36666666666688]
SPS=335
Eval at step 7960000, survival=5.526%, return=[-1.839068572258111, 257.99895906591416, -60.40461913830568, -56.78245614035139]
SPS=335
Eval at step 8000000, survival=4.783%, return=[-1.6568018495221621, 226.41230426645296, -81.02911612414172, -46.875438596491335]
SPS=335
Eval at step 8040000, survival=5.330%, return=[-1.7587136047543026, 253.70091823101046, -91.78852429697581, -56.878947368421315]
SPS=336
Eval at step 8080000, survival=4.014%, return=[-1.5589251767960377, 192.23229372262958, -19.62187295586773, -38.61228070175449]
SPS=336
Eval at step 8120000, survival=5.043%, return=[-1.736494478431996, 240.22888994741447, -36.110342966107055, -52.82807017543884]
SPS=336
Eval at step 8160000, survival=6.231%, return=[-1.9179767443798483, 296.86531391191494, -23.271369676978793, -56.2070175438599]
SPS=336
Eval at step 8200000, survival=4.580%, return=[-1.6574268934084102, 215.33033860111254, -53.70176993479326, -41.27894736842123]
SPS=337
Eval at step 8240000, survival=5.133%, return=[-1.6814037979929708, 253.25647837162006, -5.90454548935777, -38.32631578947364]
SPS=337
Eval at step 8280000, survival=7.618%, return=[-2.1786052477429623, 358.0559155440325, -59.36849519417156, -68.71052631579023]
SPS=337
Eval at step 8320000, survival=6.606%, return=[-1.9838650812394918, 311.8947973489763, -70.78167866903986, -57.23157894736892]
SPS=338
Eval at step 8360000, survival=6.618%, return=[-2.054727098974399, 311.20544058990487, -44.774105253360176, -59.98596491228136]
SPS=338
Eval at step 8400000, survival=6.979%, return=[-2.0637086946167984, 330.14975624132154, -14.415648860373768, -55.96842105263222]
SPS=338
Eval at step 8440000, survival=6.130%, return=[-1.9032625847263263, 291.54806735658644, -18.580841104698447, -49.12105263157933]
SPS=339
Eval at step 8480000, survival=5.122%, return=[-1.7564169484539889, 245.24089021587378, -22.311437143156034, -40.93684210526331]
SPS=339
Eval at step 8520000, survival=7.944%, return=[-2.182404238905292, 375.31702250432824, -161.84726813795714, -76.66140350877164]
SPS=339
Eval at step 8560000, survival=6.792%, return=[-2.0329215203644706, 323.71498343372366, -5.391094493078162, -54.7298245614038]
SPS=340
Eval at step 8600000, survival=6.546%, return=[-1.9833330360008403, 309.94637773275355, -36.96452260131191, -58.04035087719359]
SPS=340
Eval at step 8640000, survival=8.699%, return=[-2.3042829409823753, 414.578612053869, -128.4592121346679, -80.39298245613836]
SPS=340
Eval at step 8680000, survival=5.098%, return=[-1.7264064368559047, 242.89222320270542, -30.50773964939217, -40.50350877192994]
SPS=341
Eval at step 8720000, survival=6.147%, return=[-1.8896583961672149, 294.88285312175753, -5.213109956838889, -47.036842105263524]
SPS=341
Eval at step 8760000, survival=5.184%, return=[-1.7439363204524851, 250.80249578952785, -5.718230490694259, -45.52456140350911]
SPS=341
Eval at step 8800000, survival=6.508%, return=[-1.979473617603071, 309.3724544401169, -13.277570223476868, -58.76140350877252]
SPS=342
Eval at step 8840000, survival=5.417%, return=[-1.8025560067035258, 256.05046084690093, -6.483464648953668, -45.44385964912313]
SPS=342
Eval at step 8880000, survival=4.485%, return=[-1.6253186853020452, 216.9502776002884, -5.635682042549888, -35.763157894736885]
SPS=342
Eval at step 8920000, survival=5.038%, return=[-1.7036648056004196, 244.3960757684707, -5.122777865431999, -39.5438596491227]
SPS=343
Eval at step 8960000, survival=5.637%, return=[-1.7955748113337904, 271.7277354145049, -5.232427326067409, -43.91929824561422]
SPS=343
Eval at step 9000000, survival=5.409%, return=[-1.7880702601512894, 266.03935076189043, -6.8777463669972345, -49.83859649122835]
SPS=343
Eval at step 9040000, survival=5.740%, return=[-1.8207996205892414, 274.55738376951206, -6.3531344125178295, -41.557894736842385]
SPS=344
Eval at step 9080000, survival=7.365%, return=[-2.1458366912789644, 351.2042624831199, -8.860775705730157, -62.52982456140421]
SPS=344
Eval at step 9120000, survival=5.826%, return=[-1.84825899671996, 285.1734483213425, -5.329497873122454, -45.815789473684426]
SPS=344
Eval at step 9160000, survival=4.793%, return=[-1.6643989386153408, 233.9330588274003, -13.368119592594303, -43.84912280701753]
SPS=345
Eval at step 9200000, survival=7.116%, return=[-2.0658038479159586, 341.2102886977193, -24.632997825533675, -63.04736842105331]
SPS=345
Eval at step 9240000, survival=6.834%, return=[-2.0097584145201837, 330.80365918254836, -5.992158600286348, -51.41754385964951]
SPS=345
Eval at step 9280000, survival=5.583%, return=[-1.7970895684382413, 268.962703640461, -12.823595947184367, -41.063157894737074]
SPS=345
Eval at step 9320000, survival=5.663%, return=[-1.7558456990926061, 273.1431046891213, -19.26787083455856, -46.55087719298259]
SPS=346
Eval at step 9360000, survival=6.207%, return=[-1.9032254530407955, 296.34648209190374, -6.533125518628731, -46.98596491228107]
SPS=346
Eval at step 9400000, survival=8.983%, return=[-2.486247280833777, 436.86285237932213, -6.354225922437763, -75.63684210526408]
SPS=346
Eval at step 9440000, survival=9.624%, return=[-2.5049526234332005, 470.3072211966516, -7.217006942730859, -82.28771929824639]
SPS=347
Eval at step 9480000, survival=7.407%, return=[-2.2138432069506964, 359.9861997175216, -5.655414104797091, -66.5614035087724]
SPS=347
Eval at step 9520000, survival=6.528%, return=[-1.9587542010995094, 315.0870311307906, -7.551458276324411, -56.189473684210895]
SPS=347
Eval at step 9560000, survival=13.317%, return=[-3.27617003635969, 632.5505646200183, -5.527294826166326, -109.27192982456316]
SPS=347
Eval at step 9600000, survival=5.691%, return=[-1.8593185287551024, 274.0513664617538, -5.997829610184999, -50.149122807017854]
SPS=348
Eval at step 9640000, survival=4.932%, return=[-1.712689748161938, 242.49269019031527, -5.941755894661765, -45.159649122807124]
SPS=348
Eval at step 9680000, survival=7.448%, return=[-2.1737191384658217, 360.7548275279999, -5.247223606193893, -58.74385964912333]
SPS=348
Eval at step 9720000, survival=10.057%, return=[-2.6745976522448474, 492.3985842514041, -5.304786970306305, -86.24385964912332]
SPS=348
Eval at step 9760000, survival=12.884%, return=[-2.962383116967976, 630.5297338638304, -6.366100190933958, -89.43684210526459]
SPS=348
Eval at step 9800000, survival=14.732%, return=[-3.001708705688361, 716.0986797952658, -5.398498909929185, -85.59649122807156]
SPS=348
Eval at step 9840000, survival=9.803%, return=[-2.4557225274969823, 474.6501321668622, -5.228578158353048, -63.742105263158734]
SPS=349
Eval at step 9880000, survival=13.704%, return=[-2.8780697623442393, 667.7941439189904, -5.469451799263697, -76.09298245614175]
SPS=349
Eval at step 9920000, survival=11.198%, return=[-2.637077953328844, 543.2005406312944, -5.546137715086298, -67.71052631579043]
SPS=349
Eval at step 9960000, survival=8.780%, return=[-2.317898910632357, 426.4655341939926, -6.440567116969032, -59.39122807017617]
SPS=349
Eval at step 10000000, survival=8.593%, return=[-2.3008201248128897, 422.7382538309099, -7.374721976018191, -62.41578947368488]
SPS=349
Eval at step 10040000, survival=16.773%, return=[-3.3574052373936865, 821.3797288312917, -7.126625446040999, -100.1964912280721]
SPS=349
Eval at step 10080000, survival=9.375%, return=[-2.493319998763036, 457.6142821965217, -6.361989241191258, -70.09122807017646]
SPS=350
Eval at step 10120000, survival=8.776%, return=[-2.162991328985663, 428.87954510259624, -8.32692259658179, -59.459649122807626]
SPS=350
Eval at step 10160000, survival=8.544%, return=[-2.193986548378598, 415.5826516885757, -5.368812594605697, -55.72982456140422]
SPS=350
Eval at step 10200000, survival=15.780%, return=[-3.552155244210735, 761.0993694829943, -5.296990178604756, -112.7000000000019]
SPS=350
Eval at step 10240000, survival=12.912%, return=[-2.766136908583576, 625.0215910606387, -5.9912934794658215, -79.49473684210423]
SPS=350
Eval at step 10280000, survival=11.638%, return=[-2.8551968767715152, 570.6926876201626, -6.4951778272665255, -94.2122807017545]
SPS=350
Eval at step 10320000, survival=8.881%, return=[-2.4154667584225535, 430.16095262145984, -5.4567226822669905, -72.2543859649134]
SPS=351
Eval at step 10360000, survival=17.717%, return=[-3.3761495969898534, 866.2753912973401, -5.258052122485969, -120.40000000000074]
SPS=351
Eval at step 10400000, survival=11.586%, return=[-2.664660610561259, 570.4239130105976, -5.853552908069105, -97.30000000000122]
SPS=351
Eval at step 10440000, survival=16.465%, return=[-3.468390299269231, 800.3475418090823, -5.885740182206791, -112.570175438598]
SPS=351
Eval at step 10480000, survival=17.175%, return=[-3.444225534889847, 836.478859884263, -28.284980569579965, -124.91052631578967]
SPS=351
Eval at step 10520000, survival=10.207%, return=[-2.316407488961704, 501.16075951051744, -5.291130558141594, -66.44736842105355]
SPS=351
Eval at step 10560000, survival=15.975%, return=[-3.2775850111502223, 777.3393755512245, -5.547075713908816, -106.97017543859363]
SPS=351
Eval at step 10600000, survival=12.970%, return=[-3.0374145896232223, 631.5209675741196, -5.153397910030617, -103.65438596491374]
SPS=351
Eval at step 10640000, survival=16.393%, return=[-3.4594570936867965, 796.7616419057844, -6.388445351154587, -115.89649122807236]
SPS=351
Eval at step 10680000, survival=9.442%, return=[-2.4094647459045517, 463.1440206375123, -5.548094846937966, -66.31578947368521]
SPS=351
Eval at step 10720000, survival=14.642%, return=[-3.118827105540549, 708.3564976763723, -6.39293933380286, -103.13684210526512]
SPS=351
Eval at step 10760000, survival=21.788%, return=[-3.945327275741147, 1044.8910195722578, -5.484674566804278, -115.56491228070396]
SPS=351
Eval at step 10800000, survival=13.738%, return=[-2.919235657399986, 669.6072901496891, -5.194585651250236, -104.62105263157949]
SPS=351
Eval at step 10840000, survival=8.509%, return=[-2.2264434235519728, 408.01703556633004, -14.550334552372806, -52.72631578947424]
SPS=352
Eval at step 10880000, survival=16.814%, return=[-3.266163957177196, 814.9076980876932, -8.065790184362777, -96.4789473684196]
SPS=352
Eval at step 10920000, survival=22.717%, return=[-4.016940453101415, 1105.0207662134176, -14.228498795203631, -139.60350877192985]
SPS=351
Eval at step 10960000, survival=11.324%, return=[-2.441878236318007, 552.4424032640454, -5.593931346160389, -66.959649122808]
SPS=352
Eval at step 11000000, survival=17.600%, return=[-3.25651871599257, 859.3768813219076, -10.888241995895806, -108.32807017544073]
SPS=352
Eval at step 11040000, survival=15.641%, return=[-3.0674055926210713, 761.5142565536494, -23.2613454834267, -95.84561403508943]
SPS=352
Eval at step 11080000, survival=7.431%, return=[-1.9003473374701572, 369.32458217143983, -16.74202339466251, -53.19122807017593]
SPS=352
Eval at step 11120000, survival=16.931%, return=[-3.192409069853602, 818.5369901094427, -7.373004455678165, -102.73684210526505]
SPS=352
Eval at step 11160000, survival=25.357%, return=[-4.308548838231945, 1233.1969786949162, -5.694487054745696, -168.96491228070096]
SPS=352
Eval at step 11200000, survival=25.517%, return=[-4.377597091876669, 1249.8554808101674, -5.955374802988922, -182.4157894736824]
SPS=352
Eval at step 11240000, survival=20.973%, return=[-3.8388622060301714, 1018.4806633710866, -6.56175032557785, -119.31403508772148]
SPS=351
Eval at step 11280000, survival=10.623%, return=[-2.433379362442065, 518.5058057374955, -9.92397712890379, -72.05964912280815]
SPS=352
Eval at step 11320000, survival=14.841%, return=[-2.970357867568964, 728.4947946724892, -8.378940882926372, -105.33508771929817]
SPS=352
Eval at step 11360000, survival=21.338%, return=[-3.905803841573652, 1030.5954159164426, -5.107933955706085, -125.52280701754424]
SPS=352
Eval at step 11400000, survival=14.953%, return=[-2.8985575591621453, 733.2021146745681, -5.77302151107815, -98.55614035087584]
SPS=352
Eval at step 11440000, survival=18.863%, return=[-3.415826507599559, 924.095558547974, -5.0441784728626775, -125.79298245614287]
SPS=352
Eval at step 11480000, survival=24.324%, return=[-4.214959294185974, 1178.0320878887185, -5.12026103439639, -161.46140350877255]
SPS=352
Eval at step 11520000, survival=16.373%, return=[-3.0784335838630796, 799.7680279951093, -25.265193584063105, -110.61228070175635]
SPS=352
Eval at step 11560000, survival=13.586%, return=[-2.788433806557441, 660.0695029468527, -5.272053630993378, -83.27543859649268]
SPS=352
Eval at step 11600000, survival=27.794%, return=[-4.537572991003981, 1362.4120444345479, -5.098992880057631, -180.21228070175567]
SPS=351
Eval at step 11640000, survival=12.608%, return=[-2.6743204543192407, 612.8232006120681, -5.069145034048779, -86.53684210526461]
SPS=352
Eval at step 11680000, survival=15.632%, return=[-2.9719888759893367, 761.2018271841999, -5.369965561756544, -93.05789473684396]
SPS=352
Eval at step 11720000, survival=18.021%, return=[-3.4593366025888828, 871.9445442123418, -23.56787161524262, -135.01052631578688]
SPS=352
Eval at step 11760000, survival=18.008%, return=[-3.3428849476447793, 883.5484434480668, -5.246144464409008, -130.2228070175459]
SPS=352
Eval at step 11800000, survival=16.343%, return=[-3.208481141878292, 801.2400953073494, -5.247375989496868, -150.74736842105358]
SPS=352
Eval at step 11840000, survival=27.917%, return=[-4.952665873733349, 1362.932322799682, -5.367182361918094, -269.35789473683826]
SPS=351
Eval at step 11880000, survival=26.845%, return=[-4.7766632428974845, 1310.7658194732674, -5.179968558991095, -270.2333333333308]
SPS=351
Eval at step 11920000, survival=23.628%, return=[-4.065359652682673, 1156.7704245033262, -6.838994416892092, -158.898245614037]
SPS=351
Eval at step 11960000, survival=18.813%, return=[-3.477355469018221, 915.324026479721, -5.078532003866712, -122.9122807017553]
SPS=351
Eval at step 12000000, survival=16.478%, return=[-3.144734344887547, 809.5295197143549, -6.327413607720155, -114.36315789473895]
SPS=351
Eval at step 12040000, survival=20.402%, return=[-3.7205776777409483, 1001.4198465061188, -5.110825258923432, -168.96842105263306]
SPS=351
Eval at step 12080000, survival=17.786%, return=[-3.3417097719502635, 875.0125256252292, -6.69386288291571, -131.10350877192906]
SPS=351
Eval at step 12120000, survival=19.856%, return=[-3.708276578359073, 966.7493944072725, -5.223029064144976, -134.0701754385992]
SPS=351
Eval at step 12160000, survival=20.148%, return=[-3.673438172409078, 984.3000187969201, -5.167202702543909, -140.871929824564]
SPS=351
Eval at step 12200000, survival=31.198%, return=[-5.350742168235593, 1515.935399632454, -5.251223872037826, -247.32807017542845]
SPS=351
Eval at step 12240000, survival=29.518%, return=[-4.887077412055805, 1444.9588307189942, -5.229878999266885, -241.5754385964808]
SPS=350
Eval at step 12280000, survival=31.803%, return=[-5.2111642405157905, 1559.1563917579656, -5.353157128837483, -315.3666666666564]
SPS=350
Eval at step 12320000, survival=33.531%, return=[-5.477853227959713, 1635.2450611305235, -5.2702310682750975, -304.87017543858826]
SPS=350
Eval at step 12360000, survival=32.490%, return=[-5.119190066773444, 1597.707545775415, -6.403978073635517, -301.45263157893703]
SPS=349
Eval at step 12400000, survival=20.439%, return=[-3.5675426820875145, 1006.8935619535439, -14.474554040028305, -205.07543859648717]
SPS=349
Eval at step 12440000, survival=18.958%, return=[-3.4237824070907665, 931.5497731080059, -6.586056631356405, -198.163157894734]
SPS=349
Eval at step 12480000, survival=17.783%, return=[-3.257031109026866, 865.0067954540252, -18.485267019654565, -185.66315789473762]
SPS=349
Eval at step 12520000, survival=31.549%, return=[-5.2148402260092555, 1523.2675426292421, -5.317117836776015, -326.41228070174253]
SPS=349
Eval at step 12560000, survival=20.326%, return=[-3.561897084367229, 992.8194723987579, -5.255814349467437, -213.15964912280862]
SPS=349
Eval at step 12600000, survival=24.356%, return=[-4.0995953856676355, 1186.460474196434, -5.543324289433076, -255.50701754386145]
SPS=349
Eval at step 12640000, survival=23.305%, return=[-4.0298119806742765, 1129.4976515293126, -8.101574722085934, -251.54736842104506]
SPS=349
Eval at step 12680000, survival=16.589%, return=[-3.3502137073723133, 806.2948312501907, -12.151771836399712, -195.06666666666302]
SPS=349
Eval at step 12720000, survival=26.328%, return=[-4.470486310345587, 1284.4827116260526, -6.242167998901641, -281.3631578947249]
SPS=349
Eval at step 12760000, survival=17.185%, return=[-3.259984602208715, 837.1792486228936, -33.4677290137962, -182.56842105262956]
SPS=349
Eval at step 12800000, survival=32.088%, return=[-5.253802050009836, 1565.305543841362, -14.280484466999019, -349.3666666666529]
SPS=348
Eval at step 12840000, survival=27.439%, return=[-4.9024095802509695, 1328.9157009491933, -5.503043557087949, -294.22105263157147]
SPS=348
Eval at step 12880000, survival=28.875%, return=[-4.943422271992313, 1411.3026593837753, -6.082762551497581, -323.1491228070126]
SPS=348
Eval at step 12920000, survival=26.652%, return=[-4.822678820852889, 1301.88808462429, -5.628228783125996, -300.07543859648314]
SPS=348
Eval at step 12960000, survival=30.532%, return=[-5.243083239777479, 1486.7180716786384, -11.58062619376069, -323.70350877192385]
SPS=347
Eval at step 13000000, survival=28.531%, return=[-4.786490722646704, 1392.349579950334, -12.942064063355428, -297.46666666666454]
SPS=347
Eval at step 13040000, survival=42.013%, return=[-6.51659370965208, 2043.7238949232112, -10.09257097857062, -423.2105263157893]
SPS=347
Eval at step 13080000, survival=34.267%, return=[-5.707712116139009, 1668.5037335834527, -6.206375441752971, -363.5666666666622]
SPS=346
Eval at step 13120000, survival=27.963%, return=[-4.484574399463599, 1376.2288482284555, -6.7831437177204865, -266.19649122806817]
SPS=346
Eval at step 13160000, survival=37.515%, return=[-6.208273015887244, 1832.5052055606823, -6.007637093339338, -395.26315789472426]
SPS=346
Eval at step 13200000, survival=29.375%, return=[-4.954124149936251, 1433.509160227777, -5.950488254044785, -271.2157894736811]
SPS=345
Eval at step 13240000, survival=18.793%, return=[-3.3772983127855696, 928.0007237834927, -5.217243524767764, -167.47192982456153]
SPS=345
Eval at step 13280000, survival=38.620%, return=[-6.1534839974832725, 1885.3808802413928, -5.372899373582186, -335.77192982455335]
SPS=345
Eval at step 13320000, survival=27.640%, return=[-4.530383122066269, 1362.235612177849, -5.211679220940278, -252.4859649122775]
SPS=345
Eval at step 13360000, survival=40.532%, return=[-6.219454177760054, 1987.60925581932, -5.244882773574386, -371.542105263149]
SPS=344
Eval at step 13400000, survival=15.774%, return=[-3.128211701021064, 775.9447880458837, -5.263831890440974, -175.7035087719306]
SPS=344
Eval at step 13440000, survival=34.146%, return=[-5.608902579610003, 1666.9327699041357, -5.181357943581861, -323.71578947367664]
SPS=344
Eval at step 13480000, survival=13.294%, return=[-2.7590075172716753, 652.4528763284686, -5.772769811726175, -128.6561403508779]
SPS=344
Eval at step 13520000, survival=29.397%, return=[-5.117463674070313, 1436.7387915940283, -6.040822040814964, -305.86491228069264]
SPS=344
Eval at step 13560000, survival=23.017%, return=[-4.237063617818057, 1128.724799819946, -5.536219000001074, -253.6543859649088]
SPS=344
Eval at step 13600000, survival=15.730%, return=[-3.11402921800036, 769.7160975885395, -5.1325946096687405, -152.92807017544106]
SPS=344
Eval at step 13640000, survival=26.228%, return=[-4.644174285198096, 1283.3213020982741, -6.410383669075986, -267.0789473684173]
SPS=344
Eval at step 13680000, survival=38.447%, return=[-6.358064743899741, 1876.6598434100138, -13.395683557792301, -443.51578947367324]
SPS=343
Eval at step 13720000, survival=42.964%, return=[-7.146184106043075, 2094.3029856977464, -6.301001406271098, -492.7192982456034]
SPS=343
Eval at step 13760000, survival=20.319%, return=[-3.8718782783835195, 990.5967669315332, -6.724932951469237, -227.8210526315777]
SPS=343
Eval at step 13800000, survival=40.413%, return=[-6.624216131155845, 1978.7171085605635, -5.538256948898197, -462.9877192982355]
SPS=342
Eval at step 13840000, survival=42.417%, return=[-6.973529095225968, 2066.419437365533, -5.246084203356441, -471.07543859648484]
SPS=342
Eval at step 13880000, survival=37.054%, return=[-6.150749941781396, 1800.0087223238945, -5.54502362330968, -376.4210526315728]
SPS=341
Eval at step 13920000, survival=22.920%, return=[-4.0603217340016275, 1117.8229227032652, -11.917619167552948, -218.3982456140308]
SPS=341
Eval at step 13960000, survival=16.809%, return=[-3.262536988069769, 822.9305920448311, -7.067418365419144, -172.95964912280806]
SPS=341
Eval at step 14000000, survival=32.691%, return=[-5.539962398144416, 1590.464311548234, -5.621798452453049, -363.1649122806949]
SPS=341
Eval at step 14040000, survival=25.859%, return=[-4.506018982391106, 1260.8080581817617, -5.459682357247948, -266.32631578947087]
SPS=341
Eval at step 14080000, survival=26.753%, return=[-4.64495092316065, 1304.860247126102, -5.62043275101787, -264.8421052631506]
SPS=341
Eval at step 14120000, survival=25.255%, return=[-4.445552936999593, 1236.1360110950475, -5.143153227821313, -260.1157894736819]
SPS=340
Eval at step 14160000, survival=21.037%, return=[-3.946847081347369, 1031.8068130674376, -5.796705567651952, -209.3140350877171]
SPS=340
Eval at step 14200000, survival=31.177%, return=[-5.194623095472343, 1526.8631791768075, -5.269013233058149, -317.4631578947294]
SPS=340
Eval at step 14240000, survival=29.921%, return=[-5.1075290887034495, 1461.4574356336598, -5.311668083332188, -307.1438596491156]
SPS=340
Eval at step 14280000, survival=23.369%, return=[-4.089009115396766, 1146.5554338817597, -7.871800442610947, -235.93508771929518]
SPS=340
Eval at step 14320000, survival=16.026%, return=[-3.1182926123787182, 789.5146840429308, -5.377677642795606, -173.61403508771932]
SPS=340
Eval at step 14360000, survival=25.592%, return=[-4.491924401547294, 1238.6845582199078, -10.07795246567839, -261.6035087719257]
SPS=340
Eval at step 14400000, survival=20.450%, return=[-3.6551541100780014, 999.4965178699491, -10.21650913982412, -199.37017543859503]
SPS=340
Eval at step 14440000, survival=27.974%, return=[-4.718921002699062, 1358.445249835013, -14.319548109648167, -266.36491228069525]
SPS=340
Eval at step 14480000, survival=21.713%, return=[-3.815092065063072, 1064.27016465664, -5.0777083094551925, -182.02280701754313]
SPS=340
Eval at step 14520000, survival=20.480%, return=[-3.64105140795582, 1006.9066256027224, -5.347343017358798, -175.33684210525848]
SPS=340
Eval at step 14560000, survival=24.981%, return=[-4.248424148565391, 1222.7759491600993, -6.898648557945125, -218.56140350876876]
SPS=339
Eval at step 14600000, survival=22.654%, return=[-3.908113546564709, 1107.3033318357468, -11.740266412072197, -202.30175438596302]
SPS=339
Eval at step 14640000, survival=21.190%, return=[-3.725984750705538, 1036.3314548797605, -7.412608152514986, -182.74210526315815]
SPS=339
Eval at step 14680000, survival=27.519%, return=[-4.54835396358394, 1344.5841451377871, -30.87803080356243, -242.7596491228092]
SPS=339
Eval at step 14720000, survival=33.077%, return=[-5.481840757600731, 1601.0062770981772, -5.829738999584151, -349.0789473684134]
SPS=339
Eval at step 14760000, survival=24.526%, return=[-4.4045469548844265, 1188.270917566778, -10.670016853355822, -261.9315789473691]
SPS=339
Eval at step 14800000, survival=32.908%, return=[-5.492996584769571, 1593.5688432550423, -5.211769113188711, -351.9789473684176]
SPS=339
Eval at step 14840000, survival=32.701%, return=[-5.5219142952119, 1581.7225097990017, -5.273753368852897, -362.6754385964802]
SPS=338
Eval at step 14880000, survival=23.937%, return=[-4.2840972208010495, 1157.2427487087252, -5.2357715605085104, -248.51403508772032]
SPS=338
Eval at step 14920000, survival=12.462%, return=[-2.7156485208135566, 602.0589630460743, -7.54665455423019, -126.7824561403525]
SPS=338
Eval at step 14960000, survival=28.240%, return=[-4.802328210533597, 1370.7524506616596, -5.795230637757049, -275.1315789473679]
SPS=338
Eval at step 15000000, survival=33.883%, return=[-5.642873543582391, 1632.4048157501213, -5.290249725626017, -327.61403508771565]
SPS=338
[1;34mwandb[0m: 
[1;34mwandb[0m: 🚀 View run [33mMAPPO_bus14_T_0_0__I__1779590627_35900[0m at: [34mhttps://wandb.ai/corentin-plumet-epfl/Grid2Op/runs/MAPPO_bus14_T_0_0__I__1779590627_35900[0m
[1;34mwandb[0m: Find logs at: [1;35mwandb/wandb/run-20260524_044453-MAPPO_bus14_T_0_0__I__1779590627_35900/logs[0m
Job 54653971 finished at dim 24 mai 2026 17:04:36 CEST
