wandb: [wandb.login()] Loaded credentials for https://api.wandb.ai from /home/plumet/.netrc.
wandb: Currently logged in as: corentin-plumet (corentin-plumet-epfl) to https://api.wandb.ai. Use `wandb login --relogin` to force relogin
wandb: Tracking run with wandb version 0.25.0
wandb: Run data is saved locally in /home/plumet/RL_Marl2grid/Topology_Task/wandb/wandb/run-20260524_044453-MAPPO_bus14_T_0_0__I__1779590627_3596
wandb: Run `wandb offline` to turn off syncing.
wandb: Syncing run MAPPO_bus14_T_0_0__I__1779590627_3596
wandb: ⭐️ View project at https://wandb.ai/corentin-plumet-epfl/Grid2Op
wandb: 🚀 View run at https://wandb.ai/corentin-plumet-epfl/Grid2Op/runs/MAPPO_bus14_T_0_0__I__1779590627_3596
Traceback (most recent call last):
  File "/home/plumet/RL_Marl2grid/Topology_Task/main.py", line 125, in <module>
    main(parser.parse_known_args()[0])
  File "/home/plumet/RL_Marl2grid/Topology_Task/main.py", line 58, in main
    ALGORITHMS[alg](envs, run_name, start_time, args, checkpoint)
  File "/home/plumet/RL_Marl2grid/Topology_Task/alg/mappo/core.py", line 345, in __init__
    nn.utils.clip_grad_norm_(
  File "/home/plumet/miniforge3/envs/marl2grid/lib/python3.12/site-packages/torch/nn/utils/clip_grad.py", line 55, in clip_grad_norm_
    norms.extend(torch._foreach_norm(grads, norm_type))
                 ^^^^^^^^^^^^^^^^^^^^^^^^^^^^^^^^^^^^^
KeyboardInterrupt
Traceback (most recent call last):
  File "/home/plumet/RL_Marl2grid/Topology_Task/main.py", line 125, in <module>
    main(parser.parse_known_args()[0])
  File "/home/plumet/RL_Marl2grid/Topology_Task/main.py", line 58, in main
    ALGORITHMS[alg](envs, run_name, start_time, args, checkpoint)
  File "/home/plumet/RL_Marl2grid/Topology_Task/alg/mappo/core.py", line 345, in __init__
    nn.utils.clip_grad_norm_(
  File "/home/plumet/miniforge3/envs/marl2grid/lib/python3.12/site-packages/torch/nn/utils/clip_grad.py", line 55, in clip_grad_norm_
    norms.extend(torch._foreach_norm(grads, norm_type))
                 ^^^^^^^^^^^^^^^^^^^^^^^^^^^^^^^^^^^^^
KeyboardInterrupt
srun: error: jst317: task 0: Exited with exit code 1
srun: Terminating StepId=54653969.0
