Job 54654015 started on jst059 at dim 24 mai 2026 05:19:04 CEST
Training configuration:
  conda env       : marl2grid
  algorithm       : MAPPO
  env             : bus14
  seed            : 0
  total timesteps : 25000000
  n envs          : 20
  torch threads   : 20
  wandb mode      : online
Running: python -u main.py --alg MAPPO --env-id bus14 --action-type topology --seed 0 --total-timesteps 25000000 --n-envs 20 --n-threads 20 --cuda False --checkpoint True --wandb-project Grid2Op --wandb-entity corentin-plumet-epfl --wandb-mode online --time-limit 1300  --total-timesteps 15000000 --eval-freq 40000 --actor-layers 256 256 256 --critic-layers 256 256 256 --actor-lr 0.0001 --critic-lr 0.0001 --gamma 0.9 --gae-lambda 0.95 --update-epochs 10 --max-grad-norm 1.0 --clip-coef 0.2 --vf-coef 0.5 --norm-reward True --deterministic-eval False --n-steps 2000 --n-minibatches 16 --entropy-coef 0.01 --target-kl 0.02 --init-do-nothing-prob 0.3 --exp-tag a1_p0_03
Eval at step 40000, survival=0.025%, return=[-1.0028874703915789, -0.5577334365844726, -5.328087187209166, -1.1017543859649124]
SPS=134
Eval at step 80000, survival=0.035%, return=[-1.0041506760055199, -0.18597324323654174, -5.796326019847766, -1.2491228070175437]
SPS=154
Eval at step 120000, survival=0.033%, return=[-1.0036926689790562, -0.22364665746688842, -5.945072909072041, -1.1771929824561405]
SPS=162
Eval at step 160000, survival=0.033%, return=[-1.0040296508697792, -0.25814952182769774, -5.681813395489007, -1.1491228070175439]
SPS=169
Eval at step 200000, survival=0.035%, return=[-1.0029820799129083, -0.013337635040283157, -5.398091958463192, -1.1280701754385967]
SPS=174
Eval at step 240000, survival=0.048%, return=[-1.0077359856222756, 0.3875874755382538, -6.074565591663122, -1.331578947368421]
SPS=178
Eval at step 280000, survival=0.047%, return=[-1.004666520981118, 0.5464363822937013, -5.0921132126357405, -1.2333333333333334]
SPS=181
Eval at step 320000, survival=0.078%, return=[-1.0097516015637666, 1.913102684259415, -5.781874692905694, -1.3508771929824561]
SPS=184
Eval at step 360000, survival=0.087%, return=[-1.011960274761077, 2.1798673071861274, -5.897990919928998, -1.4701754385964914]
SPS=186
Eval at step 400000, survival=0.125%, return=[-1.0185728654381818, 3.892664390563965, -6.546398579701782, -1.8508771929824561]
SPS=189
Eval at step 440000, survival=0.198%, return=[-1.0254916479461826, 7.375956971645356, -6.50502151309629, -2.563157894736842]
SPS=191
Eval at step 480000, survival=0.119%, return=[-1.0152489494183101, 3.6226896324157716, -5.7535824237915225, -1.6508771929824562]
SPS=193
Eval at step 520000, survival=0.146%, return=[-1.0183569420594722, 5.066511616706848, -5.196226960606873, -1.487719298245614]
SPS=196
Eval at step 560000, survival=0.170%, return=[-1.0244003373780288, 5.835774780750274, -6.71202657307731, -2.2526315789473683]
SPS=199
Eval at step 600000, survival=0.250%, return=[-1.0331611089408397, 9.868447547912599, -5.885595367616043, -2.626315789473684]
SPS=202
Eval at step 640000, survival=0.215%, return=[-1.028639140620362, 7.914423485279083, -6.2507520749233665, -2.1842105263157885]
SPS=206
Eval at step 680000, survival=0.329%, return=[-1.0466592063370626, 13.698353029727935, -5.983659384958446, -3.1350877192982454]
SPS=210
Eval at step 720000, survival=0.366%, return=[-1.0496038006735033, 15.325927732467648, -7.497472729720175, -3.789473684210526]
SPS=212
Eval at step 760000, survival=0.356%, return=[-1.0390102061035578, 15.89645148515701, -5.554585347231478, -2.764912280701754]
SPS=215
Eval at step 800000, survival=0.542%, return=[-1.0695286905393004, 23.802739675998687, -5.687457395158708, -5.3421052631578965]
SPS=218
Eval at step 840000, survival=0.651%, return=[-1.0719232020550407, 30.315812654018394, -5.55409993250214, -4.670175438596489]
SPS=221
Eval at step 880000, survival=0.450%, return=[-1.0515555890044197, 20.389107532024386, -5.238650921685621, -3.2754385964912287]
SPS=224
Eval at step 920000, survival=0.594%, return=[-1.067019636632176, 27.645060264110565, -5.775568288937211, -5.429824561403508]
SPS=226
Eval at step 960000, survival=0.658%, return=[-1.0748331800510642, 30.0613699259758, -7.311862111231312, -5.750877192982457]
SPS=230
Eval at step 1000000, survival=0.841%, return=[-1.096120773005532, 40.59863849806786, -5.59600018656929, -6.652631578947364]
SPS=233
Eval at step 1040000, survival=0.682%, return=[-1.0744380564545282, 31.23994509506225, -5.4766051735728976, -4.3385964912280715]
SPS=236
Eval at step 1080000, survival=0.626%, return=[-1.066037528135348, 28.12706717300415, -9.760511951893568, -4.977192982456142]
SPS=240
Eval at step 1120000, survival=0.856%, return=[-1.08179405372357, 41.08835714340209, -5.1179205548483875, -4.656140350877193]
SPS=243
Eval at step 1160000, survival=1.027%, return=[-1.1117256364261265, 48.86167970466614, -5.316782732552383, -6.743859649122808]
SPS=247
Eval at step 1200000, survival=1.048%, return=[-1.1225091737695039, 49.48676218652725, -5.782563659129664, -9.27894736842106]
SPS=250
Eval at step 1240000, survival=0.877%, return=[-1.0980411528085825, 40.8472352180481, -5.87412350224331, -6.182456140350879]
SPS=253
Eval at step 1280000, survival=1.119%, return=[-1.1183884880680126, 52.169517179965965, -6.729713133256882, -7.563157894736844]
SPS=256
Eval at step 1320000, survival=0.956%, return=[-1.1081907360930927, 45.61684435844422, -5.52206522077322, -6.015789473684212]
SPS=259
Eval at step 1360000, survival=1.127%, return=[-1.1201786692021414, 55.035149397850034, -5.924390442151344, -7.556140350877198]
SPS=261
Eval at step 1400000, survival=1.217%, return=[-1.1390298357757274, 57.396962210655204, -7.960845279658679, -10.061403508771935]
SPS=264
Eval at step 1440000, survival=0.789%, return=[-1.0837381630728486, 38.03959103822709, -6.231209602777381, -5.100000000000002]
SPS=267
Eval at step 1480000, survival=1.295%, return=[-1.1393446997215506, 64.76506962919235, -5.518071260512807, -9.226315789473686]
SPS=269
Eval at step 1520000, survival=1.376%, return=[-1.1481421543168835, 68.77873753166197, -10.116463246103375, -9.136842105263156]
SPS=272
Eval at step 1560000, survival=1.255%, return=[-1.1429568249033764, 61.23196624755859, -5.181175219872967, -9.040350877192987]
SPS=274
Eval at step 1600000, survival=1.473%, return=[-1.1523986966290978, 73.583075217247, -5.909668505052105, -10.085964912280708]
SPS=277
Eval at step 1640000, survival=1.203%, return=[-1.1269743167737034, 60.5171802201271, -7.471433492074721, -10.77543859649123]
SPS=279
Eval at step 1680000, survival=1.474%, return=[-1.1672835698293056, 74.0352181687355, -5.960281059565022, -12.385964912280704]
SPS=282
Eval at step 1720000, survival=2.142%, return=[-1.2504194832814393, 107.82528271198274, -5.714650256105233, -18.78070175438595]
SPS=284
Eval at step 1760000, survival=0.993%, return=[-1.1374560466501862, 47.74354316806794, -5.547021531173959, -10.582456140350862]
SPS=286
Eval at step 1800000, survival=1.534%, return=[-1.186719157412881, 75.43823302793503, -17.659377641958418, -17.103508771929814]
SPS=289
Eval at step 1840000, survival=2.123%, return=[-1.252568356617121, 106.58449970960616, -5.346865553281043, -19.233333333333388]
SPS=291
Eval at step 1880000, survival=3.369%, return=[-1.3873008962720632, 171.46810137271885, -5.575186208996456, -35.257894736842125]
SPS=293
Eval at step 1920000, survival=3.958%, return=[-1.4291668254474643, 202.9729398488999, -5.376385507936357, -36.07543859649119]
SPS=296
Eval at step 1960000, survival=2.350%, return=[-1.2522445413225796, 118.61814110469815, -5.405264067547978, -21.043859649122815]
SPS=298
Eval at step 2000000, survival=1.734%, return=[-1.252765947667649, 85.94835240316392, -14.959035712590502, -14.329824561403504]
SPS=300
Eval at step 2040000, survival=2.419%, return=[-1.3046642209053971, 118.64323306500913, -13.994497559638694, -24.694736842105172]
SPS=302
Eval at step 2080000, survival=4.158%, return=[-1.5552444862667472, 204.6805063996314, -5.5671122696134265, -43.542105263158454]
SPS=304
Eval at step 2120000, survival=3.046%, return=[-1.431793216278311, 148.65400934886932, -9.547616490419022, -38.30350877192978]
SPS=307
Eval at step 2160000, survival=9.287%, return=[-2.1047714518150316, 466.4523225555413, -5.304794252174906, -102.90877192982609]
SPS=308
Eval at step 2200000, survival=4.670%, return=[-1.649352649942739, 232.68089981508246, -10.613159351085779, -46.203508771930075]
SPS=310
Eval at step 2240000, survival=5.626%, return=[-1.6921597698004915, 283.82621813964846, -5.702949825132964, -61.577192982456516]
SPS=312
Eval at step 2280000, survival=5.394%, return=[-1.669492925418308, 267.4720196571351, -31.359367498569192, -63.5210526315793]
SPS=313
Eval at step 2320000, survival=7.395%, return=[-1.9317921947629657, 366.8248000860216, -5.669833848430789, -71.37368421052702]
SPS=315
Eval at step 2360000, survival=10.875%, return=[-2.3815768902772105, 538.2481596980092, -5.68725789784803, -132.20701754385223]
SPS=316
Eval at step 2400000, survival=2.129%, return=[-1.226702636940172, 108.97972966670989, -5.506665844115195, -23.068421052631628]
SPS=318
Eval at step 2440000, survival=2.713%, return=[-1.335788932972355, 137.30823338031774, -5.229811436822638, -32.49824561403539]
SPS=320
Eval at step 2480000, survival=4.887%, return=[-1.551893837528769, 242.9223849515913, -5.465259830793366, -35.35789473684248]
SPS=321
Eval at step 2520000, survival=1.698%, return=[-1.1868277836358174, 84.74366426658632, -5.313851436856202, -14.978947368421064]
SPS=323
Eval at step 2560000, survival=4.229%, return=[-1.4916984739655164, 209.48321104764938, -5.2518723590299485, -44.35087719298273]
SPS=325
Eval at step 2600000, survival=5.063%, return=[-1.6164358537120278, 255.29473844766625, -5.711107673443621, -54.00701754386013]
SPS=326
Eval at step 2640000, survival=4.700%, return=[-1.527947088808287, 232.48540320539473, -14.74515687051462, -52.571929824561416]
SPS=328
Eval at step 2680000, survival=6.776%, return=[-1.7541976886801423, 340.186381034851, -5.442919277874171, -68.20526315789479]
SPS=329
Eval at step 2720000, survival=2.517%, return=[-1.2760870516125578, 128.7356088290215, -5.826460040156962, -26.964912280701743]
SPS=331
Eval at step 2760000, survival=2.385%, return=[-1.278351442143321, 117.87787882328037, -5.923533200251404, -23.877192982456336]
SPS=332
Eval at step 2800000, survival=4.484%, return=[-1.5060420833760872, 227.28459634351725, -5.743658514868002, -44.19298245614087]
SPS=334
Eval at step 2840000, survival=4.441%, return=[-1.497570471506333, 223.56636242866495, -5.776120120158884, -52.226315789473254]
SPS=335
Eval at step 2880000, survival=4.797%, return=[-1.5651910779299214, 240.33109325504302, -5.66464694745373, -52.77017543859672]
SPS=336
Eval at step 2920000, survival=4.023%, return=[-1.502236291934969, 199.82642363500585, -5.544551401896752, -51.14912280701797]
SPS=337
Eval at step 2960000, survival=5.818%, return=[-1.7147416307358072, 289.718482172966, -5.638602142626769, -66.48596491228147]
SPS=338
Eval at step 3000000, survival=5.265%, return=[-1.653042927593924, 260.0387389373778, -6.22021157930867, -65.53684210526416]
SPS=340
Eval at step 3040000, survival=2.781%, return=[-1.333633320342051, 137.94785032558445, -5.570923763568862, -28.25789473684238]
SPS=341
Eval at step 3080000, survival=2.118%, return=[-1.227380351757165, 105.76494859695433, -5.571582799113822, -26.35614035087727]
SPS=342
Eval at step 3120000, survival=4.510%, return=[-1.5548447206092533, 220.59990641689302, -5.41028498041851, -53.4929824561407]
SPS=343
Eval at step 3160000, survival=4.874%, return=[-1.570453033671947, 240.14229418659224, -10.358594707702286, -56.41052631578998]
SPS=345
Eval at step 3200000, survival=5.621%, return=[-1.6539330309140496, 283.5218406548501, -6.3279780111304715, -75.74385964912332]
SPS=346
Eval at step 3240000, survival=5.171%, return=[-1.620385652204277, 258.63242588710784, -5.853545075713191, -56.20175438596566]
SPS=347
Eval at step 3280000, survival=12.825%, return=[-2.6763196855550633, 625.2323753771783, -5.933723106540856, -160.77017543859557]
SPS=347
Eval at step 3320000, survival=4.851%, return=[-1.5822284631314687, 236.7681192760469, -5.866602621082711, -62.35789473684265]
SPS=348
Eval at step 3360000, survival=7.614%, return=[-1.962432852969505, 378.47681952953343, -5.413760027876288, -85.87017543859751]
SPS=349
Eval at step 3400000, survival=7.498%, return=[-1.9343716532341204, 366.95371319055573, -5.363902020727982, -87.23684210526372]
SPS=349
Eval at step 3440000, survival=3.863%, return=[-1.4686060204228852, 187.01653803825383, -5.474536104337313, -46.99122807017581]
SPS=350
Eval at step 3480000, survival=4.855%, return=[-1.6001311661384534, 236.51030934286132, -5.641959476863849, -61.305263157895226]
SPS=351
Eval at step 3520000, survival=1.875%, return=[-1.1999685232294723, 94.28775869560243, -5.54951913220575, -21.766666666666644]
SPS=353
Eval at step 3560000, survival=1.886%, return=[-1.202358425874263, 94.56838772296905, -10.233840884438541, -21.643859649122813]
SPS=354
Eval at step 3600000, survival=0.619%, return=[-1.0678852261567955, 30.019244751930227, -5.086062064707221, -8.933333333333318]
SPS=354
Eval at step 3640000, survival=0.398%, return=[-1.0454133596387691, 17.910782636165617, -5.338817964655755, -6.010526315789474]
SPS=354
Eval at step 3680000, survival=0.363%, return=[-1.0358236700471024, 16.400311527252196, -5.191890731209424, -5.384210526315788]
SPS=354
Eval at step 3720000, survival=0.258%, return=[-1.031075212266296, 11.27647759914398, -5.326703958213329, -3.5403508771929815]
SPS=354
Eval at step 3760000, survival=0.114%, return=[-1.0148171408800408, 3.652501370429993, -5.441946552926675, -2.140350877192983]
SPS=355
Eval at step 3800000, survival=0.569%, return=[-1.0619345148443244, 27.57204115867615, -5.087198625202291, -8.924561403508758]
SPS=355
Eval at step 3840000, survival=0.656%, return=[-1.0789646287914365, 31.88883076190948, -5.19448525068583, -10.4736842105263]
SPS=356
Eval at step 3880000, survival=1.300%, return=[-1.1384402966708875, 64.06359438562393, -5.674801793415099, -22.3719298245615]
SPS=356
Eval at step 3920000, survival=1.091%, return=[-1.1217943889612798, 51.407088852882396, -6.183689416386187, -18.67719298245632]
SPS=357
Eval at step 3960000, survival=1.019%, return=[-1.1179310332983732, 49.437808768749235, -7.554350077174604, -17.83508771929842]
SPS=358
Eval at step 4000000, survival=0.802%, return=[-1.10852397941635, 38.408340961456275, -10.051735610608011, -12.233333333333329]
SPS=359
Eval at step 4040000, survival=2.607%, return=[-1.3419082255044485, 125.24778189706812, -7.541766815725714, -37.92456140350934]
SPS=360
Eval at step 4080000, survival=4.833%, return=[-1.6620239361305722, 231.43148762178416, -5.6436232025153, -70.85263157894829]
SPS=361
Eval at step 4120000, survival=2.217%, return=[-1.2689541855303106, 108.30371281671526, -5.41160036918227, -37.46842105263184]
SPS=362
Eval at step 4160000, survival=5.073%, return=[-1.6391115046979394, 246.01435439443594, -18.869212089362556, -77.90877192982451]
SPS=363
Eval at step 4200000, survival=4.236%, return=[-1.5439515789912548, 205.1208985848426, -6.706032519671135, -67.03157894736941]
SPS=363
Eval at step 4240000, survival=4.113%, return=[-1.4935103083669674, 201.81218487310412, -5.681737052674725, -62.545614035088434]
SPS=364
Eval at step 4280000, survival=2.700%, return=[-1.3495433945674449, 130.20992511796948, -5.778545616869815, -38.94912280701809]
SPS=365
Eval at step 4320000, survival=6.358%, return=[-1.8567640485067387, 300.9356797027586, -19.121647008208676, -100.10175438596586]
SPS=366
Eval at step 4360000, survival=3.872%, return=[-1.4674939240445384, 190.36479281997677, -5.457937022903934, -59.31228070175509]
SPS=366
Eval at step 4400000, survival=2.333%, return=[-1.2822411064931658, 110.85305307626723, -10.993135412991979, -35.643859649123]
SPS=367
Eval at step 4440000, survival=4.240%, return=[-1.517256914736936, 205.9829462561607, -8.10453933950048, -67.46842105263207]
SPS=368
Eval at step 4480000, survival=1.226%, return=[-1.1524451712088193, 58.812502274990095, -5.620212061436905, -19.42631578947386]
SPS=369
Eval at step 4520000, survival=3.113%, return=[-1.4109938333393075, 150.195935218811, -7.93916133583989, -47.27368421052686]
SPS=370
Eval at step 4560000, survival=1.094%, return=[-1.1203884351300075, 52.488957579135885, -6.15263724726974, -16.340350877192982]
SPS=371
Eval at step 4600000, survival=0.273%, return=[-1.0336560073192231, 11.638537192344666, -5.340553748607635, -4.4912280701754375]
SPS=371
Eval at step 4640000, survival=1.606%, return=[-1.192678019340383, 79.36535795545589, -6.910107714077458, -25.191228070175633]
SPS=372
Eval at step 4680000, survival=1.504%, return=[-1.1860933680261951, 72.57938331794739, -7.149499879847281, -23.156140350877344]
SPS=373
Eval at step 4720000, survival=0.924%, return=[-1.106882700731512, 43.97470102643966, -10.567274070321583, -14.88245614035085]
SPS=373
Eval at step 4760000, survival=0.466%, return=[-1.0563875523512252, 20.61031010961532, -15.877388038385835, -7.245614035087715]
SPS=374
Eval at step 4800000, survival=0.454%, return=[-1.0541122173541226, 20.95609689712525, -6.537246951383713, -7.057894736842097]
SPS=375
Eval at step 4840000, survival=0.751%, return=[-1.0921384553133975, 34.03200528597832, -13.901583914668299, -12.107017543859625]
SPS=376
Eval at step 4880000, survival=4.908%, return=[-1.6204498889739625, 235.1327635293008, -23.76775036325853, -78.05438596491342]
SPS=377
Eval at step 4920000, survival=11.494%, return=[-2.4454453240381553, 557.3356511878967, -6.567364981354876, -181.36842105263074]
SPS=377
Eval at step 4960000, survival=3.126%, return=[-1.3597724078746978, 146.8957075242997, -35.336373732599895, -51.21929824561444]
SPS=377
Eval at step 5000000, survival=7.526%, return=[-1.9772778546903282, 361.82200830793397, -6.250575346288679, -119.10175438596544]
SPS=378
Eval at step 5040000, survival=6.519%, return=[-1.7786969418637455, 316.4997796521187, -10.588997012609616, -103.0070175438595]
SPS=378
Eval at step 5080000, survival=5.450%, return=[-1.636521165719023, 259.5570392007828, -58.721629642543846, -88.3771929824561]
SPS=379
Eval at step 5120000, survival=9.876%, return=[-2.2190538828028368, 469.10195357131954, -111.06355958250496, -161.4438596491238]
SPS=379
Eval at step 5160000, survival=4.773%, return=[-1.6432131132751238, 221.3046428828242, -30.76654294313703, -78.96140350877258]
SPS=380
Eval at step 5200000, survival=5.260%, return=[-1.6564849208225496, 238.5833464755996, -136.29059939971776, -88.3701754385965]
SPS=380
Eval at step 5240000, survival=2.309%, return=[-1.311621952371206, 102.12908981132482, -77.95507722011534, -40.65964912280744]
SPS=381
Eval at step 5280000, survival=20.584%, return=[-3.704407499538502, 990.9483733143798, -8.2955955345451, -333.46842105262095]
SPS=380
Eval at step 5320000, survival=5.701%, return=[-1.746410468488466, 260.86302065801584, -101.21165786935526, -96.95263157894829]
SPS=381
Eval at step 5360000, survival=7.328%, return=[-1.9757609724474605, 338.36795687627637, -141.21604507482553, -121.31754385964882]
SPS=381
Eval at step 5400000, survival=9.141%, return=[-2.1702782701060643, 436.01935824918763, -35.870345166546755, -150.2824561403511]
SPS=381
Eval at step 5440000, survival=7.630%, return=[-1.9630063150485513, 356.84049409007963, -36.035454192737234, -128.62105263157665]
SPS=381
Eval at step 5480000, survival=2.128%, return=[-1.280455220292788, 101.42158081102363, -6.316229930671398, -35.73508771929872]
SPS=382
Eval at step 5520000, survival=1.497%, return=[-1.1819961621018593, 73.3237451200485, -5.921214790910017, -24.54035087719324]
SPS=383
Eval at step 5560000, survival=4.318%, return=[-1.4951178397925105, 210.5347682509423, -31.850599894368496, -71.10526315789545]
SPS=383
Eval at step 5600000, survival=3.872%, return=[-1.4999735816789326, 185.9766938357355, -16.357567025040044, -62.94912280701726]
SPS=384
Eval at step 5640000, survival=5.296%, return=[-1.6409333631454501, 244.65478274035385, -134.46782037646918, -89.38947368421081]
SPS=384
Eval at step 5680000, survival=8.263%, return=[-2.137706281535793, 383.30096454095883, -11.714931093929044, -140.0666666666653]
SPS=385
Eval at step 5720000, survival=6.145%, return=[-1.765990389417857, 287.21895806121734, -56.906956814444854, -107.77543859649113]
SPS=385
Eval at step 5760000, survival=4.151%, return=[-1.52049017715035, 194.61512353611002, -18.835551808704622, -71.54912280701674]
SPS=385
Eval at step 5800000, survival=4.869%, return=[-1.5812058950134087, 234.4712821846007, -20.964703093774734, -81.01929824561483]
SPS=386
Eval at step 5840000, survival=11.427%, return=[-2.50136193720391, 543.7661760215758, -48.20331951009939, -188.05789473684288]
SPS=386
Eval at step 5880000, survival=4.035%, return=[-1.5301791477832012, 191.92870013475417, -6.728109888907784, -67.58947368421134]
SPS=386
Eval at step 5920000, survival=2.799%, return=[-1.3214949275250547, 136.5479023895263, -5.378580177103868, -47.97192982456194]
SPS=387
Eval at step 5960000, survival=1.687%, return=[-1.243656374909915, 73.2008102784155, -68.44391891369597, -32.496491228070546]
SPS=387
Eval at step 6000000, survival=0.304%, return=[-1.0338663647999056, 13.620141236305239, -5.836589749902487, -5.222807017543859]
SPS=387
Eval at step 6040000, survival=0.719%, return=[-1.0732637285545934, 34.34100718593597, -12.61536408268439, -11.750877192982447]
SPS=387
Eval at step 6080000, survival=1.151%, return=[-1.1301033235911746, 52.39759645843511, -34.92846797693055, -22.96666666666671]
SPS=388
Eval at step 6120000, survival=2.876%, return=[-1.339788864343427, 141.4215195231438, -13.782665922763409, -46.135087719298696]
SPS=388
Eval at step 6160000, survival=0.801%, return=[-1.0870810312218964, 38.598279581069946, -6.0006639157189055, -12.840350877192972]
SPS=388
Eval at step 6200000, survival=2.382%, return=[-1.2740553916897626, 115.74141505479813, -14.29696967592172, -39.487719298245906]
SPS=389
Eval at step 6240000, survival=4.606%, return=[-1.5288032314507292, 224.69949476289753, -32.996188596903814, -80.794736842106]
SPS=389
Eval at step 6280000, survival=3.172%, return=[-1.3759538537007756, 151.9555351572038, -20.457592789252523, -53.701754385965316]
SPS=389
Eval at step 6320000, survival=3.960%, return=[-1.4645477386016865, 193.078296710968, -12.01894482637299, -66.44210526315837]
SPS=389
Eval at step 6360000, survival=3.101%, return=[-1.3645360179769341, 151.28397907495489, -19.668540246134217, -51.80175438596526]
SPS=390
Eval at step 6400000, survival=4.250%, return=[-1.5060264997649937, 210.54243336200716, -6.045827621354761, -63.86842105263221]
SPS=390
Eval at step 6440000, survival=2.705%, return=[-1.316471026284853, 131.19426376986502, -14.140357608810882, -45.20877192982475]
SPS=391
Eval at step 6480000, survival=8.214%, return=[-1.9931969164288603, 401.6890171670915, -5.996263825322967, -134.70350877193079]
SPS=391
Eval at step 6520000, survival=6.951%, return=[-1.87156183879124, 330.4289275321961, -12.95851206855732, -118.89122807017698]
SPS=391
Eval at step 6560000, survival=7.142%, return=[-1.9109971998259425, 330.9282143287657, -73.69071941000584, -133.4192982456153]
SPS=391
Eval at step 6600000, survival=4.922%, return=[-1.6055613536504096, 236.67655865383114, -6.08798330159691, -86.0210526315786]
SPS=392
Eval at step 6640000, survival=7.858%, return=[-1.9740281121165026, 381.63036555290233, -7.373792207664519, -135.55263157894694]
SPS=392
Eval at step 6680000, survival=3.294%, return=[-1.405661374545889, 160.07733785438538, -14.893494557022223, -51.65614035087758]
SPS=392
Eval at step 6720000, survival=6.944%, return=[-1.861519808799494, 332.771459622383, -16.402365836832907, -122.82105263158037]
SPS=392
Eval at step 6760000, survival=12.546%, return=[-2.638558071589796, 598.373104905131, -55.186011336374214, -209.6105263157895]
SPS=392
Eval at step 6800000, survival=10.997%, return=[-2.4219339081260842, 531.782300591469, -7.760560760575754, -180.52280701754336]
SPS=392
Eval at step 6840000, survival=12.391%, return=[-2.645548646769021, 593.4135990366938, -10.687731075008923, -208.26140350877245]
SPS=392
Eval at step 6880000, survival=9.477%, return=[-2.1517686428618616, 464.04711138486874, -15.48501765953406, -156.81754385964942]
SPS=392
Eval at step 6920000, survival=14.185%, return=[-2.8201799720700365, 689.7847332620627, -28.860010928350675, -232.91929824561103]
SPS=392
Eval at step 6960000, survival=8.322%, return=[-2.1218796461354943, 388.87793675279556, -34.03890389414071, -144.38947368420966]
SPS=392
Eval at step 7000000, survival=8.646%, return=[-2.125585123518249, 411.2532740631094, -50.14932611264449, -151.2035087719289]
SPS=392
Eval at step 7040000, survival=4.763%, return=[-1.6031729262380394, 233.01396451187125, -6.273113131488207, -76.71754385965]
SPS=392
Eval at step 7080000, survival=5.499%, return=[-1.7068743602372707, 268.40551411819496, -6.509247568408318, -90.99298245614092]
SPS=393
Eval at step 7120000, survival=3.095%, return=[-1.4007075121218804, 144.4507958164216, -6.653150295023806, -54.07017543859698]
SPS=393
Eval at step 7160000, survival=13.542%, return=[-2.7818129358580337, 655.0676910481458, -20.78532849294006, -221.72105263157763]
SPS=393
Eval at step 7200000, survival=10.595%, return=[-2.426296987844398, 507.4109640007015, -18.998769126545085, -180.06315789473535]
SPS=393
Eval at step 7240000, survival=8.605%, return=[-2.130870894936379, 412.49911534547846, -7.362847252655047, -152.07894736842118]
SPS=393
Eval at step 7280000, survival=13.310%, return=[-2.7190429958456663, 638.995446184635, -13.33039699348301, -229.2403508771919]
SPS=393
Eval at step 7320000, survival=5.908%, return=[-1.748871499230154, 284.95626839160894, -6.541047057346441, -104.85087719298183]
SPS=393
Eval at step 7360000, survival=12.696%, return=[-2.722148226731224, 612.9384585928905, -73.43252980454854, -211.13684210526262]
SPS=393
Eval at step 7400000, survival=10.226%, return=[-2.3811094202741514, 488.91170396518737, -7.397112618572282, -179.07368421052612]
SPS=393
Eval at step 7440000, survival=5.794%, return=[-1.7412885123339947, 278.2645226550103, -6.688876737023383, -99.78245614035227]
SPS=393
Eval at step 7480000, survival=15.889%, return=[-3.118468222906813, 748.0027266502392, -8.491638619591503, -283.0298245614035]
SPS=393
Eval at step 7520000, survival=13.787%, return=[-2.8781731790921183, 652.1083361458778, -15.289684711843439, -247.12807017543804]
SPS=392
Eval at step 7560000, survival=6.910%, return=[-1.8866820498369634, 333.20599346160924, -7.259820310893701, -119.3140350877198]
SPS=393
Eval at step 7600000, survival=7.785%, return=[-2.0506075034441893, 365.88245722007656, -81.28276340802623, -135.3456140350874]
SPS=393
Eval at step 7640000, survival=8.265%, return=[-2.0985502400493714, 388.3555474772459, -7.730086579368799, -148.08245614035107]
SPS=393
Eval at step 7680000, survival=6.399%, return=[-1.7808159438543953, 315.47131114816665, -6.642975618465243, -95.88070175438676]
SPS=393
Eval at step 7720000, survival=19.655%, return=[-3.7041643576987555, 923.5791847586636, -9.618294928800605, -342.9543859649096]
SPS=392
Eval at step 7760000, survival=12.693%, return=[-2.730070983688347, 599.7354684858308, -101.11988134618187, -211.41228070175458]
SPS=392
Eval at step 7800000, survival=10.223%, return=[-2.363521292724181, 487.10317615842814, -7.549366844123142, -171.7789473684214]
SPS=392
Eval at step 7840000, survival=8.554%, return=[-2.128065793210408, 410.83778462648417, -6.509309219136776, -147.04912280701757]
SPS=392
Eval at step 7880000, survival=6.908%, return=[-1.8869219911226538, 337.3272459197045, -15.772915594112419, -112.2947368421053]
SPS=393
Eval at step 7920000, survival=8.125%, return=[-2.079802144988207, 392.8767354626657, -7.875186696916353, -128.18771929824453]
SPS=393
Eval at step 7960000, survival=5.521%, return=[-1.7290492178231944, 264.260586713791, -11.919000731983397, -94.45789473684256]
SPS=393
Eval at step 8000000, survival=16.930%, return=[-3.2917699297948273, 813.3840842609402, -21.751430948949565, -284.97017543859397]
SPS=393
Eval at step 8040000, survival=8.723%, return=[-2.1788893822813407, 412.23437347269083, -80.36242193450452, -142.92280701754507]
SPS=393
Eval at step 8080000, survival=6.793%, return=[-1.9296954065153842, 324.243853356361, -8.407137636668631, -113.55263157894828]
SPS=393
Eval at step 8120000, survival=6.767%, return=[-1.9297977373877075, 323.0207160940171, -49.298625028793325, -110.83684210526397]
SPS=393
Eval at step 8160000, survival=11.319%, return=[-2.5516004512552173, 545.5652051749224, -17.631684011907236, -178.80175438596183]
SPS=393
Eval at step 8200000, survival=9.160%, return=[-2.2229587774316313, 442.8179438853267, -6.387352505416493, -152.03333333333273]
SPS=393
Eval at step 8240000, survival=12.599%, return=[-2.663793872628594, 601.5165011486995, -80.90480700335956, -207.78771929824424]
SPS=393
Eval at step 8280000, survival=10.921%, return=[-2.4916210734518245, 515.0859424281106, -71.0482096407155, -188.6561403508753]
SPS=393
Eval at step 8320000, survival=13.925%, return=[-2.9966117974894586, 662.9881452097891, -8.502845199787407, -237.18070175438407]
SPS=392
Eval at step 8360000, survival=9.051%, return=[-2.208268040372059, 430.47771204900636, -63.9138117673283, -150.00701754385977]
SPS=392
Eval at step 8400000, survival=7.935%, return=[-2.0484963269438596, 385.46129085540764, -6.530191806098083, -131.23508771929994]
SPS=393
Eval at step 8440000, survival=12.531%, return=[-2.6870527471357493, 592.6778521184893, -159.14234062098404, -208.95964912280488]
SPS=392
Eval at step 8480000, survival=10.667%, return=[-2.4996088271029295, 494.03474804973473, -133.43502225946577, -177.37017543859676]
SPS=392
Eval at step 8520000, survival=7.028%, return=[-1.96405279028113, 340.47995564651484, -7.053517237014603, -115.14736842105295]
SPS=393
Eval at step 8560000, survival=8.868%, return=[-2.225972967973212, 425.6244655580519, -21.450779769309158, -142.73157894736863]
SPS=393
Eval at step 8600000, survival=10.155%, return=[-2.3992699401045683, 493.53142709970473, -6.9756288516349745, -173.7368421052631]
SPS=393
Eval at step 8640000, survival=4.318%, return=[-1.5770794817886782, 210.38487673044187, -6.470404795328795, -64.24035087719378]
SPS=393
Eval at step 8680000, survival=3.538%, return=[-1.4359129384742118, 175.26579455518726, -7.966656544798752, -52.47192982456154]
SPS=393
Eval at step 8720000, survival=12.096%, return=[-2.630278174200794, 586.8363139452935, -58.83131611300924, -174.24385964912426]
SPS=393
Eval at step 8760000, survival=9.773%, return=[-2.2662233490496875, 477.8251903824809, -17.88294745822059, -145.41754385964956]
SPS=393
Eval at step 8800000, survival=9.333%, return=[-2.245545027597109, 451.9608997797962, -44.74533380125515, -148.46140350877116]
SPS=393
Eval at step 8840000, survival=11.043%, return=[-2.5451947011868468, 528.9680373153687, -19.966499207727885, -180.46315789473826]
SPS=393
Eval at step 8880000, survival=7.009%, return=[-1.939726608915953, 342.63933451175706, -7.144520288973581, -110.96666666666758]
SPS=393
Eval at step 8920000, survival=6.121%, return=[-1.8150754956644959, 298.9377510223388, -11.53321939336629, -97.07192982456272]
SPS=393
Eval at step 8960000, survival=2.584%, return=[-1.3327669241232798, 127.14585439777372, -5.7300017748610115, -37.19473684210544]
SPS=394
Eval at step 9000000, survival=6.452%, return=[-1.8014075698098169, 320.3115839185713, -7.432978248715517, -88.06666666666726]
SPS=394
Eval at step 9040000, survival=5.716%, return=[-1.7328942737949546, 280.6304286260603, -17.82154346211464, -86.1543859649132]
SPS=394
Eval at step 9080000, survival=9.447%, return=[-2.250972758728312, 461.4533683481221, -19.930469465347414, -130.97894736842218]
SPS=394
Eval at step 9120000, survival=2.886%, return=[-1.34596435718704, 143.23218542575836, -5.3403430309146644, -42.654385964912485]
SPS=394
Eval at step 9160000, survival=5.863%, return=[-1.8171339505468496, 284.67844941949835, -6.62086515159317, -90.6964912280704]
SPS=394
Eval at step 9200000, survival=3.286%, return=[-1.421926905878354, 160.96777290916447, -5.700420663511613, -50.492982456140936]
SPS=395
Eval at step 9240000, survival=10.177%, return=[-2.419871827616589, 488.81264732456145, -37.07434215256508, -161.18947368421163]
SPS=395
Eval at step 9280000, survival=10.119%, return=[-2.3483232298574874, 493.22145055055597, -16.03836252674737, -159.39298245614123]
SPS=395
Eval at step 9320000, survival=10.599%, return=[-2.488480757497018, 506.32461798620136, -52.47405396306276, -164.328070175441]
SPS=395
Eval at step 9360000, survival=15.775%, return=[-3.1561727003369016, 765.8441762995724, -8.833654054054932, -245.09298245613817]
SPS=394
Eval at step 9400000, survival=14.870%, return=[-3.042058612382971, 723.9824215440748, -10.67906018532085, -230.54385964912208]
SPS=394
Eval at step 9440000, survival=12.232%, return=[-2.6127385996922383, 599.7457679243093, -22.95252707450218, -192.55087719298288]
SPS=394
Eval at step 9480000, survival=15.316%, return=[-3.142876901832642, 731.9887235693926, -86.03483041390572, -238.96666666666434]
SPS=394
Eval at step 9520000, survival=9.370%, return=[-2.3655307110166177, 444.06583488225925, -46.30397256635988, -154.26666666666813]
SPS=394
Eval at step 9560000, survival=10.914%, return=[-2.5109994536149314, 526.4442336392401, -16.571510899921122, -178.7263157894743]
SPS=394
Eval at step 9600000, survival=26.665%, return=[-4.796318550518481, 1285.1295442752842, -18.152529800203933, -424.04736842104893]
SPS=393
Eval at step 9640000, survival=13.785%, return=[-2.866706355608767, 672.2278514118207, -8.03378728175594, -212.21578947368374]
SPS=393
Eval at step 9680000, survival=28.678%, return=[-4.999060471734265, 1396.5336269965187, -18.154231539461648, -466.4649122806958]
SPS=392
Eval at step 9720000, survival=11.027%, return=[-2.5475138902198524, 537.4387433276188, -8.54445244631861, -172.7192982456134]
SPS=392
Eval at step 9760000, survival=9.286%, return=[-2.2701703975733833, 453.4989330406191, -8.137105311985943, -148.7842105263165]
SPS=392
Eval at step 9800000, survival=6.868%, return=[-1.9466234392893966, 334.71732127428066, -7.201975174642394, -110.07719298245607]
SPS=392
Eval at step 9840000, survival=17.527%, return=[-3.483933614974376, 847.8389351592066, -23.417227507425196, -285.69649122806896]
SPS=392
Eval at step 9880000, survival=9.634%, return=[-2.38808421905851, 458.4006812701217, -62.482139551543696, -159.96842105263326]
SPS=392
Eval at step 9920000, survival=12.815%, return=[-2.9344403612660246, 608.540265352249, -25.845443482537938, -220.98421052631556]
SPS=392
Eval at step 9960000, survival=17.132%, return=[-3.5031989811745006, 821.3001419992436, -22.472832768069928, -269.8421052631528]
SPS=391
Eval at step 10000000, survival=21.416%, return=[-4.104744556179503, 1036.5180571537023, -31.81789455339422, -347.57543859648746]
SPS=391
Eval at step 10040000, survival=15.753%, return=[-3.2112681403465104, 760.7252464637756, -73.01698012316119, -247.3368421052616]
SPS=391
Eval at step 10080000, survival=8.971%, return=[-2.213497961265966, 441.85650631380105, -7.373260405662586, -138.49824561403403]
SPS=391
Eval at step 10120000, survival=15.159%, return=[-3.160415497538634, 735.6027899703986, -9.17042278211702, -243.38070175438565]
SPS=390
Eval at step 10160000, survival=6.398%, return=[-1.887876758829225, 308.28596082592, -30.12003499127932, -100.4578947368435]
SPS=391
Eval at step 10200000, survival=13.558%, return=[-2.982544545852579, 646.0432619457235, -75.63931253312148, -226.68245614034996]
SPS=390
Eval at step 10240000, survival=15.492%, return=[-3.3250118443451355, 741.868861634732, -9.638914544112414, -264.96491228069914]
SPS=390
Eval at step 10280000, survival=22.153%, return=[-4.053538851736812, 1084.4326970200527, -11.315386628153647, -342.43859649122265]
SPS=390
Eval at step 10320000, survival=14.541%, return=[-3.0610137642826887, 708.0148988032341, -10.319600013553373, -236.11228070175412]
SPS=389
Eval at step 10360000, survival=11.641%, return=[-2.6976889259472956, 551.5341264600755, -69.88856206177243, -190.87017543859773]
SPS=389
Eval at step 10400000, survival=15.371%, return=[-3.161414339748444, 744.810227589607, -9.991713132380392, -245.0122807017549]
SPS=389
Eval at step 10440000, survival=21.323%, return=[-4.162877716874936, 1010.934968181132, -92.60227301236591, -362.51578947367955]
SPS=389
Eval at step 10480000, survival=17.060%, return=[-3.449448052223306, 820.0036159582138, -9.568740831278683, -277.05087719298024]
SPS=388
Eval at step 10520000, survival=15.055%, return=[-3.1230731546645982, 729.6340716710079, -19.02035993418831, -241.82280701753524]
SPS=388
Eval at step 10560000, survival=21.359%, return=[-3.9596058198891115, 1038.4633934803005, -31.030200129385918, -338.8508771929805]
SPS=388
Eval at step 10600000, survival=17.139%, return=[-3.471169200516306, 818.991806258678, -72.57782663200832, -288.76315789473404]
SPS=388
Eval at step 10640000, survival=15.807%, return=[-3.2401820353989024, 764.1535867071141, -25.756509020716294, -254.42807017543427]
SPS=387
Eval at step 10680000, survival=15.001%, return=[-3.1090245484607295, 719.9079006619457, -84.51779563107266, -241.66491228070237]
SPS=387
Eval at step 10720000, survival=16.400%, return=[-3.4182698293880094, 780.0397499136915, -74.935620016949, -271.8438596491197]
SPS=387
Eval at step 10760000, survival=14.194%, return=[-3.057706589368172, 684.7009324917784, -23.207351010311687, -232.87192982455804]
SPS=387
Eval at step 10800000, survival=20.293%, return=[-4.033477781247347, 972.1421933703438, -16.99235582120273, -336.38245614034383]
SPS=386
Eval at step 10840000, survival=21.031%, return=[-4.156740075087873, 1007.1488549637783, -13.234179310357012, -356.78070175438336]
SPS=386
Eval at step 10880000, survival=18.235%, return=[-3.6319671565957834, 877.746403230191, -34.22042738013365, -301.55789473683893]
SPS=386
Eval at step 10920000, survival=8.268%, return=[-2.1204869013919962, 406.8961588091847, -7.0994781342965325, -128.5228070175439]
SPS=386
Eval at step 10960000, survival=13.018%, return=[-2.8643840752367398, 631.8079463524822, -9.510765907420865, -215.39122807017256]
SPS=386
Eval at step 11000000, survival=13.748%, return=[-2.937833036307711, 665.5015125823023, -28.24758027574571, -225.2929824561386]
SPS=386
Eval at step 11040000, survival=15.611%, return=[-3.2484559775853996, 748.599977418898, -44.63926646742357, -263.2912280701707]
SPS=385
Eval at step 11080000, survival=23.869%, return=[-4.315254980500322, 1152.889922096727, -50.993608492148155, -384.7754385964778]
SPS=385
Eval at step 11120000, survival=17.343%, return=[-3.6208950650994667, 813.0929627480514, -91.10169089666438, -301.51403508771534]
SPS=385
Eval at step 11160000, survival=16.141%, return=[-3.2853514951304534, 756.3986451568574, -219.67079416807283, -268.163157894735]
SPS=384
Eval at step 11200000, survival=26.482%, return=[-4.877598434686661, 1272.4301110281936, -20.724728133680763, -442.9105263157818]
SPS=384
Eval at step 11240000, survival=27.698%, return=[-5.0951821524533445, 1327.2205919690127, -56.16554683104914, -469.5385964912213]
SPS=383
Eval at step 11280000, survival=13.817%, return=[-2.9723065460391807, 664.903065019131, -9.518399058730575, -223.2421052631591]
SPS=383
Eval at step 11320000, survival=11.331%, return=[-2.52762951910845, 554.8454209446904, -8.734142925723791, -172.19298245614027]
SPS=383
Eval at step 11360000, survival=17.254%, return=[-3.534051828907104, 824.2318680739405, -10.99016639305446, -290.7964912280678]
SPS=383
Eval at step 11400000, survival=15.165%, return=[-3.152104093739763, 731.2785884604489, -52.29868392509761, -249.5719298245595]
SPS=383
Eval at step 11440000, survival=5.995%, return=[-1.8041678505775054, 292.66215160894404, -14.655677981826011, -96.16666666666777]
SPS=383
Eval at step 11480000, survival=14.743%, return=[-3.1057229435711635, 709.0658209042554, -57.94183899893833, -250.714035087718]
SPS=383
Eval at step 11520000, survival=24.632%, return=[-4.553294455131981, 1182.101205657484, -106.30574213654691, -399.83157894736195]
SPS=382
Eval at step 11560000, survival=14.126%, return=[-3.0879548880038783, 679.3458600087174, -11.028017836705567, -242.31403508771632]
SPS=382
Eval at step 11600000, survival=13.119%, return=[-2.8615338573639746, 633.3790019979482, -20.42182126569096, -216.67368421052598]
SPS=382
Eval at step 11640000, survival=13.849%, return=[-2.98367571014096, 649.231032040598, -181.9099774629969, -231.24736842105236]
SPS=382
Eval at step 11680000, survival=27.726%, return=[-5.032203929556999, 1337.9427479443525, -13.904139500094697, -459.8807017543797]
SPS=381
Eval at step 11720000, survival=21.590%, return=[-4.189434592862381, 1040.357307864667, -27.85277742279113, -363.52280701753904]
SPS=381
Eval at step 11760000, survival=30.221%, return=[-5.452121197117958, 1450.066207251549, -81.03077816052192, -511.1192982456043]
SPS=380
Eval at step 11800000, survival=10.739%, return=[-2.498239273508079, 512.9764279589642, -89.58094107310171, -174.61228070175355]
SPS=380
Eval at step 11840000, survival=33.397%, return=[-5.888519494043431, 1607.0469836683271, -41.7853010087354, -554.2456140350736]
SPS=379
Eval at step 11880000, survival=26.109%, return=[-4.781387698778417, 1247.8866460928925, -137.74803897391394, -439.56666666665643]
SPS=379
Eval at step 11920000, survival=33.289%, return=[-5.911512085748837, 1602.680313054084, -17.736959477466826, -560.2438596491146]
SPS=378
Eval at step 11960000, survival=19.905%, return=[-3.9769605839217546, 953.6412777376175, -13.49710386612278, -338.6105263157872]
SPS=378
Eval at step 12000000, survival=14.067%, return=[-3.076703725918196, 671.5191314983374, -16.048316998177324, -233.78245614034967]
SPS=378
Eval at step 12040000, survival=18.956%, return=[-3.6778317661897746, 916.1932542128558, -18.316304365768154, -319.2543859649049]
SPS=378
Eval at step 12080000, survival=9.781%, return=[-2.352177805651445, 476.94598794412633, -7.1692678497016455, -155.1421052631575]
SPS=378
Eval at step 12120000, survival=21.363%, return=[-4.226435834442964, 1018.906678122519, -14.590720956239966, -367.39999999999554]
SPS=377
Eval at step 12160000, survival=40.166%, return=[-6.873819766344968, 1941.5266452641467, -16.099812875570024, -662.3543859648908]
SPS=376
Eval at step 12200000, survival=34.483%, return=[-6.211832673568279, 1641.8738932833662, -14.913252532459591, -588.442105263141]
SPS=375
Eval at step 12240000, survival=32.137%, return=[-5.650790431461064, 1561.579321089746, -14.107876638671769, -532.873684210507]
SPS=375
Eval at step 12280000, survival=14.432%, return=[-3.039303721219767, 705.4655343685146, -9.19165898706954, -230.06842105263212]
SPS=375
Eval at step 12320000, survival=22.501%, return=[-4.33864792494569, 1073.97823924017, -26.674220718479592, -383.568421052625]
SPS=374
Eval at step 12360000, survival=21.140%, return=[-4.038090565887979, 1026.5949272484781, -16.80625401096331, -345.57543859648604]
SPS=374
Eval at step 12400000, survival=33.986%, return=[-5.807734954816988, 1647.6166179285065, -13.32710182822775, -549.1912280701623]
SPS=373
Eval at step 12440000, survival=35.600%, return=[-6.1942397050443105, 1719.0841926388719, -35.527714569954696, -591.4210526315632]
SPS=373
Eval at step 12480000, survival=22.143%, return=[-4.157183120463742, 1069.7464189805983, -38.26500551236386, -365.54912280701495]
SPS=372
Eval at step 12520000, survival=20.792%, return=[-4.079580020549474, 994.9135525498389, -12.412302571933832, -354.54210526315103]
SPS=372
Eval at step 12560000, survival=13.464%, return=[-3.0207906359049956, 639.8840402722356, -10.048339098822543, -228.8017543859628]
SPS=372
Eval at step 12600000, survival=16.913%, return=[-3.4292969753965736, 817.9771562085165, -9.074302144208923, -281.6140350877166]
SPS=372
Eval at step 12640000, survival=19.062%, return=[-3.6560399621957913, 929.9187751431461, -28.323124206518695, -309.5017543859617]
SPS=371
Eval at step 12680000, survival=36.827%, return=[-6.452759216714185, 1760.3595903010441, -67.68276913645191, -616.2964912280479]
SPS=371
Eval at step 12720000, survival=29.282%, return=[-5.231827087129932, 1400.5835411114701, -53.287274663915014, -496.10877192981445]
SPS=370
Eval at step 12760000, survival=40.131%, return=[-6.85911759546143, 1934.2869915375722, -13.644249830465196, -671.4491228069971]
SPS=369
Eval at step 12800000, survival=23.678%, return=[-4.469893529586261, 1122.1216765351273, -180.73302709122945, -401.835087719294]
SPS=369
Eval at step 12840000, survival=31.572%, return=[-5.675826260389295, 1516.3635941953667, -13.886369427837144, -533.5105263157782]
SPS=368
Eval at step 12880000, survival=24.905%, return=[-4.645099450967973, 1198.8023876714706, -11.115673689013601, -421.99122807016994]
SPS=368
Eval at step 12920000, survival=44.980%, return=[-7.491498013306409, 2147.7232152371353, -159.41352459641092, -746.0649122806765]
SPS=367
Eval at step 12960000, survival=39.035%, return=[-6.795941316901008, 1864.9131305561082, -16.99844613792079, -660.6877192982317]
SPS=366
Eval at step 13000000, survival=20.515%, return=[-3.999040436104406, 986.5608327484131, -10.27041793560402, -348.0964912280664]
SPS=366
Eval at step 13040000, survival=29.382%, return=[-5.262892174161971, 1409.5854027004261, -52.702062016399395, -494.0017543859585]
SPS=365
Eval at step 13080000, survival=21.231%, return=[-4.070754727907479, 1023.3636910462379, -11.441494139707356, -361.2754385964881]
SPS=365
Eval at step 13120000, survival=44.038%, return=[-7.2534460189112, 2133.512007462501, -15.560570369490733, -722.9982456140149]
SPS=364
Eval at step 13160000, survival=49.783%, return=[-8.181712206214433, 2384.9976049346933, -13.999088982828289, -855.859649122787]
SPS=363
Eval at step 13200000, survival=40.754%, return=[-7.013418312341673, 1937.570465703011, -23.64780563573131, -686.6315789473513]
SPS=362
Eval at step 13240000, survival=22.065%, return=[-4.10713819238008, 1050.0024039969428, -77.48363447546417, -368.5614035087637]
SPS=362
Eval at step 13280000, survival=40.969%, return=[-7.002978115121368, 1946.3607324533518, -66.3113352886995, -700.049122807002]
SPS=361
Eval at step 13320000, survival=31.505%, return=[-5.580236030649393, 1514.498566854953, -13.529750715869886, -527.3385964912208]
SPS=361
Eval at step 13360000, survival=29.261%, return=[-5.265834363288013, 1406.0069183025364, -11.879550416663642, -489.728070175431]
SPS=360
Eval at step 13400000, survival=31.280%, return=[-5.340239764144644, 1499.1444754524214, -38.54790196526301, -512.6122807017364]
SPS=360
Eval at step 13440000, survival=42.026%, return=[-6.939793193741934, 2005.2497165145883, -12.253274980955757, -720.9684210526026]
SPS=359
Eval at step 13480000, survival=28.399%, return=[-5.113452531059738, 1351.6186092333794, -12.02094582280024, -477.06140350875484]
SPS=359
Eval at step 13520000, survival=56.884%, return=[-9.355565959040542, 2696.2246106143016, -17.304324125181846, -969.6017543859347]
SPS=357
Eval at step 13560000, survival=43.669%, return=[-7.369553944643121, 2091.629999241354, -13.433668747132241, -728.8859649122663]
SPS=356
Eval at step 13600000, survival=24.996%, return=[-4.481496012100251, 1199.4266060304637, -59.08817000027748, -411.626315789465]
SPS=356
Eval at step 13640000, survival=53.258%, return=[-8.733100386575098, 2546.4392604932814, -15.98547531318618, -877.7719298245272]
SPS=355
Eval at step 13680000, survival=18.565%, return=[-3.602397989947349, 903.6565473890307, -8.14741747069129, -297.68596491227515]
SPS=355
Eval at step 13720000, survival=37.595%, return=[-6.620054497919045, 1764.9541472086935, -140.7257455750656, -653.9473684210374]
SPS=354
Eval at step 13760000, survival=32.826%, return=[-5.760413771844469, 1566.6234398961071, -12.157301914073468, -548.9263157894583]
SPS=354
Eval at step 13800000, survival=29.983%, return=[-5.285474701144267, 1430.6009938197128, -134.92027424859097, -488.3701754385876]
SPS=353
Eval at step 13840000, survival=27.354%, return=[-5.021406203182414, 1300.2852755241386, -88.00522695828093, -462.0719298245552]
SPS=353
Eval at step 13880000, survival=17.475%, return=[-3.632340415834915, 826.9965762829777, -9.825473205486196, -302.0824561403482]
SPS=353
Eval at step 13920000, survival=28.222%, return=[-5.128628725593444, 1338.3921134238237, -18.276061595482634, -475.7087719298127]
SPS=353
Eval at step 13960000, survival=21.342%, return=[-4.176151221449254, 1013.4216671137808, -13.202817393609985, -361.3526315789442]
SPS=352
Eval at step 14000000, survival=20.067%, return=[-3.8195549739059063, 949.5030152077676, -103.01805937655881, -339.9859649122732]
SPS=352
Eval at step 14040000, survival=23.997%, return=[-4.299249631230486, 1157.2580211510667, -40.493818220645416, -383.7842105263044]
SPS=352
Eval at step 14080000, survival=41.496%, return=[-7.027244988043094, 1958.2375757627578, -170.83519838135535, -697.4245614034929]
SPS=351
Eval at step 14120000, survival=33.477%, return=[-5.625889498408651, 1603.9010336046233, -59.99870234380978, -548.3017543859492]
SPS=351
Eval at step 14160000, survival=31.509%, return=[-5.605499682348454, 1498.2868021378579, -90.73375394557334, -523.8736842105087]
SPS=350
Eval at step 14200000, survival=39.426%, return=[-6.50053394237184, 1895.9453966283813, -11.019302606810106, -646.9789473684122]
SPS=350
Eval at step 14240000, survival=21.368%, return=[-4.06541977917077, 1010.047884341238, -174.954454610222, -354.6736842105188]
SPS=349
Eval at step 14280000, survival=29.506%, return=[-5.041524095233763, 1431.4916841993354, -44.31690744936786, -477.55789473682614]
SPS=349
Eval at step 14320000, survival=42.959%, return=[-7.216580880782567, 2060.37494828415, -63.511371504679026, -717.8052631578742]
SPS=348
Eval at step 14360000, survival=45.768%, return=[-7.752108058880549, 2164.530790696618, -14.047834846470778, -795.1473684210351]
SPS=348
Eval at step 14400000, survival=30.930%, return=[-5.5173735901655165, 1465.6714410963054, -143.5172053200944, -527.7754385964844]
SPS=347
Eval at step 14440000, survival=46.355%, return=[-7.78711955556646, 2211.6448713159543, -13.772577741571421, -788.4421052631418]
SPS=346
Eval at step 14480000, survival=26.985%, return=[-4.8742686528130434, 1287.8344902496367, -9.004546096102331, -465.4280701754242]
SPS=346
Eval at step 14520000, survival=33.209%, return=[-5.698171345144511, 1594.7231939311027, -108.44445315452467, -543.143859649113]
SPS=346
Eval at step 14560000, survival=26.240%, return=[-4.711433385976124, 1221.548678011423, -339.43526363455965, -449.5333333333324]
SPS=345
Eval at step 14600000, survival=50.557%, return=[-8.299370980862296, 2401.842323420048, -184.30451494443386, -854.6035087719044]
SPS=345
Eval at step 14640000, survival=69.933%, return=[-11.108057459566044, 3327.5955976390883, -19.262172676701084, -1188.2771929824178]
SPS=343
Eval at step 14680000, survival=53.070%, return=[-8.490713180630701, 2549.5185557937575, -15.562568131699663, -879.8298245613787]
SPS=342
Eval at step 14720000, survival=39.782%, return=[-6.771012681693537, 1912.2554720292076, -11.878646688889887, -662.3105263157734]
SPS=342
Eval at step 14760000, survival=46.565%, return=[-7.626087267708499, 2239.135479232312, -45.50133077146902, -778.7052631578676]
SPS=341
Eval at step 14800000, survival=38.359%, return=[-6.40462764055701, 1829.604756515028, -10.81813544569386, -664.2368421052496]
SPS=341
Eval at step 14840000, survival=25.541%, return=[-4.569903444120428, 1234.410044808388, -9.137231781255105, -418.69298245612856]
SPS=340
Eval at step 14880000, survival=25.496%, return=[-4.675287790229777, 1220.9288021364205, -35.51316877775231, -428.2491228070041]
SPS=340
Eval at step 14920000, survival=35.557%, return=[-6.114407808135729, 1695.8396692357069, -11.056301149621323, -597.0052631578817]
SPS=340
Eval at step 14960000, survival=29.337%, return=[-5.185266936721746, 1405.3624851560621, -9.911933580261756, -488.12631578946156]
SPS=339
Eval at step 15000000, survival=36.722%, return=[-6.310566878283862, 1752.6353525881782, -36.79510863838186, -623.5315789473528]
SPS=339
[1;34mwandb[0m: 
[1;34mwandb[0m: 🚀 View run [33mMAPPO_bus14_T_0_0__I__1779592809_20972[0m at: [34mhttps://wandb.ai/corentin-plumet-epfl/Grid2Op/runs/MAPPO_bus14_T_0_0__I__1779592809_20972[0m
[1;34mwandb[0m: Find logs at: [1;35mwandb/wandb/run-20260524_052115-MAPPO_bus14_T_0_0__I__1779592809_20972/logs[0m
Job 54654015 finished at dim 24 mai 2026 17:37:27 CEST
