Job 54653972 started on jst047 at dim 24 mai 2026 04:42:42 CEST
Training configuration:
  conda env       : marl2grid
  algorithm       : MAPPO
  env             : bus14
  seed            : 0
  total timesteps : 25000000
  n envs          : 20
  torch threads   : 20
  wandb mode      : online
Running: python -u main.py --alg MAPPO --env-id bus14 --action-type topology --seed 0 --total-timesteps 25000000 --n-envs 20 --n-threads 20 --cuda False --checkpoint True --wandb-project Grid2Op --wandb-entity corentin-plumet-epfl --wandb-mode online --time-limit 1300  --total-timesteps 15000000 --eval-freq 40000 --actor-layers 256 256 256 --critic-layers 256 256 256 --actor-lr 0.0001 --critic-lr 0.0001 --gamma 0.9 --gae-lambda 0.95 --update-epochs 10 --max-grad-norm 1.0 --clip-coef 0.2 --vf-coef 0.5 --norm-reward True --n-steps 2000 --n-minibatches 16 --entropy-coef 0.02 --target-kl 0.02 --init-do-nothing-prob 0.5 --exp-tag a3_entropy_002
Eval at step 40000, survival=16.592%, return=[-2.8072594852244945, 779.397775568962, -5.010612368712463, -1.0]
SPS=117
Eval at step 80000, survival=8.104%, return=[-1.9177899419155437, 369.06446939659065, -51.80181692679362, -32.175438596491404]
SPS=138
Eval at step 120000, survival=10.379%, return=[-2.104787369456608, 495.14182395386695, -6.195564015016134, -20.368421052631735]
SPS=148
Eval at step 160000, survival=27.049%, return=[-4.332424713368527, 1222.763159379014, -507.0762080333865, -104.34385964912482]
SPS=149
Eval at step 200000, survival=17.848%, return=[-3.1717176808509975, 833.4072810745234, -5.038480546271603, -34.54736842105315]
SPS=151
Eval at step 240000, survival=13.188%, return=[-2.5924273562210147, 640.0429024882316, -5.552123266311537, -44.566666666667004]
SPS=153
Eval at step 280000, survival=9.333%, return=[-2.1197995989816265, 452.5204297752381, -5.490300507194479, -32.96842105263171]
SPS=156
Eval at step 320000, survival=8.922%, return=[-2.026583249261603, 426.98269558763513, -6.049311853654944, -22.400000000000038]
SPS=158
Eval at step 360000, survival=11.846%, return=[-2.4105530743545387, 578.9963010702133, -5.560065613321785, -43.29298245614069]
SPS=161
Eval at step 400000, survival=13.739%, return=[-2.695472590404097, 663.278764605522, -5.195399115552573, -48.10701754386004]
SPS=163
Eval at step 440000, survival=10.858%, return=[-2.2653655101719776, 520.2072580928799, -5.59290084314307, -25.449122807017666]
SPS=165
Eval at step 480000, survival=11.750%, return=[-2.372580019599991, 565.0153800315857, -5.96342348303042, -29.949122807017677]
SPS=167
Eval at step 520000, survival=8.601%, return=[-1.9887610301200767, 414.5491747283937, -5.450599067549047, -21.77017543859656]
SPS=170
Eval at step 560000, survival=10.424%, return=[-2.2038871596800163, 501.4542889862061, -5.893836181701045, -24.55263157894757]
SPS=173
Eval at step 600000, survival=12.999%, return=[-2.5195221915491857, 628.1110696296691, -5.562315205449704, -30.807017543860024]
SPS=176
Eval at step 640000, survival=9.999%, return=[-2.1237330292875414, 487.3058287401201, -5.498862414510586, -22.445614035087743]
SPS=179
Eval at step 680000, survival=7.696%, return=[-1.8491013510676566, 372.7910538229943, -5.189677210891387, -14.18245614035088]
SPS=182
Eval at step 720000, survival=13.755%, return=[-2.584316062077414, 664.5002903556822, -5.202190492059162, -27.654385964912386]
SPS=185
Eval at step 760000, survival=8.389%, return=[-1.935244977241382, 406.84630532598493, -5.156486534347641, -15.705263157894745]
SPS=188
Eval at step 800000, survival=5.888%, return=[-1.7610298263665753, 275.51525578784947, -6.979608454974368, -21.252631578947383]
SPS=191
Eval at step 840000, survival=7.615%, return=[-1.7871248053212185, 368.7797829108238, -5.544704378340884, -6.7403508771929665]
SPS=194
Eval at step 880000, survival=14.137%, return=[-2.5867138787230943, 667.749069966793, -13.142310496727442, -12.014035087719375]
SPS=196
Eval at step 920000, survival=5.823%, return=[-1.5938848679012154, 283.8074129724503, -5.0506792719941584, -6.208771929824556]
SPS=198
Eval at step 960000, survival=1.503%, return=[-1.1274444807670079, 74.23297687053679, -5.0, -1.0912280701754387]
SPS=200
Eval at step 1000000, survival=1.478%, return=[-1.131686825794168, 71.90082785606384, -5.0, -1.0807017543859647]
SPS=202
Eval at step 1040000, survival=3.659%, return=[-1.3413273349055088, 177.08668965911866, -6.252631831821054, -7.443859649122787]
SPS=203
Eval at step 1080000, survival=4.071%, return=[-1.4286760697024874, 195.97093649005896, -5.1555143686819065, -11.514035087719332]
SPS=205
Eval at step 1120000, survival=1.271%, return=[-1.1060794204706326, 62.70083961963654, -5.005922993086278, -1.0]
SPS=208
Eval at step 1160000, survival=1.486%, return=[-1.129084344988223, 72.50754915714263, -5.0, -1.0315789473684212]
SPS=210
Eval at step 1200000, survival=4.206%, return=[-1.489759782346664, 202.55177316188815, -5.001857904237568, -15.085964912280806]
SPS=213
Eval at step 1240000, survival=15.789%, return=[-2.875676523562288, 740.9969928312307, -5.550378034482128, -57.65789473684322]
SPS=215
Eval at step 1280000, survival=22.478%, return=[-3.462535324046621, 1054.0241387710578, -5.16145525061147, -1.3929824561403517]
SPS=217
Eval at step 1320000, survival=33.251%, return=[-4.781038747611456, 1542.5220196151738, -5.009597527324513, -1.0]
SPS=217
Eval at step 1360000, survival=21.467%, return=[-3.4358675496303475, 995.1863652246004, -5.316023680567741, -1.9789473684210512]
SPS=219
Eval at step 1400000, survival=19.989%, return=[-3.213810258259764, 933.3358251905435, -5.010755496789352, -1.0]
SPS=220
Eval at step 1440000, survival=22.281%, return=[-3.4466042215412016, 1042.9147506484985, -5.079767522760756, -1.024561403508772]
SPS=222
Eval at step 1480000, survival=17.188%, return=[-2.8777679154241924, 805.3824511449336, -5.333749611674284, -2.987719298245616]
SPS=224
Eval at step 1520000, survival=28.229%, return=[-4.4325042924843725, 1333.4821810216902, -5.161033345488249, -22.708771929825]
SPS=225
Eval at step 1560000, survival=21.249%, return=[-3.4719851992849726, 980.3364371733742, -146.23886512711616, -29.33157894736908]
SPS=226
Eval at step 1600000, survival=21.559%, return=[-3.378551497263834, 1002.265977104187, -23.76657578794984, -12.585964912280854]
SPS=228
Eval at step 1640000, survival=33.467%, return=[-5.121640899096382, 1600.3964536714539, -4.506479011740521, -29.819298245614704]
SPS=228
Eval at step 1680000, survival=32.219%, return=[-4.8770576277922375, 1537.8344346318245, -5.0919550571299625, -25.598245614035612]
SPS=229
Eval at step 1720000, survival=16.037%, return=[-2.965614567080047, 757.2877726850512, -5.09151600197365, -11.457894736842212]
SPS=231
Eval at step 1760000, survival=23.917%, return=[-3.9236450344789775, 1132.940898017882, -91.54943164712022, -27.56491228070221]
SPS=232
Eval at step 1800000, survival=16.982%, return=[-3.0828182125173043, 811.5217583441733, -47.53943754002766, -21.308771929824854]
SPS=234
Eval at step 1840000, survival=23.149%, return=[-3.8033547010913025, 1125.5576628055574, -5.761001373303588, -32.58947368421125]
SPS=235
Eval at step 1880000, survival=16.334%, return=[-2.950567240989767, 797.1656480822567, -5.129507781661232, -18.433333333333554]
SPS=236
Eval at step 1920000, survival=24.483%, return=[-4.053759684029501, 1192.1360265836736, -5.121690177607161, -44.14736842105364]
SPS=237
Eval at step 1960000, survival=22.853%, return=[-3.9188453571230637, 1105.7109031443597, -5.300939447285782, -30.924561403509397]
SPS=238
Eval at step 2000000, survival=27.390%, return=[-4.4207919047621544, 1330.0636614809039, -5.084211732199765, -32.357894736842695]
SPS=239
Eval at step 2040000, survival=29.281%, return=[-4.594745656463783, 1422.01099266386, -4.624208689748775, -41.761403508772794]
SPS=240
Eval at step 2080000, survival=18.204%, return=[-3.2243464379862417, 883.9895062894832, -5.1634207862649415, -23.92280701754429]
SPS=241
Eval at step 2120000, survival=19.066%, return=[-3.3198118721076755, 918.6278056926731, -8.970121616301821, -24.42982456140384]
SPS=242
Eval at step 2160000, survival=34.717%, return=[-5.374647683126386, 1669.7264114637378, -199.73647799001338, -70.82280701754527]
SPS=241
Eval at step 2200000, survival=21.865%, return=[-3.8134215307771226, 1057.5114569559119, -28.24964718351839, -27.700000000000472]
SPS=242
Eval at step 2240000, survival=21.410%, return=[-3.8052548297448086, 1030.9374857158666, -5.140007162085385, -27.921052631579464]
SPS=242
Eval at step 2280000, survival=19.828%, return=[-3.5014364145637957, 957.3557644395818, -18.312179924538942, -27.77192982456183]
SPS=243
Eval at step 2320000, survival=19.044%, return=[-3.470441977010341, 917.4948837718964, -5.150958189798985, -24.10526315789512]
SPS=244
Eval at step 2360000, survival=30.159%, return=[-4.876888331497321, 1459.0662042417532, -5.281299662598758, -49.05614035087823]
SPS=245
Eval at step 2400000, survival=18.017%, return=[-3.2833974601409865, 871.7680143690106, -5.012162049577455, -31.27192982456192]
SPS=246
Eval at step 2440000, survival=31.966%, return=[-5.262614396581194, 1539.2143416304564, -5.233068836264283, -48.3350877192993]
SPS=246
Eval at step 2480000, survival=14.978%, return=[-2.9362059377250262, 723.9476749582288, -5.189704695608816, -27.18070175438632]
SPS=247
Eval at step 2520000, survival=14.306%, return=[-2.736723426228855, 695.50814578104, -27.434053172255517, -30.11052631578995]
SPS=249
Eval at step 2560000, survival=10.283%, return=[-2.3410481665167024, 494.0661469936373, -5.011800858076458, -14.261403508772023]
SPS=250
Eval at step 2600000, survival=29.846%, return=[-4.932922757952474, 1434.705490470887, -4.620951851582868, -42.082456140351766]
SPS=250
Eval at step 2640000, survival=19.102%, return=[-3.4985064043779857, 922.8958841624268, -12.07359845651008, -29.01052631578998]
SPS=251
Eval at step 2680000, survival=12.122%, return=[-2.5555985668848735, 586.9881984386449, -5.431359249739034, -21.531578947368637]
SPS=253
Eval at step 2720000, survival=23.032%, return=[-3.9976508993539026, 1110.289100379944, -5.074020877062867, -37.88771929824633]
SPS=253
Eval at step 2760000, survival=16.752%, return=[-3.2122890700993594, 809.0130717897422, -5.007850559954386, -23.64210526315823]
SPS=254
Eval at step 2800000, survival=18.013%, return=[-3.3065004497999326, 874.7764935827252, -5.0089282783228555, -24.587719298246014]
SPS=255
Eval at step 2840000, survival=16.799%, return=[-3.2206816979742143, 811.7544141244896, -5.010759222482738, -24.740350877193357]
SPS=255
Eval at step 2880000, survival=17.835%, return=[-3.346732272277586, 863.2845922155391, -7.067500487127108, -34.457894736842704]
SPS=256
Eval at step 2920000, survival=12.909%, return=[-2.6652071488962976, 625.7517687082284, -5.007550053378509, -18.177192982456326]
SPS=257
Eval at step 2960000, survival=19.227%, return=[-3.493607835023431, 933.5148444843296, -5.013036327605368, -28.99473684210569]
SPS=257
Eval at step 3000000, survival=9.730%, return=[-2.1885300082154573, 484.7432885174753, -5.923883285955162, -32.99298245614057]
SPS=258
Eval at step 3040000, survival=9.222%, return=[-2.1732031845953315, 464.3520439023972, -5.623110950057162, -33.13684210526336]
SPS=260
Eval at step 3080000, survival=9.850%, return=[-2.201940755342366, 499.961821797371, -5.994081996447131, -40.705263157895004]
SPS=261
Eval at step 3120000, survival=8.062%, return=[-1.9281123323889915, 407.6235198626518, -17.754508196909047, -35.154385964912606]
SPS=262
Eval at step 3160000, survival=11.674%, return=[-2.3917851404927206, 589.8061762671473, -5.769047673093132, -58.07017543859755]
SPS=263
Eval at step 3200000, survival=10.606%, return=[-2.274081465112977, 534.924989253044, -19.065931883951997, -51.29649122807075]
SPS=264
Eval at step 3240000, survival=14.921%, return=[-2.920246631896589, 739.0666568083744, -107.42868914139035, -80.95438596491348]
SPS=265
Eval at step 3280000, survival=9.585%, return=[-2.1948041386029216, 482.5503828473091, -34.37641713797238, -41.39122807017564]
SPS=266
Eval at step 3320000, survival=7.462%, return=[-1.883633985061897, 380.49372716045383, -5.1015902086808635, -31.571929824561586]
SPS=267
Eval at step 3360000, survival=15.233%, return=[-2.8890117985254617, 747.6679471812262, -199.76729066216595, -101.90877192982161]
SPS=268
Eval at step 3400000, survival=9.572%, return=[-2.152234444592614, 473.9292799239148, -115.59813646582116, -64.05789473684311]
SPS=269
Eval at step 3440000, survival=10.826%, return=[-2.348478983546374, 535.6946905741686, -61.81539430581347, -62.64736842105367]
SPS=270
Eval at step 3480000, survival=7.912%, return=[-1.9276325962506236, 399.13329798364646, -5.557825850918562, -38.97368421052678]
SPS=271
Eval at step 3520000, survival=7.891%, return=[-1.9066859348735306, 400.26363416051856, -6.226274396614462, -42.87368421052685]
SPS=273
Eval at step 3560000, survival=18.870%, return=[-3.222462110046763, 939.1907231526366, -34.768864188710175, -128.25614035087366]
SPS=273
Eval at step 3600000, survival=19.432%, return=[-3.283824363473104, 963.7920421571722, -82.04092697009328, -145.889473684213]
SPS=273
Eval at step 3640000, survival=20.125%, return=[-3.6858720652235206, 982.1868487811083, -5.331665786774647, -141.0947368421022]
SPS=273
Eval at step 3680000, survival=17.019%, return=[-3.1728460731508674, 851.9230370688443, -5.050627659180828, -138.21754385965085]
SPS=274
Eval at step 3720000, survival=33.269%, return=[-5.283070526079973, 1662.9408231792452, -9.61896293535683, -282.4105263157934]
SPS=273
Eval at step 3760000, survival=25.662%, return=[-4.2588097292056775, 1286.2815703110691, -5.646676874617969, -217.87894736842378]
SPS=273
Eval at step 3800000, survival=47.954%, return=[-6.983301105891587, 2406.0014525265683, -4.992300003016135, -403.20175438594805]
SPS=272
Eval at step 3840000, survival=31.352%, return=[-5.019209582469193, 1565.1183054547305, -5.665268379272311, -270.33859649123116]
SPS=272
Eval at step 3880000, survival=34.472%, return=[-5.441780291264877, 1722.1095748634332, -19.448998998453042, -300.8070175438631]
SPS=272
Eval at step 3920000, survival=31.936%, return=[-5.0963680155167825, 1595.530736185075, -6.754726199218931, -285.03684210526177]
SPS=271
Eval at step 3960000, survival=32.959%, return=[-5.2425811093708035, 1643.3203298997873, -5.341202049686035, -280.8421052631591]
SPS=271
Eval at step 4000000, survival=45.579%, return=[-6.779926136875292, 2228.2346086502125, -51.253967119417936, -389.55263157891505]
SPS=270
Eval at step 4040000, survival=50.077%, return=[-7.0833910611399915, 2423.4664163599055, -283.18737922110705, -454.9842105262886]
SPS=269
Eval at step 4080000, survival=55.794%, return=[-7.95935477388557, 2745.231874227526, -126.84497144540869, -487.50526315786357]
SPS=268
Eval at step 4120000, survival=40.202%, return=[-6.102261193067534, 1984.664657056804, -33.0496855855039, -342.5508771929657]
SPS=267
Eval at step 4160000, survival=38.593%, return=[-5.913103701319779, 1902.4951704788205, -22.529118563241354, -326.9631578947115]
SPS=267
Eval at step 4200000, survival=63.568%, return=[-8.72585525364848, 3138.716854440688, -67.33133779750351, -549.2491228069623]
SPS=265
Eval at step 4240000, survival=39.390%, return=[-5.854954601218924, 1975.315992240906, -4.9893392243946435, -332.82807017542393]
SPS=265
Eval at step 4280000, survival=56.784%, return=[-8.071031174767995, 2795.951153198243, -81.43049637572153, -495.5070175438268]
SPS=264
Eval at step 4320000, survival=65.626%, return=[-9.070155969192275, 3213.1508702421156, -91.71055869456859, -567.277192982399]
SPS=263
Eval at step 4360000, survival=83.547%, return=[-11.237181937415153, 4105.2847285413745, -102.05096343939286, -721.5070175437857]
SPS=261
Eval at step 4400000, survival=41.745%, return=[-6.26037751120748, 2039.810211667062, -112.46917220233294, -366.39298245611354]
SPS=261
Eval at step 4440000, survival=41.854%, return=[-6.3488091271719895, 2067.0950012302405, -33.38420511333243, -374.85087719297604]
SPS=261
Eval at step 4480000, survival=58.368%, return=[-8.53744484060444, 2866.2335660934446, -42.48934150847417, -504.8017543859319]
SPS=260
Eval at step 4520000, survival=43.466%, return=[-6.287064616550924, 2124.0052149973035, -302.4056692419108, -444.59824561400353]
SPS=260
Eval at step 4560000, survival=68.064%, return=[-9.42201181583223, 3354.540927001964, -191.63794282766685, -647.8017543859039]
SPS=258
Eval at step 4600000, survival=48.932%, return=[-7.031565178703749, 2425.449824494357, -12.92935315396171, -451.04035087717193]
SPS=258
Eval at step 4640000, survival=47.264%, return=[-6.869674846087582, 2338.290991206169, -5.161519000133831, -443.257894736835]
SPS=258
Eval at step 4680000, survival=42.214%, return=[-6.383820074726827, 2076.1151025056824, -4.960220425992157, -398.1719298245363]
SPS=257
Eval at step 4720000, survival=43.180%, return=[-6.349663869495271, 2115.1158150339093, -5.131577680845112, -443.30175438595745]
SPS=257
Eval at step 4760000, survival=51.997%, return=[-7.378579081519274, 2538.4127698016155, -5.671649976582193, -537.4719298245391]
SPS=257
Eval at step 4800000, survival=56.353%, return=[-7.780656185926636, 2760.300685787679, -3.426043923331599, -690.5052631578139]
SPS=256
Eval at step 4840000, survival=48.264%, return=[-7.119682101119542, 2368.442990179063, -4.511920916149393, -500.28771929823034]
SPS=255
Eval at step 4880000, survival=38.889%, return=[-5.89817388447118, 1909.4726071414948, -4.6750325333705405, -422.4614035087576]
SPS=255
Eval at step 4920000, survival=47.021%, return=[-6.659213868482039, 2330.0642211389527, -4.024998418526957, -541.3999999999666]
SPS=255
Eval at step 4960000, survival=60.342%, return=[-8.553897589741974, 2957.8947909927347, -4.03932514824046, -657.8192982455973]
SPS=254
Eval at step 5000000, survival=54.754%, return=[-7.957450296106981, 2677.9428345417955, -4.580650790967047, -605.9403508771672]
SPS=254
Eval at step 5040000, survival=53.065%, return=[-7.625266510958317, 2611.8805667448055, -4.564149352467211, -648.3385964912047]
SPS=253
Eval at step 5080000, survival=70.097%, return=[-9.622122821339872, 3442.286210012432, -3.7410254613079816, -871.9035087718776]
SPS=252
Eval at step 5120000, survival=56.427%, return=[-7.966021357808495, 2766.7439492259064, -4.445683803085558, -678.7298245613748]
SPS=251
Eval at step 5160000, survival=48.362%, return=[-6.960526388970902, 2368.2135793576267, -4.182911551766665, -558.7666666666546]
SPS=251
Eval at step 5200000, survival=51.766%, return=[-7.4957008508266885, 2522.8372839975336, -4.595351294102147, -599.4333333333087]
SPS=250
Eval at step 5240000, survival=37.297%, return=[-5.73976978828432, 1824.0024736404425, -5.044427594468289, -437.52456140349494]
SPS=250
Eval at step 5280000, survival=56.644%, return=[-8.053364430041984, 2771.0601124191244, -3.5217865302263816, -686.3122807017278]
SPS=250
Eval at step 5320000, survival=62.382%, return=[-8.781932859087828, 3045.794353928566, -3.512625196229783, -748.5614035087518]
SPS=249
Eval at step 5360000, survival=51.663%, return=[-7.254031761275837, 2533.63727629185, -3.507792629503092, -663.4842105262798]
SPS=249
Eval at step 5400000, survival=65.160%, return=[-9.156933970563113, 3182.1241656494158, -4.032036265127317, -761.1614035087434]
SPS=248
Eval at step 5440000, survival=76.066%, return=[-9.963398012443212, 3726.5560276603674, -2.5565833235072204, -941.5035087718921]
SPS=247
Eval at step 5480000, survival=61.239%, return=[-8.151961710012984, 2992.312312364577, -2.5104912447764947, -745.8070175438004]
SPS=246
Eval at step 5520000, survival=72.449%, return=[-9.402578745683423, 3556.453623933795, -2.55978211692418, -850.3438596491114]
SPS=245
Eval at step 5560000, survival=56.329%, return=[-7.549773194210138, 2764.2192304086693, -3.0241409237874906, -669.9087719297966]
SPS=245
Eval at step 5600000, survival=60.175%, return=[-8.047948125947732, 2948.095055603978, -3.078952542348998, -734.1403508771715]
SPS=244
Eval at step 5640000, survival=49.596%, return=[-7.007434323639609, 2446.709588408471, -4.221121960491291, -672.649122806946]
SPS=244
Eval at step 5680000, survival=63.597%, return=[-8.965802960452857, 3115.3017517519015, -3.512797303438492, -807.0228070174873]
SPS=243
Eval at step 5720000, survival=46.199%, return=[-6.942985321808374, 2283.318684768678, -4.016515693348628, -546.8157894736585]
SPS=243
Eval at step 5760000, survival=64.229%, return=[-8.882373598217963, 3145.2006263923645, -3.0125620120117675, -799.7017543859172]
SPS=243
Eval at step 5800000, survival=68.211%, return=[-8.904391908989055, 3362.8848774766943, -2.5346344278310426, -861.83508771923]
SPS=242
Eval at step 5840000, survival=55.135%, return=[-7.778192942985333, 2709.2867439222355, -4.021960345126354, -708.8228070174846]
SPS=242
Eval at step 5880000, survival=51.085%, return=[-7.770630969287595, 2508.9107121944407, -5.012951221216826, -679.5228070174978]
SPS=241
Eval at step 5920000, survival=67.312%, return=[-9.22553240879788, 3309.7050193834307, -3.023590466661699, -850.1368421052279]
SPS=241
Eval at step 5960000, survival=33.921%, return=[-5.372400295041734, 1681.4252316808713, -5.033905339350167, -470.9368421052569]
SPS=241
Eval at step 6000000, survival=47.205%, return=[-6.941258076531812, 2339.580877494809, -5.110973997325345, -642.8859649122533]
SPS=241
Eval at step 6040000, survival=36.463%, return=[-5.528066275222227, 1811.8259824609765, -5.026787565204723, -477.2999999999852]
SPS=241
Eval at step 6080000, survival=37.061%, return=[-5.72176707618637, 1840.0074474668534, -5.023545459516936, -520.1771929824292]
SPS=241
Eval at step 6120000, survival=31.776%, return=[-5.22340345303528, 1567.7520378351194, -5.013626665202901, -458.2298245613978]
SPS=241
Eval at step 6160000, survival=42.088%, return=[-6.197656595340232, 2072.561066613198, -4.020145533702452, -571.4859649122343]
SPS=241
Eval at step 6200000, survival=45.763%, return=[-6.909196117706597, 2247.681124229432, -4.712882766703842, -609.635087719263]
SPS=241
Eval at step 6240000, survival=38.189%, return=[-6.120028060488403, 1866.6386394023891, -4.872997747745285, -525.296491228028]
SPS=241
Eval at step 6280000, survival=40.392%, return=[-6.1439234460238366, 1981.462667760848, -4.157151770401105, -544.4245614034647]
SPS=241
Eval at step 6320000, survival=50.171%, return=[-7.144942917290609, 2456.5945842075353, -4.304911168265244, -665.9526315788834]
SPS=241
Eval at step 6360000, survival=63.090%, return=[-8.830141193594319, 3108.389977974887, -3.1071477049621534, -844.8017543859057]
SPS=240
Eval at step 6400000, survival=47.564%, return=[-7.1471320055716205, 2340.764879016876, -4.530973181742593, -625.4017543859281]
SPS=240
Eval at step 6440000, survival=44.994%, return=[-6.546274942468154, 2219.953377556327, -4.188267004227964, -624.69649122801]
SPS=240
Eval at step 6480000, survival=46.636%, return=[-7.102535522263497, 2288.6857151651434, -5.037833672963643, -614.584210526273]
SPS=240
Eval at step 6520000, survival=65.991%, return=[-9.096471630653832, 3231.028268952373, -3.055820958516415, -828.4578947368007]
SPS=239
Eval at step 6560000, survival=33.632%, return=[-5.391177415003767, 1639.4828760480862, -4.527084335645486, -411.32982456140155]
SPS=239
Eval at step 6600000, survival=48.700%, return=[-7.154400425206404, 2379.383624835967, -3.975336739861814, -615.5315789473451]
SPS=239
Eval at step 6640000, survival=53.053%, return=[-7.472094166255556, 2595.5196940040596, -4.387234004625498, -696.1771929824179]
SPS=238
Eval at step 6680000, survival=47.560%, return=[-7.267268981854431, 2292.599592518806, -4.596185238286853, -608.6298245613744]
SPS=237
Eval at step 6720000, survival=72.716%, return=[-9.883757999591761, 3506.06910030842, -3.0327688800345642, -965.7070175437824]
SPS=237
Eval at step 6760000, survival=63.067%, return=[-8.572676336299628, 3034.744779524803, -3.6254418733605007, -820.8087719297724]
SPS=236
Eval at step 6800000, survival=70.078%, return=[-9.537384791689693, 3362.526425862304, -3.6641629159694276, -903.8368421051977]
SPS=235
Eval at step 6840000, survival=77.866%, return=[-10.778179909626488, 3743.8073421144463, -5.440666353109646, -981.8701754385423]
SPS=234
Eval at step 6880000, survival=86.491%, return=[-11.545136619423284, 4167.285459933282, -3.9249603932453283, -1067.4666666666053]
SPS=234
Eval at step 6920000, survival=89.756%, return=[-11.898443431628403, 4338.285287570949, -4.5335440115673915, -1150.607017543772]
SPS=233
Eval at step 6960000, survival=73.573%, return=[-10.041036789753708, 3533.988287382124, -3.988344849999885, -928.761403508702]
SPS=232
Eval at step 7000000, survival=81.096%, return=[-10.874608423985773, 3891.703663225172, -2.795678022643551, -1054.7894736841233]
SPS=231
Eval at step 7040000, survival=66.494%, return=[-9.34200975705753, 3186.694602127074, -2.9192235926748253, -843.6350877192542]
SPS=231
Eval at step 7080000, survival=71.305%, return=[-9.98795563855092, 3414.35885051727, -2.9662725166210295, -888.5982456139785]
SPS=230
Eval at step 7120000, survival=59.934%, return=[-8.249522141227498, 2923.0494983530043, -3.268161938600497, -742.7157894736343]
SPS=230
Eval at step 7160000, survival=59.720%, return=[-8.404800191248068, 2899.4234731435786, -2.6168165773660803, -738.592982456092]
SPS=230
Eval at step 7200000, survival=68.860%, return=[-9.554764902160969, 3345.9754948472983, -3.3170517790451415, -848.86491228064]
SPS=229
Eval at step 7240000, survival=53.008%, return=[-7.746301871188916, 2590.3678359651544, -4.293819557951065, -658.0789473683824]
SPS=229
Eval at step 7280000, survival=65.722%, return=[-9.548115764936664, 3224.0983555364596, -3.707789591867595, -842.3140350876499]
SPS=229
Eval at step 7320000, survival=57.367%, return=[-8.81576048209099, 2817.5412233457587, -5.905511655503142, -779.0438596490823]
SPS=228
Eval at step 7360000, survival=73.077%, return=[-10.932056072057458, 3537.9576662979152, -7.851109518037083, -1048.5333333332565]
SPS=228
Eval at step 7400000, survival=79.967%, return=[-11.50445698335534, 3843.6965057029747, -10.577275862805902, -1138.4140350876153]
SPS=227
Eval at step 7440000, survival=28.504%, return=[-4.822551388735883, 1364.026835350991, -9.215060411993909, -397.5912280701581]
SPS=227
Eval at step 7480000, survival=70.713%, return=[-10.165293579321588, 3389.5162873363515, -19.35131344072397, -988.4140350876438]
SPS=226
Eval at step 7520000, survival=89.914%, return=[-13.158237768599065, 4284.961469093325, -31.377920123484728, -1225.5333333332349]
SPS=225
Eval at step 7560000, survival=53.141%, return=[-8.171989986806874, 2542.127196579934, -26.565054557031818, -724.389473684147]
SPS=225
Eval at step 7600000, survival=60.503%, return=[-9.125545520620653, 2893.003872105598, -17.651989773529202, -808.0210526315288]
SPS=224
Eval at step 7640000, survival=34.494%, return=[-5.697321126656607, 1631.7665460000032, -7.608301497686044, -447.38421052630594]
SPS=224
Eval at step 7680000, survival=69.874%, return=[-10.27308368300437, 3392.168367355349, -13.883177678535594, -975.5824561402821]
SPS=224
Eval at step 7720000, survival=62.357%, return=[-9.365987042046617, 2972.6014440107397, -10.994233827017819, -860.4210526315101]
SPS=223
Eval at step 7760000, survival=51.538%, return=[-7.831982460641302, 2462.9770671176902, -6.069265380057914, -673.4719298245313]
SPS=223
Eval at step 7800000, survival=48.166%, return=[-7.1361313423025425, 2334.0776610803578, -7.371913865310489, -662.9894736841691]
SPS=223
Eval at step 7840000, survival=58.500%, return=[-8.560193925042404, 2820.5010160970696, -4.884933502617787, -819.678947368369]
SPS=223
Eval at step 7880000, survival=63.201%, return=[-9.079014273971552, 3039.615728921891, -6.721917845358666, -844.4561403508269]
SPS=222
Eval at step 7920000, survival=46.678%, return=[-7.032443713652901, 2240.4320710444454, -5.8248623326800955, -607.4017543859293]
SPS=222
Eval at step 7960000, survival=84.936%, return=[-11.669204893725691, 4034.3107003211976, -2.6865583870881893, -1067.7877192981673]
SPS=222
Eval at step 8000000, survival=71.425%, return=[-10.273001113382634, 3454.7474000167867, -4.315874425925836, -906.0140350876733]
SPS=221
Eval at step 8040000, survival=68.394%, return=[-10.016210399370175, 3306.224997439388, -5.537106643121069, -877.080701754336]
SPS=221
Eval at step 8080000, survival=79.017%, return=[-10.971115343697601, 3800.989246015546, -3.6161978224983615, -1001.1543859648331]
SPS=221
Eval at step 8120000, survival=98.144%, return=[-13.685321718285559, 4726.419584331509, -1.7576848858539962, -1242.0578947367392]
SPS=220
Eval at step 8160000, survival=100.000%, return=[-13.394494947278872, 4809.368349394795, -0.7172723933417728, -1284.8596491226847]
SPS=219
Eval at step 8200000, survival=96.364%, return=[-13.022993113851408, 4655.152948856355, -1.3086400106390101, -1232.7228070174317]
SPS=218
Eval at step 8240000, survival=84.428%, return=[-11.855612649803515, 4057.192826420783, -4.364847347799878, -1129.5333333332362]
SPS=218
Eval at step 8280000, survival=100.000%, return=[-13.565359198773512, 4843.6623386249585, -1.9050939857143476, -1330.0719298244362]
SPS=217
Eval at step 8320000, survival=98.647%, return=[-13.74729379969649, 4721.08370056629, -2.403932509490505, -1287.042105263038]
SPS=216
Eval at step 8360000, survival=94.055%, return=[-13.250332053471357, 4490.562449650769, -2.8482641559601687, -1206.1438596490266]
SPS=216
Eval at step 8400000, survival=95.157%, return=[-13.19476429776987, 4528.736040167811, -2.445765186392964, -1212.1087719297204]
SPS=215
Eval at step 8440000, survival=71.328%, return=[-10.100693708250764, 3448.745283938408, -4.099953786173865, -941.7999999999267]
SPS=215
Eval at step 8480000, survival=94.862%, return=[-13.182214828609721, 4517.84417994022, -2.210361204340006, -1195.8894736841153]
SPS=214
Eval at step 8520000, survival=98.854%, return=[-13.588456375262467, 4728.504274396895, -1.7722598695570113, -1326.0526315788209]
SPS=214
Eval at step 8560000, survival=95.451%, return=[-13.134819141484332, 4563.150369834899, -2.5351998696460214, -1265.0280701753288]
SPS=213
Eval at step 8600000, survival=93.672%, return=[-12.840921361057553, 4512.182867064484, -1.8740784916166375, -1198.303508771825]
SPS=212
Eval at step 8640000, survival=86.509%, return=[-11.895029703906038, 4157.78766345024, -1.8749109290543857, -1112.796491227992]
SPS=212
Eval at step 8680000, survival=62.259%, return=[-9.028665262280265, 3018.338355665205, -4.186695662313286, -771.356140350835]
SPS=212
Eval at step 8720000, survival=86.752%, return=[-12.061268482991727, 4208.005589251514, -2.817902545617835, -1073.056140350815]
SPS=211
Eval at step 8760000, survival=69.025%, return=[-10.126143982913344, 3358.665585246084, -4.231337888515554, -878.7701754385419]
SPS=211
Eval at step 8800000, survival=78.762%, return=[-11.354616588214412, 3819.1745343446755, -3.3845475592483125, -974.9385964911613]
SPS=211
Eval at step 8840000, survival=75.355%, return=[-10.997267712652683, 3685.0271836805323, -4.717568167223999, -974.9017543859118]
SPS=210
Eval at step 8880000, survival=69.435%, return=[-9.850019039516337, 3386.430372824667, -3.759245413375902, -867.3631578946763]
SPS=210
Eval at step 8920000, survival=67.892%, return=[-10.04900431453716, 3298.248091177945, -5.060257210316559, -834.0245614034641]
SPS=210
Eval at step 8960000, survival=67.372%, return=[-10.043811301811365, 3260.8300390243567, -4.296900627454761, -840.126315789426]
SPS=210
Eval at step 9000000, survival=66.011%, return=[-9.595527924445923, 3180.654299028874, -4.146280555494013, -839.263157894697]
SPS=210
Eval at step 9040000, survival=89.227%, return=[-13.018158831517212, 4331.168463139535, -5.725634573103162, -1195.989473684131]
SPS=209
Eval at step 9080000, survival=77.209%, return=[-11.121723220916465, 3809.833514227868, -4.285674235412808, -1078.5298245613174]
SPS=209
Eval at step 9120000, survival=76.316%, return=[-10.912158985616406, 3766.090235242842, -4.202891134340097, -1019.7175438595725]
SPS=209
Eval at step 9160000, survival=76.300%, return=[-10.827461464732187, 3748.155927824978, -3.332298398587227, -999.652631578866]
SPS=208
Eval at step 9200000, survival=53.883%, return=[-7.826496241346467, 2645.0533762693426, -4.237826483471872, -726.421052631533]
SPS=208
Eval at step 9240000, survival=63.961%, return=[-9.302699042588937, 3113.6708530664473, -3.8248989196883145, -853.8736842104603]
SPS=208
Eval at step 9280000, survival=85.257%, return=[-12.028446104755858, 4162.274671335219, -5.174888292150536, -1138.575438596415]
SPS=208
Eval at step 9320000, survival=76.720%, return=[-11.248423883563373, 3666.6682931613823, -6.361222765016828, -964.1631578946741]
SPS=207
Eval at step 9360000, survival=75.671%, return=[-10.662715509627015, 3657.7484716892222, -4.309540901479432, -969.6122807016961]
SPS=207
Eval at step 9400000, survival=70.217%, return=[-9.81784152246546, 3402.371998376847, -5.013535742242584, -874.7421052631064]
SPS=207
Eval at step 9440000, survival=96.119%, return=[-13.137368439562852, 4636.335061264039, -3.547620042320523, -1187.1877192981688]
SPS=206
Eval at step 9480000, survival=79.826%, return=[-11.315721180773107, 3850.5150959515586, -4.801470916155085, -997.5771929824108]
SPS=206
Eval at step 9520000, survival=54.777%, return=[-8.18455881018308, 2622.4212625837313, -4.061304568085506, -689.4807017543569]
SPS=206
Eval at step 9560000, survival=84.286%, return=[-11.914081191807053, 4062.6948513507828, -4.887676248022762, -1057.212280701677]
SPS=206
Eval at step 9600000, survival=86.523%, return=[-12.386082709935726, 4146.560312771798, -5.250311192678782, -1046.484210526255]
SPS=205
Eval at step 9640000, survival=80.871%, return=[-11.525035618484253, 3884.16294425488, -4.16635596995693, -984.2789473683719]
SPS=205
Eval at step 9680000, survival=80.441%, return=[-11.346170977439034, 3879.1511989660285, -4.368134299445228, -979.6035087718825]
SPS=205
Eval at step 9720000, survival=90.410%, return=[-12.858387846359983, 4328.206774985786, -3.7442633737537108, -1145.7298245613176]
SPS=204
Eval at step 9760000, survival=64.748%, return=[-9.772167121601523, 3097.0468602418887, -5.02482990398803, -860.7771929824066]
SPS=204
Eval at step 9800000, survival=78.070%, return=[-11.682308111153542, 3722.9871983289727, -7.06514693998688, -955.6754385964463]
SPS=204
Eval at step 9840000, survival=59.854%, return=[-8.994943464541574, 2859.3320419597626, -5.54310975174958, -739.2807017543441]
SPS=204
Eval at step 9880000, survival=67.767%, return=[-10.111727602605242, 3192.69503183842, -4.078753885939659, -801.6122807017243]
SPS=204
