Job 54653974 started on jst055 at dim 24 mai 2026 04:42:37 CEST
Training configuration:
  conda env       : marl2grid
  algorithm       : MAPPO
  env             : bus14
  seed            : 0
  total timesteps : 25000000
  n envs          : 20
  torch threads   : 20
  wandb mode      : online
Running: python -u main.py --alg MAPPO --env-id bus14 --action-type topology --seed 0 --total-timesteps 25000000 --n-envs 20 --n-threads 20 --cuda False --checkpoint True --wandb-project Grid2Op --wandb-entity corentin-plumet-epfl --wandb-mode online --time-limit 1300  --total-timesteps 15000000 --eval-freq 40000 --actor-layers 256 256 256 --critic-layers 256 256 256 --actor-lr 0.0001 --critic-lr 0.0001 --gamma 0.9 --gae-lambda 0.95 --update-epochs 10 --max-grad-norm 1.0 --clip-coef 0.2 --vf-coef 0.5 --norm-reward True --n-steps 2000 --n-minibatches 16 --entropy-coef 0.01 --target-kl 0.04 --init-do-nothing-prob 0.5 --exp-tag a5_kl_004
Eval at step 40000, survival=16.592%, return=[-2.8072594852244945, 779.397775568962, -5.010612368712463, -1.0]
SPS=117
Eval at step 80000, survival=26.982%, return=[-4.486917302856455, 1230.4876172513934, -579.0813626237064, -139.49122807017673]
SPS=128
Eval at step 120000, survival=10.837%, return=[-2.161027692706557, 518.7300531229972, -6.623035780660939, -20.25087719298259]
SPS=139
Eval at step 160000, survival=14.547%, return=[-2.6043658813054207, 690.0801326704025, -5.39033976323135, -8.589473684210578]
SPS=145
Eval at step 200000, survival=19.149%, return=[-3.144247958646156, 891.332781329154, -5.009660415526014, -1.0]
SPS=148
Eval at step 240000, survival=16.783%, return=[-2.8145446347480174, 804.4487399334906, -6.119556250929236, -11.268421052631655]
SPS=149
Eval at step 280000, survival=8.127%, return=[-1.8643904104770628, 390.6893599176407, -5.171938017985667, -6.3912280701754325]
SPS=153
Eval at step 320000, survival=8.028%, return=[-1.826634893065784, 386.32443877172466, -5.615809006154632, -4.801754385964905]
SPS=157
Eval at step 360000, survival=10.423%, return=[-2.0947897538891995, 502.08254968738584, -5.651674401881064, -6.987719298245642]
SPS=160
Eval at step 400000, survival=13.516%, return=[-2.508248039562022, 641.3391980834011, -5.611240201027977, -9.25087719298248]
SPS=162
Eval at step 440000, survival=11.466%, return=[-2.2461617019027473, 549.7697447347643, -5.583387248903546, -9.496491228070166]
SPS=165
Eval at step 480000, survival=12.109%, return=[-2.324970449571265, 580.5145202269553, -5.819873427474159, -9.691228070175466]
SPS=169
Eval at step 520000, survival=8.833%, return=[-1.929244943067897, 425.9518913555145, -5.1218233761246665, -6.626315789473686]
SPS=173
Eval at step 560000, survival=11.033%, return=[-2.1850352485780604, 528.5538063702581, -5.993091980663303, -7.440350877192988]
SPS=176
Eval at step 600000, survival=12.515%, return=[-2.367611418274464, 599.2561711144451, -5.772627415764146, -9.756140350877264]
SPS=179
Eval at step 640000, survival=7.576%, return=[-1.7754613271157722, 370.8005233683587, -5.572688763052429, -7.021052631578931]
SPS=183
Eval at step 680000, survival=10.967%, return=[-2.2068208451091778, 518.9856240701678, -5.0190897676802475, -6.377192982456171]
SPS=187
Eval at step 720000, survival=24.035%, return=[-3.695927788730478, 1118.6796215105048, -5.016973558676545, -1.0017543859649123]
SPS=185
Eval at step 760000, survival=21.674%, return=[-3.4022996546234934, 1012.4898759841914, -5.010797440890019, -1.0]
SPS=187
Eval at step 800000, survival=20.733%, return=[-3.3160816281451844, 965.7663315010079, -5.008184823290139, -1.0]
SPS=189
Eval at step 840000, survival=24.759%, return=[-3.7433819537167436, 1154.967573790549, -5.009514799545286, -1.0]
SPS=190
Eval at step 880000, survival=20.052%, return=[-3.293588642159011, 926.2283997869492, -5.009685325927785, -1.0]
SPS=193
Eval at step 920000, survival=15.966%, return=[-2.7632390867569483, 746.4157802581783, -5.012533747297129, -1.0]
SPS=195
Eval at step 960000, survival=19.293%, return=[-3.136134308821056, 902.0480768299107, -5.01057514102431, -1.0]
SPS=198
Eval at step 1000000, survival=14.411%, return=[-2.62052572799148, 668.8520802736288, -5.006982141350454, -1.0]
SPS=201
Eval at step 1040000, survival=18.545%, return=[-3.086996114446083, 862.1703486537929, -5.01224305544456, -1.0]
SPS=203
Eval at step 1080000, survival=22.886%, return=[-3.5827234789554496, 1063.0490665960303, -5.007871863499895, -1.0]
SPS=205
Eval at step 1120000, survival=14.463%, return=[-2.5908244607038795, 675.9458500051503, -5.015808713025763, -1.0]
SPS=208
Eval at step 1160000, survival=17.532%, return=[-2.9696743717591745, 813.6068418455131, -5.008108640112914, -1.0]
SPS=211
Eval at step 1200000, survival=22.396%, return=[-3.516629612952238, 1042.9477629311073, -5.25418033709866, -1.0105263157894737]
SPS=213
Eval at step 1240000, survival=15.138%, return=[-2.7180669976107312, 699.4712737131129, -5.011408528938773, -1.0]
SPS=216
Eval at step 1280000, survival=22.354%, return=[-3.446586872992339, 1048.714809322358, -5.011556806361478, -1.0]
SPS=218
Eval at step 1320000, survival=33.251%, return=[-4.781039272458292, 1542.5252210521703, -5.0139577475332775, -1.0017543859649123]
SPS=219
Eval at step 1360000, survival=21.126%, return=[-3.395817360491492, 979.7346804769044, -5.2486043503507975, -1.0105263157894737]
SPS=221
Eval at step 1400000, survival=19.989%, return=[-3.2138112967775667, 933.3424341487878, -5.02055766544363, -1.0035087719298246]
SPS=223
Eval at step 1440000, survival=22.276%, return=[-3.4459751610353124, 1042.6990342588426, -5.318317114135368, -1.0228070175438595]
SPS=225
Eval at step 1480000, survival=16.558%, return=[-2.802895235264441, 777.2812819931507, -5.147193933549715, -1.0087719298245612]
SPS=227
Eval at step 1520000, survival=26.693%, return=[-4.032215760461986, 1238.858438506127, -5.0157854988676265, -1.0157894736842106]
SPS=229
Eval at step 1560000, survival=16.545%, return=[-2.870866733259754, 766.6103347539896, -5.00832487741427, -1.0]
SPS=231
Eval at step 1600000, survival=18.667%, return=[-3.0499706722679547, 872.6434241294861, -5.026833341206657, -1.0070175438596491]
SPS=233
Eval at step 1640000, survival=33.461%, return=[-4.727203596144681, 1549.3641073608392, -4.508275343533024, -0.9]
SPS=234
Eval at step 1680000, survival=30.131%, return=[-4.339098950015614, 1406.5262976217284, -5.018598845897941, -1.0035087719298246]
SPS=234
Eval at step 1720000, survival=14.000%, return=[-2.5940085706533864, 647.2454217643738, -5.270450962317409, -1.0175438596491229]
SPS=237
Eval at step 1760000, survival=26.313%, return=[-3.972061590111116, 1233.1278947496398, -5.048958813486388, -22.891228070176005]
SPS=238
Eval at step 1800000, survival=19.896%, return=[-3.226681561686564, 932.8553470516202, -5.068855693211662, -13.926315789473946]
SPS=239
Eval at step 1840000, survival=30.753%, return=[-4.304151302506216, 1467.638123163699, -5.255943200866568, -41.35087719298349]
SPS=240
Eval at step 1880000, survival=16.214%, return=[-2.735018701496301, 765.343547577858, -5.057359777433158, -2.07894736842105]
SPS=242
Eval at step 1920000, survival=20.747%, return=[-3.2933706648938825, 971.3201916360852, -5.017460610283888, -1.0035087719298246]
SPS=243
Eval at step 1960000, survival=28.771%, return=[-4.276589268259704, 1345.6751834821698, -5.051807646841189, -28.271929824561983]
SPS=244
Eval at step 2000000, survival=29.494%, return=[-4.287063731998205, 1383.6392477819911, -5.184189824001805, -15.042105263158188]
SPS=244
Eval at step 2040000, survival=25.802%, return=[-3.8169558167050126, 1231.1664054946898, -5.264965425880655, -43.496491228071136]
SPS=245
Eval at step 2080000, survival=35.185%, return=[-4.939483975456096, 1678.59377780914, -5.091751553310314, -84.65087719298353]
SPS=245
Eval at step 2120000, survival=23.292%, return=[-3.571816795843188, 1109.6864966058733, -5.08119200875517, -46.36140350877282]
SPS=246
Eval at step 2160000, survival=37.600%, return=[-5.1144029134826265, 1777.4610924577719, -4.568631017382723, -54.98947368420384]
SPS=246
Eval at step 2200000, survival=30.404%, return=[-4.398485272901598, 1443.116889276505, -5.053139573871158, -45.56315789473326]
SPS=247
Eval at step 2240000, survival=16.628%, return=[-2.9911405771854334, 794.0601046066284, -5.454351718421094, -56.24912280701856]
SPS=248
Eval at step 2280000, survival=33.297%, return=[-5.036729903903324, 1611.5107174406046, -5.253928803154122, -158.79824561403314]
SPS=248
Eval at step 2320000, survival=16.426%, return=[-2.9515511373698247, 787.6897352495185, -5.568071974207305, -77.22807017543755]
SPS=250
Eval at step 2360000, survival=19.028%, return=[-3.2633699339465236, 902.5130126652714, -5.829535272798466, -70.26140350877218]
SPS=251
Eval at step 2400000, survival=17.660%, return=[-3.194981619378086, 844.2513054881096, -5.193281302591276, -57.89473684210621]
SPS=252
Eval at step 2440000, survival=21.372%, return=[-3.5975312340597156, 1031.2607655510906, -5.211920684630604, -89.73684210526302]
SPS=252
Eval at step 2480000, survival=19.803%, return=[-3.51681501120911, 964.9887456750878, -5.044128522198298, -74.49122807017713]
SPS=253
Eval at step 2520000, survival=9.876%, return=[-2.202801163541153, 482.53122734546685, -5.0490147187141705, -17.77368421052647]
SPS=254
Eval at step 2560000, survival=10.981%, return=[-2.3829807677597272, 536.2014136142732, -5.202207867998368, -26.69649122807042]
SPS=255
Eval at step 2600000, survival=28.580%, return=[-4.593096615199466, 1386.9386825590132, -4.783750412116933, -63.83508771929952]
SPS=255
Eval at step 2640000, survival=19.979%, return=[-3.5600330384622794, 986.6794235143664, -5.156695673039939, -64.48070175438706]
SPS=256
Eval at step 2680000, survival=18.607%, return=[-3.327105869096704, 922.5349470424646, -5.061644744875958, -81.71403508771748]
SPS=257
Eval at step 2720000, survival=40.344%, return=[-6.532781741744839, 2004.378827404977, -4.589832248487937, -226.59999999998726]
SPS=257
Eval at step 2760000, survival=24.950%, return=[-4.524668288271641, 1212.8982675600041, -5.081258502318451, -136.21754385965008]
SPS=257
Eval at step 2800000, survival=20.660%, return=[-3.9254847741685808, 1002.3617610902795, -5.286623712960863, -168.0017543859687]
SPS=258
Eval at step 2840000, survival=22.529%, return=[-4.15779971263255, 1085.110316071509, -5.170270301288474, -192.63508771929693]
SPS=259
Eval at step 2880000, survival=9.374%, return=[-2.2288949245470575, 455.0929359431266, -5.173262748029447, -54.33508771929917]
SPS=260
Eval at step 2920000, survival=15.126%, return=[-3.0981214747065677, 724.0659571981436, -5.182170213355858, -114.00175438596698]
SPS=261
Eval at step 2960000, survival=19.630%, return=[-3.5746530169504696, 930.2642347621917, -5.183983512812119, -168.70175438596547]
SPS=261
Eval at step 3000000, survival=29.911%, return=[-4.865001038118498, 1447.6557546186446, -4.215839394378963, -362.850877192938]
SPS=261
Eval at step 3040000, survival=5.613%, return=[-1.6623861981905066, 270.870617348671, -5.409791652105923, -46.91929824561443]
SPS=263
Eval at step 3080000, survival=14.747%, return=[-2.9363273597322403, 712.5813299722665, -5.467387141078689, -139.47368421052715]
SPS=264
Eval at step 3120000, survival=9.117%, return=[-2.170277615985833, 444.1386573729512, -5.586210993352142, -87.06140350877138]
SPS=265
Eval at step 3160000, survival=36.017%, return=[-6.078523293015314, 1729.382643707276, -7.298892058433921, -335.46491228070585]
SPS=265
Eval at step 3200000, survival=20.122%, return=[-3.7234478248807137, 979.243868913651, -5.708983805163916, -195.67192982456393]
SPS=265
Eval at step 3240000, survival=32.250%, return=[-5.4267231063276995, 1544.739200072287, -5.630246303308377, -315.90175438596054]
SPS=265
Eval at step 3280000, survival=21.166%, return=[-3.880148573522456, 1033.7487486839293, -5.9285939291806695, -234.971929824561]
SPS=266
Eval at step 3320000, survival=24.387%, return=[-4.366303133702604, 1179.0473474931719, -5.936906992903528, -272.54385964911825]
SPS=267
Eval at step 3360000, survival=22.812%, return=[-4.041259815817466, 1096.5611421489725, -6.150168949124691, -246.9438596491237]
SPS=267
Eval at step 3400000, survival=15.565%, return=[-3.0992075884831136, 755.6414425444594, -6.270420541855856, -185.2245614035053]
SPS=268
Eval at step 3440000, survival=15.032%, return=[-3.093863202480134, 742.8853509521475, -5.784421333303908, -162.0280701754406]
SPS=269
Eval at step 3480000, survival=12.589%, return=[-2.726072346925503, 607.3092504048346, -7.451124211295064, -137.29298245613964]
SPS=270
Eval at step 3520000, survival=10.187%, return=[-2.4423883855575697, 498.03481530189526, -5.827444214646675, -112.2578947368437]
SPS=271
Eval at step 3560000, survival=12.210%, return=[-2.649596951896092, 595.2464021921157, -6.142744307829707, -155.27543859648148]
SPS=272
Eval at step 3600000, survival=16.818%, return=[-3.320438369538169, 831.3904917907712, -6.1020187152375005, -192.01052631579213]
SPS=273
Eval at step 3640000, survival=14.065%, return=[-2.9814866315166, 697.9951671266556, -6.107430607358947, -160.78596491228308]
SPS=273
Eval at step 3680000, survival=12.220%, return=[-2.6822953842231074, 608.0780121231079, -5.6131328783209025, -139.7157894736858]
SPS=274
Eval at step 3720000, survival=22.254%, return=[-3.921718710893765, 1097.6524389934534, -6.356087608380767, -247.2000000000009]
SPS=275
Eval at step 3760000, survival=35.179%, return=[-5.634541256685043, 1716.8821533870675, -4.857081815477431, -392.705263157905]
SPS=275
Eval at step 3800000, survival=22.948%, return=[-3.9210777004482225, 1122.970704817772, -5.829173224628903, -280.88596491227486]
SPS=275
Eval at step 3840000, survival=21.545%, return=[-3.9345795541245026, 1053.3816993761068, -5.76804893652843, -234.99473684210756]
SPS=276
Eval at step 3880000, survival=32.567%, return=[-5.346528152469546, 1574.3896674776045, -6.017129811222548, -378.2684210526272]
SPS=276
Eval at step 3920000, survival=29.359%, return=[-4.9421915499144236, 1417.9026630926135, -5.759245290849526, -322.82280701754064]
SPS=276
Eval at step 3960000, survival=21.524%, return=[-3.9121583257569, 1043.8097754669175, -5.927667579574336, -247.0982456140294]
SPS=276
Eval at step 4000000, survival=22.551%, return=[-4.003462435485562, 1059.4481820726382, -5.0993323636968855, -261.4157894736825]
SPS=276
Eval at step 4040000, survival=14.855%, return=[-2.9966205946926494, 729.5390296077728, -5.723330560904287, -168.09473684210673]
SPS=277
Eval at step 4080000, survival=25.623%, return=[-4.512876099324785, 1217.609109888076, -5.977807904486724, -295.9578947368394]
SPS=277
Eval at step 4120000, survival=16.124%, return=[-3.2113152374047784, 780.9448783588402, -6.047149676537811, -182.22631578947403]
SPS=278
Eval at step 4160000, survival=27.130%, return=[-4.70812919397722, 1305.2828444766992, -5.771460494804705, -314.5964912280699]
SPS=278
Eval at step 4200000, survival=21.840%, return=[-4.104853882273892, 1079.5791959095, -5.720468817099572, -247.94385964911757]
SPS=278
Eval at step 4240000, survival=29.386%, return=[-4.981722273380728, 1402.9896062874786, -6.449616314450031, -330.7631578947417]
SPS=278
Eval at step 4280000, survival=0.499%, return=[-1.0576782284071669, 23.672189295291894, -5.238248196360655, -6.650877192982409]
SPS=279
Eval at step 4320000, survival=0.171%, return=[-1.0182339497143402, 6.6506929063797005, -5.3716077866442, -2.845614035087716]
SPS=279
Eval at step 4360000, survival=0.505%, return=[-1.0589441563934088, 23.101904661655418, -5.292142198700458, -6.5210526315789155]
SPS=280
Eval at step 4400000, survival=1.385%, return=[-1.1639141401508823, 68.83614912223813, -5.312908716523088, -16.499999999999897]
SPS=281
Eval at step 4440000, survival=6.488%, return=[-1.8274856550560798, 319.8690257511137, -8.315477746705074, -85.80877192982352]
SPS=281
Eval at step 4480000, survival=7.232%, return=[-1.9701630662661045, 353.1026331934928, -26.89240725969603, -87.38771929824486]
SPS=282
Eval at step 4520000, survival=20.988%, return=[-3.73649371068459, 1008.6156848921785, -67.2375512908995, -218.2105263157901]
SPS=282
Eval at step 4560000, survival=8.914%, return=[-2.1797451550373808, 438.58017057084965, -7.633191568253096, -102.64385964912177]
SPS=283
Eval at step 4600000, survival=19.988%, return=[-3.552937768877018, 957.4345101356521, -56.06055175814909, -202.10877192981997]
SPS=284
Eval at step 4640000, survival=18.191%, return=[-3.4151995300431737, 888.0048171753872, -15.3980711226337, -209.93684210525834]
SPS=284
Eval at step 4680000, survival=13.988%, return=[-2.8753767400456125, 678.4750887179373, -6.345128324642428, -174.292982456137]
SPS=285
Eval at step 4720000, survival=7.106%, return=[-1.913183511182433, 347.67903293609623, -6.247556878256001, -85.54210526315724]
SPS=286
Eval at step 4760000, survival=14.315%, return=[-2.8707173073198646, 701.490760426998, -16.840706864862295, -170.6473684210528]
SPS=286
Eval at step 4800000, survival=13.914%, return=[-2.831424811173929, 680.4262302641869, -11.354859768927417, -165.5315789473662]
SPS=287
Eval at step 4840000, survival=16.054%, return=[-3.157695499499096, 782.9124435663225, -6.056120721633488, -200.83508771928715]
SPS=287
Eval at step 4880000, survival=12.557%, return=[-2.632779966428643, 602.7568803167339, -6.701929273541282, -144.3140350877191]
SPS=288
Eval at step 4920000, survival=18.034%, return=[-3.2901481611828785, 896.0877372503289, -7.042837110701112, -232.56842105262976]
SPS=288
Eval at step 4960000, survival=18.361%, return=[-3.460624710895354, 903.4901731405247, -6.861361105387095, -229.0666666666669]
SPS=289
Eval at step 5000000, survival=28.621%, return=[-4.861563069478143, 1409.7762810521135, -7.119413951454044, -362.035087719279]
SPS=289
Eval at step 5040000, survival=19.986%, return=[-3.661350208800286, 986.2828427095419, -7.194586969709169, -254.68771929824703]
SPS=289
Eval at step 5080000, survival=16.775%, return=[-3.1449466962658335, 833.736180969239, -6.541291519029255, -221.86315789474006]
SPS=290
Eval at step 5120000, survival=17.595%, return=[-3.1670036995958073, 874.7624175906191, -6.5597626827485325, -219.56491228070507]
SPS=290
Eval at step 5160000, survival=22.325%, return=[-3.9794192271539943, 1107.943926050187, -6.273195133020636, -279.47192982455874]
SPS=290
Eval at step 5200000, survival=23.751%, return=[-4.36497597862035, 1156.5734439563741, -6.490137269603383, -298.057894736842]
SPS=290
Eval at step 5240000, survival=23.154%, return=[-3.9850923621212133, 1135.7575084533696, -6.072431987819437, -271.8964912280679]
SPS=291
Eval at step 5280000, survival=15.384%, return=[-3.0486030905740336, 762.2812932338715, -6.675155577104306, -186.91403508772265]
SPS=291
Eval at step 5320000, survival=21.963%, return=[-3.8838178124919067, 1088.9603229379647, -5.837167566735298, -282.67192982456334]
SPS=291
Eval at step 5360000, survival=15.552%, return=[-3.0141335832711773, 776.0020518684381, -5.794757995564578, -191.987719298239]
SPS=292
Eval at step 5400000, survival=31.463%, return=[-5.215973851206945, 1549.1967212390891, -6.55017683795636, -398.67368421050685]
SPS=292
Eval at step 5440000, survival=28.920%, return=[-4.860593262669863, 1432.4905654525758, -6.542775069635536, -353.71754385965414]
SPS=292
Eval at step 5480000, survival=21.662%, return=[-3.8796940657601224, 1073.199529471398, -6.109492963246884, -263.2719298245647]
SPS=292
Eval at step 5520000, survival=23.612%, return=[-4.148854282242246, 1174.2501959285735, -6.1384650005478765, -286.49649122807034]
SPS=292
Eval at step 5560000, survival=19.795%, return=[-3.5289689052035103, 985.0194816780092, -5.729940538750088, -241.7736842105257]
SPS=292
Eval at step 5600000, survival=18.077%, return=[-3.468463743838947, 891.1920786333085, -5.918693756871653, -230.3614035087699]
SPS=293
Eval at step 5640000, survival=22.664%, return=[-3.8782174798310733, 1131.0809538030626, -6.010200386556244, -288.91929824561737]
SPS=293
Eval at step 5680000, survival=27.675%, return=[-4.777635105594527, 1358.2658090486527, -5.811407678828982, -337.75614035087534]
SPS=293
Eval at step 5720000, survival=29.387%, return=[-4.896356015349738, 1454.0973042345038, -5.544549820836982, -351.128070175441]
SPS=293
Eval at step 5760000, survival=25.898%, return=[-4.441545470623533, 1277.6098290300374, -5.250022676298977, -300.1105263157932]
SPS=293
Eval at step 5800000, survival=22.866%, return=[-4.0239400301303245, 1133.2220056200026, -5.425817260825715, -271.2824561403552]
SPS=293
Eval at step 5840000, survival=44.007%, return=[-6.991015747160418, 2153.139526643755, -4.960161413045716, -530.4070175438511]
SPS=293
Eval at step 5880000, survival=36.556%, return=[-5.820217643905198, 1778.5172036218646, -4.860835886769928, -458.32105263156654]
SPS=292
Eval at step 5920000, survival=22.789%, return=[-4.0060013665643055, 1125.3106616687778, -5.6859588749422985, -284.8421052631628]
SPS=292
Eval at step 5960000, survival=24.810%, return=[-4.427993352909107, 1216.6097962951671, -5.3857274843758205, -311.4315789473675]
SPS=293
Eval at step 6000000, survival=20.311%, return=[-3.6747071067686194, 1006.4916626119608, -5.238474137149751, -245.71052631579]
SPS=293
Eval at step 6040000, survival=36.815%, return=[-5.949779751821188, 1812.1914494276061, -5.258695454702684, -473.18070175438226]
SPS=293
Eval at step 6080000, survival=23.208%, return=[-4.194988649891457, 1141.0764743924135, -8.831603935040766, -282.04561403508234]
SPS=293
Eval at step 6120000, survival=33.000%, return=[-5.597715441713808, 1627.598878316879, -5.160808572482347, -409.9403508771869]
SPS=293
Eval at step 6160000, survival=18.712%, return=[-3.5705963447631803, 919.8339786767953, -5.138903169630794, -234.88771929824793]
SPS=293
Eval at step 6200000, survival=31.044%, return=[-5.306646837480367, 1508.5838309240346, -5.38591876146711, -401.12982456138775]
SPS=293
Eval at step 6240000, survival=26.554%, return=[-4.65933716337895, 1300.370029759408, -5.14661208808684, -342.0350877192945]
SPS=293
Eval at step 6280000, survival=24.185%, return=[-4.320427349745296, 1182.6723066949837, -5.150841995848168, -305.60526315788815]
SPS=293
Eval at step 6320000, survival=34.454%, return=[-5.71158704078407, 1681.746454277038, -5.155920485135357, -433.9368421052469]
SPS=293
Eval at step 6360000, survival=26.131%, return=[-4.5268477427249305, 1286.7154377651227, -5.106218331318087, -315.29649122806455]
SPS=293
Eval at step 6400000, survival=47.614%, return=[-7.599476967507508, 2339.205795083046, -5.1676838804978615, -591.7929824561157]
SPS=292
Eval at step 6440000, survival=25.955%, return=[-4.556651891121874, 1276.8974851608295, -5.087926198501373, -323.45614035086817]
SPS=292
Eval at step 6480000, survival=39.261%, return=[-6.546444339823211, 1927.8739409732814, -5.092458147657453, -490.2070175438379]
SPS=292
Eval at step 6520000, survival=32.268%, return=[-5.467511776502943, 1589.5463617038727, -5.144362827746773, -388.97543859648556]
SPS=292
Eval at step 6560000, survival=44.632%, return=[-7.320138024014886, 2179.723598737719, -5.225530137225178, -536.6157894736692]
SPS=291
Eval at step 6600000, survival=28.166%, return=[-4.9697926984867085, 1375.970428452491, -5.119635945142363, -342.7315789473559]
SPS=291
Eval at step 6640000, survival=18.378%, return=[-3.469814901868813, 909.1715664434438, -5.097843975711294, -217.40701754385955]
SPS=292
Eval at step 6680000, survival=21.126%, return=[-3.9396801071241496, 1040.5773345851892, -5.142263997211558, -245.87368421052543]
SPS=292
Eval at step 6720000, survival=32.717%, return=[-5.491307052108459, 1607.6867997217198, -5.096305531315011, -396.32280701753297]
SPS=292
Eval at step 6760000, survival=19.106%, return=[-3.56833575386554, 940.428336935044, -5.103823614062276, -238.53859649122546]
SPS=292
Eval at step 6800000, survival=33.155%, return=[-5.579553087771638, 1632.7444720458998, -5.108783528691856, -389.08947368420826]
SPS=292
Eval at step 6840000, survival=26.405%, return=[-4.543795554281678, 1307.0775880908961, -5.093375935265067, -313.16842105263265]
SPS=292
Eval at step 6880000, survival=31.957%, return=[-5.22053518454195, 1575.0688548898702, -4.600688400604054, -394.32807017542285]
SPS=292
Eval at step 6920000, survival=28.942%, return=[-4.891577124758624, 1425.4822670793542, -5.098531094386272, -375.96842105262016]
SPS=292
Eval at step 6960000, survival=28.724%, return=[-4.907643987255869, 1401.3067137527455, -5.121169714438315, -363.54912280700444]
SPS=292
Eval at step 7000000, survival=27.268%, return=[-4.692983887949959, 1333.3847488880158, -5.366595949752821, -358.35438596490206]
SPS=292
Eval at step 7040000, survival=26.021%, return=[-4.54208314253483, 1268.8488444566717, -5.234801484397576, -345.45087719296953]
SPS=292
Eval at step 7080000, survival=28.533%, return=[-5.000369852536823, 1374.7458963251102, -5.284693293076998, -375.2438596491099]
SPS=292
Eval at step 7120000, survival=47.204%, return=[-7.702825149311684, 2278.044702954292, -5.884327735585248, -612.7719298245236]
SPS=291
Eval at step 7160000, survival=41.842%, return=[-6.827284795604646, 2027.4307674503314, -5.42399431729973, -535.6964912280523]
SPS=291
Eval at step 7200000, survival=33.712%, return=[-5.741925641946727, 1650.334166831971, -5.296987189405263, -417.68596491227356]
SPS=290
Eval at step 7240000, survival=47.903%, return=[-7.696736748958938, 2352.179411721229, -4.7496405742978824, -597.4157894736613]
SPS=290
Eval at step 7280000, survival=41.957%, return=[-6.845391537755495, 2057.957693872452, -5.513278263844223, -536.6298245613809]
SPS=290
Eval at step 7320000, survival=46.314%, return=[-7.4001373300678095, 2286.80476649761, -5.315943171570689, -565.2385964912039]
SPS=289
Eval at step 7360000, survival=38.194%, return=[-6.373225898807869, 1887.1616281843187, -5.456316071066249, -472.473684210507]
SPS=289
Eval at step 7400000, survival=36.312%, return=[-6.118221721239388, 1792.4518730068194, -4.786626340717158, -421.0052631578894]
SPS=289
Eval at step 7440000, survival=32.130%, return=[-5.617880493326811, 1589.3880572175965, -5.154725608756417, -376.7526315789392]
SPS=288
Eval at step 7480000, survival=39.917%, return=[-6.6246363161830235, 1963.5330981826787, -5.359141847091086, -455.05964912280933]
SPS=288
Eval at step 7520000, survival=39.287%, return=[-6.608393849694403, 1924.2925545978549, -5.644666450622753, -454.68596491227726]
SPS=288
Eval at step 7560000, survival=34.528%, return=[-5.907975871884264, 1699.2874783706652, -5.440014417064231, -401.8052631578903]
SPS=288
Eval at step 7600000, survival=30.838%, return=[-5.25884479106171, 1518.6667161417022, -5.149779562725053, -350.642105263153]
SPS=288
Eval at step 7640000, survival=33.467%, return=[-5.848771975940326, 1630.888247594835, -5.237080701091372, -368.3877192982392]
SPS=288
Eval at step 7680000, survival=24.258%, return=[-4.433826154383132, 1186.297461023331, -5.336046815176087, -275.6947368421053]
SPS=288
Eval at step 7720000, survival=30.342%, return=[-5.2314555289340205, 1487.8799093723296, -5.204577504782355, -328.62105263157827]
SPS=288
Eval at step 7760000, survival=29.405%, return=[-4.965574900060892, 1449.6162212705603, -5.3030758466414225, -319.4947368421052]
SPS=288
Eval at step 7800000, survival=35.056%, return=[-5.785422636318254, 1717.9383240222949, -4.870130721478108, -391.86315789473804]
SPS=287
Eval at step 7840000, survival=34.005%, return=[-5.670741417031968, 1658.8173133134824, -5.456299414958266, -381.20526315789044]
SPS=287
Eval at step 7880000, survival=41.445%, return=[-6.803097792767221, 2042.8339264154438, -5.694276245990113, -476.8684210526273]
SPS=287
Eval at step 7920000, survival=43.596%, return=[-7.294226277683629, 2127.6924464273457, -5.534154196336749, -485.58947368419905]
SPS=286
Eval at step 7960000, survival=62.140%, return=[-9.910621774353785, 3072.828310670853, -5.335767525395932, -691.2824561403456]
SPS=286
Eval at step 8000000, survival=26.801%, return=[-4.765831079648342, 1332.6578204679495, -5.168549690220971, -301.1385964912256]
SPS=286
Eval at step 8040000, survival=47.862%, return=[-7.9382275262032636, 2346.319828915598, -4.746867682667198, -553.0210526315725]
SPS=285
Eval at step 8080000, survival=42.677%, return=[-7.02694501291262, 2108.8492060375206, -5.131197749617423, -502.3666666666569]
SPS=285
Eval at step 8120000, survival=56.145%, return=[-8.941223147331039, 2772.1305752706517, -6.282733144659142, -668.3719298245467]
SPS=284
Eval at step 8160000, survival=52.173%, return=[-8.294549094705143, 2566.6501591491715, -5.495988515609497, -609.9192982456045]
SPS=284
Eval at step 8200000, survival=57.701%, return=[-9.216402801900404, 2859.9166648912415, -6.064850956730242, -672.6263157894589]
SPS=283
Eval at step 8240000, survival=48.198%, return=[-8.030340819776757, 2371.2778282141676, -5.355434660921492, -596.7368421052457]
SPS=282
Eval at step 8280000, survival=39.931%, return=[-6.686079860548489, 1978.7089886355407, -6.22821587336075, -466.4526315789359]
SPS=282
Eval at step 8320000, survival=48.163%, return=[-8.013215634680819, 2357.556782302855, -4.8410194994491125, -567.3842105263035]
SPS=282
Eval at step 8360000, survival=36.203%, return=[-6.230935355823021, 1771.423084721564, -5.8499681716994925, -416.85614035086985]
SPS=281
Eval at step 8400000, survival=45.551%, return=[-7.363637628755532, 2247.5294884252535, -6.450916960452742, -530.5947368420941]
SPS=281
Eval at step 8440000, survival=44.813%, return=[-7.330455460358644, 2203.7943037366867, -8.184813160048828, -531.3859649122653]
SPS=281
Eval at step 8480000, survival=54.743%, return=[-8.866699611395598, 2685.726176857949, -5.18815880880386, -653.5526315789291]
SPS=280
Eval at step 8520000, survival=47.529%, return=[-7.842286736064125, 2324.6687688875186, -5.0601808921788685, -559.7982456140219]
SPS=280
Eval at step 8560000, survival=39.461%, return=[-6.679006344289519, 1946.3953254890432, -5.915353674515063, -464.6666666666567]
SPS=279
Eval at step 8600000, survival=50.460%, return=[-8.39542594908853, 2477.4898549413656, -5.427471667959071, -609.9649122806796]
SPS=279
Eval at step 8640000, survival=62.269%, return=[-10.14207829752122, 3066.4405488777197, -5.481092044217576, -809.6263157894293]
SPS=278
Eval at step 8680000, survival=51.148%, return=[-8.59743676438229, 2514.050829987525, -4.953164909225234, -675.6578947368091]
SPS=278
Eval at step 8720000, survival=41.126%, return=[-6.972967902268283, 2028.7105532550818, -5.640193824521612, -536.956140350859]
SPS=277
Eval at step 8760000, survival=32.760%, return=[-5.596569848642685, 1624.0910290193565, -6.816699770252308, -409.94561403507885]
SPS=277
Eval at step 8800000, survival=62.612%, return=[-9.880589651601621, 3076.824411664006, -4.932367952836285, -770.370175438559]
SPS=277
Eval at step 8840000, survival=46.515%, return=[-7.847199628781527, 2257.523418941497, -6.194309026698829, -581.1789473684036]
SPS=276
Eval at step 8880000, survival=30.187%, return=[-5.3012748965702485, 1486.3684056425107, -5.729254366222631, -369.62982456139247]
SPS=276
Eval at step 8920000, survival=30.396%, return=[-5.337965848424938, 1488.7712582206734, -5.2860676445176065, -373.8929824561337]
SPS=276
Eval at step 8960000, survival=63.878%, return=[-10.183980632008751, 3115.2430096483263, -5.4162960080465385, -789.1035087718892]
SPS=276
Eval at step 9000000, survival=38.478%, return=[-6.494880449236371, 1884.702367835044, -6.262428041430667, -472.56666666665217]
SPS=275
Eval at step 9040000, survival=45.086%, return=[-7.461538490216481, 2209.143053236006, -5.718204733111634, -548.4333333333103]
SPS=275
Eval at step 9080000, survival=44.908%, return=[-7.264034243638162, 2213.765848727223, -5.577515011547439, -554.8614035087501]
SPS=275
Eval at step 9120000, survival=47.097%, return=[-7.670575745980022, 2307.7877589011196, -9.382145306874008, -601.5333333333082]
SPS=274
Eval at step 9160000, survival=39.019%, return=[-6.371110943891108, 1938.9117714772242, -8.521684449288681, -514.4754385964713]
SPS=274
Eval at step 9200000, survival=59.939%, return=[-9.579147098289104, 2958.700039095879, -9.880757318530232, -781.068421052586]
SPS=274
Eval at step 9240000, survival=53.332%, return=[-8.71458940510056, 2632.360188910961, -8.50657449983446, -712.8140350876813]
SPS=273
Eval at step 9280000, survival=55.213%, return=[-8.628724762424827, 2746.2717733907652, -6.501252293033758, -727.864912280663]
SPS=273
Eval at step 9320000, survival=65.255%, return=[-10.591278160101501, 3219.756746702197, -6.310238604265396, -855.2070175438137]
SPS=272
Eval at step 9360000, survival=58.113%, return=[-9.139939874352422, 2893.4335620212523, -5.687352746514989, -768.4859649122424]
SPS=272
Eval at step 9400000, survival=51.177%, return=[-8.278492398088565, 2523.6176555442817, -10.050109085423902, -690.3438596491004]
SPS=271
Eval at step 9440000, survival=43.244%, return=[-7.064935429947218, 2129.317848057747, -11.98982678626162, -581.5421052631357]
SPS=271
Eval at step 9480000, survival=51.840%, return=[-8.289713821961778, 2552.6458137416853, -7.964831600501566, -692.8999999999667]
SPS=271
Eval at step 9520000, survival=59.358%, return=[-9.3975295719516, 2889.7954103183756, -5.1438362202863575, -812.0807017543369]
SPS=270
Eval at step 9560000, survival=74.401%, return=[-11.591464892117074, 3645.3917472410167, -7.8987069597591475, -977.791228070115]
SPS=269
Eval at step 9600000, survival=41.488%, return=[-7.003028063284001, 2031.1237020206477, -6.052929530542679, -550.7894736841915]
SPS=269
Eval at step 9640000, survival=55.750%, return=[-9.092025877838022, 2741.103217811585, -6.7956390473801545, -741.8789473683928]
SPS=269
Eval at step 9680000, survival=66.629%, return=[-10.274343285127543, 3291.3695237040506, -8.309821415597252, -882.0280701754]
SPS=268
Eval at step 9720000, survival=53.211%, return=[-8.542213260784047, 2623.143174686432, -5.1686912937453595, -718.3438596490862]
SPS=268
Eval at step 9760000, survival=62.037%, return=[-10.179482358577662, 3068.845246834754, -5.645364736192096, -835.796491228037]
SPS=267
Eval at step 9800000, survival=50.733%, return=[-8.44067527721054, 2495.3208948397582, -5.544624309382925, -686.0508771929422]
SPS=267
Eval at step 9840000, survival=38.749%, return=[-6.6606327104673255, 1914.4549024248124, -7.949765131179811, -523.5561403508584]
SPS=267
Eval at step 9880000, survival=56.809%, return=[-9.43088705347036, 2804.4754725646944, -9.756600658513344, -760.9666666666292]
SPS=266
Eval at step 9920000, survival=47.220%, return=[-7.962165371136507, 2339.1217533588406, -6.0334843453120355, -624.0859649122589]
SPS=266
Eval at step 9960000, survival=38.659%, return=[-6.84316926698084, 1908.2936599922164, -7.068128316205366, -524.7175438596353]
SPS=266
Eval at step 10000000, survival=39.337%, return=[-6.893728389329044, 1944.693181009295, -5.4914446409862645, -540.6842105262967]
SPS=266
Eval at step 10040000, survival=62.302%, return=[-10.29709682300454, 3087.643214693071, -6.2700942778701805, -854.4140350876754]
SPS=265
Eval at step 10080000, survival=43.146%, return=[-7.463343938306207, 2131.5690741777444, -6.4823937841709265, -598.5263157894497]
SPS=265
Eval at step 10120000, survival=41.003%, return=[-7.171505645092111, 2025.263279881478, -5.533538610088362, -573.6929824561223]
SPS=265
Eval at step 10160000, survival=57.436%, return=[-9.623212435626192, 2830.9541087484367, -6.70734504722127, -805.4245614034774]
SPS=265
Eval at step 10200000, survival=44.048%, return=[-7.705295601743273, 2162.932085466386, -5.598416481689765, -621.2350877192774]
SPS=265
Eval at step 10240000, survival=50.825%, return=[-8.890182498778449, 2478.6837038087856, -5.135933843066232, -702.4192982455813]
SPS=264
Eval at step 10280000, survival=42.104%, return=[-7.251939618884353, 2071.8418993854534, -5.8520618717315305, -580.1543859648971]
SPS=264
Eval at step 10320000, survival=45.202%, return=[-7.662086467817426, 2228.6266981601693, -6.030404723781612, -605.0842105262972]
SPS=264
Eval at step 10360000, survival=56.713%, return=[-9.1798610281141, 2796.0041755247134, -5.144013694778915, -743.3701754385618]
SPS=264
Eval at step 10400000, survival=39.789%, return=[-6.836811753670918, 1956.9325185203547, -7.935417672224912, -524.5701754385798]
SPS=263
Eval at step 10440000, survival=46.342%, return=[-7.78194066787255, 2283.168942556379, -6.344533753624637, -599.684210526297]
SPS=263
Eval at step 10480000, survival=51.750%, return=[-8.68684273022227, 2536.4150289964664, -6.981055193741213, -666.6333333333048]
SPS=263
Eval at step 10520000, survival=38.016%, return=[-6.336083838104969, 1877.7452907896045, -7.98124010433803, -492.49824561402]
SPS=263
Eval at step 10560000, survival=52.075%, return=[-8.540695124847115, 2574.065423922539, -6.899859748275594, -640.9192982455868]
SPS=263
Eval at step 10600000, survival=43.318%, return=[-7.276204280572711, 2144.1340386629117, -7.240637490977747, -531.0789473683988]
SPS=262
Eval at step 10640000, survival=51.223%, return=[-8.364418657351052, 2535.6081513929375, -8.138079451138765, -609.9315789473513]
SPS=262
Eval at step 10680000, survival=52.774%, return=[-8.673881576186977, 2586.60823647976, -7.634576768497482, -625.2561403508527]
SPS=262
Eval at step 10720000, survival=58.255%, return=[-9.440062029846013, 2862.7509676361083, -6.087385239512287, -706.3403508771592]
SPS=261
Eval at step 10760000, survival=54.857%, return=[-8.689602748054313, 2699.4019925498988, -5.332276073982394, -691.2473684210213]
SPS=261
Eval at step 10800000, survival=45.955%, return=[-7.448310052149464, 2256.796704883575, -5.259134584692584, -564.5789473683938]
SPS=261
Eval at step 10840000, survival=58.154%, return=[-9.307156772451709, 2858.8203452777875, -5.188053427544946, -709.7087719297739]
SPS=261
Eval at step 10880000, survival=58.113%, return=[-9.302470737835392, 2882.494596014021, -5.467874686727373, -728.0614035087232]
SPS=260
Eval at step 10920000, survival=46.203%, return=[-7.566532348981127, 2279.158166532516, -5.74097389792496, -592.9631578947029]
SPS=260
Eval at step 10960000, survival=50.820%, return=[-8.273870982642984, 2511.506413097382, -4.920652494637397, -668.7421052631128]
SPS=260
Eval at step 11000000, survival=40.236%, return=[-6.65364857406239, 1989.9016952514655, -4.964947181701747, -511.35614035085325]
SPS=260
Eval at step 11040000, survival=50.769%, return=[-7.981117024045671, 2509.742798590659, -5.02401121812336, -644.328070175398]
SPS=260
Eval at step 11080000, survival=43.614%, return=[-6.9455837042361965, 2157.1855055952055, -5.862841494221357, -547.4842105262978]
SPS=259
Eval at step 11120000, survival=41.405%, return=[-6.826488649507519, 2046.5129545640953, -5.404042536377074, -522.5631578947214]
SPS=259
Eval at step 11160000, survival=42.563%, return=[-6.918034452025313, 2101.9073250103, -5.26834383753594, -531.5789473684036]
SPS=259
Eval at step 11200000, survival=46.642%, return=[-7.512199757050257, 2282.641047115324, -4.622065043626208, -591.9245614034793]
SPS=259
Eval at step 11240000, survival=49.474%, return=[-7.875664621661417, 2431.5815020704267, -5.9732081494902785, -625.8245614034815]
SPS=259
Eval at step 11280000, survival=48.256%, return=[-7.863599441526458, 2351.614861121179, -6.782022957782101, -583.5456140350595]
SPS=259
Eval at step 11320000, survival=32.764%, return=[-5.649281654914375, 1604.139455566405, -8.135567252271722, -405.5350877192822]
SPS=259
Eval at step 11360000, survival=66.424%, return=[-10.622351487603737, 3257.555558366777, -4.571596835208038, -879.1070175437842]
SPS=258
Eval at step 11400000, survival=68.842%, return=[-10.905020452250028, 3384.720573682784, -5.500037751957279, -892.6421052630878]
SPS=258
Eval at step 11440000, survival=47.858%, return=[-7.839180851326091, 2358.2596779718433, -10.288717254061975, -599.1385964911925]
SPS=257
Eval at step 11480000, survival=48.744%, return=[-8.093183073523686, 2402.8380256223677, -5.978167788671999, -616.9894736841753]
SPS=257
Eval at step 11520000, survival=50.635%, return=[-8.252822994970483, 2493.857025022511, -7.462171585142914, -623.4157894736538]
SPS=257
Eval at step 11560000, survival=53.274%, return=[-8.803364322043489, 2604.0120418453216, -5.523952848542104, -710.1754385964334]
SPS=257
Eval at step 11600000, survival=54.727%, return=[-8.674925262469333, 2687.1357281351093, -6.168147160976877, -699.0929824561065]
SPS=257
Eval at step 11640000, survival=31.844%, return=[-5.5525777686969375, 1556.0962420845024, -6.108172316143464, -425.03508771928955]
SPS=257
Eval at step 11680000, survival=46.228%, return=[-7.624343035451602, 2280.554440493585, -6.669162443371533, -627.2508771929473]
SPS=256
Eval at step 11720000, survival=52.679%, return=[-8.703783863340504, 2591.034772644043, -5.918199989548884, -702.1315789473189]
SPS=256
Eval at step 11760000, survival=58.170%, return=[-9.384626750490861, 2880.507490854266, -5.57232702654801, -798.0017543858917]
SPS=256
Eval at step 11800000, survival=60.198%, return=[-9.755518070299876, 2971.561754035948, -11.79009319396955, -832.298245613972]
SPS=256
Eval at step 11840000, survival=37.832%, return=[-6.370171959581785, 1875.2694742488868, -5.4880076612848825, -514.6526315789353]
SPS=256
Eval at step 11880000, survival=44.664%, return=[-7.327204849885311, 2217.863161964415, -6.870138488029079, -604.6245614034831]
SPS=255
Eval at step 11920000, survival=44.577%, return=[-7.2705543673713695, 2215.1003809833524, -7.465558265512664, -588.1631578947236]
SPS=255
Eval at step 11960000, survival=30.495%, return=[-5.284381677070632, 1506.129391684532, -6.030597656311147, -398.4543859648963]
SPS=255
Eval at step 12000000, survival=44.007%, return=[-7.440623847348616, 2160.582054529192, -6.2331004605535325, -576.3333333333032]
SPS=255
Eval at step 12040000, survival=38.924%, return=[-6.5147384913521815, 1928.7385936069463, -5.403432522734602, -535.0789473683918]
SPS=255
Eval at step 12080000, survival=39.374%, return=[-6.660003673325991, 1939.2371923542028, -9.958990544421022, -521.5789473684041]
SPS=255
Eval at step 12120000, survival=58.712%, return=[-9.530412185244495, 2900.4251294803653, -5.675839201859617, -844.8508771929373]
SPS=255
Eval at step 12160000, survival=55.011%, return=[-8.90551954174298, 2709.291683917044, -7.353727820039057, -794.2543859648612]
SPS=255
Eval at step 12200000, survival=44.900%, return=[-7.626699731161352, 2204.4596916246433, -8.246484376350782, -651.3350877192692]
SPS=254
Eval at step 12240000, survival=69.420%, return=[-10.917217662726761, 3421.8278739643138, -9.020760264298769, -988.614035087654]
SPS=254
Eval at step 12280000, survival=63.034%, return=[-10.270794283901342, 3107.2317900037756, -5.5333984703787795, -887.8719298245093]
SPS=254
