Job 54654019 started on jst283 at dim 24 mai 2026 12:30:30 CEST
Training configuration:
  conda env       : marl2grid
  algorithm       : MAPPO
  env             : bus14
  seed            : 0
  total timesteps : 25000000
  n envs          : 20
  torch threads   : 20
  wandb mode      : online
Running: python -u main.py --alg MAPPO --env-id bus14 --action-type topology --seed 0 --total-timesteps 25000000 --n-envs 20 --n-threads 20 --cuda False --checkpoint True --wandb-project Grid2Op --wandb-entity corentin-plumet-epfl --wandb-mode online --time-limit 1300  --total-timesteps 15000000 --eval-freq 40000 --actor-layers 256 256 256 --critic-layers 256 256 256 --actor-lr 0.0001 --critic-lr 0.0001 --gamma 0.9 --gae-lambda 0.95 --update-epochs 10 --max-grad-norm 1.0 --clip-coef 0.2 --vf-coef 0.5 --norm-reward True --deterministic-eval False --n-steps 2000 --n-minibatches 16 --entropy-coef 0.01 --target-kl 0.04 --init-do-nothing-prob 0.5 --exp-tag a5_kl_004
Eval at step 40000, survival=0.033%, return=[-1.0039632161147893, -0.19284599256515506, -5.383614851906896, -1.1385964912280704]
SPS=132
Eval at step 80000, survival=0.035%, return=[-1.005135918140877, -0.16842151784896853, -5.699829897098243, -1.1649122807017542]
SPS=152
Eval at step 120000, survival=0.048%, return=[-1.0064992587664165, 0.3455552926063536, -6.47490053717047, -1.2614035087719297]
SPS=163
Eval at step 160000, survival=0.032%, return=[-1.0032916055992245, -0.2179713554382324, -5.31239149281173, -1.1210526315789473]
SPS=170
Eval at step 200000, survival=0.048%, return=[-1.0059774160035886, 0.4310794296264648, -6.244138589128852, -1.168421052631579]
SPS=173
Eval at step 240000, survival=0.076%, return=[-1.0086653425940313, 1.8576681489944455, -5.209994714520872, -1.2649122807017543]
SPS=176
Eval at step 280000, survival=0.126%, return=[-1.016465901338961, 4.160852079391479, -5.294565088860691, -1.7052631578947366]
SPS=179
Eval at step 320000, survival=0.099%, return=[-1.0128287353902123, 2.7306319975852964, -6.055602468317375, -1.4175438596491228]
SPS=182
Eval at step 360000, survival=0.086%, return=[-1.010963258065749, 2.155581583023072, -5.489926681574434, -1.2912280701754388]
SPS=185
Eval at step 400000, survival=0.134%, return=[-1.0183369019650854, 4.492759401321411, -5.411343301832676, -1.5543859649122806]
SPS=188
Eval at step 440000, survival=0.229%, return=[-1.0273504617623985, 9.172173696994783, -5.911915236047935, -2.1245614035087717]
SPS=191
Eval at step 480000, survival=0.180%, return=[-1.0170118721958716, 6.835367189407347, -6.272766964882612, -1.3368421052631583]
SPS=195
Eval at step 520000, survival=0.186%, return=[-1.0272161227883772, 6.787318858146669, -6.766700450889767, -1.6035087719298247]
SPS=199
Eval at step 560000, survival=0.311%, return=[-1.034986306191422, 12.905013556003572, -6.294186463102233, -1.880701754385965]
SPS=203
Eval at step 600000, survival=0.382%, return=[-1.0477728730416858, 16.46757846546173, -7.2569223459810015, -2.9982456140350875]
SPS=207
Eval at step 640000, survival=0.538%, return=[-1.07109067782294, 24.018405689239497, -6.0488480284810064, -4.338596491228071]
SPS=212
Eval at step 680000, survival=0.503%, return=[-1.0596141829737462, 21.904365994930266, -8.055005850503221, -4.461403508771929]
SPS=215
Eval at step 720000, survival=0.681%, return=[-1.0811852431390434, 30.82514962720871, -11.154106072196736, -5.847368421052629]
SPS=218
Eval at step 760000, survival=0.786%, return=[-1.0759628162544685, 37.79600921583176, -5.30675984043628, -6.643859649122808]
SPS=220
Eval at step 800000, survival=0.792%, return=[-1.0794437399483285, 37.93192299842834, -5.230743996240198, -4.510526315789474]
SPS=221
Eval at step 840000, survival=1.226%, return=[-1.1364071750664153, 58.58650089502335, -13.96360584128961, -10.84912280701754]
SPS=224
Eval at step 880000, survival=1.250%, return=[-1.1395308503531851, 60.52032245254518, -7.691069178376347, -8.007017543859646]
SPS=226
Eval at step 920000, survival=1.700%, return=[-1.1819577375426888, 83.54951381969452, -7.880796636547894, -14.126315789473662]
SPS=230
Eval at step 960000, survival=1.845%, return=[-1.1925354208622594, 89.81808042240144, -13.488518557666975, -17.822807017543834]
SPS=233
Eval at step 1000000, survival=1.835%, return=[-1.1973387476580684, 88.95395448017119, -13.508878367231228, -11.71754385964915]
SPS=237
Eval at step 1040000, survival=1.825%, return=[-1.2179444375506137, 88.90653837203979, -5.25990168944918, -13.980701754385937]
SPS=241
Eval at step 1080000, survival=1.164%, return=[-1.1200353952939621, 56.758066354990014, -5.138900760631077, -6.521052631578955]
SPS=245
Eval at step 1120000, survival=2.264%, return=[-1.2302997695456726, 109.66256712627414, -26.7466845479561, -15.305263157894743]
SPS=248
Eval at step 1160000, survival=1.747%, return=[-1.1875307926209644, 83.84957931280137, -8.167232691062964, -11.756140350877214]
SPS=252
Eval at step 1200000, survival=1.585%, return=[-1.174665679805912, 76.60392898368835, -9.788148909155279, -11.556140350877184]
SPS=256
Eval at step 1240000, survival=3.816%, return=[-1.433954696415458, 186.096381983757, -5.914742684853263, -25.81578947368421]
SPS=260
Eval at step 1280000, survival=3.934%, return=[-1.4190156342519913, 188.5781521368027, -10.60684829656966, -29.07543859649125]
SPS=263
Eval at step 1320000, survival=1.814%, return=[-1.2055508822842966, 87.85647811269764, -16.007761111037688, -12.310526315789483]
SPS=267
Eval at step 1360000, survival=4.002%, return=[-1.4454586900887079, 194.0483066859245, -6.358226551595726, -30.878947368421017]
SPS=270
Eval at step 1400000, survival=3.034%, return=[-1.3275234696746339, 149.53911363220217, -5.796975668310187, -17.814035087719233]
SPS=273
Eval at step 1440000, survival=2.897%, return=[-1.3033864748373163, 141.86205243921276, -5.182711728592404, -15.799999999999992]
SPS=277
Eval at step 1480000, survival=5.293%, return=[-1.7466206956480164, 259.2029992475511, -6.182498063740786, -49.67192982456176]
SPS=280
Eval at step 1520000, survival=2.498%, return=[-1.2944869962811936, 119.84093205928806, -20.73994670450338, -17.100000000000005]
SPS=283
Eval at step 1560000, survival=3.212%, return=[-1.3898504885088188, 155.20877656459805, -5.238210444676224, -19.717543859649165]
SPS=286
Eval at step 1600000, survival=2.595%, return=[-1.2780901118239854, 128.00192301273347, -5.1515991314081475, -16.803508771929835]
SPS=288
Eval at step 1640000, survival=8.446%, return=[-2.094144273537677, 406.86918298149124, -5.809545571147464, -61.60877192982524]
SPS=290
Eval at step 1680000, survival=6.410%, return=[-1.756903613609029, 304.1747253513337, -5.197374654830492, -45.15614035087793]
SPS=293
Eval at step 1720000, survival=7.765%, return=[-1.9989042423490901, 381.3262356061927, -5.299181331973523, -54.81228070175473]
SPS=295
Eval at step 1760000, survival=3.300%, return=[-1.3707313205872196, 162.9283141021729, -6.145035693240061, -28.5122807017543]
SPS=297
Eval at step 1800000, survival=4.601%, return=[-1.5593006326875183, 226.94613577604295, -5.642713402085792, -42.803508771930076]
SPS=299
Eval at step 1840000, survival=1.964%, return=[-1.2323831764457283, 96.17385583162309, -5.531533833220601, -17.49298245614034]
SPS=302
Eval at step 1880000, survival=2.795%, return=[-1.3124128427240067, 138.4301124215126, -20.367489057278725, -17.768421052631545]
SPS=304
Eval at step 1920000, survival=1.989%, return=[-1.2801938120624983, 94.2962512083053, -5.517688812693814, -16.01929824561406]
SPS=307
Eval at step 1960000, survival=3.118%, return=[-1.3919251930434258, 146.47473285722728, -6.171913380935439, -32.956140350877206]
SPS=309
Eval at step 2000000, survival=4.201%, return=[-1.7206336826144253, 197.61175693273557, -5.240243383462075, -38.58771929824609]
SPS=311
Eval at step 2040000, survival=4.090%, return=[-1.6846102841838728, 200.727525807858, -5.812861174717545, -37.31578947368455]
SPS=313
Eval at step 2080000, survival=5.825%, return=[-1.7605114313832018, 282.44827034187347, -5.442786583425186, -39.349122807017636]
SPS=314
Eval at step 2120000, survival=2.370%, return=[-1.2560052172455471, 115.95225719881053, -5.358668214734644, -20.04385964912286]
SPS=317
Eval at step 2160000, survival=1.970%, return=[-1.2292104103020391, 95.12712704658506, -5.175749862648081, -17.45789473684224]
SPS=319
Eval at step 2200000, survival=4.040%, return=[-1.6377259078610222, 192.93767374539382, -5.688191924865532, -33.647368421052846]
SPS=321
Eval at step 2240000, survival=7.051%, return=[-1.982894468156155, 338.9420148549078, -5.41597888408287, -58.37017543859704]
SPS=322
Eval at step 2280000, survival=2.762%, return=[-1.3336162637977396, 134.68248785209659, -5.439845920423977, -28.687719298245714]
SPS=324
Eval at step 2320000, survival=3.719%, return=[-1.4434413934592158, 180.3676030039788, -5.162204599358665, -31.312280701754514]
SPS=326
Eval at step 2360000, survival=3.483%, return=[-1.5051718210976106, 168.67574486446378, -5.52048389504198, -31.219298245614247]
SPS=328
Eval at step 2400000, survival=3.331%, return=[-1.3916740211599972, 163.63371396541604, -5.354100691061467, -27.091228070175806]
SPS=329
Eval at step 2440000, survival=8.552%, return=[-2.4771821816859303, 411.0732680425641, -5.407827334306967, -75.99122807017599]
SPS=330
Eval at step 2480000, survival=3.341%, return=[-1.4295239931321704, 160.71383493518823, -8.00893666674674, -31.41403508771959]
SPS=332
Eval at step 2520000, survival=4.461%, return=[-1.563615290093003, 216.2575573396683, -5.331508469421533, -37.07192982456182]
SPS=334
Eval at step 2560000, survival=2.222%, return=[-1.2616735235729721, 106.26792348003384, -6.579559579244233, -20.749122807017542]
SPS=335
Eval at step 2600000, survival=5.680%, return=[-1.6647077286441345, 270.7917162380219, -5.723366079308471, -42.135087719298575]
SPS=337
Eval at step 2640000, survival=3.583%, return=[-1.4468288123782258, 170.04879583740234, -5.883137491048546, -31.577192982456467]
SPS=338
Eval at step 2680000, survival=6.429%, return=[-2.108365636691451, 306.0078464193343, -5.3681636185101524, -60.42982456140459]
SPS=339
Eval at step 2720000, survival=7.599%, return=[-2.3807543303701095, 359.643319513321, -5.611470048187766, -71.62631578947494]
SPS=340
Eval at step 2760000, survival=4.875%, return=[-1.611418717924971, 232.15645649719227, -5.666101051509031, -47.45263157894778]
SPS=341
Eval at step 2800000, survival=7.614%, return=[-2.0943237850035077, 352.17304827213286, -8.237154360307613, -59.53157894736919]
SPS=342
Eval at step 2840000, survival=8.247%, return=[-2.048644552193582, 383.7885362443919, -5.789165206457255, -66.45964912280589]
SPS=343
Eval at step 2880000, survival=4.878%, return=[-1.6526550233946182, 231.81491383552537, -5.8023077137651855, -39.75614035087749]
SPS=344
Eval at step 2920000, survival=2.950%, return=[-1.3648883552115876, 146.03811574983592, -5.512440748262452, -29.749122807017603]
SPS=346
Eval at step 2960000, survival=4.501%, return=[-1.676170115696732, 219.41512468528745, -5.466741438212921, -39.80350877193008]
SPS=347
Eval at step 3000000, survival=7.722%, return=[-2.0088773929397576, 365.29604214191403, -12.504769298659813, -60.06491228070281]
SPS=348
Eval at step 3040000, survival=5.724%, return=[-1.8734130158496556, 277.66333272933963, -5.144971166405594, -52.343859649123466]
SPS=349
Eval at step 3080000, survival=6.102%, return=[-1.7520956346241292, 300.67169168472253, -10.840975579251971, -47.44385964912351]
SPS=350
Eval at step 3120000, survival=4.815%, return=[-1.6486986417032312, 229.11767948627465, -5.49096109761158, -40.08245614035152]
SPS=351
Eval at step 3160000, survival=15.496%, return=[-2.9246800313703716, 737.6010885539051, -5.5063197039533405, -115.94912280701222]
SPS=351
Eval at step 3200000, survival=16.486%, return=[-3.4076045160123614, 791.0887131047257, -5.639140371268695, -138.84210526315863]
SPS=351
Eval at step 3240000, survival=18.057%, return=[-3.7372307385667227, 867.278766821861, -6.104971909891901, -154.1175438596478]
SPS=351
Eval at step 3280000, survival=11.466%, return=[-2.87243694003555, 555.3646225452424, -5.338284888965427, -103.12982456140458]
SPS=351
Eval at step 3320000, survival=9.174%, return=[-2.336428077262826, 442.6896916551592, -14.109741293748083, -85.22456140350984]
SPS=352
Eval at step 3360000, survival=2.300%, return=[-1.2495665327296592, 112.75378885459902, -11.61172425649129, -22.487719298245686]
SPS=353
Eval at step 3400000, survival=6.447%, return=[-1.7865910403430463, 317.8392113089561, -5.524499727942748, -49.07719298245665]
SPS=354
Eval at step 3440000, survival=7.142%, return=[-1.9196960280125495, 343.5163545255662, -6.656661724220612, -55.11228070175521]
SPS=354
Eval at step 3480000, survival=7.452%, return=[-1.927123789995676, 352.7861837902069, -17.257956294261383, -56.822807017544775]
SPS=355
Eval at step 3520000, survival=6.709%, return=[-1.8231364585924894, 323.4615149888998, -5.16276563108695, -47.67017543859715]
SPS=356
Eval at step 3560000, survival=13.147%, return=[-2.7149394424457567, 644.5312689146998, -5.672501058326452, -103.52456140350989]
SPS=356
Eval at step 3600000, survival=14.200%, return=[-2.7477813254343344, 685.6240246248242, -10.478648200721363, -109.06666666666638]
SPS=356
Eval at step 3640000, survival=9.876%, return=[-2.2109269939537626, 468.69165615654003, -30.062149620630226, -71.65087719298319]
SPS=356
Eval at step 3680000, survival=8.612%, return=[-2.009007529565133, 417.1923084621429, -5.810319833485119, -61.496491228071]
SPS=357
Eval at step 3720000, survival=4.691%, return=[-1.5406399112776854, 234.9758212709428, -10.481495626270771, -33.41929824561418]
SPS=358
Eval at step 3760000, survival=5.552%, return=[-1.7830846593074967, 275.4039394311906, -5.4340543056221575, -49.452631578947624]
SPS=359
Eval at step 3800000, survival=4.477%, return=[-1.5251832516689319, 223.61434163665777, -5.230996032011172, -32.38596491228092]
SPS=359
Eval at step 3840000, survival=7.832%, return=[-1.9946061815484426, 388.05963892078415, -5.190330041948618, -53.292982456140955]
SPS=360
Eval at step 3880000, survival=22.290%, return=[-3.7968505415832623, 1079.2738876152046, -11.103732408657379, -159.63859649122983]
SPS=359
Eval at step 3920000, survival=10.494%, return=[-2.2423627766023855, 516.9100481319431, -5.10501616075926, -73.27543859649235]
SPS=360
Eval at step 3960000, survival=7.180%, return=[-1.8478531854634639, 354.4022962083817, -23.099970756308174, -53.936842105263054]
SPS=360
Eval at step 4000000, survival=8.966%, return=[-2.1103860430244823, 438.87939366769814, -8.191267367158071, -62.92807017543923]
SPS=361
Eval at step 4040000, survival=9.386%, return=[-2.139790515019558, 464.43503762817363, -5.562363532627932, -63.22456140350935]
SPS=361
Eval at step 4080000, survival=13.384%, return=[-2.557853155495832, 652.8180680370335, -6.54591138055257, -97.35087719297834]
SPS=361
Eval at step 4120000, survival=8.545%, return=[-2.0609647913777733, 420.02699824523916, -6.5697543301357655, -60.114035087720005]
SPS=362
Eval at step 4160000, survival=11.085%, return=[-2.3453689508140085, 541.7722408246995, -6.881605266057886, -73.50877192982513]
SPS=362
Eval at step 4200000, survival=13.596%, return=[-2.6567798279400447, 655.6300588121418, -9.316294217799442, -95.3333333333351]
SPS=362
Eval at step 4240000, survival=13.036%, return=[-2.571948660997441, 614.70722740984, -11.210153822569918, -101.20175438596182]
SPS=362
Eval at step 4280000, survival=11.524%, return=[-2.3717247383436186, 549.6407541527749, -36.109134263993475, -82.63684210526037]
SPS=362
Eval at step 4320000, survival=7.215%, return=[-1.8690030456113162, 344.8077529754638, -8.270450159531174, -56.68070175438652]
SPS=363
Eval at step 4360000, survival=20.992%, return=[-3.3948746492387727, 1041.2212756185545, -5.128491803623183, -164.50701754385744]
SPS=362
Eval at step 4400000, survival=4.999%, return=[-1.584649290831294, 248.103101381302, -10.55580386544898, -49.40000000000023]
SPS=363
Eval at step 4440000, survival=7.830%, return=[-1.9382895375485532, 385.31012650775904, -8.556051691184257, -59.92807017543921]
SPS=363
Eval at step 4480000, survival=22.485%, return=[-3.8670250663883055, 1094.8755302157401, -9.615508023413714, -163.79298245614282]
SPS=363
Eval at step 4520000, survival=24.437%, return=[-4.252914945280645, 1183.0167440443042, -14.465446719520832, -162.88596491227867]
SPS=362
Eval at step 4560000, survival=24.843%, return=[-4.347226920083631, 1202.6331398987775, -7.307782078665332, -157.6368421052638]
SPS=361
Eval at step 4600000, survival=20.833%, return=[-3.522288594575366, 1018.1568073539718, -63.80977651066041, -139.37543859648918]
SPS=360
Eval at step 4640000, survival=14.402%, return=[-2.772769266087562, 694.2873805141442, -13.70267032211559, -98.94210526315568]
SPS=360
Eval at step 4680000, survival=13.894%, return=[-2.7635276318877002, 671.0808880710604, -7.0279293398351, -94.42982456139978]
SPS=360
Eval at step 4720000, survival=8.806%, return=[-2.107922681752825, 429.71806533813486, -17.51471567972476, -54.763157894737546]
SPS=361
Eval at step 4760000, survival=10.472%, return=[-2.245419192360714, 499.2489871015543, -60.46729253895755, -81.3157894736855]
SPS=361
Eval at step 4800000, survival=21.032%, return=[-3.643544558971189, 1019.4306348676671, -64.2264528236141, -156.97368421052846]
SPS=360
Eval at step 4840000, survival=12.090%, return=[-2.4223471913137473, 588.6794858026508, -5.7355211976733695, -92.5263157894755]
SPS=360
Eval at step 4880000, survival=3.940%, return=[-1.415504838968627, 197.60364999914174, -7.733767266002542, -30.524561403508848]
SPS=361
Eval at step 4920000, survival=1.240%, return=[-1.1288445891521406, 62.19111242008209, -5.662050473503768, -10.233333333333336]
SPS=361
Eval at step 4960000, survival=2.128%, return=[-1.2226708532893098, 107.36942297458651, -5.261346054376918, -16.74561403508771]
SPS=362
Eval at step 5000000, survival=0.564%, return=[-1.063034963136306, 27.14096576547622, -5.389897566352738, -5.182456140350877]
SPS=362
Eval at step 5040000, survival=0.764%, return=[-1.081700641248608, 37.727045112609865, -5.175729759596289, -6.33508771929825]
SPS=362
Eval at step 5080000, survival=1.832%, return=[-1.21427088502096, 91.09122959613796, -5.37212982442461, -13.612280701754383]
SPS=362
Eval at step 5120000, survival=0.923%, return=[-1.0884233442600817, 46.66521786689758, -5.176847984222695, -7.77543859649123]
SPS=363
Eval at step 5160000, survival=0.838%, return=[-1.0804371050617192, 41.61720560789109, -5.3038436693605036, -7.008771929824564]
SPS=363
Eval at step 5200000, survival=1.050%, return=[-1.1131418179313186, 52.30613431024551, -5.435874267981854, -9.108771929824565]
SPS=364
Eval at step 5240000, survival=0.812%, return=[-1.0841773849388119, 39.75672922182083, -6.548689588200068, -7.305263157894743]
SPS=364
Eval at step 5280000, survival=2.107%, return=[-1.2177913503022864, 104.52749890804292, -5.478881831746548, -19.803508771929952]
SPS=364
Eval at step 5320000, survival=1.279%, return=[-1.1282670830434653, 62.643746478557546, -8.67040680036298, -13.315789473684196]
SPS=365
Eval at step 5360000, survival=4.142%, return=[-1.4612502930278424, 203.64461587619766, -6.2098305475257805, -33.48596491228102]
SPS=365
Eval at step 5400000, survival=5.381%, return=[-1.6347091094765347, 265.64820527029036, -5.5574071882525455, -42.2894736842111]
SPS=365
Eval at step 5440000, survival=8.517%, return=[-1.937713640317088, 419.2355331311227, -6.941470961802406, -73.92631578947449]
SPS=366
Eval at step 5480000, survival=12.491%, return=[-2.437991948623676, 613.5246558046343, -12.828564400671166, -112.05614035087895]
SPS=366
Eval at step 5520000, survival=18.089%, return=[-3.067490269988775, 886.9855931196211, -5.668631874294078, -149.25438596490784]
SPS=365
Eval at step 5560000, survival=20.637%, return=[-3.3301345757616216, 1019.3506588735581, -8.839376777236293, -166.79649122806762]
SPS=365
Eval at step 5600000, survival=15.030%, return=[-2.7876588863437064, 738.4150248327248, -11.31177855874048, -122.27894736841945]
SPS=365
Eval at step 5640000, survival=33.621%, return=[-4.84922306179069, 1640.9291252007492, -5.921657875593519, -273.37543859647633]
SPS=364
Eval at step 5680000, survival=14.669%, return=[-2.7591990359476766, 719.9013241071699, -10.279620683923714, -110.95964912280881]
SPS=363
Eval at step 5720000, survival=32.925%, return=[-4.690141192701413, 1616.3476897840526, -6.812359037163423, -257.19298245612384]
SPS=362
Eval at step 5760000, survival=23.528%, return=[-3.6920785248687027, 1149.9719369854931, -7.907799507188611, -186.31929824561473]
SPS=362
Eval at step 5800000, survival=30.795%, return=[-4.400616068200907, 1500.597736483573, -8.484407352152994, -242.90350877192014]
SPS=361
Eval at step 5840000, survival=18.534%, return=[-3.128921486751642, 913.5816848144525, -5.573643627329875, -148.6315789473678]
SPS=360
Eval at step 5880000, survival=32.959%, return=[-4.843439026345732, 1603.3565362610802, -15.790449053452175, -253.62280701753122]
SPS=359
Eval at step 5920000, survival=33.764%, return=[-4.7699784290511165, 1659.3339120368958, -5.971478991935146, -268.34736842103996]
SPS=358
Eval at step 5960000, survival=18.194%, return=[-3.1227846238936765, 887.8288207979203, -6.160397678882873, -136.89122807017412]
SPS=358
Eval at step 6000000, survival=28.938%, return=[-4.358268155559199, 1411.374741558075, -6.719848361117147, -227.19999999999473]
SPS=357
Eval at step 6040000, survival=18.111%, return=[-3.0948915424291044, 882.7240901470183, -7.4271679738245435, -136.6701754385976]
SPS=357
Eval at step 6080000, survival=19.266%, return=[-3.1651701797090936, 941.928070398331, -10.0274861094862, -148.98596491228315]
SPS=356
Eval at step 6120000, survival=19.005%, return=[-3.238607992575271, 909.195648915768, -8.82124188034668, -144.37543859649287]
SPS=356
Eval at step 6160000, survival=27.116%, return=[-4.144655830250121, 1310.965392689704, -14.994795479447486, -202.61228070174747]
SPS=355
Eval at step 6200000, survival=16.319%, return=[-2.8682811254519036, 782.8565622239115, -8.129856562423083, -121.12631578947548]
SPS=355
Eval at step 6240000, survival=14.053%, return=[-2.6419275977357755, 674.0819230151169, -6.1157800967557705, -105.577192982456]
SPS=355
Eval at step 6280000, survival=24.761%, return=[-3.7694032480241733, 1185.1890264906895, -8.134681517743592, -191.54385964911745]
SPS=355
Eval at step 6320000, survival=13.051%, return=[-2.4964649975299835, 630.8833084173199, -6.294469269670662, -100.51578947368496]
SPS=355
Eval at step 6360000, survival=29.390%, return=[-4.408679975447012, 1419.2408150777815, -11.703654888179518, -226.89473684210301]
SPS=354
Eval at step 6400000, survival=33.875%, return=[-4.935622389480704, 1637.1903707928655, -13.422067790221012, -259.7649122806969]
SPS=353
Eval at step 6440000, survival=13.920%, return=[-2.555454586056294, 679.2634067382821, -8.213245687073504, -109.34210526315776]
SPS=353
Eval at step 6480000, survival=26.923%, return=[-4.047254574979888, 1302.790420984744, -15.325775565495132, -208.39649122806608]
SPS=352
Eval at step 6520000, survival=19.298%, return=[-3.311850657244213, 933.4947593183513, -8.211615992263251, -147.16491228070134]
SPS=352
Eval at step 6560000, survival=15.118%, return=[-2.8489809833234174, 727.7671127681735, -6.155992102189339, -112.89824561403483]
SPS=352
Eval at step 6600000, survival=27.812%, return=[-4.204050798789831, 1345.7803523373605, -6.666940058671389, -212.07719298245033]
SPS=351
Eval at step 6640000, survival=17.777%, return=[-3.0885476540366654, 866.3468502683643, -9.548765435407404, -140.42105263157947]
SPS=351
Eval at step 6680000, survival=19.043%, return=[-3.364536246296484, 913.7933391523366, -7.2317066946954585, -143.6947368421051]
SPS=350
Eval at step 6720000, survival=36.978%, return=[-5.29306323810597, 1794.6942000246042, -10.347266933689388, -292.75964912280017]
SPS=349
Eval at step 6760000, survival=30.936%, return=[-4.594682819524314, 1509.0407324967368, -8.655841491987598, -244.87894736841432]
SPS=348
Eval at step 6800000, survival=16.000%, return=[-2.8918037814844864, 777.6285802059163, -8.015888292653836, -125.24210526315737]
SPS=348
Eval at step 6840000, survival=43.154%, return=[-6.111230561416596, 2097.809761600972, -10.241329412424856, -339.1824561403374]
SPS=347
Eval at step 6880000, survival=39.813%, return=[-5.698385048238561, 1932.7331464490871, -8.321262218895573, -316.09473684209456]
SPS=346
Eval at step 6920000, survival=0.616%, return=[-1.0637017677829135, 30.053997812271113, -5.145755518937949, -5.996491228070175]
SPS=346
Eval at step 6960000, survival=1.126%, return=[-1.128291906096274, 55.027297844886775, -5.354404945077841, -9.631578947368412]
SPS=346
Eval at step 7000000, survival=1.234%, return=[-1.1333689286839217, 60.94607131958007, -5.319875254586805, -10.745614035087714]
SPS=347
Eval at step 7040000, survival=5.780%, return=[-1.684855406911811, 283.43103329992306, -6.791045244853012, -47.001754385965555]
SPS=347
Eval at step 7080000, survival=6.111%, return=[-1.7276402898016385, 301.03568135261537, -5.430623074737378, -48.60877192982512]
SPS=347
Eval at step 7120000, survival=7.788%, return=[-1.9572708426450844, 380.919548078537, -6.386327225371133, -61.44912280701832]
SPS=348
Eval at step 7160000, survival=11.674%, return=[-2.4062699285685083, 572.2741081504813, -6.873371922154183, -92.14035087719435]
SPS=348
Eval at step 7200000, survival=15.038%, return=[-2.826645806815941, 736.0995344886773, -7.38744386384933, -120.19473684210534]
SPS=348
Eval at step 7240000, survival=20.554%, return=[-3.4583910876710435, 1010.0927370662685, -7.828210618541926, -166.47368421052468]
SPS=348
Eval at step 7280000, survival=15.947%, return=[-2.9136414660722947, 781.6150654048924, -7.034919684668421, -126.5789473684235]
SPS=348
Eval at step 7320000, survival=16.267%, return=[-2.991472554643406, 796.2950922036167, -6.455240252483054, -130.3263157894722]
SPS=347
Eval at step 7360000, survival=14.988%, return=[-2.755901891546091, 739.8454649910921, -7.417390736642119, -123.69298245614223]
SPS=347
Eval at step 7400000, survival=32.235%, return=[-4.9893987335963175, 1573.1614137363424, -8.667587025287503, -260.3175438596389]
SPS=347
Eval at step 7440000, survival=30.701%, return=[-4.712656826415332, 1504.648362455368, -10.363995096468624, -250.50701754385491]
SPS=346
Eval at step 7480000, survival=22.413%, return=[-3.7480650037759915, 1095.2902650547044, -40.3016602337666, -187.4175438596466]
SPS=345
Eval at step 7520000, survival=27.769%, return=[-4.3519529384502675, 1358.2583454532619, -6.716550854130764, -227.35263157894087]
SPS=345
Eval at step 7560000, survival=31.419%, return=[-4.8362841620808465, 1539.8407277851106, -7.820956817831757, -266.37368421052037]
SPS=344
Eval at step 7600000, survival=45.795%, return=[-6.600327195698628, 2223.8196074500106, -9.013897215463658, -376.34035087717604]
SPS=343
Eval at step 7640000, survival=21.234%, return=[-3.6047754442843143, 1036.7271287717808, -7.865073103041505, -183.60350877192474]
SPS=342
Eval at step 7680000, survival=44.483%, return=[-6.208745920355431, 2187.7637253136645, -12.382988451615347, -376.95087719296896]
SPS=341
Eval at step 7720000, survival=35.027%, return=[-5.349702276685275, 1708.854712220193, -8.909619638766163, -287.01578947367653]
SPS=340
Eval at step 7760000, survival=46.675%, return=[-6.776338664290961, 2274.253956184864, -10.344869666381328, -380.99999999998414]
SPS=339
Eval at step 7800000, survival=29.841%, return=[-4.50651247081696, 1465.6660166711795, -9.2746664161642, -248.24736842104875]
SPS=338
Eval at step 7840000, survival=23.516%, return=[-3.794553583266679, 1148.3948892803203, -6.547299083025427, -195.3333333333279]
SPS=338
Eval at step 7880000, survival=38.352%, return=[-5.515059947373811, 1880.9853043284425, -9.009956171415979, -309.39824561402435]
SPS=337
Eval at step 7920000, survival=11.752%, return=[-2.4101872475119306, 576.0354499053954, -6.01592891158798, -98.66140350877352]
SPS=337
Eval at step 7960000, survival=27.137%, return=[-4.317519415798597, 1324.9130306777934, -7.319625828681092, -230.2192982456072]
SPS=337
Eval at step 8000000, survival=40.717%, return=[-5.957711317623034, 1990.1178897571522, -9.893305601668544, -331.80526315788177]
SPS=336
Eval at step 8040000, survival=13.335%, return=[-2.6160265713871924, 654.57508278656, -6.606154124374735, -109.34561403508965]
SPS=336
Eval at step 8080000, survival=33.105%, return=[-4.828952999494504, 1619.5777548308354, -7.694060886236548, -274.23157894735766]
SPS=335
Eval at step 8120000, survival=2.742%, return=[-1.3050541741133201, 137.2984079504013, -5.2454266983317215, -23.489473684210726]
SPS=335
Eval at step 8160000, survival=2.350%, return=[-1.2515638771292288, 117.94747383642198, -5.856103746743974, -25.74736842105267]
SPS=336
Eval at step 8200000, survival=3.862%, return=[-1.4482027579913848, 191.79464066123958, -5.521169163956074, -36.3736842105265]
SPS=336
Eval at step 8240000, survival=2.154%, return=[-1.2252441007236485, 109.3479310426712, -5.300226266356185, -21.45263157894737]
SPS=337
Eval at step 8280000, survival=4.185%, return=[-1.4748398338560946, 210.0372855968475, -5.552323500781495, -38.46666666666705]
SPS=337
Eval at step 8320000, survival=11.610%, return=[-2.4691598684119525, 572.8350523996367, -5.871486858138814, -103.00526315788986]
SPS=337
Eval at step 8360000, survival=13.209%, return=[-2.5842918320326134, 658.0821219539637, -5.694140548395808, -115.69122807017752]
SPS=337
Eval at step 8400000, survival=12.040%, return=[-2.4431863520818298, 601.6611706614494, -5.743517508974764, -116.80526315789548]
SPS=338
Eval at step 8440000, survival=7.405%, return=[-1.8855480417259969, 368.3050820112228, -5.541253873516689, -66.24561403508861]
SPS=338
Eval at step 8480000, survival=16.018%, return=[-3.030997128476156, 789.4801301250461, -5.863359343426055, -141.28947368421046]
SPS=338
Eval at step 8520000, survival=3.482%, return=[-1.3679335356864613, 177.0023959851265, -6.082089846444433, -34.03684210526334]
SPS=338
Eval at step 8560000, survival=3.607%, return=[-1.4104147879639641, 181.38315314817436, -6.819559900641616, -34.72280701754393]
SPS=339
Eval at step 8600000, survival=5.960%, return=[-1.6895850673899986, 299.998946354866, -6.699796848214101, -52.956140350877675]
SPS=339
Eval at step 8640000, survival=8.787%, return=[-2.00539930179948, 442.4182757244109, -6.027978851847001, -76.31403508772033]
SPS=339
Eval at step 8680000, survival=16.003%, return=[-2.9525914088240826, 794.5263936982158, -6.091182480662246, -140.56842105263186]
SPS=339
Eval at step 8720000, survival=14.353%, return=[-2.779715877084527, 710.2807326078415, -5.885380632703891, -124.04385964912379]
SPS=339
Eval at step 8760000, survival=28.514%, return=[-4.426531492569484, 1415.1892173495303, -7.16694323379379, -245.30175438595793]
SPS=339
Eval at step 8800000, survival=26.089%, return=[-4.11988348478917, 1289.2682867155058, -6.005850255466612, -221.8473684210488]
SPS=338
Eval at step 8840000, survival=19.912%, return=[-3.4912744035071226, 981.1930894513132, -6.5113798126250915, -172.48070175438315]
SPS=338
Eval at step 8880000, survival=14.153%, return=[-2.747315193794202, 697.9495770154007, -6.7445373179220045, -122.43508771929979]
SPS=338
Eval at step 8920000, survival=20.580%, return=[-3.4956376698974054, 1019.5480826001179, -7.01457296784065, -181.3807017543826]
SPS=338
Eval at step 8960000, survival=32.712%, return=[-5.168334830342792, 1604.6992951235788, -7.218710977359296, -284.4666666666576]
SPS=337
Eval at step 9000000, survival=28.152%, return=[-4.422550851141568, 1394.5657196578968, -6.5299788888482, -246.97894736841735]
SPS=337
Eval at step 9040000, survival=22.158%, return=[-3.798519836360356, 1088.22065094471, -6.760910063361007, -197.68596491227535]
SPS=337
Eval at step 9080000, survival=21.489%, return=[-3.6474284716823604, 1062.1137001752857, -6.42495032030165, -193.1035087719325]
SPS=336
Eval at step 9120000, survival=22.221%, return=[-3.801899862749269, 1090.5048918056486, -6.738181623999845, -198.82280701754055]
SPS=336
Eval at step 9160000, survival=25.532%, return=[-4.11605700442451, 1262.516850391387, -6.79693657890748, -233.71929824560758]
SPS=336
Eval at step 9200000, survival=26.388%, return=[-4.1073163048946295, 1305.713361943722, -6.033287027826191, -237.47894736841377]
SPS=335
Eval at step 9240000, survival=10.826%, return=[-2.409804027591599, 531.3469427561758, -6.584790818962938, -109.57017543859641]
SPS=336
Eval at step 9280000, survival=18.160%, return=[-3.272992146626348, 893.787827930451, -6.560677499887243, -173.95438596491164]
SPS=335
Eval at step 9320000, survival=23.493%, return=[-4.077676197543042, 1142.6048368225097, -8.082643237562298, -215.22280701754312]
SPS=335
Eval at step 9360000, survival=15.759%, return=[-2.9412063141528053, 779.8292846298219, -6.979373563232912, -150.8210526315817]
SPS=335
Eval at step 9400000, survival=16.801%, return=[-3.024575860903133, 833.5230521545411, -7.599067192641814, -171.452631578948]
SPS=335
Eval at step 9440000, survival=24.404%, return=[-3.9809736290422735, 1206.8387215137484, -7.927433682349511, -236.29122807017174]
SPS=335
Eval at step 9480000, survival=16.917%, return=[-3.062343514995882, 838.0580100355148, -6.7557346661851625, -165.15614035087737]
SPS=334
Eval at step 9520000, survival=16.193%, return=[-3.0720491438754833, 792.6450646591187, -6.448149660244235, -160.8070175438595]
SPS=334
Eval at step 9560000, survival=21.670%, return=[-3.7841907633875964, 1060.0373358864779, -7.683773330285112, -224.39824561403356]
SPS=334
Eval at step 9600000, survival=21.453%, return=[-3.709192163211992, 1053.6884857525824, -7.58115666387157, -217.9421052631555]
SPS=334
Eval at step 9640000, survival=22.365%, return=[-3.8249542456818744, 1092.7392566571227, -10.579606008885367, -237.03333333332915]
SPS=333
Eval at step 9680000, survival=20.693%, return=[-3.604304319090443, 1015.7279868135445, -7.58453815359116, -214.59999999999695]
SPS=333
Eval at step 9720000, survival=24.704%, return=[-4.0238983278977685, 1212.447787117959, -6.73450508552105, -250.88245614034653]
SPS=332
Eval at step 9760000, survival=20.322%, return=[-3.6141260967124254, 990.8688602495204, -8.159358447875274, -208.05087719297822]
SPS=332
Eval at step 9800000, survival=39.828%, return=[-5.915291861392324, 1949.6040589933405, -10.952944336141082, -417.45789473682646]
SPS=332
Eval at step 9840000, survival=27.268%, return=[-4.440198446868453, 1332.8653262028697, -10.030713489956906, -295.82631578946706]
SPS=331
Eval at step 9880000, survival=25.210%, return=[-4.305512658227235, 1216.5474923491477, -8.877615363129006, -255.17192982455703]
SPS=331
Eval at step 9920000, survival=24.278%, return=[-4.104830372246215, 1182.3965441904074, -7.579087840873399, -253.05263157894586]
SPS=331
Eval at step 9960000, survival=19.870%, return=[-3.5569712310738395, 966.1494611663817, -8.201522100665898, -203.82456140351002]
SPS=331
Eval at step 10000000, survival=19.678%, return=[-3.4606533501995727, 963.9746288537979, -9.752792777235845, -200.6666666666662]
SPS=330
Eval at step 10040000, survival=23.984%, return=[-4.016243326192489, 1173.445824062824, -9.136805788602942, -240.5526315789438]
SPS=330
Eval at step 10080000, survival=17.062%, return=[-3.1981213803112043, 832.3399266414641, -7.523582384930341, -180.56842105263232]
SPS=330
Eval at step 10120000, survival=23.553%, return=[-4.065798651054502, 1149.742128067017, -8.12983282183195, -245.98947368420505]
SPS=330
Eval at step 10160000, survival=44.448%, return=[-6.817525693279459, 2163.436154988768, -11.743926843360395, -470.7771929824423]
SPS=329
Eval at step 10200000, survival=26.982%, return=[-4.593770573608344, 1308.04080610323, -9.473995903547621, -265.83333333333064]
SPS=329
Eval at step 10240000, survival=22.321%, return=[-3.972923770133639, 1081.6136894330975, -8.851325576874297, -237.10877192982306]
SPS=329
Eval at step 10280000, survival=15.892%, return=[-3.023759340250399, 778.8069550180428, -7.867990266661218, -169.93157894736947]
SPS=329
Eval at step 10320000, survival=21.438%, return=[-3.8667188095569145, 1042.4073472695347, -9.808899381349283, -231.86140350877]
SPS=328
Eval at step 10360000, survival=3.294%, return=[-1.4416076775291002, 162.18909119129185, -5.770566029139445, -33.09298245614059]
SPS=329
Eval at step 10400000, survival=5.925%, return=[-1.791507048549829, 291.5016705369949, -6.928943189943675, -61.68245614035136]
SPS=329
Eval at step 10440000, survival=12.080%, return=[-2.55360611640499, 592.4360917997354, -7.484811096240446, -124.22105263157819]
SPS=329
Eval at step 10480000, survival=17.715%, return=[-3.2584768839704337, 871.1294333004951, -7.9801106512124536, -183.25438596491057]
SPS=329
Eval at step 10520000, survival=20.223%, return=[-3.643581102375174, 983.1696442823397, -11.243470549195626, -211.78245614034728]
SPS=329
Eval at step 10560000, survival=15.732%, return=[-3.0033172256604304, 773.7750121555321, -8.586637971035088, -169.73684210526008]
SPS=329
Eval at step 10600000, survival=15.658%, return=[-3.014071252726717, 764.4222959303858, -8.108169816449845, -166.5087719298238]
SPS=329
Eval at step 10640000, survival=19.570%, return=[-3.5559804947464726, 955.2275014986988, -7.85891074521096, -201.85614035087383]
SPS=329
Eval at step 10680000, survival=24.625%, return=[-4.226174969424028, 1199.6144679803842, -13.70945251970188, -257.21228070174914]
SPS=329
Eval at step 10720000, survival=21.117%, return=[-3.83651997167035, 1026.7570362257954, -7.714425954686158, -228.85964912280625]
SPS=329
Eval at step 10760000, survival=12.853%, return=[-2.7538330803858115, 620.5359901323313, -7.433701776986709, -134.05438596491095]
SPS=329
Eval at step 10800000, survival=18.357%, return=[-3.322542390914168, 907.3207651176448, -8.141053338894562, -195.8859649122794]
SPS=329
Eval at step 10840000, survival=12.125%, return=[-2.6791148528805935, 583.5463588471414, -9.241840388960554, -127.10701754386132]
SPS=329
Eval at step 10880000, survival=18.673%, return=[-3.4167988905857785, 914.947282066345, -6.698664799377729, -196.1842105263176]
SPS=329
Eval at step 10920000, survival=25.081%, return=[-4.332932244078256, 1224.0317794795033, -7.743385701177249, -280.2192982456092]
SPS=329
Eval at step 10960000, survival=27.307%, return=[-4.448800747841597, 1335.4429939155552, -8.118394387068474, -297.5754385964826]
SPS=328
Eval at step 11000000, survival=16.827%, return=[-3.191410249506589, 823.9452242498407, -9.788423724556925, -181.30175438596387]
SPS=328
Eval at step 11040000, survival=25.594%, return=[-4.316599319176748, 1254.6764164462097, -10.98516749252667, -288.28947368420586]
SPS=328
Eval at step 11080000, survival=24.039%, return=[-4.057854160666466, 1176.4540178394313, -8.773790061099863, -274.5263157894675]
SPS=328
Eval at step 11120000, survival=15.093%, return=[-2.9526110004051587, 737.5652600393287, -7.370004847731616, -160.36140350877145]
SPS=328
Eval at step 11160000, survival=25.508%, return=[-4.477900002151728, 1236.043804994582, -9.166201440069926, -285.45964912280124]
SPS=328
Eval at step 11200000, survival=17.587%, return=[-3.3521296982187776, 855.7636889314648, -7.29917011776306, -191.24561403508852]
SPS=328
Eval at step 11240000, survival=12.343%, return=[-2.6362549753917848, 601.8456119232178, -6.759229161295434, -128.32982456140275]
SPS=328
Eval at step 11280000, survival=10.749%, return=[-2.3775901951245033, 527.1827441167836, -7.0116347958570255, -114.19473684210547]
SPS=328
Eval at step 11320000, survival=14.820%, return=[-3.0102600484329742, 717.009302429199, -7.567261547946691, -164.54561403508663]
SPS=328
Eval at step 11360000, survival=23.328%, return=[-4.251531216903823, 1123.1405726690296, -8.739541151471531, -264.95087719297874]
SPS=328
Eval at step 11400000, survival=16.992%, return=[-3.3238689034595152, 819.0565289363858, -7.5865654122048, -187.3999999999972]
SPS=328
Eval at step 11440000, survival=15.755%, return=[-3.0720996891439425, 768.6077889809602, -9.05529889657446, -181.8333333333331]
SPS=328
Eval at step 11480000, survival=11.813%, return=[-2.6081915251270402, 570.1409283123014, -6.735312344810518, -126.02982456140428]
SPS=328
Eval at step 11520000, survival=22.851%, return=[-4.032218289596495, 1113.1384263658529, -9.414154932305973, -259.5701754385925]
SPS=328
Eval at step 11560000, survival=19.802%, return=[-3.665009108436061, 961.0441910138125, -8.823453128876281, -230.2280701754356]
SPS=328
Eval at step 11600000, survival=27.375%, return=[-4.68077874656301, 1330.2883215432162, -9.207220389039772, -324.7982456140286]
SPS=328
Eval at step 11640000, survival=27.739%, return=[-4.805810926156118, 1343.2627638030062, -10.95668983331998, -338.48070175437715]
SPS=327
Eval at step 11680000, survival=17.421%, return=[-3.406579821865307, 841.6778656220434, -7.756671613824073, -208.28596491228046]
SPS=327
Eval at step 11720000, survival=19.466%, return=[-3.5990668718819507, 947.275646329879, -7.708703894127393, -228.35614035087627]
SPS=327
Eval at step 11760000, survival=26.510%, return=[-4.675783543009311, 1277.7165090756416, -9.906446892430996, -320.17894736841515]
SPS=327
Eval at step 11800000, survival=33.031%, return=[-5.436378493823577, 1606.7919931435551, -12.765173539348506, -411.60701754384706]
SPS=326
Eval at step 11840000, survival=31.860%, return=[-5.417540604504756, 1538.8854886803613, -10.45343431820147, -384.63333333332383]
SPS=326
Eval at step 11880000, survival=15.477%, return=[-3.092438986164052, 750.8591596994398, -7.501636200030407, -181.9245614035093]
SPS=326
Eval at step 11920000, survival=29.012%, return=[-4.977624626731267, 1409.6630873632446, -9.878066594740085, -353.6999999999921]
SPS=326
Eval at step 11960000, survival=21.381%, return=[-3.951456926920218, 1037.994477112293, -9.47057171988872, -257.36842105262883]
SPS=326
Eval at step 12000000, survival=16.651%, return=[-3.340909532934893, 803.7955999612808, -8.718696261158584, -192.21754385964888]
SPS=326
Eval at step 12040000, survival=25.311%, return=[-4.530784210114507, 1224.604532482626, -9.153094490471357, -292.0771929824516]
SPS=326
Eval at step 12080000, survival=32.132%, return=[-5.3880627953272775, 1560.9847490749366, -10.689044109469615, -382.989473684201]
SPS=325
Eval at step 12120000, survival=20.986%, return=[-3.959144903323613, 1009.8105215883248, -25.187515891596195, -244.06315789473462]
SPS=325
Eval at step 12160000, survival=17.078%, return=[-3.3445021549297964, 830.8379054937365, -10.82137485015628, -198.24912280701523]
SPS=325
Eval at step 12200000, survival=19.518%, return=[-3.697822849388467, 946.6509371161467, -8.100517192820552, -231.94561403508425]
SPS=325
Eval at step 12240000, survival=7.929%, return=[-2.078481629403541, 384.4268519563673, -8.625187264164925, -87.75964912280814]
SPS=325
Eval at step 12280000, survival=22.212%, return=[-4.0653637937852185, 1076.8184111723897, -7.98048060313522, -245.63859649122756]
SPS=325
Eval at step 12320000, survival=21.014%, return=[-3.9192925598996227, 1010.8293981556893, -8.625217481478284, -224.1649122806994]
SPS=325
Eval at step 12360000, survival=29.322%, return=[-4.9886782032786865, 1426.6858691024788, -8.62378695446032, -323.77017543859273]
SPS=325
Eval at step 12400000, survival=31.534%, return=[-5.309672367892927, 1529.3122478656776, -11.158153151052465, -362.9087719298127]
SPS=324
Eval at step 12440000, survival=33.677%, return=[-5.566082595923217, 1639.485855708598, -10.493613840040416, -388.13508771928934]
SPS=324
Eval at step 12480000, survival=30.789%, return=[-5.116784465214005, 1487.001906069756, -9.39762568143633, -347.7719298245568]
SPS=324
Eval at step 12520000, survival=24.936%, return=[-4.492844977072673, 1195.9802365875253, -8.738116520985022, -282.95087719298044]
SPS=323
Eval at step 12560000, survival=25.578%, return=[-4.453914646647172, 1243.0307761197098, -9.163134042317688, -301.27894736841756]
SPS=323
Eval at step 12600000, survival=33.869%, return=[-5.637840997899184, 1637.512798082831, -8.288813472464245, -391.82982456139405]
SPS=323
Eval at step 12640000, survival=32.563%, return=[-5.159852834930644, 1587.3014398007404, -9.972087300442217, -389.1894736841969]
SPS=322
Eval at step 12680000, survival=20.595%, return=[-3.779384406056488, 993.6700697548404, -7.7150147053074765, -219.23157894736642]
SPS=322
Eval at step 12720000, survival=27.246%, return=[-4.670445734134409, 1318.8133543958659, -8.758695969914333, -301.54035087718927]
SPS=322
Eval at step 12760000, survival=24.441%, return=[-4.240117298648693, 1185.4922141227703, -10.196294909743665, -276.5350877192956]
SPS=322
Eval at step 12800000, survival=27.587%, return=[-4.6731051289069, 1338.7297678308482, -10.428162805640023, -312.7614035087658]
SPS=322
Eval at step 12840000, survival=21.638%, return=[-3.955536871770164, 1041.326607441902, -10.056237929518101, -238.84035087719008]
SPS=322
Eval at step 12880000, survival=17.139%, return=[-3.26694264159305, 830.2205686268824, -8.141020281650707, -188.94035087719203]
SPS=322
Eval at step 12920000, survival=34.219%, return=[-5.597142954100855, 1659.7687632555976, -13.454682374410549, -416.3350877192914]
SPS=321
Eval at step 12960000, survival=24.247%, return=[-4.268278622633079, 1175.6734891796104, -8.555603512959351, -277.528070175436]
SPS=321
Eval at step 13000000, survival=41.329%, return=[-6.499663911247626, 2008.9659628400818, -10.472379360234118, -500.2719298245459]
SPS=321
Eval at step 13040000, survival=31.342%, return=[-5.0504877848201435, 1534.4722940902698, -10.86433357549904, -390.4614035087604]
SPS=320
Eval at step 13080000, survival=10.996%, return=[-2.417397151555633, 538.1187773523325, -6.873633494881505, -125.28596491228066]
SPS=321
Eval at step 13120000, survival=23.859%, return=[-4.152074434107635, 1164.3282066178315, -7.990302040650249, -280.72280701753914]
SPS=320
Eval at step 13160000, survival=44.019%, return=[-6.8992578133824285, 2127.2971383881545, -13.384634859951484, -507.5263157894568]
SPS=320
Eval at step 13200000, survival=26.476%, return=[-4.6333928787498735, 1277.1144019222265, -9.5679433687254, -307.7754385964892]
SPS=320
Eval at step 13240000, survival=25.384%, return=[-4.405776773171965, 1230.346061677455, -9.829034153752946, -287.6122807017484]
SPS=319
Eval at step 13280000, survival=34.401%, return=[-5.806108037626837, 1652.7322756156925, -11.160373509249894, -398.3824561403431]
SPS=319
Eval at step 13320000, survival=46.106%, return=[-7.2906218228803485, 2238.2832350873955, -13.677079483625494, -576.0631578947184]
SPS=318
Eval at step 13360000, survival=24.144%, return=[-4.24243660060456, 1174.8731606173508, -9.428415469067478, -291.0175438596417]
SPS=318
Eval at step 13400000, survival=21.244%, return=[-3.8495597357687075, 1030.1638931255338, -9.396922013488439, -235.63684210526077]
SPS=318
Eval at step 13440000, survival=28.162%, return=[-4.88932913147728, 1357.2243223237997, -8.62513572604912, -316.6473684210496]
SPS=318
Eval at step 13480000, survival=17.618%, return=[-3.3113234455813654, 851.2033402819643, -7.555830167505337, -195.76842105262716]
SPS=318
Eval at step 13520000, survival=18.125%, return=[-3.5326373332121874, 867.9656395559316, -7.993698455348567, -198.74210526315878]
SPS=318
Eval at step 13560000, survival=24.565%, return=[-4.352519143972313, 1195.8169722728721, -8.696914780120096, -305.11754385964275]
SPS=318
Eval at step 13600000, survival=21.460%, return=[-3.9379176667367575, 1032.0910029501906, -8.226010949324337, -231.582456140352]
SPS=318
Eval at step 13640000, survival=45.744%, return=[-7.17256733198883, 2211.0883165698065, -11.741469568201136, -532.6543859648962]
SPS=317
Eval at step 13680000, survival=45.947%, return=[-7.163728058629204, 2232.2303930997846, -11.22647015808177, -551.8701754385783]
SPS=317
Eval at step 13720000, survival=29.576%, return=[-5.061884422687581, 1429.3649753880502, -8.346062525968591, -342.829824561399]
SPS=316
Eval at step 13760000, survival=39.298%, return=[-6.098419738840311, 1909.8298393058762, -12.605597857429894, -457.10350877191513]
SPS=316
Eval at step 13800000, survival=20.413%, return=[-3.717492139583919, 994.5425301475536, -7.89190487080341, -237.0631578947328]
SPS=316
Eval at step 13840000, survival=33.447%, return=[-5.692748660431244, 1612.3209337449066, -9.485410548487561, -404.9578947368327]
SPS=316
Eval at step 13880000, survival=18.932%, return=[-3.672396423621103, 911.0147111034397, -9.166281443075922, -216.4175438596473]
SPS=316
Eval at step 13920000, survival=28.165%, return=[-4.88766033560969, 1360.289975203513, -10.807180713112029, -335.08070175437933]
SPS=315
Eval at step 13960000, survival=28.564%, return=[-4.80448393036495, 1387.4351858091331, -10.48381276415057, -347.9456140350766]
SPS=315
Eval at step 14000000, survival=34.087%, return=[-5.725452511181357, 1640.841550974846, -9.540543033466019, -400.7824561403421]
SPS=315
Eval at step 14040000, survival=35.346%, return=[-5.681538444122998, 1712.2911768231413, -12.759711363215866, -441.745614035074]
SPS=315
Eval at step 14080000, survival=17.387%, return=[-3.363238530076342, 832.8100062437037, -9.269867844895634, -204.99999999999568]
SPS=315
Eval at step 14120000, survival=33.343%, return=[-5.5357765681575986, 1621.3877080116297, -10.26809706146596, -398.40526315788304]
SPS=314
Eval at step 14160000, survival=47.710%, return=[-7.4693030432390515, 2316.428563755516, -12.610820160871373, -552.2754385964756]
SPS=314
Eval at step 14200000, survival=36.783%, return=[-5.843785651621874, 1786.8247137355786, -10.084190943090107, -443.1596491227915]
SPS=313
Eval at step 14240000, survival=51.522%, return=[-7.941671608143952, 2492.1934167952522, -13.596817632939565, -610.3877192982245]
SPS=313
Eval at step 14280000, survival=20.140%, return=[-3.76198252250324, 974.7384460425385, -7.6955783970766785, -226.12631578946957]
SPS=313
Eval at step 14320000, survival=42.618%, return=[-6.7312232069729365, 2063.010816197396, -9.606588013037396, -490.98421052630226]
SPS=312
Eval at step 14360000, survival=37.054%, return=[-6.369244811136741, 1782.5113707375524, -11.406846306414627, -463.2263157894593]
SPS=312
Eval at step 14400000, survival=32.915%, return=[-5.52387938775937, 1589.5946735072123, -10.892843591384736, -401.56842105262115]
SPS=312
Eval at step 14440000, survival=23.904%, return=[-4.350686529173982, 1149.654730386257, -9.353102234295875, -272.92807017543424]
SPS=311
Eval at step 14480000, survival=35.713%, return=[-5.994840670184931, 1714.2313130197513, -10.846629980534454, -416.11403508770763]
SPS=311
Eval at step 14520000, survival=24.361%, return=[-4.411718258965993, 1179.3925888009078, -9.652644652647723, -295.27894736841733]
SPS=311
Eval at step 14560000, survival=41.780%, return=[-6.8943623968109025, 2011.4798730788257, -28.09818454037486, -510.9789473684083]
SPS=311
Eval at step 14600000, survival=54.824%, return=[-8.371873104636325, 2646.452189725397, -10.952359496196005, -621.8842105262931]
SPS=310
Eval at step 14640000, survival=36.043%, return=[-6.041895098827081, 1737.624985089305, -10.720130840289311, -405.23684210525306]
SPS=310
Eval at step 14680000, survival=35.651%, return=[-6.010711508081295, 1717.1215395541174, -9.638888684097036, -404.4105263157793]
SPS=309
Eval at step 14720000, survival=30.351%, return=[-5.372745117451996, 1457.8163633946187, -12.520444668155141, -375.6491228070109]
SPS=309
Eval at step 14760000, survival=40.502%, return=[-6.508309130556881, 1960.1843076720247, -13.876403569044488, -441.10350877191723]
SPS=309
Eval at step 14800000, survival=55.088%, return=[-8.515892320603598, 2660.436817877771, -14.020976453527874, -652.8789473683971]
SPS=308
Eval at step 14840000, survival=34.582%, return=[-5.833407736843219, 1668.19992249012, -10.717206753782829, -401.9964912280642]
SPS=308
Eval at step 14880000, survival=51.486%, return=[-8.127787340024952, 2478.4505640721286, -14.238548574795232, -629.7666666666443]
SPS=307
Eval at step 14920000, survival=39.731%, return=[-6.3729770745441785, 1908.6885392007855, -10.844108221126362, -427.8052631578818]
SPS=307
Eval at step 14960000, survival=41.833%, return=[-6.762027540744748, 2026.1594503092783, -11.724936430605158, -495.2403508771798]
SPS=306
Eval at step 15000000, survival=44.090%, return=[-6.944404537806986, 2130.2320514249814, -10.576318807615099, -525.7456140350694]
SPS=306
[1;34mwandb[0m: 
[1;34mwandb[0m: 🚀 View run [33mMAPPO_bus14_T_0_0__I__1779618709_5661[0m at: [34mhttps://wandb.ai/corentin-plumet-epfl/Grid2Op/runs/MAPPO_bus14_T_0_0__I__1779618709_5661[0m
[1;34mwandb[0m: Find logs at: [1;35mwandb/wandb/run-20260524_123307-MAPPO_bus14_T_0_0__I__1779618709_5661/logs[0m
Job 54654019 finished at lun 25 mai 2026 02:08:30 CEST
