Job 54655972 started on jst059 at dim 24 mai 2026 18:35:23 CEST
Training configuration:
  conda env       : marl2grid
  algorithm       : MAPPO
  env             : bus14
  seed            : 0
  total timesteps : 25000000
  n envs          : 20
  torch threads   : 20
  wandb mode      : online
Running: python -u main.py --alg MAPPO --env-id bus14 --action-type topology --seed 0 --total-timesteps 25000000 --n-envs 20 --n-threads 20 --cuda False --checkpoint True --wandb-project Grid2Op --wandb-entity corentin-plumet-epfl --wandb-mode online --time-limit 1300  --total-timesteps 15000000 --eval-freq 40000 --actor-layers 256 256 256 --critic-layers 256 256 256 --actor-lr 0.0001 --critic-lr 0.0001 --gamma 0.9 --gae-lambda 0.95 --update-epochs 10 --max-grad-norm 1.0 --clip-coef 0.2 --vf-coef 0.5 --norm-reward True --deterministic-eval True --n-steps 2000 --n-minibatches 16 --entropy-coef 0.01 --target-kl 0.02 --init-do-nothing-prob 0.999 --exp-tag p0_0999_entropy001_20env
Eval at step 40000, survival=16.592%, return=[-2.8072594852244945, 779.397775568962, -5.010612368712463, -1.0]
SPS=243
Eval at step 80000, survival=20.696%, return=[-3.3220583320304287, 961.9907092905039, -5.01076949230046, -1.0]
SPS=280
Eval at step 120000, survival=19.640%, return=[-3.151903541723732, 918.9042451190938, -5.009111287123233, -1.0]
SPS=298
Eval at step 160000, survival=24.046%, return=[-3.6835670026077425, 1120.952952542304, -5.010000263255097, -1.0]
SPS=294
Eval at step 200000, survival=19.149%, return=[-3.144247958646156, 891.332781329154, -5.009660415526014, -1.0]
SPS=294
Eval at step 240000, survival=19.276%, return=[-3.0994937255221884, 904.5805676221847, -5.010104781278642, -1.0]
SPS=296
Eval at step 280000, survival=16.438%, return=[-2.819328415900236, 767.181741805077, -5.012019313488008, -1.0]
SPS=301
Eval at step 320000, survival=10.030%, return=[-2.0602857044141274, 471.9977261543273, -5.009795589809073, -1.0]
SPS=308
Eval at step 360000, survival=15.859%, return=[-2.730214242701186, 743.028237433434, -5.00912000503231, -1.0]
SPS=310
Eval at step 400000, survival=16.567%, return=[-2.8625817464257124, 770.0180552196508, -5.008732100260022, -1.0]
SPS=312
Eval at step 440000, survival=14.939%, return=[-2.6576399839483202, 696.1182404184342, -5.0090394650120285, -1.0]
SPS=315
Eval at step 480000, survival=17.587%, return=[-2.942136597930221, 822.1096445512767, -5.010076035417251, -1.0]
SPS=317
Eval at step 520000, survival=27.753%, return=[-4.178748227731558, 1283.3194135808938, -5.0228651169447405, -1.0087719298245612]
SPS=315
Eval at step 560000, survival=16.824%, return=[-2.8621887706802225, 785.2416535615916, -5.010558407391363, -1.0]
SPS=318
Eval at step 600000, survival=16.058%, return=[-2.7744421781913844, 750.2804771804812, -5.013847617336433, -1.0]
SPS=320
Eval at step 640000, survival=30.836%, return=[-4.502206691115862, 1430.4473979415886, -5.275574990230962, -2.175438596491229]
SPS=318
Eval at step 680000, survival=20.502%, return=[-3.228048556135036, 950.307491952896, -4.686148777926064, -1.0982456140350876]
SPS=319
Eval at step 720000, survival=24.092%, return=[-3.7035043768177274, 1121.0639398269645, -5.292432392251794, -1.4245614035087715]
SPS=318
Eval at step 760000, survival=26.678%, return=[-3.9572321423445826, 1245.631507062912, -5.075882267871203, -1.2350877192982455]
SPS=317
Eval at step 800000, survival=20.738%, return=[-3.3169224092387593, 965.946761126519, -5.045675373718768, -1.024561403508772]
SPS=318
Eval at step 840000, survival=24.607%, return=[-3.726115632778965, 1147.9145146837222, -5.36099734013842, -1.3842105263157893]
SPS=318
Eval at step 880000, survival=20.118%, return=[-3.302462469006423, 928.975872330189, -5.199060634176931, -1.4964912280701754]
SPS=319
Eval at step 920000, survival=15.982%, return=[-2.7655246396083384, 747.0885943717954, -5.178081083841971, -1.0736842105263158]
SPS=321
Eval at step 960000, survival=19.298%, return=[-3.1367827239912005, 902.2438322515493, -5.129216818523128, -1.0228070175438595]
SPS=322
Eval at step 1000000, survival=14.452%, return=[-2.6262261396506803, 670.5560256052022, -5.343549069036089, -1.2964912280701753]
SPS=325
Eval at step 1040000, survival=18.545%, return=[-3.0870399167120923, 862.1582035875315, -5.027040806677542, -1.0228070175438595]
SPS=326
Eval at step 1080000, survival=22.898%, return=[-3.58465954233543, 1063.5195916910163, -5.154467827847839, -1.0684210526315792]
SPS=326
Eval at step 1120000, survival=14.492%, return=[-2.594448630674742, 677.138561553002, -5.298770143874572, -1.2035087719298245]
SPS=328
Eval at step 1160000, survival=16.663%, return=[-2.8892342918727083, 771.2971495122918, -5.135115587466862, -1.2666666666666666]
SPS=329
Eval at step 1200000, survival=22.444%, return=[-3.5227969961531924, 1045.052845904826, -5.413539808164932, -1.3771929824561402]
SPS=329
Eval at step 1240000, survival=15.141%, return=[-2.7185642024793197, 699.6213602695475, -5.08092765386391, -1.0175438596491229]
SPS=331
Eval at step 1280000, survival=22.372%, return=[-3.449174013832817, 1049.458599177361, -5.131253353825014, -1.1263157894736842]
SPS=331
Eval at step 1320000, survival=33.309%, return=[-4.788497709226794, 1544.9007158489233, -5.181801955131232, -1.4473684210526312]
SPS=329
Eval at step 1360000, survival=21.133%, return=[-3.396760304435156, 980.0429542653567, -5.285068609379232, -1.0491228070175438]
SPS=329
Eval at step 1400000, survival=20.069%, return=[-3.224528085446218, 936.8133457651131, -5.290733088683919, -1.6280701754385958]
SPS=330
Eval at step 1440000, survival=22.021%, return=[-3.4123108223604506, 1031.1866906147002, -5.258973445792799, -2.950877192982454]
SPS=330
Eval at step 1480000, survival=16.597%, return=[-2.808023116103141, 778.9198176567554, -5.336453574975894, -1.307017543859649]
SPS=331
Eval at step 1520000, survival=26.711%, return=[-4.034833386400715, 1239.593938347817, -5.175073316480848, -1.1122807017543859]
SPS=331
Eval at step 1560000, survival=16.572%, return=[-2.874230764101958, 767.7734182901379, -5.158198551982059, -1.2035087719298245]
SPS=331
Eval at step 1600000, survival=18.759%, return=[-3.062469329382293, 876.5707612409593, -5.289519123540958, -1.5999999999999996]
SPS=332
Eval at step 1640000, survival=33.465%, return=[-4.727767647599103, 1549.5048799562446, -4.519123660362675, -0.9228070175438596]
SPS=331
Eval at step 1680000, survival=30.216%, return=[-4.350986989197554, 1410.1179818906799, -5.2729804042013715, -1.63859649122807]
SPS=330
Eval at step 1720000, survival=15.732%, return=[-2.7897198136139196, 727.8532240960601, -5.152225046194507, -1.0105263157894737]
SPS=330
Eval at step 1760000, survival=21.286%, return=[-3.390658837358933, 989.1430187673562, -5.242280469869729, -1.9140350877192982]
SPS=331
Eval at step 1800000, survival=15.195%, return=[-2.6905318614735734, 708.6873795232767, -5.408572538730368, -1.6052631578947363]
SPS=332
Eval at step 1840000, survival=30.796%, return=[-4.289383445825661, 1440.1149396286014, -5.882326061340246, -1.1526315789473687]
SPS=331
Eval at step 1880000, survival=15.176%, return=[-2.6379107658867724, 714.260801877022, -5.493036395941454, -1.3701754385964913]
SPS=332
Eval at step 1920000, survival=22.597%, return=[-3.4923871735692957, 1058.4230231347078, -5.400087587637245, -1.2157894736842105]
SPS=332
Eval at step 1960000, survival=28.631%, return=[-4.243663947418099, 1325.7367185211185, -5.3906770828964, -1.0701754385964912]
SPS=331
Eval at step 2000000, survival=27.496%, return=[-4.056283894600346, 1283.6516378996369, -5.266671426901302, -1.0280701754385966]
SPS=330
Eval at step 2040000, survival=18.115%, return=[-2.964449003682239, 851.0353314943311, -5.140636443123367, -1.0105263157894737]
SPS=330
Eval at step 2080000, survival=17.037%, return=[-2.8658749990398062, 796.8758080167765, -5.508262230121181, -1.0631578947368419]
SPS=331
Eval at step 2120000, survival=27.142%, return=[-4.040172157844063, 1263.3389289808272, -5.644982588922721, -1.087719298245614]
SPS=330
Eval at step 2160000, survival=44.751%, return=[-5.784812159574358, 2085.3184291982625, -7.433220326427863, -1.32982456140351]
SPS=328
Eval at step 2200000, survival=31.352%, return=[-4.4283698579005435, 1458.531272387503, -5.396870027333352, -1.0526315789473686]
SPS=326
Eval at step 2240000, survival=21.925%, return=[-3.47736452560639, 1016.7749791097642, -5.453375812503509, -1.0684210526315792]
SPS=326
Eval at step 2280000, survival=23.431%, return=[-3.6301164890930524, 1089.545822097779, -5.826229902368141, -1.0912280701754387]
SPS=326
Eval at step 2320000, survival=19.340%, return=[-3.1627851491444745, 898.6477274179464, -5.033398326462702, -3.9228070175438488]
SPS=326
Eval at step 2360000, survival=37.035%, return=[-5.1475056435738225, 1722.896722923279, -7.107527972234675, -1.3368421052631583]
SPS=323
Eval at step 2400000, survival=22.119%, return=[-3.4467969159479255, 1031.561767624378, -6.3513411631460714, -1.1701754385964915]
SPS=323
Eval at step 2440000, survival=34.515%, return=[-4.967727363598533, 1594.7397844848651, -5.180396380469756, -1.024561403508772]
SPS=322
Eval at step 2480000, survival=19.463%, return=[-3.2007141079579013, 901.5968547725688, -5.113051667931359, -1.0280701754385966]
SPS=323
Eval at step 2520000, survival=23.943%, return=[-3.6174536196049303, 1119.4857615375522, -6.896559538389193, -1.2350877192982461]
SPS=323
Eval at step 2560000, survival=15.398%, return=[-2.7022080681228546, 714.6723701858521, -5.745240868095425, -1.1192982456140352]
SPS=323
Eval at step 2600000, survival=31.964%, return=[-4.558631985232933, 1476.923812007905, -4.871408527850508, -0.9508771929824562]
SPS=323
Eval at step 2640000, survival=28.057%, return=[-4.164790032821474, 1302.3305504941923, -6.044747904062388, -1.1771929824561405]
SPS=322
Eval at step 2680000, survival=24.385%, return=[-3.6063930532021913, 1135.1234189558031, -6.099213157434519, -1.1491228070175443]
SPS=322
Eval at step 2720000, survival=31.538%, return=[-4.454433280741796, 1462.7914008233565, -6.29332397760154, -1.1807017543859655]
SPS=322
Eval at step 2760000, survival=17.780%, return=[-3.0097637376748025, 823.4877206897738, -5.02083745389682, -1.0035087719298246]
SPS=322
Eval at step 2800000, survival=37.160%, return=[-5.007934801961528, 1734.7997812576293, -7.251335764812756, -1.357894736842106]
SPS=321
Eval at step 2840000, survival=18.983%, return=[-3.121357754559722, 881.4487212581646, -5.367853068438126, -1.4245614035087715]
SPS=322
Eval at step 2880000, survival=19.506%, return=[-3.1860550139157566, 905.216309020042, -5.384875481302151, -1.2754385964912278]
SPS=322
Eval at step 2920000, survival=12.913%, return=[-2.4263591514900327, 602.2711803722386, -5.047328756712522, -1.0035087719298246]
SPS=323
Eval at step 2960000, survival=19.457%, return=[-3.1577387331286446, 906.4662143898018, -5.061330552294384, -1.0070175438596491]
SPS=323
Eval at step 3000000, survival=24.389%, return=[-3.738913287676405, 1136.7345684528352, -5.119832069741824, -14.308771929824783]
SPS=323
Eval at step 3040000, survival=12.814%, return=[-2.4322513038641773, 594.4251441097259, -5.027508275287983, -1.0105263157894737]
SPS=324
Eval at step 3080000, survival=21.398%, return=[-3.355813192378264, 1000.989534906387, -5.351732123905094, -3.6315789473684204]
SPS=324
Eval at step 3120000, survival=15.277%, return=[-2.70826594865066, 708.652221268655, -5.310348750948469, -1.4350877192982454]
SPS=325
Eval at step 3160000, survival=27.935%, return=[-4.149483931699069, 1297.90827351761, -5.155902314387186, -1.1859649122807017]
SPS=325
Eval at step 3200000, survival=17.839%, return=[-2.9578876122715885, 836.4306072568888, -5.0412833460199185, -1.024561403508772]
SPS=325
Eval at step 3240000, survival=24.927%, return=[-3.788262666540686, 1161.09408260727, -5.29438782593279, -1.494736842105263]
SPS=325
Eval at step 3280000, survival=24.933%, return=[-3.7345997463271488, 1166.0558532018665, -5.205020876069466, -2.5052631578947353]
SPS=325
Eval at step 3320000, survival=8.348%, return=[-1.8703689440910238, 394.501159649372, -5.596590096507498, -1.614035087719298]
SPS=326
Eval at step 3360000, survival=28.775%, return=[-4.265075614134548, 1335.3302642383574, -5.36584352987702, -1.9964912280701754]
SPS=326
Eval at step 3400000, survival=12.919%, return=[-2.430282030557282, 602.0689816780092, -5.133146691358706, -1.119298245614035]
SPS=327
Eval at step 3440000, survival=13.547%, return=[-2.4970930297859013, 630.5117240047459, -5.028725603083148, -1.024561403508772]
SPS=327
Eval at step 3480000, survival=25.890%, return=[-3.909072286268929, 1204.6846688795104, -5.099808866698186, -1.0298245614035086]
SPS=327
Eval at step 3520000, survival=13.067%, return=[-2.423995284072589, 612.7644288415913, -5.193555536967324, -1.1403508771929824]
SPS=328
Eval at step 3560000, survival=15.806%, return=[-2.7586076472245624, 735.7632824535375, -5.322705786044753, -1.3105263157894735]
SPS=328
Eval at step 3600000, survival=21.471%, return=[-3.3929815146722833, 1000.106690833092, -5.231902094127145, -1.1140350877192984]
SPS=328
Eval at step 3640000, survival=25.629%, return=[-3.867958123324206, 1193.1175643529882, -5.304631774977315, -1.3842105263157893]
SPS=328
Eval at step 3680000, survival=13.387%, return=[-2.488284925854532, 623.1151059236528, -5.436779697825114, -1.584210526315789]
SPS=329
Eval at step 3720000, survival=22.933%, return=[-3.547494260111125, 1069.449509717941, -5.524678356688673, -1.1263157894736842]
SPS=329
Eval at step 3760000, survival=19.466%, return=[-3.1525079762621315, 907.546471418379, -5.747091957883095, -1.5035087719298244]
SPS=329
Eval at step 3800000, survival=27.655%, return=[-4.07146253826213, 1290.5479924173346, -5.380630312941685, -1.7719298245614041]
SPS=329
Eval at step 3840000, survival=19.185%, return=[-3.1297535910096483, 894.4806778650279, -5.3975601147132695, -1.1894736842105265]
SPS=329
Eval at step 3880000, survival=24.498%, return=[-3.7118486034451053, 1144.556195084571, -5.290530076995492, -1.1596491228070174]
SPS=329
Eval at step 3920000, survival=19.771%, return=[-3.1907218627166003, 922.9184502716065, -5.236379190917387, -1.068421052631579]
SPS=329
Eval at step 3960000, survival=23.429%, return=[-3.6035807824286166, 1091.433736020803, -5.8602560964180155, -1.1140350877192984]
SPS=329
Eval at step 4000000, survival=18.922%, return=[-3.1243909713113682, 879.6848440551751, -5.718532756893547, -1.1315789473684212]
SPS=329
Eval at step 4040000, survival=29.195%, return=[-4.148537333379499, 1361.0359081525799, -6.831980632268142, -1.277192982456141]
SPS=329
Eval at step 4080000, survival=36.803%, return=[-5.0555905133252965, 1710.3873444652568, -5.195422528622293, -1.0631578947368423]
SPS=328
Eval at step 4120000, survival=25.264%, return=[-3.83499971886049, 1173.9917512741092, -6.968196561522154, -1.2649122807017545]
SPS=328
Eval at step 4160000, survival=30.017%, return=[-4.442783434782177, 1387.278654494285, -5.086156006497367, -1.0298245614035086]
SPS=328
Eval at step 4200000, survival=48.669%, return=[-6.284998840885237, 2263.389911732673, -6.542687917442345, -1.5245614035087736]
SPS=327
Eval at step 4240000, survival=27.722%, return=[-4.066479129041545, 1292.8742060537334, -6.56458294934273, -1.2526315789473688]
SPS=326
Eval at step 4280000, survival=40.779%, return=[-5.439275423606159, 1889.7440416479112, -4.47264702860266, -0.9035087719298247]
SPS=325
Eval at step 4320000, survival=36.496%, return=[-4.86652300923015, 1690.529837145808, -4.040036027225142, -0.8140350877192983]
SPS=325
Eval at step 4360000, survival=39.412%, return=[-5.4162095409585165, 1834.0673816900246, -6.928394318753544, -1.3315789473684219]
SPS=324
Eval at step 4400000, survival=27.149%, return=[-4.050222992623458, 1261.5231003112801, -5.2903997559966225, -1.0543859649122809]
SPS=324
Eval at step 4440000, survival=22.180%, return=[-3.4723256040539128, 1033.659266297341, -5.433008353075638, -1.0649122807017544]
SPS=324
Eval at step 4480000, survival=20.981%, return=[-3.35191873574513, 974.7667998867034, -5.845169104935485, -1.1087719298245615]
SPS=324
Eval at step 4520000, survival=33.750%, return=[-4.642464489548002, 1575.3814875059124, -5.8137459405941625, -1.105263157894737]
SPS=323
Eval at step 4560000, survival=34.947%, return=[-4.952540582360234, 1621.2946339950568, -6.113810689097454, -1.2140350877192982]
SPS=323
Eval at step 4600000, survival=19.585%, return=[-3.183373017370468, 912.9733553314209, -5.105537670853664, -1.0210526315789472]
SPS=323
Eval at step 4640000, survival=36.073%, return=[-5.002606457017828, 1671.6038774843223, -5.754399306513915, -1.1578947368421058]
SPS=322
Eval at step 4680000, survival=19.769%, return=[-3.2265403097961096, 918.9951305437089, -5.164769942892599, -1.0421052631578946]
SPS=323
Eval at step 4720000, survival=26.902%, return=[-4.042474760283949, 1248.8203856563562, -5.040400428880093, -1.012280701754386]
SPS=322
Eval at step 4760000, survival=32.423%, return=[-4.642081786959897, 1504.7149301395425, -7.273198767613212, -1.3350877192982464]
SPS=322
Eval at step 4800000, survival=23.760%, return=[-3.6869353322021197, 1102.1649034471525, -5.292886875622207, -1.0368421052631578]
SPS=322
Eval at step 4840000, survival=25.268%, return=[-3.765550794854062, 1173.5828818697926, -5.0841719394229585, -0.9719298245614036]
SPS=322
Eval at step 4880000, survival=15.691%, return=[-2.7483390745182987, 729.5394812488564, -5.044115099660848, -1.0070175438596491]
SPS=323
Eval at step 4920000, survival=35.472%, return=[-4.866143661772367, 1652.770757603646, -5.617456268574097, -1.3859649122807016]
SPS=322
Eval at step 4960000, survival=37.772%, return=[-5.1704053219757045, 1753.3997679300296, -5.1551482998140274, -1.0070175438596491]
SPS=322
Eval at step 5000000, survival=24.797%, return=[-3.795240345055936, 1152.8902061841495, -5.326740307040746, -1.0421052631578949]
SPS=322
Eval at step 5040000, survival=42.832%, return=[-5.725616721488768, 1987.887857196809, -6.430067522361424, -1.2122807017543864]
SPS=321
Eval at step 5080000, survival=36.558%, return=[-5.064546260604402, 1706.520625876427, -6.601862800797972, -1.2228070175438597]
SPS=320
Eval at step 5120000, survival=26.880%, return=[-3.974593827518402, 1256.5722294702537, -6.38215757604994, -1.2000000000000002]
SPS=320
Eval at step 5160000, survival=32.217%, return=[-4.55790039479034, 1495.8511519145973, -4.735998390731401, -0.9385964912280702]
SPS=320
Eval at step 5200000, survival=32.587%, return=[-4.647736312035704, 1515.1107093877795, -6.063450463750814, -1.1543859649122807]
SPS=320
Eval at step 5240000, survival=34.102%, return=[-4.804341203847434, 1587.1095321292878, -8.055456032904658, -3.0999999999999863]
SPS=319
Eval at step 5280000, survival=38.883%, return=[-5.287091581826099, 1796.708632655143, -4.0403610619250685, -2.305263157894749]
SPS=319
Eval at step 5320000, survival=27.283%, return=[-3.9528183185262606, 1268.4088489532471, -4.855004494158493, -0.9666666666666668]
SPS=319
Eval at step 5360000, survival=37.789%, return=[-5.1073690288933, 1751.172153053285, -5.370576445475308, -1.0649122807017548]
SPS=318
Eval at step 5400000, survival=31.215%, return=[-4.554515674855793, 1444.5531578109258, -5.372470558586064, -1.0438596491228072]
SPS=318
Eval at step 5440000, survival=26.871%, return=[-3.921298124163877, 1250.5554649658197, -4.971456129407306, -1.2368421052631586]
SPS=318
Eval at step 5480000, survival=26.734%, return=[-3.841734771913616, 1249.5690397567753, -5.2267313735390415, -1.0192982456140354]
SPS=318
Eval at step 5520000, survival=17.066%, return=[-2.84684995059506, 802.7602724790578, -5.132024875590287, -2.4684210526315686]
SPS=318
Eval at step 5560000, survival=32.257%, return=[-4.582179877959424, 1507.9505386037818, -5.340778984653298, -1.2280701754385963]
SPS=318
Eval at step 5600000, survival=23.981%, return=[-3.5923143679101486, 1113.8774864864347, -5.525461009695573, -4.326315789473699]
SPS=318
Eval at step 5640000, survival=35.789%, return=[-5.008913236466469, 1665.959419958114, -5.592767799101421, -1.992982456140353]
SPS=318
Eval at step 5680000, survival=12.708%, return=[-2.3692547268699853, 596.5295620844363, -5.1460891051887305, -3.0052631578947326]
SPS=318
Eval at step 5720000, survival=29.318%, return=[-4.163378799136263, 1366.961244971275, -5.064175057658576, -1.0228070175438595]
SPS=318
Eval at step 5760000, survival=19.922%, return=[-3.209258952608798, 928.6969782323846, -5.358146844277508, -2.1912280701754403]
SPS=318
Eval at step 5800000, survival=32.867%, return=[-4.666651945729972, 1531.8786898822766, -5.517905840685126, -1.4789473684210523]
SPS=318
Eval at step 5840000, survival=29.816%, return=[-4.254317193944007, 1392.0419339799882, -4.5906683081353545, -26.95614035087784]
SPS=318
Eval at step 5880000, survival=18.769%, return=[-3.096330832655076, 873.1575305576328, -5.325686553743435, -1.0543859649122806]
SPS=318
Eval at step 5920000, survival=21.946%, return=[-3.4828910087351685, 1018.7817748689661, -5.0419104824006356, -1.0140350877192983]
SPS=318
Eval at step 5960000, survival=22.475%, return=[-3.51839222642011, 1045.227828187943, -5.036157368687782, -1.0035087719298246]
SPS=318
Eval at step 6000000, survival=26.569%, return=[-3.954741507326253, 1238.3962167682644, -5.548807781260985, -1.0789473684210527]
SPS=318
Eval at step 6040000, survival=19.291%, return=[-3.1523530518985354, 898.2451733732221, -5.0231516734929755, -2.054385964912277]
SPS=319
Eval at step 6080000, survival=25.768%, return=[-3.8823940831411163, 1199.246311941147, -5.102953349030576, -2.707017543859641]
SPS=319
Eval at step 6120000, survival=23.000%, return=[-3.6127738232316915, 1065.1094185733807, -5.03246902703213, -4.326315789473718]
SPS=319
Eval at step 6160000, survival=12.914%, return=[-2.408201981714228, 604.1545749330519, -5.031430028045724, -1.0912280701754387]
SPS=319
Eval at step 6200000, survival=10.341%, return=[-2.108710073598195, 483.0793107080459, -5.050938649528689, -6.728070175438697]
SPS=320
Eval at step 6240000, survival=27.685%, return=[-4.062380035378737, 1279.3003568096171, -4.660053249103294, -6.996491228070286]
SPS=319
Eval at step 6280000, survival=24.353%, return=[-3.7341601741325574, 1133.3019041728976, -5.060113899229327, -8.747368421052789]
SPS=320
Eval at step 6320000, survival=14.236%, return=[-2.5731962580175605, 662.5662369489667, -5.050498851333759, -8.733333333333396]
SPS=320
Eval at step 6360000, survival=20.810%, return=[-3.279397892829729, 975.445545802117, -5.036569442322798, -13.09122807017566]
SPS=320
Eval at step 6400000, survival=25.205%, return=[-3.83160086228163, 1173.4729126546388, -5.149327162916597, -16.635087719298568]
SPS=320
Eval at step 6440000, survival=17.729%, return=[-2.9523192069202198, 829.6623809528343, -5.0626205911314175, -10.384210526315947]
SPS=320
Eval at step 6480000, survival=17.723%, return=[-2.9562410474172793, 826.6950631475459, -5.019071168237133, -2.543859649122793]
SPS=321
Eval at step 6520000, survival=18.390%, return=[-3.0639182015031112, 853.0745302057258, -5.016640180328977, -2.5473684210526173]
SPS=321
Eval at step 6560000, survival=11.047%, return=[-2.2160357074637433, 515.9510118198396, -5.0141652532620355, -1.9280701754385958]
SPS=321
Eval at step 6600000, survival=15.565%, return=[-2.7185327367216816, 725.8342961549768, -5.0379621479427446, -1.0087719298245612]
SPS=322
Eval at step 6640000, survival=22.533%, return=[-3.4617759451910386, 1058.978945822716, -5.059310954547982, -14.87543859649144]
SPS=322
Eval at step 6680000, survival=14.437%, return=[-2.6148914484423584, 673.2088119745255, -5.0233465097117005, -9.933333333333525]
SPS=322
Eval at step 6720000, survival=19.162%, return=[-3.129253608896397, 892.7769956016537, -5.033825509216695, -3.163157894736835]
SPS=322
Eval at step 6760000, survival=17.743%, return=[-2.9236881364427973, 834.0810452985768, -5.050242459483707, -13.933333333333627]
SPS=322
Eval at step 6800000, survival=20.055%, return=[-3.26914433890488, 929.9567899370197, -5.016503629914951, -1.075438596491228]
SPS=323
Eval at step 6840000, survival=20.775%, return=[-3.2932623469561806, 971.6003973436357, -5.033065295682173, -7.92807017543864]
SPS=323
Eval at step 6880000, survival=24.221%, return=[-3.6855137813428884, 1130.1667570114137, -5.0753788631773205, -9.612280701754509]
SPS=323
Eval at step 6920000, survival=26.544%, return=[-3.899983915430494, 1242.2152336597442, -5.091503716039734, -5.3561403508772205]
SPS=323
Eval at step 6960000, survival=8.532%, return=[-1.9016950131510384, 402.71278410911566, -5.0272822430066295, -1.063157894736842]
SPS=323
Eval at step 7000000, survival=21.095%, return=[-3.3631377053970937, 981.1848844971653, -5.384951451752568, -1.0771929824561404]
SPS=323
Eval at step 7040000, survival=23.762%, return=[-3.677180280338507, 1104.0831711435335, -5.089713776997565, -1.0298245614035086]
SPS=323
Eval at step 7080000, survival=19.085%, return=[-3.1335025549982674, 886.722167730332, -5.016846306613298, -1.517543859649124]
SPS=324
Eval at step 7120000, survival=28.627%, return=[-4.200082188821398, 1340.8361926841735, -5.053223930201966, -30.705263157895395]
SPS=323
Eval at step 7160000, survival=19.190%, return=[-3.0968174489855302, 903.5479160356524, -5.039560086097117, -17.61403508771965]
SPS=324
Eval at step 7200000, survival=12.329%, return=[-2.365921452711336, 574.8218377923967, -5.017562465441733, -9.005263157894904]
SPS=324
Eval at step 7240000, survival=25.345%, return=[-3.823553479166003, 1183.0217511129376, -5.034724672620359, -5.8087719298245855]
SPS=324
Eval at step 7280000, survival=21.412%, return=[-3.3561056155478584, 999.6525511598584, -5.025046369980555, -3.6175438596491363]
SPS=324
Eval at step 7320000, survival=19.231%, return=[-3.1121254206460436, 901.9807861042027, -5.024708219458989, -1.949122807017544]
SPS=324
Eval at step 7360000, survival=16.292%, return=[-2.792577829241054, 762.5579659318919, -5.02966864526461, -1.1228070175438596]
SPS=324
Eval at step 7400000, survival=19.010%, return=[-3.1176318438374437, 884.427760066985, -5.042438583800686, -3.7614035087719464]
SPS=325
Eval at step 7440000, survival=23.579%, return=[-3.6053007224632894, 1101.6573328256595, -5.018056766108202, -1.0350877192982455]
SPS=325
Eval at step 7480000, survival=18.175%, return=[-3.005620289390208, 850.698575439453, -5.0142552488483485, -1.0087719298245614]
SPS=325
Eval at step 7520000, survival=16.791%, return=[-2.8830122929706703, 780.4390351343143, -5.011590210022405, -1.0087719298245612]
SPS=325
Eval at step 7560000, survival=18.619%, return=[-3.0302130438562016, 874.5978125286101, -5.014155050207046, -1.0105263157894737]
SPS=325
Eval at step 7600000, survival=23.813%, return=[-3.6789478379825598, 1109.1168840837486, -5.046219140863104, -16.477192982456486]
SPS=325
Eval at step 7640000, survival=8.915%, return=[-1.9599934862344526, 417.7715955686567, -5.014424897753633, -1.0017543859649123]
SPS=326
Eval at step 7680000, survival=17.631%, return=[-2.937328058911953, 823.4873705053335, -5.051933222336084, -1.1543859649122807]
SPS=326
Eval at step 7720000, survival=20.365%, return=[-3.282014415622689, 947.5060096883774, -5.012034345708889, -1.0087719298245612]
SPS=326
Eval at step 7760000, survival=21.068%, return=[-3.353417275135871, 981.3418287992475, -5.06016260343822, -1.0140350877192983]
SPS=326
Eval at step 7800000, survival=22.568%, return=[-3.524349843064556, 1049.7675531101227, -5.073618765796482, -1.0210526315789474]
SPS=326
Eval at step 7840000, survival=26.292%, return=[-3.968281882762676, 1222.6644280624375, -5.026386444241507, -1.8964912280701758]
SPS=326
Eval at step 7880000, survival=16.560%, return=[-2.807259886449901, 775.0970141267777, -5.041114782399381, -6.422807017543891]
SPS=326
Eval at step 7920000, survival=18.502%, return=[-3.03979852917837, 864.4474620819092, -5.017774604610167, -1.0052631578947369]
SPS=327
Eval at step 7960000, survival=34.699%, return=[-4.910163948853733, 1616.4015114831902, -5.120264352432787, -14.856140350877434]
SPS=326
Eval at step 8000000, survival=22.020%, return=[-3.433208356401883, 1030.3296307849882, -5.06624247324944, -10.287719298245765]
SPS=326
Eval at step 8040000, survival=17.104%, return=[-2.8913776618486735, 797.7371935129164, -5.073961069486541, -4.238596491228097]
SPS=326
Eval at step 8080000, survival=27.788%, return=[-4.110752681497251, 1293.504317650796, -5.096466022419554, -6.526315789473702]
SPS=326
Eval at step 8120000, survival=24.747%, return=[-3.758645579329459, 1152.8540748167045, -5.264510312021594, -1.726315789473686]
SPS=326
Eval at step 8160000, survival=20.645%, return=[-3.2457297186600043, 967.9521894884099, -5.138837504756521, -2.001754385964912]
SPS=326
Eval at step 8200000, survival=25.605%, return=[-3.92943759628688, 1183.496334218979, -5.080209579785878, -2.650877192982448]
SPS=326
Eval at step 8240000, survival=22.025%, return=[-3.4338095941988285, 1030.7551498174669, -5.035339723929065, -14.17719298245645]
SPS=326
Eval at step 8280000, survival=20.237%, return=[-3.250124571204651, 945.3717919397361, -5.039848128375889, -7.89649122807031]
SPS=327
Eval at step 8320000, survival=19.263%, return=[-3.177573657548055, 893.4280875301359, -5.168164123894348, -4.9736842105263666]
SPS=327
Eval at step 8360000, survival=26.417%, return=[-3.9871211377321742, 1226.4214392375932, -5.148190882454946, -1.0666666666666669]
SPS=327
Eval at step 8400000, survival=26.281%, return=[-4.085183731513098, 1245.387579035759, -5.025652262297808, -35.32105263157961]
SPS=326
Eval at step 8440000, survival=17.625%, return=[-2.9637624993454663, 824.7667098093034, -5.025609260055353, -4.047368421052656]
SPS=327
Eval at step 8480000, survival=20.315%, return=[-3.3405034971423446, 947.3252291045185, -5.140721566084539, -10.478947368421261]
SPS=327
Eval at step 8520000, survival=19.670%, return=[-3.236474996042671, 925.1028840255752, -5.0160891781890315, -14.417543859649381]
SPS=327
Eval at step 8560000, survival=21.916%, return=[-3.4464219324290752, 1023.6409781265269, -5.022451945132343, -3.717543859649111]
SPS=327
Eval at step 8600000, survival=19.232%, return=[-3.2247470258385875, 916.5959632158274, -5.03194233791437, -34.892982456140984]
SPS=327
Eval at step 8640000, survival=28.230%, return=[-4.336162134807092, 1343.6318981122963, -5.037359579920303, -47.37543859649209]
SPS=327
Eval at step 8680000, survival=26.328%, return=[-4.124982502264902, 1240.4225143671035, -5.063519923249805, -33.08421052631646]
SPS=327
Eval at step 8720000, survival=26.823%, return=[-4.125008028175216, 1279.3416564941404, -5.042405480492198, -48.62982456140451]
SPS=327
Eval at step 8760000, survival=22.013%, return=[-3.507678929832764, 1047.9191099643708, -5.146701902530912, -36.584210526316376]
SPS=327
Eval at step 8800000, survival=25.353%, return=[-4.075717157463077, 1211.6493935298918, -5.02221419246307, -52.67192982456239]
SPS=327
Eval at step 8840000, survival=21.560%, return=[-3.490811975672841, 1036.4555292749396, -5.26171019216199, -55.72631578947471]
SPS=327
Eval at step 8880000, survival=31.737%, return=[-4.76274629040272, 1516.4234824228272, -5.1154417943454975, -78.62456140351043]
SPS=327
Eval at step 8920000, survival=31.865%, return=[-4.850131780549418, 1520.7280285930638, -5.079657164888522, -72.3578947368436]
SPS=326
Eval at step 8960000, survival=32.669%, return=[-4.939847404713509, 1548.923060145376, -4.55170719314774, -65.90526315789614]
SPS=326
Eval at step 9000000, survival=46.298%, return=[-6.451715465477901, 2204.2873388481157, -5.207113851860413, -87.97192982456338]
SPS=326
Eval at step 9040000, survival=23.013%, return=[-3.8100351848930587, 1099.6071352386468, -5.046282641781909, -50.22807017543945]
SPS=326
Eval at step 9080000, survival=36.689%, return=[-5.302266516233795, 1749.2318537445062, -5.163622100420071, -66.80175438596623]
SPS=325
Eval at step 9120000, survival=22.810%, return=[-3.6188942189502997, 1091.7447914600364, -5.2930612033560465, -42.907017543860285]
SPS=325
Eval at step 9160000, survival=28.962%, return=[-4.2817937360145155, 1389.4154008741375, -5.729649629796472, -53.989473684211745]
SPS=325
Eval at step 9200000, survival=39.614%, return=[-5.6421243097516705, 1901.9742813205726, -5.593443715985631, -79.11754385965077]
SPS=325
Eval at step 9240000, survival=16.353%, return=[-2.875836604705546, 782.284081549645, -5.585204586615146, -28.847368421053112]
SPS=325
Eval at step 9280000, survival=52.098%, return=[-7.244741413218435, 2488.181362257001, -5.5366742766498644, -102.82105263158124]
SPS=324
Eval at step 9320000, survival=23.986%, return=[-3.8122368210169952, 1143.352364196776, -4.51258078206447, -47.17017543859731]
SPS=324
Eval at step 9360000, survival=31.987%, return=[-4.794605732464698, 1531.6306066179288, -5.3449927585214025, -62.04912280701883]
SPS=324
Eval at step 9400000, survival=35.915%, return=[-5.148423781100428, 1710.8533839969612, -5.374679194038981, -60.15614035087831]
SPS=324
Eval at step 9440000, survival=30.367%, return=[-4.587704576778924, 1448.7826406526558, -5.059383045842788, -55.16842105263255]
SPS=324
Eval at step 9480000, survival=33.126%, return=[-4.841923246486113, 1583.0538662433623, -4.719206893071532, -83.19649122807189]
SPS=324
Eval at step 9520000, survival=14.618%, return=[-2.7364537887391633, 700.6968066692356, -5.009697484851495, -29.68421052631613]
SPS=324
Eval at step 9560000, survival=35.630%, return=[-5.3928378096141385, 1703.5456271171563, -5.045640736898713, -92.18947368421253]
SPS=323
Eval at step 9600000, survival=27.117%, return=[-4.1962675288727045, 1306.1582347822182, -5.059745387831208, -81.98771929824727]
SPS=323
Eval at step 9640000, survival=16.814%, return=[-2.9776128027879167, 806.5022805547704, -5.025905175551816, -35.28070175438633]
SPS=324
Eval at step 9680000, survival=30.967%, return=[-4.738908123248256, 1480.0863952636726, -5.032168738874316, -64.95614035087843]
SPS=323
Eval at step 9720000, survival=27.631%, return=[-4.29408986857743, 1320.0499179935443, -5.031430955254473, -57.45438596491332]
SPS=323
Eval at step 9760000, survival=21.240%, return=[-3.6045565128151793, 1012.6829505443577, -5.0156413238757525, -46.43333333333409]
SPS=323
Eval at step 9800000, survival=12.386%, return=[-2.473386765026953, 592.9394757032389, -5.0320086628864376, -26.512280701754566]
SPS=324
Eval at step 9840000, survival=16.197%, return=[-2.8916734871338123, 774.6035659933085, -5.07861116459244, -34.547368421053065]
SPS=324
Eval at step 9880000, survival=23.249%, return=[-3.7477871315029914, 1102.6238834810258, -4.673066812830075, -46.00175438596571]
SPS=324
Eval at step 9920000, survival=21.302%, return=[-3.582522359275026, 1019.9668549108503, -5.027913276350591, -46.98947368421127]
SPS=324
Eval at step 9960000, survival=18.643%, return=[-3.279060991993174, 889.8261978483202, -5.038455832434556, -41.24035087719353]
SPS=324
Eval at step 10000000, survival=21.499%, return=[-3.4791554238821845, 1032.2635844755175, -5.045577300598234, -61.66666666666775]
SPS=324
Eval at step 10040000, survival=35.692%, return=[-5.232603670383105, 1696.4173293733613, -5.0520893529113895, -61.49649122807133]
SPS=324
Eval at step 10080000, survival=13.697%, return=[-2.6396079332975204, 653.0654867553711, -5.050433223941946, -27.643859649123026]
SPS=324
Eval at step 10120000, survival=19.051%, return=[-3.257274208671879, 910.3531096410752, -5.044773014466045, -36.75087719298291]
SPS=324
Eval at step 10160000, survival=20.906%, return=[-3.4769247366057243, 988.5831158113479, -5.106392978917574, -31.070175438596806]
SPS=324
Eval at step 10200000, survival=15.345%, return=[-2.7601012163911944, 728.2209193277356, -5.025866001494433, -19.15438596491235]
SPS=324
Eval at step 10240000, survival=19.221%, return=[-3.2456293083785566, 904.1174605655676, -5.037756362053915, -20.173684210526414]
SPS=324
Eval at step 10280000, survival=22.592%, return=[-3.5211027094977907, 1073.8627677822117, -5.087598690049345, -37.01228070175496]
SPS=324
Eval at step 10320000, survival=25.258%, return=[-3.900049746513832, 1184.0757604551322, -4.735477062672089, -25.298245614035302]
SPS=324
Eval at step 10360000, survival=18.492%, return=[-3.2038017924001907, 874.9561058235173, -5.279905214771861, -30.22982456140374]
SPS=324
Eval at step 10400000, survival=28.010%, return=[-4.230995087430347, 1330.1880051517487, -5.927278773050967, -57.69473684210625]
SPS=324
Eval at step 10440000, survival=26.699%, return=[-4.048891119315522, 1254.9605480861665, -4.660127939970698, -27.39824561403545]
SPS=324
Eval at step 10480000, survival=33.119%, return=[-4.806284217291977, 1552.2030374469753, -5.987880703464907, -53.64385964912371]
SPS=324
Eval at step 10520000, survival=27.893%, return=[-4.091648897703271, 1313.2583382940288, -4.942523404816893, -24.889473684210685]
SPS=324
Eval at step 10560000, survival=23.752%, return=[-3.716802361916052, 1116.7940084791185, -5.139968857952044, -16.391228070175426]
SPS=324
Eval at step 10600000, survival=25.748%, return=[-3.8976980564999395, 1217.2676957178132, -5.0881091847571955, -23.0087719298248]
SPS=324
Eval at step 10640000, survival=20.170%, return=[-3.3094989754084962, 958.2823286790838, -5.537725742439579, -34.45438596491272]
SPS=324
Eval at step 10680000, survival=26.476%, return=[-4.11000632715295, 1247.2753278160094, -5.12010874675907, -34.35614035087768]
SPS=324
Eval at step 10720000, survival=26.772%, return=[-4.234257956885267, 1264.7037134408959, -5.0124387363517595, -40.73508771929885]
SPS=324
Eval at step 10760000, survival=22.228%, return=[-3.721540046861628, 1058.5621842908859, -5.061621522886708, -74.92105263158034]
SPS=324
Eval at step 10800000, survival=24.699%, return=[-3.9079547544475646, 1190.0256360387825, -5.038519433020701, -59.94035087719404]
SPS=324
Eval at step 10840000, survival=19.494%, return=[-3.4017642518971116, 923.2454750728602, -5.038330282958486, -54.870175438597315]
SPS=324
Eval at step 10880000, survival=33.444%, return=[-5.091349038924091, 1584.823673186303, -5.097995940124383, -78.90175438596654]
SPS=324
Eval at step 10920000, survival=26.110%, return=[-4.277287410682765, 1227.2922261209474, -5.200875594453828, -74.3578947368435]
SPS=324
Eval at step 10960000, survival=51.908%, return=[-7.686186928674578, 2433.5402733993515, -5.0664589146792425, -175.11754385965247]
SPS=323
Eval at step 11000000, survival=16.461%, return=[-2.9966652278322727, 785.3288201999659, -5.047895705967676, -46.047368421053214]
SPS=323
Eval at step 11040000, survival=36.064%, return=[-5.543730284133926, 1710.15981617689, -5.4615698472265874, -131.77368421052944]
SPS=323
Eval at step 11080000, survival=49.487%, return=[-7.160120260203257, 2322.280865669252, -4.33082323022536, -178.53157894737257]
SPS=322
Eval at step 11120000, survival=31.378%, return=[-4.832562732131919, 1477.1042195129398, -4.7505311301487385, -95.18245614035285]
SPS=322
