Job 54654018 started on jst305 at dim 24 mai 2026 11:46:38 CEST
Training configuration:
  conda env       : marl2grid
  algorithm       : MAPPO
  env             : bus14
  seed            : 0
  total timesteps : 25000000
  n envs          : 20
  torch threads   : 20
  wandb mode      : online
Running: python -u main.py --alg MAPPO --env-id bus14 --action-type topology --seed 0 --total-timesteps 25000000 --n-envs 20 --n-threads 20 --cuda False --checkpoint True --wandb-project Grid2Op --wandb-entity corentin-plumet-epfl --wandb-mode online --time-limit 1300  --total-timesteps 15000000 --eval-freq 40000 --actor-layers 256 256 256 --critic-layers 256 256 256 --actor-lr 0.0001 --critic-lr 0.0001 --gamma 0.9 --gae-lambda 0.95 --update-epochs 10 --max-grad-norm 1.0 --clip-coef 0.2 --vf-coef 0.5 --norm-reward True --deterministic-eval False --n-steps 2000 --n-minibatches 16 --entropy-coef 0.02 --target-kl 0.02 --init-do-nothing-prob 0.7 --exp-tag a4_entropy_002_p0_07
Eval at step 40000, survival=0.046%, return=[-1.005650630115997, 0.32800372552871715, -5.808255770523101, -1.1947368421052633]
SPS=128
Eval at step 80000, survival=0.047%, return=[-1.006013051280752, 0.3831435856819153, -5.621784118935466, -1.1912280701754387]
SPS=154
Eval at step 120000, survival=0.051%, return=[-1.0063209766754881, 0.6166403284072877, -5.60314393285662, -1.170175438596491]
SPS=167
Eval at step 160000, survival=0.055%, return=[-1.007052893738728, 0.6072291564941406, -6.143566710781306, -1.187719298245614]
SPS=172
Eval at step 200000, survival=0.083%, return=[-1.0103533502202482, 2.1256499314308166, -5.245998787414282, -1.3385964912280701]
SPS=177
Eval at step 240000, survival=0.105%, return=[-1.0155485338298604, 2.9367843255996706, -6.865111556556076, -1.4543859649122808]
SPS=181
Eval at step 280000, survival=0.124%, return=[-1.0148239840636961, 4.1213234782218935, -5.454654678655788, -1.6385964912280702]
SPS=185
Eval at step 320000, survival=0.201%, return=[-1.0227750206599011, 7.824682356834413, -6.675315494835377, -1.6122807017543859]
SPS=188
Eval at step 360000, survival=0.187%, return=[-1.0247596843517386, 6.807945380210876, -5.530700118187815, -1.717543859649123]
SPS=192
Eval at step 400000, survival=0.237%, return=[-1.033267402241472, 8.98029242515564, -7.903147536423058, -2.2859649122807024]
SPS=196
Eval at step 440000, survival=0.377%, return=[-1.042943288513925, 16.14781517028809, -6.087887263740413, -3.822807017543859]
SPS=200
Eval at step 480000, survival=0.387%, return=[-1.044994577963371, 16.912670327186582, -8.329751898899849, -2.591228070175439]
SPS=204
Eval at step 520000, survival=0.402%, return=[-1.0483870878873858, 17.155350503921508, -7.150335753965192, -2.326315789473685]
SPS=208
Eval at step 560000, survival=0.206%, return=[-1.0238290186738594, 7.830814999580381, -5.7948850024491545, -1.6982456140350881]
SPS=211
Eval at step 600000, survival=0.358%, return=[-1.0362044804845936, 15.960651900291442, -5.422716398909688, -2.9087719298245607]
SPS=214
Eval at step 640000, survival=0.513%, return=[-1.0659058103803545, 22.770399233818054, -5.991483309678733, -3.53157894736842]
SPS=217
Eval at step 680000, survival=0.816%, return=[-1.0899683431431186, 37.95109439611434, -5.795842181518674, -5.464912280701757]
SPS=220
Eval at step 720000, survival=0.565%, return=[-1.062264702335233, 25.444294180393214, -8.544109511561691, -3.984210526315791]
SPS=224
Eval at step 760000, survival=0.742%, return=[-1.0721400862035808, 36.24596029806138, -5.252319279685617, -3.245614035087719]
SPS=226
Eval at step 800000, survival=0.727%, return=[-1.0720939486578573, 33.56580211782455, -10.022823532298208, -4.503508771929825]
SPS=229
Eval at step 840000, survival=1.007%, return=[-1.1014763520099222, 48.143160946846, -7.866648763534613, -6.807017543859651]
SPS=230
Eval at step 880000, survival=1.137%, return=[-1.107192633865634, 55.293494874000544, -5.940310876630247, -6.571929824561404]
SPS=232
Eval at step 920000, survival=0.869%, return=[-1.0839841372857335, 41.81758750343324, -6.139711752301082, -6.291228070175441]
SPS=235
Eval at step 960000, survival=1.164%, return=[-1.1140461628558114, 56.36785079908371, -6.830931302136742, -6.2245614035087735]
SPS=238
Eval at step 1000000, survival=1.024%, return=[-1.1069697450671812, 48.93932818222045, -5.271869937633165, -6.499999999999996]
SPS=241
Eval at step 1040000, survival=0.923%, return=[-1.0892105201783124, 44.587756565094, -5.634584898035973, -3.435087719298246]
SPS=244
Eval at step 1080000, survival=0.794%, return=[-1.0859635421889835, 37.045314977169035, -9.759420795179903, -4.9824561403508785]
SPS=248
Eval at step 1120000, survival=0.784%, return=[-1.0823553847032599, 38.48990816688537, -5.657700861059129, -3.5157894736842126]
SPS=251
Eval at step 1160000, survival=1.229%, return=[-1.1245679044048302, 59.47534334683418, -5.7135183063335715, -6.291228070175438]
SPS=254
Eval at step 1200000, survival=1.164%, return=[-1.1207018091052305, 56.251789326667776, -5.140535106277094, -4.829824561403511]
SPS=257
Eval at step 1240000, survival=0.967%, return=[-1.108114505978301, 45.77911482906342, -8.977502149553038, -6.2929824561403525]
SPS=260
Eval at step 1280000, survival=1.220%, return=[-1.124213367025368, 59.63934411525726, -5.236767794564367, -5.594736842105265]
SPS=263
Eval at step 1320000, survival=1.224%, return=[-1.1216963229933754, 60.430787604331954, -5.414930355374236, -6.8070175438596525]
SPS=266
Eval at step 1360000, survival=1.432%, return=[-1.1595941289677285, 70.93877896881102, -5.354968433179602, -10.201754385964918]
SPS=269
Eval at step 1400000, survival=1.510%, return=[-1.159830229973886, 73.82027797460555, -9.514480659458787, -11.459649122807022]
SPS=271
Eval at step 1440000, survival=1.529%, return=[-1.1716035620542242, 77.6184484052658, -5.329748265072704, -11.396491228070179]
SPS=274
Eval at step 1480000, survival=2.102%, return=[-1.2231197339249775, 106.42285267829894, -5.193677976023173, -19.412280701754344]
SPS=277
Eval at step 1520000, survival=1.984%, return=[-1.2223315004725008, 100.97356126117707, -5.392145621933741, -14.978947368421055]
SPS=279
Eval at step 1560000, survival=1.249%, return=[-1.133386998687638, 61.63442690372467, -5.168523975857534, -10.378947368421056]
SPS=282
Eval at step 1600000, survival=1.172%, return=[-1.1170680602255743, 56.84059379673005, -6.32311576885113, -8.866666666666664]
SPS=284
Eval at step 1640000, survival=1.424%, return=[-1.1640207748045213, 70.38624257087709, -5.01851666525472, -15.70877192982455]
SPS=287
Eval at step 1680000, survival=0.806%, return=[-1.092021126486361, 38.74347037744522, -5.848174852714874, -7.805263157894747]
SPS=288
Eval at step 1720000, survival=2.103%, return=[-1.2253966307092923, 106.90965958070758, -5.807574752868822, -18.53157894736842]
SPS=289
Eval at step 1760000, survival=0.339%, return=[-1.0371322134626098, 14.653605351448055, -6.298308066814206, -4.091228070175434]
SPS=289
Eval at step 1800000, survival=0.945%, return=[-1.1010738165059593, 47.78726388740538, -5.5024386063683774, -6.747368421052639]
SPS=290
Eval at step 1840000, survival=1.147%, return=[-1.1152902494184673, 58.46028625679016, -5.496566557651386, -10.33859649122808]
SPS=292
Eval at step 1880000, survival=1.636%, return=[-1.2036476124078035, 83.61940295457842, -6.038233780488372, -12.603508771929825]
SPS=294
Eval at step 1920000, survival=0.544%, return=[-1.060098149580881, 24.861895286560063, -6.629514717520214, -4.791228070175437]
SPS=296
Eval at step 1960000, survival=1.138%, return=[-1.135317467036657, 57.03708088064195, -5.676858292939142, -7.571929824561385]
SPS=298
Eval at step 2000000, survival=2.475%, return=[-1.2539609743282198, 128.02408430862428, -6.603737573715625, -16.6263157894737]
SPS=300
Eval at step 2040000, survival=2.006%, return=[-1.224540769692976, 102.87456377220151, -5.571286575106205, -16.871929824561413]
SPS=302
Eval at step 2080000, survival=1.531%, return=[-1.1732796070282348, 77.25322527170184, -5.98750192939624, -12.424561403508758]
SPS=304
Eval at step 2120000, survival=4.511%, return=[-1.488842243992258, 231.33519308853153, -6.041930110931571, -31.80000000000002]
SPS=306
Eval at step 2160000, survival=4.203%, return=[-1.4949935472395737, 217.18855309391014, -7.552625807913136, -30.091228070175475]
SPS=308
Eval at step 2200000, survival=3.196%, return=[-1.364287934609456, 164.906884314537, -5.55218989988789, -27.19999999999996]
SPS=310
Eval at step 2240000, survival=3.450%, return=[-1.3744922004872933, 177.1389941954613, -5.754069706884911, -21.664912280701845]
SPS=312
Eval at step 2280000, survival=2.897%, return=[-1.3254426837840583, 150.29966395998002, -5.803446515148972, -20.661403508771986]
SPS=314
Eval at step 2320000, survival=3.036%, return=[-1.3678797777742147, 152.70694072771067, -5.432237811200321, -25.317543859649064]
SPS=315
Eval at step 2360000, survival=2.664%, return=[-1.2940477645781356, 136.98212621927263, -7.081437998190813, -17.62982456140356]
SPS=317
Eval at step 2400000, survival=4.216%, return=[-1.534917056444101, 211.23014089536665, -8.667243829865038, -33.19649122807027]
SPS=319
Eval at step 2440000, survival=2.599%, return=[-1.2863305284117814, 133.65096144962314, -5.926674007284601, -22.671929824561325]
SPS=320
Eval at step 2480000, survival=3.172%, return=[-1.3708876057353336, 162.9290055770874, -5.61633141086786, -31.487719298245707]
SPS=322
Eval at step 2520000, survival=2.641%, return=[-1.2915266488678754, 134.64701621150974, -5.943735252495389, -22.321052631578933]
SPS=323
Eval at step 2560000, survival=2.015%, return=[-1.2332838991249446, 102.81714378786083, -6.283093836149783, -17.203508771929883]
SPS=325
Eval at step 2600000, survival=2.194%, return=[-1.2353037893015426, 112.93856282234192, -5.668310102354735, -27.207017543859585]
SPS=326
Eval at step 2640000, survival=0.915%, return=[-1.104529513453599, 44.50101642322541, -5.7160224129329436, -9.791228070175439]
SPS=328
Eval at step 2680000, survival=1.436%, return=[-1.1736141773406417, 73.14533601570129, -5.323686058761086, -14.605263157894726]
SPS=329
Eval at step 2720000, survival=1.194%, return=[-1.137035296706017, 60.25444855403898, -5.588119480572641, -11.101754385964908]
SPS=330
Eval at step 2760000, survival=1.827%, return=[-1.2482682761969044, 91.50286314678193, -5.832544283130483, -20.61929824561401]
SPS=331
Eval at step 2800000, survival=1.267%, return=[-1.1472549047321081, 63.23414029979706, -5.881187628628686, -15.73684210526315]
SPS=333
Eval at step 2840000, survival=1.817%, return=[-1.2143326344143133, 91.67802268695831, -5.440185545503118, -18.989473684210523]
SPS=334
Eval at step 2880000, survival=1.544%, return=[-1.181573772977572, 76.29646729946137, -5.103958936865093, -17.417543859649136]
SPS=335
Eval at step 2920000, survival=2.665%, return=[-1.3086217277159449, 134.46517040920256, -5.618722384085413, -28.747368421052578]
SPS=336
Eval at step 2960000, survival=1.623%, return=[-1.1902345001581125, 80.28631181049343, -5.934569415658006, -17.989473684210584]
SPS=337
Eval at step 3000000, survival=1.902%, return=[-1.2186865589988884, 95.9603498544693, -5.517425487440778, -20.343859649122795]
SPS=339
Eval at step 3040000, survival=2.191%, return=[-1.2607154228899162, 110.37420744514466, -6.050540170760359, -25.777192982456114]
SPS=340
Eval at step 3080000, survival=2.183%, return=[-1.2411055074946489, 110.37400163173672, -5.36545512227458, -22.514035087719282]
SPS=341
Eval at step 3120000, survival=1.409%, return=[-1.1623891470371746, 71.4816454334259, -6.23979634566931, -16.58421052631579]
SPS=342
Eval at step 3160000, survival=3.017%, return=[-1.3432091220340225, 152.34228591632848, -5.31370070650446, -37.65438596491244]
SPS=343
Eval at step 3200000, survival=0.606%, return=[-1.0679397117346525, 29.242271470069888, -5.789234274654882, -6.735087719298245]
SPS=343
Eval at step 3240000, survival=2.037%, return=[-1.2140223099617287, 104.50544116687782, -5.342141676650499, -19.568421052631585]
SPS=344
Eval at step 3280000, survival=1.631%, return=[-1.2129446920531337, 82.70684702968597, -5.569334221369354, -18.838596491228067]
SPS=345
Eval at step 3320000, survival=2.847%, return=[-1.3361174068355468, 145.48373229789735, -5.580437281503327, -33.859649122807]
SPS=346
Eval at step 3360000, survival=0.135%, return=[-1.0162396606523543, 4.886668195724487, -5.4342991550453, -2.3456140350877193]
SPS=344
Eval at step 3400000, survival=0.207%, return=[-1.034034287254326, 8.528215257644657, -5.239188210526481, -3.112280701754386]
SPS=343
Eval at step 3440000, survival=0.273%, return=[-1.0317375252372585, 12.034083391189576, -5.692868897877633, -3.394736842105263]
SPS=343
Eval at step 3480000, survival=0.308%, return=[-1.0343337496567984, 13.985034361839293, -5.74951217090711, -3.412280701754387]
SPS=343
Eval at step 3520000, survival=0.301%, return=[-1.0366657488397322, 13.79900781393051, -5.420720998980324, -3.742105263157896]
SPS=342
Eval at step 3560000, survival=0.055%, return=[-1.0060435883235186, 0.8118238039016722, -5.59303027857095, -1.445614035087719]
SPS=342
Eval at step 3600000, survival=0.232%, return=[-1.0232422323373611, 10.527143827438355, -5.223473259405, -2.7859649122807006]
SPS=341
Eval at step 3640000, survival=0.201%, return=[-1.020013899425976, 8.598583735466006, -6.446317807887681, -2.610526315789473]
SPS=341
Eval at step 3680000, survival=0.268%, return=[-1.0279300948081072, 11.52110093784332, -11.37206882594619, -3.2789473684210515]
SPS=341
Eval at step 3720000, survival=0.305%, return=[-1.034309732960537, 14.02165078878403, -5.344040222838521, -3.5684210526315767]
SPS=341
Eval at step 3760000, survival=0.563%, return=[-1.0582239306066186, 27.055141517162326, -5.453749543963932, -7.73684210526316]
SPS=341
Eval at step 3800000, survival=0.737%, return=[-1.079361191287171, 37.04214011955262, -5.682041245931577, -8.305263157894743]
SPS=342
Eval at step 3840000, survival=0.857%, return=[-1.0878071660350543, 41.565232309341425, -14.744895162107422, -8.326315789473679]
SPS=342
Eval at step 3880000, survival=1.541%, return=[-1.1533643352333456, 79.54983234405519, -5.073707738749363, -15.150877192982446]
SPS=343
Eval at step 3920000, survival=1.708%, return=[-1.1779101245745551, 84.91230063056943, -16.4274880137069, -18.887719298245607]
SPS=344
Eval at step 3960000, survival=3.239%, return=[-1.39294413193129, 159.9360681200027, -32.69313302529626, -35.57368421052632]
SPS=345
Eval at step 4000000, survival=1.705%, return=[-1.2007214712677523, 84.23926763820653, -5.90697949307796, -19.17719298245623]
SPS=346
Eval at step 4040000, survival=2.754%, return=[-1.2977540437481365, 141.86093756198878, -5.24932565797244, -28.010526315789406]
SPS=346
Eval at step 4080000, survival=1.942%, return=[-1.2164023381774314, 97.75871263456347, -25.118769338802668, -21.940350877193012]
SPS=347
Eval at step 4120000, survival=0.952%, return=[-1.0997242316137998, 48.444293410301206, -5.539281974450569, -9.04210526315789]
SPS=348
Eval at step 4160000, survival=0.780%, return=[-1.089207410562085, 39.31166369247438, -5.401873346464709, -8.015789473684212]
SPS=348
Eval at step 4200000, survival=1.502%, return=[-1.2210659220058004, 74.75976984596251, -5.746714078669902, -16.07192982456143]
SPS=349
Eval at step 4240000, survival=1.334%, return=[-1.14367079307558, 68.74625602054596, -5.519312711164821, -13.957894736842116]
SPS=349
Eval at step 4280000, survival=1.226%, return=[-1.124378448515199, 63.01158110523223, -5.540637898850946, -11.836842105263148]
SPS=350
Eval at step 4320000, survival=0.490%, return=[-1.0555946321808733, 23.5038076953888, -5.690490447927732, -5.182456140350874]
SPS=350
Eval at step 4360000, survival=0.645%, return=[-1.064250209729653, 32.57020714950561, -5.591805319208651, -6.692982456140349]
SPS=350
Eval at step 4400000, survival=0.854%, return=[-1.09464402301237, 43.05597722196579, -6.028811006917385, -8.836842105263155]
SPS=351
Eval at step 4440000, survival=1.084%, return=[-1.1152249046775977, 55.76777109527588, -5.474234944873023, -10.829824561403509]
SPS=351
Eval at step 4480000, survival=1.794%, return=[-1.1964874353143387, 92.07505708551409, -6.6551347834290935, -17.722807017543875]
SPS=352
Eval at step 4520000, survival=1.141%, return=[-1.1164959702291526, 59.02868624019624, -6.029623607220128, -12.317543859649126]
SPS=352
Eval at step 4560000, survival=1.584%, return=[-1.1766824834689031, 81.33261163520811, -6.274500374437776, -15.436842105263167]
SPS=353
Eval at step 4600000, survival=1.718%, return=[-1.2002985965111292, 88.03023491477965, -6.015156109450618, -18.561403508771935]
SPS=354
Eval at step 4640000, survival=2.077%, return=[-1.2265398040297442, 106.3643387746811, -5.997413499423419, -20.317543859649117]
SPS=354
Eval at step 4680000, survival=3.196%, return=[-1.3657220162218437, 162.44363393211364, -6.555503112523001, -34.14736842105268]
SPS=355
Eval at step 4720000, survival=3.073%, return=[-1.3695162275689654, 154.0942476882934, -6.659586017945548, -33.58771929824558]
SPS=355
Eval at step 4760000, survival=1.172%, return=[-1.1216004537127446, 59.31192029380799, -5.942751343372947, -12.554385964912285]
SPS=356
Eval at step 4800000, survival=2.112%, return=[-1.2356677546456922, 106.57937392520901, -6.661251971446473, -23.766666666666726]
SPS=357
Eval at step 4840000, survival=3.129%, return=[-1.3567963903595228, 154.46902502346035, -5.990323118478409, -36.001754385964986]
SPS=357
Eval at step 4880000, survival=0.180%, return=[-1.0213035563123412, 7.376276173591615, -5.085064293746837, -2.584210526315789]
SPS=357
Eval at step 4920000, survival=0.954%, return=[-1.1728144803317264, 44.848535619735706, -5.893681209604256, -10.826315789473728]
SPS=357
Eval at step 4960000, survival=0.038%, return=[-1.0054516766220332, 0.1594778356552124, -5.247228656709194, -1.210526315789474]
SPS=357
Eval at step 5000000, survival=0.720%, return=[-1.0863204431778286, 35.83966721725464, -5.384956044243881, -9.154385964912276]
SPS=358
Eval at step 5040000, survival=1.297%, return=[-1.1435710625257343, 63.49289234638212, -5.681930533633567, -14.978947368421043]
SPS=358
Eval at step 5080000, survival=2.739%, return=[-1.3229409681458493, 137.4100440778732, -5.917052194312419, -31.159649122807036]
SPS=359
Eval at step 5120000, survival=1.937%, return=[-1.2222759523778222, 97.01658405399321, -5.768782465843833, -23.22807017543854]
SPS=359
Eval at step 5160000, survival=2.447%, return=[-1.348892468586564, 121.59831435871122, -6.206200530860224, -26.131578947368478]
SPS=360
Eval at step 5200000, survival=2.261%, return=[-1.340208292589523, 110.44024087047573, -6.6536818551423496, -23.912280701754412]
SPS=360
Eval at step 5240000, survival=3.017%, return=[-1.4437908803287427, 148.25147246551515, -17.568624744319823, -34.99473684210531]
SPS=361
Eval at step 5280000, survival=3.152%, return=[-1.4909172229759862, 153.44845767498015, -6.6594662497373065, -36.33859649122817]
SPS=361
Eval at step 5320000, survival=3.310%, return=[-1.4916777827194891, 161.62576175785063, -6.704323082997871, -35.89824561403519]
SPS=362
Eval at step 5360000, survival=2.758%, return=[-1.3460358833952342, 137.79823467350008, -5.958619216461375, -31.421052631578895]
SPS=362
Eval at step 5400000, survival=3.548%, return=[-1.5096883969963528, 172.77180399799346, -7.294592748372816, -39.926315789473705]
SPS=363
Eval at step 5440000, survival=3.203%, return=[-1.3727671245113016, 159.3017930927277, -6.695405385579943, -35.46140350877197]
SPS=363
Eval at step 5480000, survival=4.039%, return=[-1.552657938649645, 199.6525742149354, -7.613330007652985, -42.60526315789482]
SPS=364
Eval at step 5520000, survival=3.361%, return=[-1.4080293461796827, 167.33783975410452, -7.873591168145685, -35.371929824561484]
SPS=364
Eval at step 5560000, survival=3.340%, return=[-1.4306140710308681, 171.23061559438707, -6.448577507062145, -38.34210526315793]
SPS=365
Eval at step 5600000, survival=4.102%, return=[-1.5164525585074444, 204.98561005020142, -7.528187745902687, -44.41754385964904]
SPS=365
Eval at step 5640000, survival=2.035%, return=[-1.2728099398955237, 102.27029569244387, -5.956347314020968, -21.692982456140392]
SPS=366
Eval at step 5680000, survival=3.408%, return=[-1.409164752677316, 167.70452872276306, -6.475276647128339, -36.30175438596511]
SPS=367
Eval at step 5720000, survival=3.206%, return=[-1.3670432712999172, 159.90055578994753, -7.123056373040891, -34.97894736842111]
SPS=367
Eval at step 5760000, survival=2.884%, return=[-1.3443723958334886, 146.17853403711317, -6.86875033055112, -30.596491228070203]
SPS=368
Eval at step 5800000, survival=3.446%, return=[-1.4168568094843068, 170.55812477111814, -6.753960836630722, -38.26491228070185]
SPS=368
Eval at step 5840000, survival=3.357%, return=[-1.5188731853850186, 163.6822237606048, -7.0352908024720815, -40.35438596491237]
SPS=368
Eval at step 5880000, survival=2.320%, return=[-1.3229198790853842, 116.57250722599031, -6.017653496190905, -27.238596491228037]
SPS=369
Eval at step 5920000, survival=4.070%, return=[-1.5785098919819576, 204.85731952476507, -7.189194580481853, -46.85789473684205]
SPS=369
Eval at step 5960000, survival=4.179%, return=[-1.5572649864538106, 206.12657732105248, -7.491414821401122, -48.238596491228165]
SPS=370
Eval at step 6000000, survival=2.416%, return=[-1.309499481320381, 120.04422140502929, -6.016348874534015, -29.800000000000068]
SPS=370
Eval at step 6040000, survival=3.641%, return=[-1.5178783812036272, 180.24882429218297, -6.409930097453253, -42.247368421052855]
SPS=370
Eval at step 6080000, survival=3.214%, return=[-1.3805083515879233, 163.10299683904643, -6.768970386860019, -36.00701754385959]
SPS=371
Eval at step 6120000, survival=3.342%, return=[-1.573405824310612, 162.17243737506868, -6.457199715578463, -37.87543859649136]
SPS=371
Eval at step 6160000, survival=2.077%, return=[-1.263780632201815, 102.00220124053956, -7.433079338511016, -23.60877192982454]
SPS=372
Eval at step 6200000, survival=1.323%, return=[-1.16038073162199, 64.11413871192931, -6.2076662191251675, -14.100000000000026]
SPS=372
Eval at step 6240000, survival=3.526%, return=[-1.4724806232610717, 176.72150558567046, -6.4214666084866625, -40.72105263157903]
SPS=372
Eval at step 6280000, survival=2.493%, return=[-1.3058619736635593, 124.28434752178191, -6.533186325404676, -26.23157894736844]
SPS=373
Eval at step 6320000, survival=3.216%, return=[-1.3894069149449932, 162.90003588104253, -6.9219018104849965, -33.48245614035092]
SPS=373
Eval at step 6360000, survival=4.062%, return=[-1.6311065655143466, 200.17215137195586, -6.99061242077696, -43.46666666666681]
SPS=374
Eval at step 6400000, survival=2.841%, return=[-1.3248327176552266, 143.8318709201813, -6.478191716282163, -31.170175438596523]
SPS=374
Eval at step 6440000, survival=1.827%, return=[-1.2613426478696055, 90.21306131362914, -10.857032159322989, -20.324561403508746]
SPS=375
Eval at step 6480000, survival=2.122%, return=[-1.297344642545795, 106.74669427490235, -6.345583664395963, -25.629824561403467]
SPS=375
Eval at step 6520000, survival=3.203%, return=[-1.4421528833918273, 157.73401671457287, -7.112947259568318, -34.49298245614032]
SPS=375
Eval at step 6560000, survival=2.287%, return=[-1.2711703033884987, 113.53303699207308, -6.622785390596709, -26.598245614035097]
SPS=376
Eval at step 6600000, survival=2.211%, return=[-1.2769282915163784, 110.63886422252658, -6.120846888446431, -24.76666666666663]
SPS=376
Eval at step 6640000, survival=2.113%, return=[-1.250154886872042, 106.48660937404634, -6.271210949448869, -23.329824561403502]
SPS=376
Eval at step 6680000, survival=2.370%, return=[-1.2933044814446475, 118.62386473846429, -6.135926167131402, -27.1368421052631]
SPS=377
Eval at step 6720000, survival=4.219%, return=[-1.4804288863088004, 211.87816974735262, -6.741610650754592, -46.845614035087614]
SPS=377
Eval at step 6760000, survival=2.350%, return=[-1.276873196894303, 115.85289162540441, -6.541082238147283, -25.652631578947403]
SPS=377
Eval at step 6800000, survival=2.728%, return=[-1.3313695237098728, 136.87398151397707, -6.4044192610541355, -30.421052631578867]
SPS=378
Eval at step 6840000, survival=1.978%, return=[-1.2435331420158036, 98.48882815551757, -6.339919160517456, -20.52982456140353]
SPS=378
Eval at step 6880000, survival=3.021%, return=[-1.3970782900578342, 151.5734444351196, -6.773249668539938, -34.30701754385971]
SPS=378
Eval at step 6920000, survival=3.125%, return=[-1.4199877489067148, 157.4279966211319, -6.19189425025761, -33.875438596491236]
SPS=379
Eval at step 6960000, survival=3.033%, return=[-1.357807962782681, 150.78786798620223, -8.56799249215096, -31.556140350877193]
SPS=379
Eval at step 7000000, survival=2.646%, return=[-1.3311026533308905, 131.81386975669867, -6.499460486441967, -30.852631578947285]
SPS=379
Eval at step 7040000, survival=3.903%, return=[-1.4608549484750255, 195.88040888786318, -6.687297786622366, -41.912280701754426]
SPS=380
Eval at step 7080000, survival=3.712%, return=[-1.4251211819122545, 185.2543579273224, -7.161562325647537, -40.34561403508776]
SPS=380
Eval at step 7120000, survival=3.232%, return=[-1.3985196229768917, 157.88606632804874, -7.891268704304093, -32.7561403508772]
SPS=380
Eval at step 7160000, survival=2.217%, return=[-1.260735966154607, 113.0342803182602, -6.2860325160130746, -28.35964912280694]
SPS=380
Eval at step 7200000, survival=3.591%, return=[-1.4772221552266274, 176.65102423763278, -7.926972081851, -38.73684210526326]
SPS=381
Eval at step 7240000, survival=3.005%, return=[-1.3725422648712993, 144.69826940155036, -12.856558928267441, -34.02982456140362]
SPS=381
Eval at step 7280000, survival=1.709%, return=[-1.2242838893434964, 81.16046466827393, -21.10020830485446, -19.58947368421052]
SPS=381
Eval at step 7320000, survival=2.253%, return=[-1.260420981614152, 110.59611417627335, -14.362081829219097, -25.77192982456137]
SPS=382
Eval at step 7360000, survival=2.336%, return=[-1.2670844466949347, 113.3442523279191, -30.794899104171417, -26.91754385964918]
SPS=382
Eval at step 7400000, survival=2.930%, return=[-1.3422082492965273, 145.25516061258318, -6.688836721015105, -33.40701754385957]
SPS=382
Eval at step 7440000, survival=3.471%, return=[-1.4140081903198733, 170.43439008665086, -6.896434813291125, -37.03684210526323]
SPS=383
Eval at step 7480000, survival=3.408%, return=[-1.3941772168269382, 169.22740208816532, -10.03963909365957, -39.6017543859648]
SPS=383
Eval at step 7520000, survival=3.142%, return=[-1.4136464044335297, 153.3176250910759, -7.26656492669008, -32.138596491228085]
SPS=383
Eval at step 7560000, survival=2.662%, return=[-1.308135806483915, 131.28281386089327, -8.454744594555814, -27.307017543859683]
SPS=384
Eval at step 7600000, survival=2.330%, return=[-1.2832698476791848, 113.59935230636593, -6.374374410042947, -26.591228070175397]
SPS=384
Eval at step 7640000, survival=2.669%, return=[-1.3048813829722348, 131.45483192920682, -6.759590373218816, -28.22456140350875]
SPS=384
Eval at step 7680000, survival=2.282%, return=[-1.2487208717735485, 111.86424107408524, -24.60252106539192, -22.919298245614065]
SPS=385
Eval at step 7720000, survival=4.159%, return=[-1.4952777367609087, 204.2803393096924, -7.255720279189336, -43.53508771929833]
SPS=385
Eval at step 7760000, survival=3.899%, return=[-1.4495412548421882, 193.10300398826604, -7.871963162567044, -42.763157894736764]
SPS=385
Eval at step 7800000, survival=3.290%, return=[-1.413466795126442, 162.22373690366746, -7.367701866522111, -34.39649122807013]
SPS=385
Eval at step 7840000, survival=3.692%, return=[-1.433230436075246, 179.83097025728227, -23.965778246764966, -38.32280701754384]
SPS=386
Eval at step 7880000, survival=3.176%, return=[-1.4253004159312694, 158.18923947715763, -14.520338919253845, -36.103508771929754]
SPS=386
Eval at step 7920000, survival=2.622%, return=[-1.323663639317965, 126.86435361194606, -17.80525728722605, -29.133333333333326]
SPS=386
Eval at step 7960000, survival=5.270%, return=[-1.6456317272153682, 257.72782237052934, -6.824066899112222, -57.12280701754414]
SPS=386
Eval at step 8000000, survival=4.962%, return=[-1.5954553607618436, 244.18564227914803, -7.821209468262168, -50.980701754386104]
SPS=386
Eval at step 8040000, survival=3.518%, return=[-1.413210176496068, 173.2234205675125, -13.271419633366168, -35.154385964912294]
SPS=387
Eval at step 8080000, survival=3.702%, return=[-1.4240653779765124, 183.4740513710976, -19.579113364273326, -41.168421052631544]
SPS=387
Eval at step 8120000, survival=5.603%, return=[-1.6902288470533677, 272.87913246726987, -7.768868524114078, -59.15263157894759]
SPS=387
Eval at step 8160000, survival=4.594%, return=[-1.544222751300549, 225.0376629400254, -7.988437359878299, -49.07368421052651]
SPS=387
Eval at step 8200000, survival=2.479%, return=[-1.2883617979416158, 120.60378248977663, -12.796033476793673, -24.98421052631577]
SPS=387
Eval at step 8240000, survival=2.531%, return=[-1.309432004042901, 124.9518678092957, -5.928291109285783, -26.86315789473681]
SPS=388
Eval at step 8280000, survival=4.214%, return=[-1.4969212230003905, 206.50143181037896, -7.492325229900234, -42.78245614035091]
SPS=388
Eval at step 8320000, survival=5.216%, return=[-1.6815130987553857, 256.25946297502503, -7.196309550079604, -59.549122807017966]
SPS=388
Eval at step 8360000, survival=3.607%, return=[-1.4541205561487005, 178.77749717283248, -6.4772914472298, -38.61228070175433]
SPS=388
Eval at step 8400000, survival=4.239%, return=[-1.5502195632609073, 206.37494470119472, -7.04341436415707, -46.049122807017724]
SPS=389
Eval at step 8440000, survival=3.740%, return=[-1.441066459385911, 183.8972029800415, -8.868072552005469, -42.23859649122798]
SPS=389
Eval at step 8480000, survival=5.507%, return=[-1.6846795403747818, 265.3002211351394, -7.095907583615554, -56.44912280701774]
SPS=389
Eval at step 8520000, survival=4.645%, return=[-1.5670008398243227, 226.89537429618835, -7.556039507934474, -49.27192982456138]
SPS=389
Eval at step 8560000, survival=5.437%, return=[-1.6995479583274573, 265.34266097116466, -6.864178199406888, -55.45789473684223]
SPS=389
Eval at step 8600000, survival=4.224%, return=[-1.551965180708794, 203.60981792926788, -7.518923455594631, -43.528070175438565]
SPS=390
Eval at step 8640000, survival=2.572%, return=[-1.2892299693950917, 127.98341903781898, -5.563924497652624, -25.49824561403506]
SPS=390
Eval at step 8680000, survival=4.320%, return=[-1.5767518822685815, 209.69803522205348, -7.853384175317115, -40.61578947368431]
SPS=390
Eval at step 8720000, survival=4.144%, return=[-1.519363385316683, 202.92459893417362, -15.173722296681081, -42.6105263157895]
SPS=390
Eval at step 8760000, survival=2.817%, return=[-1.3848619450232946, 136.84661890840528, -6.0646888542200035, -29.143859649122778]
SPS=391
Eval at step 8800000, survival=4.614%, return=[-1.5472429127257783, 225.499058810234, -6.585160267112951, -46.37192982456157]
SPS=391
Eval at step 8840000, survival=3.524%, return=[-1.4470430390327238, 170.4815530052186, -7.774708508838375, -36.98070175438606]
SPS=391
Eval at step 8880000, survival=2.955%, return=[-1.3866822989715728, 142.7085310425758, -6.542845340661006, -32.194736842105286]
SPS=391
Eval at step 8920000, survival=4.571%, return=[-1.6809255774714984, 219.18881855678552, -6.864358851240513, -47.60175438596505]
SPS=392
Eval at step 8960000, survival=4.865%, return=[-1.7615185727307108, 233.1098718719482, -7.605446063124691, -50.1385964912282]
SPS=392
Eval at step 9000000, survival=5.716%, return=[-1.7255970549944322, 277.079435593605, -7.555621876276564, -65.53157894736901]
SPS=392
Eval at step 9040000, survival=5.277%, return=[-1.687260420952225, 255.07257562351225, -7.545888993234985, -52.926315789473946]
SPS=392
Eval at step 9080000, survival=5.280%, return=[-1.6923622646892909, 258.76148659276964, -7.3753396366297235, -57.27543859649131]
SPS=392
Eval at step 9120000, survival=3.837%, return=[-1.4790687193453778, 189.30388206481933, -6.069231204599419, -37.10000000000002]
SPS=392
Eval at step 9160000, survival=3.087%, return=[-1.3654940363951027, 151.51013278245927, -6.661367082590004, -30.14561403508772]
SPS=393
Eval at step 9200000, survival=4.493%, return=[-1.5800174104864708, 221.51749145984655, -6.831844115493004, -50.2614035087722]
SPS=393
Eval at step 9240000, survival=4.055%, return=[-1.7106668320135214, 194.5247780466079, -6.464635824790458, -40.94385964912289]
SPS=393
Eval at step 9280000, survival=6.367%, return=[-1.9307571060664486, 305.42025548458093, -7.528616667985261, -68.38245614035145]
SPS=393
Eval at step 9320000, survival=4.876%, return=[-1.705486525275046, 239.21469425296783, -6.177820509576122, -53.143859649122874]
SPS=393
Eval at step 9360000, survival=4.284%, return=[-1.590618204989005, 208.4776197500229, -6.532885511117638, -41.49473684210526]
SPS=393
Eval at step 9400000, survival=4.571%, return=[-1.6362103612395003, 222.77704621505737, -7.2121626929949345, -48.1929824561404]
SPS=393
Eval at step 9440000, survival=4.252%, return=[-1.6033885135897434, 206.17451724576955, -7.863209520685632, -43.398245614035304]
SPS=394
Eval at step 9480000, survival=3.735%, return=[-1.490150140231708, 181.3451933083534, -7.70031782813021, -41.768421052631695]
SPS=394
Eval at step 9520000, survival=5.536%, return=[-1.9590975363331382, 261.8803559942245, -7.323442013850581, -59.936842105263864]
SPS=394
Eval at step 9560000, survival=5.011%, return=[-1.8011441441485658, 238.63746307659144, -6.5351318229345905, -56.85263157894764]
SPS=394
Eval at step 9600000, survival=4.034%, return=[-1.6009386743011418, 195.73734229087827, -7.561038156296126, -43.5859649122808]
SPS=394
Eval at step 9640000, survival=3.673%, return=[-1.5599793878267518, 179.03443379926676, -7.5942717983103645, -38.682456140350986]
SPS=395
Eval at step 9680000, survival=7.612%, return=[-2.182769711065339, 359.4488015270233, -8.147099088683172, -79.22105263157964]
SPS=395
Eval at step 9720000, survival=3.797%, return=[-1.5032112228800543, 186.3032357902527, -6.4865620570577445, -37.43157894736842]
SPS=395
Eval at step 9760000, survival=4.690%, return=[-1.7559845092357136, 223.59565090703958, -7.727028598287143, -47.07894736842123]
SPS=395
Eval at step 9800000, survival=3.729%, return=[-1.5463212671864313, 177.11049812269215, -15.279324490969884, -36.998245614035106]
SPS=395
Eval at step 9840000, survival=5.175%, return=[-1.7525397051358595, 248.7332893362045, -7.984373871661137, -51.03684210526334]
SPS=395
Eval at step 9880000, survival=3.810%, return=[-1.4602566228597424, 183.15029906702037, -7.199417423500563, -34.07543859649125]
SPS=395
Eval at step 9920000, survival=4.009%, return=[-1.5240248180460185, 194.0070001564026, -6.591848388396829, -37.671929824561424]
SPS=396
Eval at step 9960000, survival=4.599%, return=[-1.7002131466462742, 215.95872810173032, -6.937985153010231, -51.466666666667074]
SPS=396
Eval at step 10000000, survival=3.653%, return=[-1.478159341547871, 178.1376161441803, -6.5218129710032375, -37.00526315789479]
SPS=396
Eval at step 10040000, survival=5.780%, return=[-1.8175896124506834, 277.0172720618247, -7.815345168235671, -59.67368421052665]
SPS=396
Eval at step 10080000, survival=4.330%, return=[-1.7014403603272512, 204.08216413116457, -6.474443697791503, -44.768421052632064]
SPS=396
Eval at step 10120000, survival=2.584%, return=[-1.3769152819702868, 124.57380558824536, -11.442711200788471, -24.191228070175516]
SPS=396
Eval at step 10160000, survival=4.570%, return=[-1.8579387398727705, 211.3223809170723, -6.837391586350168, -43.92280701754426]
SPS=397
Eval at step 10200000, survival=4.304%, return=[-1.6314710344653576, 208.33945829677583, -6.951905949906359, -42.24385964912283]
SPS=397
Eval at step 10240000, survival=3.880%, return=[-1.502828449709341, 187.84986249685286, -7.235208456894907, -38.86315789473692]
SPS=397
Eval at step 10280000, survival=3.284%, return=[-1.4640055616153405, 159.89238558292394, -5.9024503776949135, -32.938596491228175]
SPS=397
Eval at step 10320000, survival=2.710%, return=[-1.3683842523547356, 132.0139808349609, -6.765916508779446, -27.85789473684207]
SPS=397
Eval at step 10360000, survival=3.548%, return=[-1.6013409266946836, 169.45988253974912, -8.076890523093606, -38.0894736842106]
SPS=398
Eval at step 10400000, survival=6.187%, return=[-1.9837078707583715, 297.30131766033185, -7.85391722250929, -67.19649122807051]
SPS=398
Eval at step 10440000, survival=2.338%, return=[-1.3488906936254352, 112.73160662651063, -5.879040943345899, -22.501754385964922]
SPS=398
Eval at step 10480000, survival=6.786%, return=[-2.2718883061024826, 318.41123972272845, -8.212055899959523, -72.28070175438668]
SPS=398
Eval at step 10520000, survival=5.461%, return=[-1.7917690193746239, 266.17239631319046, -7.535358832980274, -60.71578947368435]
SPS=398
Eval at step 10560000, survival=4.823%, return=[-1.786305179289775, 231.72363799667374, -16.200145259154123, -50.01052631578972]
SPS=398
Eval at step 10600000, survival=3.914%, return=[-1.6414959491696208, 187.97026349115373, -7.06602603351057, -42.37017543859665]
SPS=398
Eval at step 10640000, survival=2.853%, return=[-1.455829533020733, 134.34227395343785, -7.543429894021392, -27.69824561403516]
SPS=399
Eval at step 10680000, survival=4.311%, return=[-1.7351663387555163, 204.9783551855087, -7.312553810579265, -46.419298245614115]
SPS=399
Eval at step 10720000, survival=3.233%, return=[-1.5622577229049057, 154.65469676399232, -6.499199264056642, -35.44736842105284]
SPS=399
Eval at step 10760000, survival=3.477%, return=[-1.5314644244732336, 166.11470357751847, -6.779874266061597, -34.32456140350882]
SPS=399
Eval at step 10800000, survival=4.528%, return=[-1.6734797275043092, 220.17780543565746, -6.615656312213105, -50.62456140350891]
SPS=399
Eval at step 10840000, survival=3.941%, return=[-1.6869527841976377, 184.94318627834326, -7.723527251044288, -39.01052631578962]
SPS=400
Eval at step 10880000, survival=5.570%, return=[-2.0157286070403644, 264.0934540104865, -6.873385321663955, -58.73684210526354]
SPS=400
Eval at step 10920000, survival=4.201%, return=[-1.6870746999047697, 199.42939418029792, -6.8759969498885765, -42.80350877193013]
SPS=400
Eval at step 10960000, survival=3.930%, return=[-1.5998391272150911, 186.92104065942758, -7.4282607485271, -42.317543859649085]
SPS=400
Eval at step 11000000, survival=4.807%, return=[-1.8436823152005672, 230.0970356407165, -7.5038724028310755, -50.31754385964914]
SPS=400
Eval at step 11040000, survival=3.764%, return=[-1.6649630783475005, 178.46723572349543, -7.3946286223676, -39.107017543859754]
SPS=400
Eval at step 11080000, survival=2.795%, return=[-1.392262823675992, 135.18633072566985, -7.530916623648227, -33.4736842105264]
SPS=401
Eval at step 11120000, survival=8.907%, return=[-2.6616877816442868, 407.80853414678575, -19.843277891074855, -96.30175438596612]
SPS=400
Eval at step 11160000, survival=5.624%, return=[-1.9679147540824489, 266.1927724604606, -8.372392079814016, -59.39649122807045]
SPS=401
Eval at step 11200000, survival=3.814%, return=[-1.6607933678256814, 178.43335118150705, -6.840718197800743, -42.95087719298256]
SPS=401
Eval at step 11240000, survival=5.345%, return=[-2.0795921713288408, 243.96289727783193, -7.425959843307647, -56.98771929824623]
SPS=401
Eval at step 11280000, survival=3.858%, return=[-1.6250975456438028, 182.46673098230355, -6.994672053886643, -38.264912280701914]
SPS=401
Eval at step 11320000, survival=3.219%, return=[-1.4899511256895495, 155.57552497720712, -6.37955160363199, -33.56842105263169]
SPS=401
Eval at step 11360000, survival=6.260%, return=[-1.9677385974791832, 295.59839529514295, -8.941023244295684, -70.53859649122867]
SPS=401
Eval at step 11400000, survival=8.586%, return=[-2.5358924100990405, 396.8896079516413, -9.54206491591467, -97.99824561403611]
SPS=401
Eval at step 11440000, survival=6.365%, return=[-2.237627076631179, 294.76939926481225, -8.488513225403675, -74.30877192982523]
SPS=401
Eval at step 11480000, survival=5.277%, return=[-1.9933071112667675, 244.30703428459168, -8.559559437827556, -60.46666666666702]
SPS=401
Eval at step 11520000, survival=6.217%, return=[-2.1925948449817954, 288.1151403927803, -7.9728793506619695, -64.70701754386013]
SPS=402
Eval at step 11560000, survival=6.035%, return=[-2.200783906504512, 276.6602629332542, -7.5387665084123, -60.92280701754451]
SPS=402
Eval at step 11600000, survival=4.645%, return=[-1.7859228467801587, 218.6540938801767, -6.448287559430173, -51.33859649122822]
SPS=402
Eval at step 11640000, survival=5.058%, return=[-1.9138531271601096, 235.28433541393298, -19.5153472823411, -53.0192982456144]
SPS=402
Eval at step 11680000, survival=6.379%, return=[-2.167687733017374, 297.45694686126717, -7.4893450502655465, -69.53333333333394]
SPS=402
Eval at step 11720000, survival=4.425%, return=[-1.7167231500847264, 209.3250303020478, -7.539120778351207, -51.27192982456152]
SPS=402
Eval at step 11760000, survival=6.453%, return=[-2.1536765642289537, 297.81881144952774, -8.388496403802128, -75.32456140350948]
SPS=402
Eval at step 11800000, survival=7.039%, return=[-2.398210552590899, 323.7130405831338, -8.456155941098814, -78.83157894736921]
SPS=402
Eval at step 11840000, survival=5.737%, return=[-2.0580411809962245, 264.3103951225281, -8.246119161171737, -64.13333333333371]
SPS=402
Eval at step 11880000, survival=4.542%, return=[-1.7981081313453615, 212.28992023563404, -7.79459347870943, -47.382456140351145]
SPS=402
Eval at step 11920000, survival=6.494%, return=[-2.23947020128835, 304.1019834990501, -8.710208683232485, -74.16842105263251]
SPS=403
Eval at step 11960000, survival=7.019%, return=[-2.4708879794576206, 315.97827016639724, -9.800954003325751, -70.2929824561411]
SPS=403
Eval at step 12000000, survival=6.109%, return=[-2.164617094543064, 284.49779842424397, -7.178319646678574, -68.93684210526384]
SPS=403
Eval at step 12040000, survival=7.010%, return=[-2.4568129975930786, 319.37091317653636, -8.889837808666561, -76.60877192982491]
SPS=403
Eval at step 12080000, survival=9.058%, return=[-2.8064296519325582, 420.67289711475394, -10.207947285078443, -104.95438596491358]
SPS=403
Eval at step 12120000, survival=6.608%, return=[-2.4462165307311805, 297.7308944907189, -9.494407521668473, -68.8210526315797]
SPS=403
Eval at step 12160000, survival=6.763%, return=[-2.3359727344010026, 315.8402616162301, -6.914578301167285, -75.71929824561471]
SPS=403
Eval at step 12200000, survival=8.917%, return=[-2.9226177335542163, 405.11857616996775, -9.112462247684789, -92.8157894736854]
SPS=403
Eval at step 12240000, survival=7.181%, return=[-2.499944583384786, 328.06187025022507, -8.356834772329602, -74.89824561403604]
SPS=403
Eval at step 12280000, survival=10.637%, return=[-3.275222939194646, 483.504679636955, -10.495387562160795, -111.62105263157889]
SPS=403
Eval at step 12320000, survival=11.590%, return=[-3.4926110246102327, 528.6104537405965, -10.486057693225302, -124.82280701754351]
SPS=402
Eval at step 12360000, survival=8.969%, return=[-2.8856914803851397, 409.0877841262817, -9.901430230752158, -97.95087719298407]
SPS=402
Eval at step 12400000, survival=4.044%, return=[-1.7407399648334831, 191.077751074791, -6.511396337080077, -43.4456140350878]
SPS=403
Eval at step 12440000, survival=6.969%, return=[-2.406272457179148, 323.30294428443904, -7.326632615350536, -70.77543859649211]
SPS=403
Eval at step 12480000, survival=13.113%, return=[-3.94335336307995, 589.0925709786414, -13.065923156060308, -136.1385964912302]
SPS=402
Eval at step 12520000, survival=7.223%, return=[-2.58074205404846, 324.1130623803139, -8.407914377082852, -71.84561403508846]
SPS=402
Eval at step 12560000, survival=6.936%, return=[-2.4304109926335515, 317.88502997112266, -8.432627608806069, -77.08245614035165]
SPS=402
Eval at step 12600000, survival=12.753%, return=[-3.8098374988127035, 578.4080498909951, -9.995106173266503, -143.6491228070195]
SPS=402
Eval at step 12640000, survival=9.086%, return=[-2.8847833525389435, 417.0874490685463, -10.001989951970609, -111.75087719298419]
SPS=402
Eval at step 12680000, survival=5.792%, return=[-2.162121079408098, 268.7233639430999, -7.600075362822099, -61.150877192982875]
SPS=402
Eval at step 12720000, survival=6.035%, return=[-2.2723786465474403, 276.17327400159843, -7.372885352162848, -65.71929824561464]
SPS=402
Eval at step 12760000, survival=9.270%, return=[-3.059839952428592, 419.3923415718079, -11.265733450687549, -100.38596491228188]
SPS=401
Eval at step 12800000, survival=10.035%, return=[-3.1929228905006313, 456.84653995704656, -9.189787155791418, -103.76491228070302]
SPS=401
Eval at step 12840000, survival=6.187%, return=[-2.284196518547833, 283.5477565627097, -7.587426224713272, -62.584210526316575]
SPS=401
Eval at step 12880000, survival=9.776%, return=[-3.0869687592319677, 446.5970929093364, -8.337942266324081, -96.95263157894837]
SPS=401
Eval at step 12920000, survival=9.632%, return=[-3.0508879503700883, 439.9952927103046, -9.207583078998141, -99.76315789473789]
SPS=401
Eval at step 12960000, survival=8.635%, return=[-2.857943983277073, 388.6524244070055, -14.684445608066744, -89.01403508772061]
SPS=401
Eval at step 13000000, survival=16.740%, return=[-4.753776440653018, 750.7361120328904, -12.03390696747606, -160.77894736842228]
SPS=401
Eval at step 13040000, survival=6.803%, return=[-2.3816861497063657, 312.4867289395334, -7.238687852011935, -69.93157894736905]
SPS=401
Eval at step 13080000, survival=5.929%, return=[-2.115800562663935, 276.94811401414887, -7.570521756465314, -63.55614035087774]
SPS=401
Eval at step 13120000, survival=6.018%, return=[-2.200229441537522, 276.7788291101456, -7.527997400192544, -64.54385964912339]
SPS=401
Eval at step 13160000, survival=7.357%, return=[-2.537332084501395, 337.57210675001147, -10.087007644385812, -78.0140350877202]
SPS=401
Eval at step 13200000, survival=6.796%, return=[-2.385991642769659, 312.48196838665, -7.770431401653331, -74.47368421052705]
SPS=401
Eval at step 13240000, survival=7.965%, return=[-2.6803456795634704, 362.8996113862994, -8.075754831049016, -85.83157894736961]
SPS=401
Eval at step 13280000, survival=13.183%, return=[-3.9291367411438842, 592.805108314514, -11.092946309226585, -133.86491228070344]
SPS=401
Eval at step 13320000, survival=10.981%, return=[-3.3452425613708328, 500.1131239476208, -10.933989281404866, -114.21754385965066]
SPS=401
Eval at step 13360000, survival=7.081%, return=[-2.4454451755038464, 324.19436567306514, -8.163824736585303, -74.73157894736923]
SPS=401
Eval at step 13400000, survival=10.868%, return=[-3.3782527675735765, 491.7917999110221, -10.56370630350575, -117.42280701754552]
SPS=401
Eval at step 13440000, survival=10.760%, return=[-3.4555888269562276, 477.6897929530146, -9.70057456743525, -108.61754385965097]
SPS=401
Eval at step 13480000, survival=9.892%, return=[-3.0698584266065154, 453.08860875415786, -9.248478625285497, -108.25263157894695]
SPS=401
Eval at step 13520000, survival=13.481%, return=[-4.018167344131507, 603.5329755849842, -10.055633008155564, -135.56491228070297]
SPS=401
Eval at step 13560000, survival=8.761%, return=[-2.8617522166576235, 399.3760657238963, -7.198121053977957, -93.29473684210646]
SPS=401
Eval at step 13600000, survival=13.570%, return=[-3.970328792714281, 612.5042886033059, -9.36137806233728, -140.26842105263285]
SPS=401
Eval at step 13640000, survival=9.146%, return=[-2.9141122595465276, 417.10637788486474, -10.252083662612131, -98.65438596491313]
SPS=401
Eval at step 13680000, survival=13.899%, return=[-4.006867576297372, 632.1624622702594, -10.704754038438114, -142.94035087719323]
SPS=401
Eval at step 13720000, survival=9.639%, return=[-2.9831889218767174, 444.36010906600933, -8.213415223505752, -104.88771929824694]
SPS=401
Eval at step 13760000, survival=10.246%, return=[-3.287091210723156, 459.2123720903396, -8.971733374909672, -99.6263157894753]
SPS=400
Eval at step 13800000, survival=15.894%, return=[-4.528631055599544, 712.2020525474545, -11.902622273722182, -159.65438596491305]
SPS=400
Eval at step 13840000, survival=6.895%, return=[-2.5086568100145086, 308.61750316572204, -8.66914448812513, -66.63333333333424]
SPS=400
Eval at step 13880000, survival=8.357%, return=[-2.8199530557263643, 376.73384133958814, -8.378257827906419, -82.55789473684322]
SPS=400
Eval at step 13920000, survival=9.532%, return=[-3.067507160833338, 430.9265695943829, -9.478012293658775, -92.99122807017628]
SPS=400
Eval at step 13960000, survival=8.237%, return=[-2.733413459791336, 377.4091200361251, -7.8716740170224515, -87.93859649122935]
SPS=400
Eval at step 14000000, survival=7.057%, return=[-2.5057468128798064, 320.53608424949635, -8.779066665932806, -76.89824561403601]
SPS=400
Eval at step 14040000, survival=9.439%, return=[-3.001368136354722, 429.3919943203924, -12.153474395425292, -99.32982456140452]
SPS=400
Eval at step 14080000, survival=6.326%, return=[-2.3564805619418623, 286.33083606052423, -7.79177269318061, -63.86842105263243]
SPS=400
Eval at step 14120000, survival=7.553%, return=[-2.601331459393259, 344.4431846919059, -7.915031770529095, -78.43157894736933]
SPS=400
Eval at step 14160000, survival=12.295%, return=[-3.556309178378433, 568.676749584198, -10.513374587650105, -144.53333333333399]
SPS=400
Eval at step 14200000, survival=9.125%, return=[-2.8796792266657576, 421.08384420108797, -9.153619725112458, -107.82807017544016]
SPS=400
Eval at step 14240000, survival=17.148%, return=[-4.760158411390148, 778.7471853556642, -15.721210333526688, -180.39473684210375]
SPS=400
Eval at step 14280000, survival=9.778%, return=[-3.027294216887094, 445.51098481082926, -24.403891303169438, -104.77192982456293]
SPS=400
Eval at step 14320000, survival=9.404%, return=[-2.964952105190605, 431.52202954244615, -9.569766988457559, -99.69473684210685]
SPS=400
Eval at step 14360000, survival=15.689%, return=[-4.596194492292125, 699.7427135705948, -12.425628936052272, -157.99122807017267]
SPS=400
Eval at step 14400000, survival=14.594%, return=[-4.2818887267552785, 657.1950733685492, -14.35712218191684, -156.17192982456103]
SPS=400
Eval at step 14440000, survival=6.125%, return=[-2.2640537247178143, 281.94186885690704, -8.265091864860915, -66.42807017543939]
SPS=400
Eval at step 14480000, survival=7.696%, return=[-2.6953085014014504, 345.92681705808644, -10.303995462652983, -76.84912280701855]
SPS=400
Eval at step 14520000, survival=13.903%, return=[-3.9915711123729123, 634.9274198884964, -11.999273367493924, -157.20877192982502]
SPS=400
Eval at step 14560000, survival=9.102%, return=[-2.925122259603813, 415.8737462887766, -10.659859532906967, -92.4543859649136]
SPS=400
Eval at step 14600000, survival=8.034%, return=[-2.59822395935189, 373.9997025794985, -8.924310671283456, -90.72456140350987]
SPS=400
Eval at step 14640000, survival=10.523%, return=[-3.159864707617089, 485.2972263903619, -8.797950023525482, -116.66140350877296]
SPS=400
Eval at step 14680000, survival=9.257%, return=[-2.9131125134648754, 428.0712116107943, -9.917151564486137, -104.28421052631646]
SPS=400
Eval at step 14720000, survival=10.036%, return=[-3.0543417657259853, 462.0165294265747, -8.758209513898327, -108.57894736842266]
SPS=400
Eval at step 14760000, survival=14.790%, return=[-4.132196246320381, 677.3562268333435, -11.681483040827606, -154.17368421052728]
SPS=399
Eval at step 14800000, survival=12.419%, return=[-3.7343233292049263, 560.0691408658026, -9.490108818258523, -128.8017543859672]
SPS=399
Eval at step 14840000, survival=10.916%, return=[-3.3647125977207906, 496.2979799065586, -13.552899535563347, -114.42807017543946]
SPS=399
Eval at step 14880000, survival=12.433%, return=[-3.679818226536736, 565.5079121026995, -10.344522401219, -135.04561403508905]
SPS=399
Eval at step 14920000, survival=7.192%, return=[-2.4806722006120254, 330.9413619241716, -9.37584748830086, -75.33157894736924]
SPS=399
Eval at step 14960000, survival=12.877%, return=[-3.846045284043066, 580.1052953886988, -10.473151773535937, -122.43508771930033]
SPS=399
Eval at step 15000000, survival=8.178%, return=[-2.6392266871756873, 379.9864333171843, -7.432124232544448, -92.22105263158012]
SPS=399
[1;34mwandb[0m: 
[1;34mwandb[0m: 🚀 View run [33mMAPPO_bus14_T_0_0__I__1779616145_32484[0m at: [34mhttps://wandb.ai/corentin-plumet-epfl/Grid2Op/runs/MAPPO_bus14_T_0_0__I__1779616145_32484[0m
[1;34mwandb[0m: Find logs at: [1;35mwandb/wandb/run-20260524_115041-MAPPO_bus14_T_0_0__I__1779616145_32484/logs[0m
Job 54654018 finished at dim 24 mai 2026 22:15:44 CEST
