Job 54654021 started on jst285 at dim 24 mai 2026 13:01:23 CEST
Training configuration:
  conda env       : marl2grid
  algorithm       : MAPPO
  env             : bus14
  seed            : 0
  total timesteps : 25000000
  n envs          : 40
  torch threads   : 16
  wandb mode      : online
Running: python -u main.py --alg MAPPO --env-id bus14 --action-type topology --seed 0 --total-timesteps 25000000 --n-envs 40 --n-threads 16 --cuda False --checkpoint True --wandb-project Grid2Op --wandb-entity corentin-plumet-epfl --wandb-mode online --time-limit 1300  --total-timesteps 15000000 --eval-freq 40000 --actor-layers 256 256 256 --critic-layers 256 256 256 --actor-lr 0.0001 --critic-lr 0.0001 --gamma 0.9 --gae-lambda 0.95 --update-epochs 10 --max-grad-norm 1.0 --clip-coef 0.2 --vf-coef 0.5 --norm-reward True --deterministic-eval False --n-steps 1000 --n-minibatches 16 --entropy-coef 0.01 --target-kl 0.02 --init-do-nothing-prob 0.5 --exp-tag b1_40env_1000steps
Eval at step 40000, survival=0.033%, return=[-1.0039632161147893, -0.19284599256515506, -5.383614851906896, -1.1385964912280704]
SPS=198
Eval at step 80000, survival=0.035%, return=[-1.0052753466763533, -0.17734413290023804, -5.737057347595692, -1.168421052631579]
SPS=241
Eval at step 120000, survival=0.043%, return=[-1.0057336598169058, 0.18531270408630368, -6.11985153015703, -1.1807017543859648]
SPS=264
Eval at step 160000, survival=0.036%, return=[-1.0042225630022585, -0.10925119829177861, -5.426136325020343, -1.1964912280701754]
SPS=278
Eval at step 200000, survival=0.043%, return=[-1.0051420748583042, 0.16664843654632572, -6.295418388023973, -1.2315789473684209]
SPS=288
Eval at step 240000, survival=0.073%, return=[-1.0086712106247433, 1.7109649486541745, -5.129031445129658, -1.2491228070175437]
SPS=290
Eval at step 280000, survival=0.076%, return=[-1.0090562412864528, 1.707212878704071, -5.59894610340707, -1.268421052631579]
SPS=292
Eval at step 320000, survival=0.099%, return=[-1.0134669511811807, 2.853751135826111, -5.627191902697087, -1.4210526315789473]
SPS=296
Eval at step 360000, survival=0.136%, return=[-1.0195629481808282, 4.30784627199173, -5.832940258225426, -1.873684210526316]
SPS=299
Eval at step 400000, survival=0.190%, return=[-1.0254627219168468, 6.850587728500367, -7.493638936150819, -2.212280701754386]
SPS=301
Eval at step 440000, survival=0.198%, return=[-1.023118906968739, 7.773917451858521, -5.6319726175221145, -2.36140350877193]
SPS=304
Eval at step 480000, survival=0.218%, return=[-1.0246976846596225, 8.552472767353056, -5.5454074399545785, -2.0701754385964906]
SPS=306
Eval at step 520000, survival=0.219%, return=[-1.024849969742354, 8.350282215118408, -5.7792230693623425, -1.587719298245614]
SPS=309
Eval at step 560000, survival=0.418%, return=[-1.0469872742600272, 17.683416718959812, -5.52073759882478, -3.5631578947368423]
SPS=312
Eval at step 600000, survival=0.487%, return=[-1.0540650381706655, 21.77109721708298, -5.3756163665908385, -3.985964912280702]
SPS=315
Eval at step 640000, survival=0.832%, return=[-1.1021242399408948, 38.276241424083715, -5.57559580206871, -6.261403508771934]
SPS=318
Eval at step 680000, survival=0.663%, return=[-1.082492108514998, 29.18025854349137, -5.782517001312226, -7.4298245614035014]
SPS=321
Eval at step 720000, survival=0.423%, return=[-1.0527677569305525, 18.892751100540167, -5.567132789827883, -3.938596491228067]
SPS=324
Eval at step 760000, survival=0.720%, return=[-1.088413862750167, 33.58014566516876, -6.665606632028357, -5.3210526315789455]
SPS=327
Eval at step 800000, survival=0.983%, return=[-1.108530210639583, 45.602697628498085, -5.715153929172084, -6.352631578947384]
SPS=329
Eval at step 840000, survival=1.515%, return=[-1.1647338812006638, 74.82854951620101, -5.080083688115701, -12.629824561403492]
SPS=332
Eval at step 880000, survival=0.898%, return=[-1.1023724646074697, 41.864082905292506, -6.839497430273331, -6.380701754385965]
SPS=335
Eval at step 920000, survival=1.437%, return=[-1.168221280805301, 69.12908500576017, -11.248327434295788, -12.929824561403516]
SPS=337
Eval at step 960000, survival=1.631%, return=[-1.1630726347328164, 78.93794493675234, -5.234341865067836, -15.443859649122805]
SPS=341
Eval at step 1000000, survival=2.125%, return=[-1.3225152942177374, 98.20280784082414, -37.77310461603338, -20.000000000000007]
SPS=344
Eval at step 1040000, survival=2.149%, return=[-1.248966687853681, 104.95641506910326, -5.386474584102689, -18.268421052631574]
SPS=347
Eval at step 1080000, survival=1.961%, return=[-1.2043100642040372, 93.75157363033296, -18.41279304975178, -15.814035087719251]
SPS=351
Eval at step 1120000, survival=2.161%, return=[-1.2374794484756422, 106.47190459775925, -12.39100896178861, -18.14385964912279]
SPS=354
Eval at step 1160000, survival=2.644%, return=[-1.371653773781145, 125.88570223665242, -20.48307072649477, -27.17543859649121]
SPS=358
Eval at step 1200000, survival=1.891%, return=[-1.2678308428032323, 90.07225466585159, -6.500960068928544, -11.12280701754384]
SPS=361
Eval at step 1240000, survival=2.101%, return=[-1.219967045087833, 99.61621167278284, -14.505287493625655, -16.494736842105347]
SPS=365
Eval at step 1280000, survival=2.281%, return=[-1.2806406522227918, 112.58670780611035, -5.274875710741616, -15.975438596491253]
SPS=368
Eval at step 1320000, survival=3.015%, return=[-1.348303757130634, 144.97037020969393, -5.666499389108504, -27.29649122807019]
SPS=371
Eval at step 1360000, survival=3.431%, return=[-1.3710828569892328, 167.16659321784974, -5.232696891896194, -26.854385964912257]
SPS=374
Eval at step 1400000, survival=2.537%, return=[-1.3133174270158634, 119.68147278881081, -38.34443732029176, -15.20000000000005]
SPS=377
Eval at step 1440000, survival=6.344%, return=[-1.903362370218383, 300.848679069996, -5.546368672419339, -55.37192982456215]
SPS=379
Eval at step 1480000, survival=2.031%, return=[-1.2271778355236165, 101.34057858705519, -5.348293266634573, -14.07368421052631]
SPS=382
Eval at step 1520000, survival=2.338%, return=[-1.2980946051015052, 113.82314259099958, -16.337476664950373, -19.84912280701755]
SPS=385
Eval at step 1560000, survival=2.910%, return=[-1.3690501697245054, 137.02824644088747, -5.149045845627552, -21.75087719298265]
SPS=388
Eval at step 1600000, survival=5.864%, return=[-1.7796248405298685, 277.7956307940482, -9.213939334579482, -54.1280701754391]
SPS=389
Eval at step 1640000, survival=11.187%, return=[-2.756104938942008, 530.7622072687157, -8.008518171176547, -105.8859649122799]
SPS=390
Eval at step 1680000, survival=3.714%, return=[-1.618092990090372, 172.02039535808564, -8.06472871223814, -38.78245614035123]
SPS=392
Eval at step 1720000, survival=5.575%, return=[-1.713267972448375, 258.16801578521745, -5.244520084920805, -51.03859649122894]
SPS=394
Eval at step 1760000, survival=6.623%, return=[-1.8883463042497168, 314.05551344036996, -6.074343851293088, -53.177192982455765]
SPS=395
Eval at step 1800000, survival=7.383%, return=[-1.9923491816502064, 353.40815961813934, -11.14898399685335, -51.48245614035157]
SPS=396
Eval at step 1840000, survival=3.782%, return=[-1.5565042965929023, 176.41395841884622, -5.7154538559785575, -38.39473684210544]
SPS=398
Eval at step 1880000, survival=6.066%, return=[-1.7530812496319412, 292.5142839159965, -7.139057793255779, -57.02456140350937]
SPS=399
Eval at step 1920000, survival=1.163%, return=[-1.1208628567517736, 57.09931012868883, -10.543143346498255, -9.175438596491215]
SPS=402
Eval at step 1960000, survival=4.537%, return=[-1.5960613705625293, 214.7282046990395, -5.740264260708864, -39.17894736842139]
SPS=403
Eval at step 2000000, survival=13.681%, return=[-2.744920162414201, 645.4208696804047, -5.442451102600899, -144.73157894736119]
SPS=403
Eval at step 2040000, survival=18.627%, return=[-3.2316100257914515, 897.2167949209221, -15.904942047872463, -166.05614035086697]
SPS=401
Eval at step 2080000, survival=8.997%, return=[-2.3560366808378603, 426.5051089820864, -18.414856817145484, -70.21052631579032]
SPS=402
Eval at step 2120000, survival=6.700%, return=[-1.8032828172959854, 320.5166395292283, -48.507789025630885, -56.187719298246215]
SPS=403
Eval at step 2160000, survival=5.936%, return=[-2.0522891454806085, 270.47687327003496, -5.28851693214674, -52.321052631579526]
SPS=404
Eval at step 2200000, survival=4.505%, return=[-1.6883860248781275, 209.51699162244785, -5.16470815987268, -26.131578947368745]
SPS=405
Eval at step 2240000, survival=8.125%, return=[-1.9723156767431647, 388.2515336523056, -5.464477230298508, -72.47543859649195]
SPS=406
Eval at step 2280000, survival=4.251%, return=[-1.5276546857319773, 203.64633930110935, -5.736577550473157, -32.56842105263179]
SPS=408
Eval at step 2320000, survival=6.590%, return=[-1.7740650112973526, 318.72963729572285, -5.344300420551735, -32.97894736842143]
SPS=408
Eval at step 2360000, survival=7.531%, return=[-2.054012469371082, 362.46663413333914, -8.028821112230071, -55.84385964912339]
SPS=409
Eval at step 2400000, survival=12.400%, return=[-2.5515561878157316, 597.287078394412, -29.69959996720936, -80.34912280700998]
SPS=409
Eval at step 2440000, survival=12.201%, return=[-3.0820883254695217, 580.8228182163238, -61.467022613390874, -116.85789473684437]
SPS=409
Eval at step 2480000, survival=11.646%, return=[-2.552640698943287, 555.2625137524601, -5.429915830510436, -93.17368421052284]
SPS=409
Eval at step 2520000, survival=8.224%, return=[-2.031998373597162, 397.6826033287051, -5.905187021203164, -51.08070175438662]
SPS=409
Eval at step 2560000, survival=6.452%, return=[-2.012771093705669, 299.5635376672737, -14.451747827752389, -53.07368421052602]
SPS=410
Eval at step 2600000, survival=13.951%, return=[-3.5951532050734385, 632.1286323761934, -52.26881566192533, -126.94210526315574]
SPS=409
Eval at step 2640000, survival=6.179%, return=[-1.897503716312349, 291.63759605264653, -5.3782760765679996, -49.092982456140824]
SPS=410
Eval at step 2680000, survival=17.361%, return=[-3.1683830019785093, 823.5448809432985, -4.618385003324147, -121.00877192982242]
SPS=409
Eval at step 2720000, survival=3.952%, return=[-1.5522000992437825, 188.3504260520935, -6.572244464943651, -24.101754385965094]
SPS=410
Eval at step 2760000, survival=15.024%, return=[-3.4059455581300426, 705.7268847336765, -13.434237228840356, -106.25964912280907]
SPS=410
Eval at step 2800000, survival=4.824%, return=[-1.5694089901109691, 229.29163828277586, -5.32870871282139, -31.46491228070197]
SPS=411
Eval at step 2840000, survival=8.528%, return=[-2.568753399461275, 392.9769374542233, -10.576055352028925, -53.79473684210461]
SPS=411
Eval at step 2880000, survival=3.927%, return=[-1.5124320613685995, 193.04860219049453, -9.644869204446877, -24.096491228070285]
SPS=412
Eval at step 2920000, survival=6.089%, return=[-1.8514397114573513, 294.2807933688165, -5.698381876270287, -29.835087719298485]
SPS=413
Eval at step 2960000, survival=3.876%, return=[-1.4909427617036273, 182.44049007892627, -5.25233690678142, -18.07192982456153]
SPS=414
Eval at step 3000000, survival=5.928%, return=[-1.6439451708982233, 287.7009516277314, -5.400420717416273, -25.88596491228077]
SPS=415
Eval at step 3040000, survival=10.341%, return=[-2.276445573318051, 476.15759259223967, -5.0350449225399645, -54.97368421052622]
SPS=415
Eval at step 3080000, survival=15.965%, return=[-2.953560278279474, 754.7630145802493, -9.013031324162148, -105.42105263157914]
SPS=414
Eval at step 3120000, survival=6.890%, return=[-1.7970229768776336, 323.30144817638393, -11.805169520911296, -38.72807017543915]
SPS=415
Eval at step 3160000, survival=4.875%, return=[-1.5350386599136983, 235.15661644935608, -5.977870229088876, -24.538596491228475]
SPS=416
Eval at step 3200000, survival=3.467%, return=[-1.3611963131814264, 169.18300917387018, -6.195277228118357, -16.7070175438598]
SPS=417
Eval at step 3240000, survival=5.873%, return=[-1.6407508776232134, 282.77651197004326, -18.677840056740386, -32.72807017543914]
SPS=417
Eval at step 3280000, survival=4.567%, return=[-1.4905758837412577, 216.17880339050288, -6.667226603149902, -28.601754385965314]
SPS=418
Eval at step 3320000, survival=3.543%, return=[-1.367037974309642, 171.42479263496398, -5.834748799225781, -13.23508771929826]
SPS=419
Eval at step 3360000, survival=2.922%, return=[-1.2730740636005067, 142.73317212486265, -5.429379622422857, -12.852631578947364]
SPS=420
Eval at step 3400000, survival=3.387%, return=[-1.3312881574500353, 163.1729964313507, -10.883370946195281, -14.510526315789466]
SPS=421
Eval at step 3440000, survival=2.304%, return=[-1.2181192880030722, 111.4592365446091, -5.479762206575833, -5.980701754385964]
SPS=421
Eval at step 3480000, survival=3.766%, return=[-1.3955581480578985, 182.30907275199894, -5.187709776974225, -12.68245614035086]
SPS=422
Eval at step 3520000, survival=3.667%, return=[-1.3955652643286158, 177.68509679555896, -5.155053282174959, -11.471929824561391]
SPS=423
Eval at step 3560000, survival=3.862%, return=[-1.3950530047004577, 185.02046801042567, -11.595223093638197, -11.817543859649096]
SPS=424
Eval at step 3600000, survival=4.322%, return=[-1.496173405792797, 204.98826820611959, -8.671480875910493, -10.761403508771895]
SPS=424
Eval at step 3640000, survival=3.137%, return=[-1.3230600991635584, 151.79881344032287, -8.654505213120137, -10.64736842105262]
SPS=425
Eval at step 3680000, survival=1.099%, return=[-1.1102161604037974, 50.06648774242402, -21.998442782828352, -6.429824561403507]
SPS=426
Eval at step 3720000, survival=0.336%, return=[-1.0335390257649124, 14.234718722820281, -6.0263264225795865, -2.0666666666666664]
SPS=425
Eval at step 3760000, survival=0.606%, return=[-1.0653782955545466, 26.079361687660217, -7.960473642637953, -3.557894736842107]
SPS=424
Eval at step 3800000, survival=0.716%, return=[-1.0722227291786113, 32.081580574512486, -7.105928308225702, -3.4596491228070176]
SPS=423
Eval at step 3840000, survival=1.394%, return=[-1.1356858496787026, 65.21915875005722, -7.016826598078478, -7.726315789473702]
SPS=422
Eval at step 3880000, survival=0.727%, return=[-1.0688703374704347, 33.71603854703903, -6.67614357310813, -3.6473684210526294]
SPS=422
Eval at step 3920000, survival=1.720%, return=[-1.1717405269213486, 80.27870671606064, -11.2578967340487, -12.498245614035081]
SPS=422
Eval at step 3960000, survival=2.428%, return=[-1.2469016829447355, 114.33832855081559, -7.949802164273569, -14.108771929824556]
SPS=422
Eval at step 4000000, survival=1.405%, return=[-1.1384507971233688, 67.20323025655746, -14.152166464820038, -8.552631578947372]
SPS=423
Eval at step 4040000, survival=2.347%, return=[-1.2506083764601499, 111.0634738821984, -7.882452094234759, -13.982456140350939]
SPS=423
Eval at step 4080000, survival=4.834%, return=[-1.5201044185727368, 229.01608827495573, -6.657657509608543, -31.650877192982612]
SPS=424
Eval at step 4120000, survival=4.957%, return=[-1.5383263217576313, 235.60549168109893, -6.287565025851291, -25.089473684210738]
SPS=424
Eval at step 4160000, survival=6.930%, return=[-1.7974496960348916, 325.2405598177912, -7.001373070772388, -39.98070175438636]
SPS=424
Eval at step 4200000, survival=7.969%, return=[-1.9087540097010787, 374.6562737212183, -9.846633734350325, -40.98245614035127]
SPS=424
Eval at step 4240000, survival=10.460%, return=[-2.2922164778516163, 496.4926355957982, -6.393244398059323, -63.729824561404236]
SPS=424
Eval at step 4280000, survival=12.320%, return=[-2.3901279259414876, 573.6231106600765, -8.646029959295992, -59.575438596491985]
SPS=424
Eval at step 4320000, survival=8.331%, return=[-1.937860758038005, 385.2459869208336, -11.32458043928491, -27.356140350877258]
SPS=424
Eval at step 4360000, survival=8.776%, return=[-1.9967744708410464, 412.04235795927053, -6.400094761711079, -39.80526315789514]
SPS=424
Eval at step 4400000, survival=13.398%, return=[-2.5712182100804055, 628.4035282425878, -9.160479538317304, -70.88245614035199]
SPS=424
Eval at step 4440000, survival=16.543%, return=[-2.9845474918198307, 777.1306449036599, -6.203414426557719, -83.32105263157942]
SPS=423
Eval at step 4480000, survival=13.375%, return=[-2.5553142627584746, 624.0082338414188, -24.638516910851102, -73.57719298245696]
SPS=422
Eval at step 4520000, survival=11.342%, return=[-2.289034742797958, 531.5242785286902, -6.148737920096755, -58.240350877193805]
SPS=422
Eval at step 4560000, survival=18.296%, return=[-3.228311831463361, 857.975649171829, -6.762612929035095, -108.99824561403565]
SPS=421
Eval at step 4600000, survival=18.080%, return=[-3.22739728182205, 840.2847299585337, -6.282679676887346, -119.04210526315383]
SPS=420
Eval at step 4640000, survival=18.682%, return=[-3.3252933902898802, 870.3162721009257, -14.038196704911389, -120.71578947368423]
SPS=419
Eval at step 4680000, survival=13.538%, return=[-2.8223394752072637, 631.7501218090053, -5.89271658512298, -89.25263157894878]
SPS=419
Eval at step 4720000, survival=18.161%, return=[-3.3331937112729064, 849.2580616712564, -6.03277308504039, -98.54912280701268]
SPS=418
Eval at step 4760000, survival=15.388%, return=[-2.8625796392094345, 724.0947598896024, -15.63092704453793, -123.82631578947553]
SPS=418
Eval at step 4800000, survival=7.471%, return=[-1.8714476793655195, 358.13420353889444, -5.64815358138876, -53.60350877193061]
SPS=418
Eval at step 4840000, survival=16.571%, return=[-3.048603267187718, 763.4800183610918, -6.476433966940931, -159.75263157895182]
SPS=417
Eval at step 4880000, survival=11.555%, return=[-2.436298235342838, 537.805335960388, -6.415774237000733, -83.9210526315794]
SPS=417
Eval at step 4920000, survival=10.057%, return=[-2.168180976842996, 468.05445815181685, -31.112488292540366, -75.70701754386086]
SPS=417
Eval at step 4960000, survival=8.926%, return=[-2.0738419497793075, 414.92887615394585, -5.9214515799612855, -74.00526315789583]
SPS=417
Eval at step 5000000, survival=17.247%, return=[-3.225912439275999, 811.7131557717323, -6.1039920933966645, -114.07543859649286]
SPS=416
Eval at step 5040000, survival=7.418%, return=[-1.8462623754225205, 350.8536148424149, -6.7946877831825985, -49.9947368421058]
SPS=416
Eval at step 5080000, survival=16.166%, return=[-2.9988621662254444, 757.9264293684959, -37.61608440546915, -109.80175438596697]
SPS=416
Eval at step 5120000, survival=9.391%, return=[-2.189499960496323, 446.57986177825916, -7.126210480516602, -74.66315789473774]
SPS=416
Eval at step 5160000, survival=15.592%, return=[-3.0466556800412947, 711.7381574192048, -29.082690503180494, -133.66842105263268]
SPS=415
Eval at step 5200000, survival=1.230%, return=[-1.1311875102575868, 57.9246025762558, -5.591954498551786, -10.240350877192983]
SPS=416
Eval at step 5240000, survival=1.489%, return=[-1.275079391716281, 65.54703725242611, -7.703059619758278, -10.687719298245625]
SPS=416
Eval at step 5280000, survival=2.753%, return=[-1.3243448552035262, 130.1687005238533, -7.729283787991426, -22.7684210526317]
SPS=417
Eval at step 5320000, survival=0.975%, return=[-1.1762945955153554, 42.38310657930374, -5.4433844903745925, -8.7947368421053]
SPS=418
Eval at step 5360000, survival=0.841%, return=[-1.0878264031780418, 39.97858712196349, -5.445572833297774, -5.549122807017541]
SPS=418
Eval at step 5400000, survival=1.155%, return=[-1.1342585708829573, 53.19665312051774, -11.412514091935009, -7.766666666666661]
SPS=419
Eval at step 5440000, survival=2.444%, return=[-1.2702572363079525, 117.27857892990114, -5.368846605555154, -17.236842105263168]
SPS=420
Eval at step 5480000, survival=1.770%, return=[-1.1824941606610082, 84.65000447511673, -5.416870716924313, -12.382456140350886]
SPS=420
Eval at step 5520000, survival=2.201%, return=[-1.2359821536636446, 104.85084251117705, -5.753869614424184, -13.317543859649131]
SPS=421
Eval at step 5560000, survival=9.204%, return=[-2.0277150742360392, 437.98283958768815, -6.285454447139637, -47.4736842105268]
SPS=421
Eval at step 5600000, survival=8.802%, return=[-2.0158051273960154, 411.0977623124121, -6.2924313420109685, -68.96140350877295]
SPS=421
Eval at step 5640000, survival=8.764%, return=[-2.0400082111009397, 413.5892623648642, -5.98866982931213, -48.22280701754458]
SPS=421
Eval at step 5680000, survival=7.960%, return=[-1.9093991809349973, 375.2764180140495, -13.831519445948652, -52.52807017543934]
SPS=421
Eval at step 5720000, survival=12.711%, return=[-2.500297920498997, 593.2702178611758, -6.4022540235389895, -69.82807017543979]
SPS=421
Eval at step 5760000, survival=9.268%, return=[-2.0829933985020035, 430.86569208622024, -6.776187925642444, -50.90000000000079]
SPS=421
Eval at step 5800000, survival=15.768%, return=[-2.8223467423697004, 732.2374851417543, -8.868192514974908, -74.73684210526451]
SPS=420
Eval at step 5840000, survival=12.681%, return=[-2.5084630017227028, 586.5799902501105, -6.173207512738372, -72.07543859649238]
SPS=420
Eval at step 5880000, survival=9.707%, return=[-2.1158266305108553, 450.57308089637735, -6.150752050968004, -52.04385964912346]
SPS=420
Eval at step 5920000, survival=8.860%, return=[-2.0641028203826863, 409.2017888183592, -12.169151148050878, -49.514035087720046]
SPS=420
Eval at step 5960000, survival=15.666%, return=[-2.9533683269459288, 726.4506061315537, -6.810717282322003, -101.67192982456348]
SPS=419
Eval at step 6000000, survival=17.392%, return=[-3.2087762976647354, 817.647500352861, -15.313119964141332, -105.0894736842088]
SPS=419
Eval at step 6040000, survival=13.356%, return=[-2.571849655837286, 625.3804529218675, -11.455862094840485, -76.93508771929955]
SPS=418
Eval at step 6080000, survival=8.338%, return=[-1.990648418670753, 395.61275051498416, -10.080558420995658, -49.9421052631583]
SPS=419
Eval at step 6120000, survival=8.083%, return=[-2.0519089961599093, 376.51536001062385, -6.779470337414023, -53.27017543859711]
SPS=419
Eval at step 6160000, survival=9.407%, return=[-2.257051928032888, 439.51492880773577, -6.492003732634475, -73.31052631579071]
SPS=419
Eval at step 6200000, survival=14.209%, return=[-2.9239315485523547, 653.7659327173236, -7.837268225676962, -106.0333333333346]
SPS=418
Eval at step 6240000, survival=14.518%, return=[-3.0018558062321974, 677.8048784852034, -6.619395799468475, -114.73157894736592]
SPS=418
Eval at step 6280000, survival=19.399%, return=[-3.7743883010116406, 893.5392621121409, -7.921190777044467, -155.7210526315792]
SPS=417
Eval at step 6320000, survival=7.152%, return=[-1.8191336870659143, 334.70793575620644, -6.697013162652001, -42.82105263157926]
SPS=417
Eval at step 6360000, survival=12.113%, return=[-2.5180744515673723, 576.8842231588359, -7.6833062519479425, -79.92105263157893]
SPS=417
Eval at step 6400000, survival=18.295%, return=[-3.6044593216094656, 852.9796278347973, -7.658652535526926, -157.61754385964997]
SPS=417
Eval at step 6440000, survival=18.349%, return=[-3.540129148698179, 852.3219835162166, -6.671906395729456, -153.324561403505]
SPS=416
Eval at step 6480000, survival=12.564%, return=[-2.734707128757145, 592.4476636581423, -12.81393585196147, -109.94561403508938]
SPS=416
Eval at step 6520000, survival=12.158%, return=[-2.792245280276984, 563.0882300210002, -5.973879458551528, -119.5017543859645]
SPS=416
Eval at step 6560000, survival=14.590%, return=[-3.13959826581995, 688.1761130476009, -5.9888597240948, -117.62982456140222]
SPS=415
Eval at step 6600000, survival=16.339%, return=[-3.325717608456034, 760.893405780315, -6.165663935012072, -143.9842105263179]
SPS=415
Eval at step 6640000, survival=14.575%, return=[-3.225457785726758, 683.2486262822151, -36.55772987268574, -125.74210526315633]
SPS=415
Eval at step 6680000, survival=11.492%, return=[-2.5398694809351583, 537.9407795839311, -17.75558414988391, -82.36491228070305]
SPS=415
Eval at step 6720000, survival=9.035%, return=[-2.2460031791590156, 434.294501137733, -5.695342875546885, -73.18771929824663]
SPS=415
Eval at step 6760000, survival=14.508%, return=[-3.0123472516424954, 682.4143729681971, -6.785742270169431, -127.79122807017593]
SPS=414
Eval at step 6800000, survival=15.123%, return=[-3.1599350199918264, 705.9559850859646, -5.822342410823785, -126.72280701754573]
SPS=414
Eval at step 6840000, survival=6.300%, return=[-1.8466131057532038, 302.3374603295327, -5.835482133680489, -57.0842105263167]
SPS=414
Eval at step 6880000, survival=5.000%, return=[-1.6550260153017007, 239.01130055952075, -7.181105480714177, -39.33684210526366]
SPS=415
Eval at step 6920000, survival=5.133%, return=[-1.6392250818083993, 244.88478264951718, -6.74021159672302, -44.04385964912331]
SPS=415
Eval at step 6960000, survival=13.627%, return=[-2.851907818386098, 646.8270567083351, -5.6894626402907305, -123.35614035087629]
SPS=415
Eval at step 7000000, survival=3.211%, return=[-1.4311907853814774, 153.1020374155044, -5.350984043811332, -31.794736842105475]
SPS=415
Eval at step 7040000, survival=3.051%, return=[-1.3468341109866742, 146.41847842407225, -5.4715387970565645, -30.229824561403632]
SPS=416
Eval at step 7080000, survival=9.110%, return=[-2.2848078736045863, 420.78996341228515, -5.461699380800565, -82.15263157894799]
SPS=416
Eval at step 7120000, survival=5.298%, return=[-1.7307415711751672, 252.14893003129941, -8.157560174253012, -42.298245614035736]
SPS=416
Eval at step 7160000, survival=7.649%, return=[-2.134284208761528, 351.58726821899415, -5.446309444695362, -63.7736842105269]
SPS=416
Eval at step 7200000, survival=15.813%, return=[-3.1594237176061144, 743.6957202935215, -6.056665977197918, -131.0771929824587]
SPS=416
Eval at step 7240000, survival=6.899%, return=[-1.8649512346368282, 324.781226343155, -5.877012754234602, -69.2385964912281]
SPS=416
Eval at step 7280000, survival=7.716%, return=[-1.9992153602128382, 361.54865210056306, -5.425588743950357, -68.70000000000016]
SPS=416
Eval at step 7320000, survival=1.859%, return=[-1.2032818979700095, 89.01888297557831, -5.726001578895375, -19.407017543859748]
SPS=417
Eval at step 7360000, survival=7.106%, return=[-1.9965600779920352, 327.5136215577125, -6.458149315978153, -62.84912280701859]
SPS=417
Eval at step 7400000, survival=6.670%, return=[-1.82686016241787, 318.9321166181561, -5.364752919105376, -69.22280701754474]
SPS=417
Eval at step 7440000, survival=2.325%, return=[-1.2774686136457603, 110.6101643300057, -5.437368590375991, -21.136842105263348]
SPS=418
Eval at step 7480000, survival=5.268%, return=[-1.660582778742537, 251.5981785011292, -5.329327868852124, -51.30526315789531]
SPS=418
Eval at step 7520000, survival=6.151%, return=[-1.7714454522007146, 289.64460945844655, -5.751055704485407, -60.86315789473781]
SPS=418
Eval at step 7560000, survival=5.992%, return=[-1.7309674190415536, 289.4441885285379, -5.798979740013602, -55.470175438597266]
SPS=419
Eval at step 7600000, survival=9.002%, return=[-2.171505104278913, 422.9200235557555, -5.6420335908100245, -87.46315789473785]
SPS=419
Eval at step 7640000, survival=6.353%, return=[-1.8160269759362564, 300.27847787952396, -6.085197582663386, -59.40350877193064]
SPS=419
Eval at step 7680000, survival=1.550%, return=[-1.1421750204463024, 77.82781543111804, -5.201683362340555, -15.454385964912282]
SPS=419
Eval at step 7720000, survival=9.552%, return=[-2.415758610877674, 437.956129009723, -5.438400296868349, -92.5929824561396]
SPS=419
Eval at step 7760000, survival=0.723%, return=[-1.0736860039352905, 35.28578543186187, -5.111756685050205, -6.882456140350877]
SPS=420
Eval at step 7800000, survival=0.310%, return=[-1.0329772384255194, 13.582166945934295, -5.092841044254601, -3.0333333333333328]
SPS=420
Eval at step 7840000, survival=0.577%, return=[-1.0636711588129402, 27.08565381240844, -5.401908930274658, -5.247368421052632]
SPS=420
Eval at step 7880000, survival=0.592%, return=[-1.067698805400869, 27.616017577648158, -5.354929579202872, -5.6719298245614045]
SPS=421
Eval at step 7920000, survival=0.885%, return=[-1.102803769777529, 42.48778629302978, -5.107782661670353, -8.450877192982459]
SPS=421
Eval at step 7960000, survival=5.074%, return=[-1.6956344077014365, 246.10360295295723, -5.457078775454102, -48.59649122807117]
SPS=421
Eval at step 8000000, survival=3.802%, return=[-1.4732332173967735, 185.03208208751687, -5.4112994264170995, -36.32982456140411]
SPS=422
Eval at step 8040000, survival=1.128%, return=[-1.1243564642150887, 54.64912995815278, -5.2826446061721075, -11.108771929824563]
SPS=422
Eval at step 8080000, survival=1.964%, return=[-1.226609307253966, 98.06297310447692, -6.468182963458821, -18.36491228070186]
SPS=423
Eval at step 8120000, survival=5.143%, return=[-1.6704186197253876, 248.4613634920122, -5.379300050029997, -48.256140350876954]
SPS=423
Eval at step 8160000, survival=5.086%, return=[-1.6182725360558834, 250.2835981192587, -5.7190294018095305, -53.654385964912976]
SPS=423
Eval at step 8200000, survival=4.602%, return=[-1.5682941828796175, 223.49722721481302, -5.932009879100951, -48.29473684210485]
SPS=424
Eval at step 8240000, survival=2.083%, return=[-1.2414058576629032, 102.51262690305705, -6.136347908410244, -22.157894736842263]
SPS=424
Eval at step 8280000, survival=3.182%, return=[-1.402484324015677, 153.697246933937, -5.504860450909473, -35.73157894736883]
SPS=424
Eval at step 8320000, survival=4.643%, return=[-1.5799522019922734, 227.80694334983824, -5.441834991628275, -50.296491228070714]
SPS=425
Eval at step 8360000, survival=5.549%, return=[-1.679934486170532, 271.66529872608174, -5.490234576196963, -60.20877192982531]
SPS=425
Eval at step 8400000, survival=4.659%, return=[-1.5669065788388252, 228.95319451904294, -5.495594227359106, -50.715789473684424]
SPS=425
Eval at step 8440000, survival=7.009%, return=[-1.8963896317931357, 342.4955522489548, -5.6624852674518475, -78.13508771929801]
SPS=425
Eval at step 8480000, survival=4.345%, return=[-1.5560205974732526, 209.31974744796753, -5.773513782180089, -45.20350877193023]
SPS=426
Eval at step 8520000, survival=7.438%, return=[-1.9255284658516758, 365.316826666355, -5.3599893509614045, -94.63157894736779]
SPS=426
Eval at step 8560000, survival=4.065%, return=[-1.54209506525076, 197.98501986503595, -9.887699883483583, -42.51929824561445]
SPS=426
Eval at step 8600000, survival=2.932%, return=[-1.3501954138628207, 143.5077562351227, -5.608635314495769, -29.735087719298328]
SPS=427
Eval at step 8640000, survival=5.745%, return=[-1.7184808790450916, 281.1243374934197, -9.51846178250853, -60.90175438596564]
SPS=427
Eval at step 8680000, survival=5.329%, return=[-1.7026784613437485, 257.78354334688186, -8.179585588658664, -54.49649122807076]
SPS=427
Eval at step 8720000, survival=7.996%, return=[-2.003470546856988, 395.8293529672625, -6.821654414851219, -86.93508771929775]
SPS=427
Eval at step 8760000, survival=1.714%, return=[-1.1995485819119494, 84.4222663769722, -5.576360778939124, -17.338596491228092]
SPS=427
Eval at step 8800000, survival=3.173%, return=[-1.4387194780749268, 155.63534255981452, -5.441631741973106, -35.673684210526694]
SPS=428
Eval at step 8840000, survival=5.711%, return=[-1.7605347649834584, 274.11862706899643, -5.985202133085113, -60.7807017543867]
SPS=428
Eval at step 8880000, survival=4.691%, return=[-1.5984959430643357, 227.29571883678437, -5.871684124687453, -49.24035087719339]
SPS=428
Eval at step 8920000, survival=4.976%, return=[-1.6478971591452136, 239.9158138513566, -5.45460483704228, -61.559649122807436]
SPS=428
Eval at step 8960000, survival=11.296%, return=[-2.531219656544272, 537.0314499502182, -6.731717408906843, -129.1701754385981]
SPS=428
Eval at step 9000000, survival=4.029%, return=[-1.5029036465100944, 195.82088330078133, -5.903635542001576, -48.7543859649128]
SPS=428
Eval at step 9040000, survival=5.892%, return=[-1.7696768977853936, 282.482782532692, -5.847603795243776, -63.69649122807084]
SPS=429
Eval at step 9080000, survival=3.344%, return=[-1.398339031013893, 165.13716956377033, -5.374973135812615, -40.08070175438611]
SPS=429
Eval at step 9120000, survival=4.036%, return=[-1.5069098646985366, 199.39481759071364, -5.185927150440693, -47.34385964912319]
SPS=429
Eval at step 9160000, survival=6.884%, return=[-1.8891757607867476, 333.6002937326432, -23.559189759513536, -78.15789473684264]
SPS=429
Eval at step 9200000, survival=4.656%, return=[-1.5584516971663107, 230.82817366838472, -5.464863189521566, -55.103508771930215]
SPS=430
Eval at step 9240000, survival=8.431%, return=[-2.0807630425842945, 411.0325328636174, -5.450659295894184, -106.85263157894715]
SPS=430
Eval at step 9280000, survival=5.995%, return=[-1.7555414289352484, 292.1634880900384, -5.293481013427481, -76.19122807017581]
SPS=430
Eval at step 9320000, survival=9.425%, return=[-2.271766950644087, 452.9438839292526, -5.511442446098863, -117.21929824561558]
SPS=430
Eval at step 9360000, survival=7.283%, return=[-1.9384973559936043, 352.887222307682, -5.798365434892185, -88.61403508772048]
SPS=430
Eval at step 9400000, survival=13.399%, return=[-2.7189718634530435, 657.0966971807477, -6.282235444587423, -178.59999999999883]
SPS=430
Eval at step 9440000, survival=5.766%, return=[-1.726028120314004, 281.40030836105336, -5.7341035215395095, -73.49298245614038]
SPS=430
Eval at step 9480000, survival=8.436%, return=[-2.0832347247051075, 408.4894745225905, -5.65148936405094, -109.29122807017684]
SPS=430
Eval at step 9520000, survival=12.887%, return=[-2.7116629518801347, 616.7842157268524, -5.77020383077388, -160.91578947368387]
SPS=429
Eval at step 9560000, survival=22.648%, return=[-4.034936377615668, 1083.153419883252, -5.864279265391088, -309.4052631578819]
SPS=429
Eval at step 9600000, survival=8.123%, return=[-2.0603680365486072, 391.55502926254303, -6.266134577267167, -101.51578947368563]
SPS=429
Eval at step 9640000, survival=13.317%, return=[-2.780275538057322, 645.7147381019589, -5.695012393286743, -173.40877192982208]
SPS=428
Eval at step 9680000, survival=18.371%, return=[-3.4462322509090884, 889.4851522350315, -5.607364908901218, -244.9578947368424]
SPS=428
Eval at step 9720000, survival=15.025%, return=[-2.8875644002400804, 724.9976541042333, -5.007061350319418, -199.40526315788128]
SPS=427
Eval at step 9760000, survival=1.742%, return=[-1.2006560940877535, 86.33944009780882, -5.141229859014857, -22.454385964912333]
SPS=428
Eval at step 9800000, survival=2.045%, return=[-1.2378638040507213, 100.65062660455705, -5.641652647929732, -26.41754385964909]
SPS=428
Eval at step 9840000, survival=4.344%, return=[-1.541911529074423, 211.5336570787431, -6.8484584784106115, -56.82456140350907]
SPS=428
Eval at step 9880000, survival=6.708%, return=[-1.8945606842869893, 320.3599621534349, -24.03797739806323, -89.28245614035131]
SPS=428
Eval at step 9920000, survival=10.097%, return=[-2.371104003745131, 481.0619409799572, -5.608620662326575, -134.4122807017558]
SPS=428
Eval at step 9960000, survival=9.265%, return=[-2.2811027773364914, 437.6501136546135, -6.255200804790365, -119.85263157894728]
SPS=428
Eval at step 10000000, survival=13.212%, return=[-2.7929958605440333, 629.9225716686249, -5.935659968590334, -176.64385964912145]
SPS=428
Eval at step 10040000, survival=17.259%, return=[-3.3134317293181086, 826.9916061706557, -5.602173254681839, -241.77894736841841]
SPS=427
Eval at step 10080000, survival=12.613%, return=[-2.6919438899145463, 604.1590578780177, -5.685873087287473, -176.08245614035164]
SPS=427
Eval at step 10120000, survival=10.567%, return=[-2.4239906720467843, 504.380582168102, -6.3015228814503645, -146.4508771929835]
SPS=427
Eval at step 10160000, survival=19.968%, return=[-3.73208528541727, 950.0340637550362, -6.483734438320243, -276.3964912280661]
SPS=426
Eval at step 10200000, survival=16.448%, return=[-3.2648049004375936, 783.1441240968701, -5.915740589070265, -231.62631578947085]
SPS=426
Eval at step 10240000, survival=20.254%, return=[-3.8761677716393024, 948.0916267061227, -6.387190418143109, -272.2508771929774]
SPS=425
Eval at step 10280000, survival=8.033%, return=[-2.0322565754002424, 389.85109895706165, -5.284141606274352, -109.51754385965042]
SPS=425
Eval at step 10320000, survival=14.707%, return=[-3.02615786374663, 696.0627703146934, -6.135269836219595, -200.41052631579015]
SPS=425
Eval at step 10360000, survival=17.968%, return=[-3.544244304631138, 844.3622758765207, -6.1913872047885885, -246.8719298245569]
SPS=425
Eval at step 10400000, survival=10.017%, return=[-2.3339565764239523, 476.91283887672427, -10.95903246919479, -142.743859649125]
SPS=425
Eval at step 10440000, survival=20.853%, return=[-3.9533514685346747, 979.770916859626, -6.140210158170521, -291.2807017543797]
SPS=424
Eval at step 10480000, survival=13.676%, return=[-2.8632605733466336, 650.3349833655352, -8.478288330869692, -190.8999999999988]
SPS=424
Eval at step 10520000, survival=13.905%, return=[-2.9213557482580654, 660.3045998382569, -5.818619088514242, -193.94385964912294]
SPS=424
Eval at step 10560000, survival=17.437%, return=[-3.3841402650752572, 825.5131801114078, -48.27458093066234, -249.2614035087676]
SPS=423
Eval at step 10600000, survival=15.375%, return=[-3.0995554515626282, 731.060952766896, -11.006638546750764, -219.3280701754355]
SPS=423
Eval at step 10640000, survival=11.782%, return=[-2.6193400123447645, 558.1599082489009, -6.482858274307364, -162.00877192982472]
SPS=423
Eval at step 10680000, survival=10.921%, return=[-2.456297967018327, 523.8454360766411, -5.892395668875542, -151.4859649122809]
SPS=423
Eval at step 10720000, survival=43.810%, return=[-7.150859955436317, 2062.5822141599656, -6.20391182795961, -622.224561403472]
SPS=421
Eval at step 10760000, survival=22.013%, return=[-4.1092941777489616, 1035.48534164667, -5.953377799345617, -313.47192982455124]
SPS=420
Eval at step 10800000, survival=9.175%, return=[-2.2616959271428643, 435.8692751703261, -9.518139472556504, -126.24210526315908]
SPS=420
Eval at step 10840000, survival=17.458%, return=[-3.4786879929131826, 817.027271787643, -7.363081297140889, -237.1333333333345]
SPS=420
Eval at step 10880000, survival=16.987%, return=[-3.3174730993341655, 811.0203427267074, -5.5349978234822625, -238.36491228070105]
SPS=420
Eval at step 10920000, survival=14.648%, return=[-2.97896101603983, 698.9938089938153, -5.761769477562211, -205.3754385964819]
SPS=419
Eval at step 10960000, survival=25.012%, return=[-4.4717497072007975, 1186.6431719093316, -6.58236606764699, -347.6350877192799]
SPS=418
Eval at step 11000000, survival=10.507%, return=[-2.4626173816097436, 497.8698099822997, -5.700785177485523, -147.03684210526512]
SPS=418
Eval at step 11040000, survival=25.283%, return=[-4.519921252626228, 1190.7039866828943, -5.515801005458707, -354.56491228068353]
SPS=418
Eval at step 11080000, survival=11.204%, return=[-2.50090007337858, 537.6424964542391, -5.801782616753371, -156.5736842105269]
SPS=417
Eval at step 11120000, survival=16.510%, return=[-3.2524898039875554, 787.5744655961997, -6.058522494162025, -229.92807017543518]
SPS=417
Eval at step 11160000, survival=27.047%, return=[-4.775208118627779, 1276.4731110758814, -62.661265184852525, -380.5578947368338]
SPS=416
Eval at step 11200000, survival=16.548%, return=[-3.284118797304109, 787.6439919424059, -5.679526100849034, -232.47543859649096]
SPS=415
Eval at step 11240000, survival=19.752%, return=[-3.720569500664715, 938.8690898180006, -5.8408311020239125, -280.16315789473316]
SPS=415
Eval at step 11280000, survival=13.781%, return=[-2.8890360490826423, 653.833747086525, -5.7013569946502685, -194.80175438596268]
SPS=415
Eval at step 11320000, survival=4.580%, return=[-1.5800112945202271, 221.46652919292438, -5.325504107723828, -62.1614035087725]
SPS=415
Eval at step 11360000, survival=31.771%, return=[-5.480641642591218, 1503.9683728551868, -6.949422568838782, -436.16842105262015]
SPS=413
Eval at step 11400000, survival=26.146%, return=[-4.72834351802012, 1230.03497912407, -6.678093200885451, -368.0666666666579]
SPS=413
Eval at step 11440000, survival=18.235%, return=[-3.5060218392522073, 869.8459940242763, -6.261843036601567, -254.82982456140275]
SPS=412
Eval at step 11480000, survival=23.156%, return=[-4.23035729227704, 1097.3528547844896, -6.578479597634032, -319.5578947368311]
SPS=412
Eval at step 11520000, survival=12.774%, return=[-2.6569619451416657, 619.4765880918501, -5.627335468343517, -180.50526315789537]
SPS=412
Eval at step 11560000, survival=9.572%, return=[-2.319097175874049, 453.032806997776, -5.9450361156632425, -136.59122807017644]
SPS=412
Eval at step 11600000, survival=23.516%, return=[-4.2330423537699975, 1121.7038638267509, -12.885375460152863, -333.87719298245213]
SPS=411
Eval at step 11640000, survival=19.009%, return=[-3.712891852325993, 890.4460296583177, -5.927965031101484, -262.3807017543831]
SPS=411
Eval at step 11680000, survival=10.742%, return=[-2.420542088907678, 515.3840101838114, -5.5345662011408425, -150.55614035087928]
SPS=411
Eval at step 11720000, survival=30.956%, return=[-5.335571741941385, 1461.84450478077, -6.5894699878893785, -435.7736842105079]
SPS=410
Eval at step 11760000, survival=13.224%, return=[-2.761760841612704, 635.9957402276992, -5.943267988866137, -185.61228070175497]
SPS=410
Eval at step 11800000, survival=14.768%, return=[-2.9841720214812084, 706.5052579164508, -5.61751295637805, -205.82982456140502]
SPS=409
Eval at step 11840000, survival=24.280%, return=[-4.378002385789296, 1152.5664881567968, -6.363403456466131, -341.6561403508706]
SPS=409
Eval at step 11880000, survival=23.452%, return=[-4.239344361436087, 1113.9438408589365, -17.546406245731486, -330.94385964911964]
SPS=408
Eval at step 11920000, survival=10.992%, return=[-2.4567191426234785, 514.1597303738588, -118.45580055529717, -162.48947368421247]
SPS=408
Eval at step 11960000, survival=25.196%, return=[-4.483130769839045, 1186.653181340695, -5.786160206353816, -353.1754385964754]
SPS=408
Eval at step 12000000, survival=10.104%, return=[-2.367282909387723, 482.70323256492657, -5.484559220396295, -139.18771929824624]
SPS=408
Eval at step 12040000, survival=31.081%, return=[-5.3312799888721205, 1477.192236236573, -12.679101199666183, -433.96842105262505]
SPS=407
Eval at step 12080000, survival=20.463%, return=[-3.8167504611774348, 972.4232504892352, -6.308671645566937, -288.8263157894724]
SPS=406
Eval at step 12120000, survival=26.665%, return=[-4.651396096323151, 1260.8745834717763, -6.213224806381186, -371.24561403506675]
SPS=406
Eval at step 12160000, survival=20.205%, return=[-3.860121303633787, 953.6230174670227, -6.321632307091932, -279.9754385964871]
SPS=405
Eval at step 12200000, survival=22.020%, return=[-4.19912543365499, 1029.2130801696783, -12.770220026670723, -305.25614035087057]
SPS=405
Eval at step 12240000, survival=33.938%, return=[-5.817672675155336, 1600.3409052948948, -21.865990510834035, -467.05438596490137]
SPS=404
Eval at step 12280000, survival=25.789%, return=[-4.625658739043866, 1217.6405632734297, -6.6400667393594635, -354.71403508770607]
SPS=403
Eval at step 12320000, survival=22.966%, return=[-4.271044484426966, 1080.7916015176777, -7.080170219895081, -318.42631578946964]
SPS=403
Eval at step 12360000, survival=16.928%, return=[-3.2757293226313777, 805.8439290709496, -54.89915392373805, -239.64210526315782]
SPS=403
Eval at step 12400000, survival=20.021%, return=[-3.725679391704034, 954.3328136835102, -6.491185270322513, -277.81929824561155]
SPS=402
Eval at step 12440000, survival=25.207%, return=[-4.467463969055098, 1197.6545948553078, -9.940797094337904, -352.0596491228005]
SPS=402
Eval at step 12480000, survival=31.564%, return=[-5.403553277155152, 1492.3409049916286, -6.943186825248995, -442.694736842097]
SPS=401
Eval at step 12520000, survival=28.490%, return=[-4.905406721582404, 1343.0745166168217, -6.447807648882735, -398.71754385963044]
SPS=400
Eval at step 12560000, survival=10.554%, return=[-2.4618650638265533, 499.8297574076655, -5.9273577263280455, -142.21403508771806]
SPS=400
Eval at step 12600000, survival=28.064%, return=[-4.892120880953735, 1330.8333507866867, -6.372001375826949, -397.93508771929316]
SPS=400
Eval at step 12640000, survival=17.391%, return=[-3.3743598235596437, 822.5244836411475, -6.5678055726086315, -243.3894736842084]
SPS=399
Eval at step 12680000, survival=25.042%, return=[-4.43343860511086, 1173.702330647471, -48.253198820604574, -352.0228070175353]
SPS=399
Eval at step 12720000, survival=18.586%, return=[-3.5628859809658024, 879.265854838371, -22.305356185827986, -261.3035087719168]
SPS=398
Eval at step 12760000, survival=20.056%, return=[-3.7831816247256937, 950.2178804302223, -10.070673298055771, -275.0912280701678]
SPS=398
Eval at step 12800000, survival=25.341%, return=[-4.558487173874164, 1190.7024534273148, -20.17067590393208, -359.4245614035005]
SPS=398
Eval at step 12840000, survival=26.978%, return=[-4.767694112396566, 1270.6026228308688, -6.82062302169652, -369.2280701754328]
SPS=397
Eval at step 12880000, survival=29.779%, return=[-5.130593315436272, 1408.853401549814, -6.368837580121908, -412.73157894735203]
SPS=396
Eval at step 12920000, survival=17.995%, return=[-3.4344460296735635, 856.3239573335653, -5.8161310277348095, -247.07543859648536]
SPS=396
Eval at step 12960000, survival=19.418%, return=[-3.7320787087955978, 915.4439747047423, -6.111459449747054, -269.21929824561124]
SPS=396
Eval at step 13000000, survival=27.821%, return=[-4.8068304382089995, 1309.7647989797592, -6.064946566915023, -378.5982456140175]
SPS=395
Eval at step 13040000, survival=13.523%, return=[-2.816285182617139, 644.7449869771001, -5.920370959687716, -184.15438596491342]
SPS=395
Eval at step 13080000, survival=14.040%, return=[-2.865960686170729, 669.3607911679745, -6.2665195227196815, -187.64561403508833]
SPS=395
Eval at step 13120000, survival=18.106%, return=[-3.4672817455313636, 864.033566452026, -5.8674464875385635, -253.08421052631564]
SPS=395
Eval at step 13160000, survival=23.642%, return=[-4.220880039414624, 1115.4941811966896, -5.771921697250218, -321.20701754384436]
SPS=394
Eval at step 13200000, survival=17.764%, return=[-3.4733362839499025, 841.0443865070343, -5.767623197611829, -243.93333333333004]
SPS=394
Eval at step 13240000, survival=31.688%, return=[-5.472591364698019, 1492.3356039915104, -6.816681674926803, -436.1385964912071]
SPS=394
Eval at step 13280000, survival=20.861%, return=[-3.9232519894489086, 985.7667600560192, -6.04804869784275, -278.11578947368156]
SPS=393
Eval at step 13320000, survival=32.873%, return=[-5.577488287736196, 1554.9404187974942, -6.659772238110781, -450.64736842103895]
SPS=392
Eval at step 13360000, survival=19.616%, return=[-3.7046744280087296, 930.5942435693745, -6.119540037587285, -266.49649122806346]
SPS=392
Eval at step 13400000, survival=22.941%, return=[-4.17839664532803, 1088.0649457788481, -6.471338374741026, -311.5017543859609]
SPS=392
Eval at step 13440000, survival=19.410%, return=[-3.7299412935914007, 914.0579881334313, -6.206076957371261, -261.52631578947074]
SPS=391
Eval at step 13480000, survival=19.458%, return=[-3.7010712948744184, 916.9795979452134, -6.282523158791446, -269.131578947368]
SPS=391
Eval at step 13520000, survival=33.508%, return=[-5.8241768357227555, 1566.3258913993836, -7.269970243123498, -455.7280701754151]
SPS=390
Eval at step 13560000, survival=20.670%, return=[-3.893020312313456, 974.5954236044876, -8.27577722234273, -280.1526315789443]
SPS=390
Eval at step 13600000, survival=22.908%, return=[-4.171804885985329, 1083.718381837844, -6.730005306720159, -312.83684210525814]
SPS=390
Eval at step 13640000, survival=20.177%, return=[-3.82022324288846, 956.5261295609483, -6.32647608101488, -277.9210526315748]
SPS=389
Eval at step 13680000, survival=21.004%, return=[-3.870974611729616, 1000.9954154400828, -6.421831350649882, -287.2596491228047]
SPS=389
Eval at step 13720000, survival=23.636%, return=[-4.334329615224851, 1114.9541742420195, -9.795374603685923, -317.2508771929753]
SPS=389
Eval at step 13760000, survival=13.471%, return=[-2.85764022184303, 640.2401767005917, -6.201360824054063, -185.40175438596364]
SPS=389
Eval at step 13800000, survival=26.956%, return=[-4.770218064938672, 1275.4928700613975, -6.418814106226637, -376.1140350877064]
SPS=388
Eval at step 13840000, survival=26.483%, return=[-4.82625156660215, 1238.6231673808088, -8.298505783946165, -357.7929824561326]
SPS=388
Eval at step 13880000, survival=19.184%, return=[-3.7628251154266765, 899.0248428392422, -6.352987804735494, -259.6438596491187]
SPS=387
Eval at step 13920000, survival=21.271%, return=[-3.9748866146139337, 1004.4621531295786, -6.811128998653658, -290.69298245612964]
SPS=387
Eval at step 13960000, survival=22.107%, return=[-4.0305890391813595, 1044.3672882413862, -5.810261337638076, -299.32105263156666]
SPS=387
Eval at step 14000000, survival=29.514%, return=[-5.094766955269733, 1391.3146835565544, -7.1903669471225955, -405.25438596489306]
SPS=386
Eval at step 14040000, survival=24.831%, return=[-4.4390442050585985, 1176.915136523246, -6.616768385943578, -337.2192982456087]
SPS=386
Eval at step 14080000, survival=15.842%, return=[-3.2322738706599923, 744.7935629940029, -8.233021903333475, -211.51228070175262]
SPS=386
Eval at step 14120000, survival=27.087%, return=[-4.791152645950206, 1284.5079160833357, -6.384529609477613, -368.4649122806912]
SPS=385
Eval at step 14160000, survival=28.043%, return=[-4.9012593950144945, 1323.9021118807782, -76.19074603757471, -390.50701754384704]
SPS=385
Eval at step 14200000, survival=29.002%, return=[-4.891835380945122, 1380.075620808601, -6.437316822927824, -400.29999999997824]
SPS=384
Eval at step 14240000, survival=32.483%, return=[-5.473375258856686, 1537.2235704479212, -6.728627854562001, -440.52456140348943]
SPS=384
Eval at step 14280000, survival=17.583%, return=[-3.4617786196293308, 836.7177812385547, -6.198959593613108, -233.75087719298136]
SPS=383
Eval at step 14320000, survival=27.990%, return=[-4.951343992428155, 1326.4846177101144, -6.611403507908835, -377.08070175437416]
SPS=383
Eval at step 14360000, survival=28.511%, return=[-5.086896832997445, 1343.3833510012628, -7.627998205534823, -379.7245614034972]
SPS=382
Eval at step 14400000, survival=38.518%, return=[-6.3013873810414225, 1818.1106081209189, -6.370679754626872, -517.9456140350572]
SPS=382
Eval at step 14440000, survival=15.518%, return=[-3.219687780138338, 731.0790031599997, -5.8621175092994235, -214.06666666666518]
SPS=382
Eval at step 14480000, survival=37.717%, return=[-6.382757625525119, 1768.4717267131807, -7.0376030658386295, -503.93157894734725]
SPS=381
Eval at step 14520000, survival=29.025%, return=[-5.0319475114578385, 1369.7601247196178, -6.896415863753373, -387.1771929824417]
SPS=380
Eval at step 14560000, survival=15.616%, return=[-3.143398344476009, 743.7804647779465, -6.183676308760914, -209.18245614035072]
SPS=380
Eval at step 14600000, survival=33.785%, return=[-5.834862688777503, 1594.1425445485108, -7.010290437872027, -454.4578947368247]
SPS=380
Eval at step 14640000, survival=26.837%, return=[-4.83666631852393, 1265.7893903436657, -6.994727772029728, -360.5087719298176]
SPS=379
Eval at step 14680000, survival=36.956%, return=[-6.194639122247463, 1747.5828201365505, -55.09063775502354, -506.4315789473505]
SPS=379
Eval at step 14720000, survival=27.944%, return=[-4.927575188706396, 1315.5553674221064, -6.558501849681306, -374.9263157894555]
SPS=378
Eval at step 14760000, survival=28.470%, return=[-4.928637538984185, 1357.1918181920057, -6.5107069289353605, -387.16315789472844]
SPS=378
Eval at step 14800000, survival=30.517%, return=[-5.310813863598741, 1439.5940707831369, -41.93507163496979, -413.8754385964805]
SPS=377
Eval at step 14840000, survival=39.457%, return=[-6.614427922834875, 1861.1218748974795, -7.653444941549969, -527.4684210526179]
SPS=376
Eval at step 14880000, survival=22.948%, return=[-4.206352982815588, 1088.904516563414, -6.4195696980255885, -310.39298245613145]
SPS=376
Eval at step 14920000, survival=31.017%, return=[-5.325992216542363, 1458.8060346460352, -6.534046673726698, -418.0315789473483]
SPS=376
Eval at step 14960000, survival=24.546%, return=[-4.48745247964398, 1157.234230287075, -6.827846875100841, -330.9228070175383]
SPS=375
Eval at step 15000000, survival=24.521%, return=[-4.510354758007452, 1154.0709224843981, -6.456505358544382, -326.52456140350483]
SPS=375
[1;34mwandb[0m: 
[1;34mwandb[0m: 🚀 View run [33mMAPPO_bus14_T_0_0__I__1779620520_29234[0m at: [34mhttps://wandb.ai/corentin-plumet-epfl/Grid2Op/runs/MAPPO_bus14_T_0_0__I__1779620520_29234[0m
[1;34mwandb[0m: Find logs at: [1;35mwandb/wandb/run-20260524_130306-MAPPO_bus14_T_0_0__I__1779620520_29234/logs[0m
Job 54654021 finished at lun 25 mai 2026 00:09:43 CEST
