Job 54655975 started on jst071 at dim 24 mai 2026 18:35:24 CEST
Training configuration:
  conda env       : marl2grid
  algorithm       : MAPPO
  env             : bus14
  seed            : 0
  total timesteps : 25000000
  n envs          : 40
  torch threads   : 12
  wandb mode      : online
Running: python -u main.py --alg MAPPO --env-id bus14 --action-type topology --seed 0 --total-timesteps 25000000 --n-envs 40 --n-threads 12 --cuda False --checkpoint True --wandb-project Grid2Op --wandb-entity corentin-plumet-epfl --wandb-mode online --time-limit 1300  --total-timesteps 15000000 --eval-freq 40000 --actor-layers 256 256 256 --critic-layers 256 256 256 --actor-lr 0.0001 --critic-lr 0.0001 --gamma 0.9 --gae-lambda 0.95 --update-epochs 10 --max-grad-norm 1.0 --clip-coef 0.2 --vf-coef 0.5 --norm-reward True --deterministic-eval True --n-steps 1000 --n-minibatches 16 --entropy-coef 0.02 --target-kl 0.02 --init-do-nothing-prob 0.5 --exp-tag a3_40env_1000steps
Eval at step 40000, survival=16.592%, return=[-2.8072594852244945, 779.397775568962, -5.010612368712463, -1.0]
SPS=135
Eval at step 80000, survival=14.867%, return=[-2.6613973908184563, 677.1506463594424, -266.2572680945417, -38.25964912280729]
SPS=174
Eval at step 120000, survival=14.437%, return=[-2.53766009620158, 691.9241118907928, -6.529842147454064, -24.871929824561654]
SPS=194
Eval at step 160000, survival=15.258%, return=[-2.6845356895413715, 724.3474976444243, -5.4260564398682165, -29.16491228070209]
SPS=207
Eval at step 200000, survival=17.848%, return=[-3.0557847530348226, 834.439843036174, -5.561338645967226, -21.961403508772133]
SPS=212
Eval at step 240000, survival=15.692%, return=[-2.770725974312518, 738.9668372011175, -5.061199022829532, -21.4912280701756]
SPS=216
Eval at step 280000, survival=16.438%, return=[-2.819328415900236, 767.181741805077, -5.012019313488008, -1.0]
SPS=219
Eval at step 320000, survival=10.002%, return=[-2.115827536891447, 470.58490330982187, -5.521993584973461, -14.663157894736827]
SPS=223
Eval at step 360000, survival=8.294%, return=[-1.9032422233838588, 400.3895985550881, -5.777470865478972, -16.21228070175446]
SPS=228
Eval at step 400000, survival=11.765%, return=[-2.3624856821144933, 548.8009131836891, -5.68970800686202, -15.670175438596498]
SPS=231
Eval at step 440000, survival=14.933%, return=[-2.6507368025660982, 696.2501963424683, -5.0092850047629325, -21.161403508771997]
SPS=233
Eval at step 480000, survival=12.442%, return=[-2.3973974330176135, 597.5934980220793, -5.9776380217626865, -24.49298245614056]
SPS=235
Eval at step 520000, survival=9.684%, return=[-2.033999613946071, 464.8269422054291, -5.290131610367098, -19.992982456140474]
SPS=238
Eval at step 560000, survival=10.145%, return=[-2.0806101414491422, 485.2081038856507, -5.934279705597146, -18.233333333333384]
SPS=240
Eval at step 600000, survival=10.176%, return=[-2.1139412084012292, 489.2464248328209, -5.580382962194198, -14.596491228070201]
SPS=242
Eval at step 640000, survival=14.294%, return=[-2.5752280387387145, 682.0421644005772, -5.7611931851208285, -9.945614035087736]
SPS=244
Eval at step 680000, survival=7.696%, return=[-1.8151387572579551, 370.3468036637307, -5.216674986512226, -6.712280701754369]
SPS=246
Eval at step 720000, survival=7.953%, return=[-1.8173015746637247, 390.0848145351411, -5.174661164404097, -8.387719298245607]
SPS=249
Eval at step 760000, survival=7.365%, return=[-1.7577155294595286, 360.4161228942871, -5.009953052771744, -7.808771929824559]
SPS=252
Eval at step 800000, survival=8.516%, return=[-1.8949443825345953, 411.88070419979096, -5.318663873791411, -7.268421052631557]
SPS=256
Eval at step 840000, survival=25.212%, return=[-3.8010525681544096, 1175.0798645830143, -5.02068094687711, -1.0035087719298246]
SPS=256
Eval at step 880000, survival=20.052%, return=[-3.293588642159011, 926.2283997869492, -5.009685325927785, -1.0]
SPS=257
Eval at step 920000, survival=15.975%, return=[-2.7644516607979313, 746.7860985851285, -5.012649610769586, -1.0]
SPS=259
Eval at step 960000, survival=19.293%, return=[-3.136134308821056, 902.0480768299107, -5.01057514102431, -1.0]
SPS=261
Eval at step 1000000, survival=14.420%, return=[-2.6217707175994294, 669.2174049186713, -5.007854833376586, -1.0]
SPS=260
Eval at step 1040000, survival=18.545%, return=[-3.086996114446083, 862.1703486537929, -5.01224305544456, -1.0]
SPS=262
Eval at step 1080000, survival=26.908%, return=[-4.028578251186991, 1251.263165907859, -5.0111579031661675, -1.0]
SPS=263
Eval at step 1120000, survival=14.924%, return=[-2.642082336684689, 696.7193739233026, -5.105339410118177, -2.3087719298245526]
SPS=265
Eval at step 1160000, survival=17.532%, return=[-2.9696743717591745, 813.6068418455131, -5.008108640112914, -1.0]
SPS=267
Eval at step 1200000, survival=22.395%, return=[-3.516309111256851, 1042.929606812953, -5.13178414812428, -1.0035087719298246]
SPS=268
Eval at step 1240000, survival=15.140%, return=[-2.718399432179285, 699.5622907352457, -5.107619479551795, -1.0070175438596491]
SPS=271
Eval at step 1280000, survival=22.411%, return=[-3.4535643910232467, 1050.8171364316945, -7.378098983543168, -1.5175438596491226]
SPS=272
Eval at step 1320000, survival=33.254%, return=[-4.781397769518662, 1542.6112869882588, -5.099796407758549, -1.0070175438596491]
SPS=272
Eval at step 1360000, survival=21.130%, return=[-3.3962338051525878, 979.8886666533951, -5.323507647775114, -1.0175438596491229]
SPS=273
Eval at step 1400000, survival=20.000%, return=[-3.2153522017004432, 933.7334597702018, -5.4890126536978645, -1.036842105263158]
SPS=274
Eval at step 1440000, survival=21.802%, return=[-3.3873077806725633, 1021.4718543186187, -5.578676603924339, -1.0421052631578949]
SPS=276
Eval at step 1480000, survival=16.574%, return=[-2.805140933947405, 777.8097787249088, -5.9447898024795, -1.1]
SPS=277
Eval at step 1520000, survival=26.705%, return=[-4.034642714739311, 1239.2744770903594, -5.525053644107539, -1.050877192982456]
SPS=278
Eval at step 1560000, survival=17.254%, return=[-2.9825378827925304, 803.6686198806761, -5.159885991898773, -6.547368421052676]
SPS=280
Eval at step 1600000, survival=25.708%, return=[-3.8482171667448712, 1221.04903362274, -5.243330902027083, -32.8263157894744]
SPS=281
Eval at step 1640000, survival=34.876%, return=[-4.870807690743822, 1620.052603559493, -4.561317429490737, -6.900000000000119]
SPS=280
Eval at step 1680000, survival=31.462%, return=[-4.49809945364832, 1470.1504023742689, -5.196511771850055, -6.615789473684245]
SPS=280
Eval at step 1720000, survival=17.995%, return=[-3.05073962865863, 837.9517915294175, -5.183453855656262, -10.650877192982678]
SPS=281
Eval at step 1760000, survival=29.253%, return=[-4.278776997706155, 1378.1088074779489, -5.135774586669868, -35.35789473684298]
SPS=281
Eval at step 1800000, survival=22.887%, return=[-3.554157762922114, 1083.6352914667123, -5.186077503042907, -33.96315789473762]
SPS=282
Eval at step 1840000, survival=34.705%, return=[-4.745168397756061, 1659.8782938766467, -5.774707636034691, -58.13684210526461]
SPS=281
Eval at step 1880000, survival=19.759%, return=[-3.1618174581148195, 947.3337239599223, -5.213244406481681, -25.76315789473738]
SPS=282
Eval at step 1920000, survival=23.031%, return=[-3.8318406860518737, 1112.755547208787, -5.0927983962203145, -31.968421052632294]
SPS=282
Eval at step 1960000, survival=22.407%, return=[-3.8066976929316296, 1070.71432875681, -5.353489067095507, -23.817543859649568]
SPS=282
Eval at step 2000000, survival=27.194%, return=[-4.420666816207813, 1312.0756663007742, -5.2534744768302515, -32.59473684210579]
SPS=283
Eval at step 2040000, survival=27.216%, return=[-4.274658427917165, 1337.4872775993335, -5.189570650610404, -61.44210526315932]
SPS=282
Eval at step 2080000, survival=20.723%, return=[-3.6120194842282216, 1018.8868208346364, -5.644763104920275, -51.594736842106364]
SPS=283
Eval at step 2120000, survival=20.709%, return=[-3.6404643557150846, 1012.624008999824, -5.251228296570116, -43.026315789474495]
SPS=283
Eval at step 2160000, survival=28.824%, return=[-4.69589718497009, 1399.9115873165122, -5.445462624204083, -45.8614035087729]
SPS=283
Eval at step 2200000, survival=20.902%, return=[-3.737227175978478, 1014.2065158786784, -5.480031985109235, -30.59824561403562]
SPS=284
Eval at step 2240000, survival=20.725%, return=[-3.7375442883465437, 1005.4786508436206, -5.2817371587065285, -37.85087719298317]
SPS=285
Eval at step 2280000, survival=22.352%, return=[-3.9078036007180343, 1093.2001807222364, -5.25665555200685, -46.90701754386059]
SPS=285
Eval at step 2320000, survival=19.039%, return=[-3.5093321119260508, 921.9330310850142, -6.71851789119537, -28.326315789474144]
SPS=285
Eval at step 2360000, survival=28.285%, return=[-4.662736253050388, 1372.1084915232666, -5.746309290914359, -40.48245614035169]
SPS=284
Eval at step 2400000, survival=17.850%, return=[-3.322172446048353, 867.1586326904304, -5.220107874178211, -26.259649122807428]
SPS=284
Eval at step 2440000, survival=29.384%, return=[-4.90336601921008, 1415.5205943155263, -5.13845591092686, -45.463157894737776]
SPS=284
Eval at step 2480000, survival=17.318%, return=[-3.274633734486997, 848.1299613761905, -5.025821148368413, -53.02807017543972]
SPS=285
Eval at step 2520000, survival=12.510%, return=[-2.528702628461178, 619.541026773453, -5.103834444436506, -31.085964912281177]
SPS=286
Eval at step 2560000, survival=10.978%, return=[-2.4419525608071124, 532.2129507160187, -5.042396732672205, -23.0508771929827]
SPS=287
Eval at step 2600000, survival=28.570%, return=[-4.712824137089774, 1383.5507684679046, -4.681495565346995, -53.46491228070296]
SPS=288
Eval at step 2640000, survival=21.049%, return=[-3.711302733444609, 1031.7767840070726, -5.147984482166066, -49.200000000001]
SPS=288
Eval at step 2680000, survival=15.763%, return=[-2.999968027905561, 780.0147124099736, -5.034771417308366, -50.3052631578956]
SPS=289
Eval at step 2720000, survival=30.258%, return=[-4.9357191278540995, 1494.8271217393874, -5.045481400757853, -108.16666666666906]
SPS=289
Eval at step 2760000, survival=16.768%, return=[-3.226407921453938, 820.8486734724047, -5.016623566402268, -43.10526315789542]
SPS=290
Eval at step 2800000, survival=28.652%, return=[-4.661027202423429, 1446.7565271091462, -5.0443791419980695, -149.14736842105506]
SPS=290
Eval at step 2840000, survival=23.270%, return=[-4.13545638974756, 1170.630082817078, -5.014673882996431, -134.54736842104415]
SPS=291
Eval at step 2880000, survival=17.191%, return=[-3.2277884354931303, 860.2525955486296, -5.016559640387754, -91.61754385965062]
SPS=292
Eval at step 2920000, survival=17.501%, return=[-3.2165778520691672, 863.9223123884187, -5.171814590091526, -114.54736842105449]
SPS=292
Eval at step 2960000, survival=12.831%, return=[-2.561478687700583, 616.1729676818849, -5.038605460799408, -85.22105263157985]
SPS=294
Eval at step 3000000, survival=20.035%, return=[-3.518168010970112, 965.0935601997373, -5.621553687094092, -141.9087719298272]
SPS=294
Eval at step 3040000, survival=18.739%, return=[-3.3221338961680886, 899.1351791439059, -5.4496613674175025, -135.4877192982429]
SPS=295
Eval at step 3080000, survival=49.348%, return=[-8.008809733414092, 2385.673843255043, -29.78638838513525, -438.1368421052569]
SPS=293
Eval at step 3120000, survival=15.309%, return=[-3.008934373827651, 738.9942307376856, -6.659680505769211, -107.11578947368642]
SPS=294
Eval at step 3160000, survival=29.149%, return=[-5.265849706041626, 1429.6054173326488, -7.509834463013249, -226.48771929824625]
SPS=294
Eval at step 3200000, survival=34.402%, return=[-5.884975971502717, 1690.3049036216737, -5.519466238386121, -362.2649122806871]
SPS=294
Eval at step 3240000, survival=23.982%, return=[-4.4301659328688405, 1172.4528766107562, -5.60568169249309, -227.01228070175335]
SPS=294
Eval at step 3280000, survival=4.028%, return=[-1.4964761273178737, 193.80598131847393, -7.600219288506196, -31.50526315789503]
SPS=294
Eval at step 3320000, survival=3.514%, return=[-1.4204309327411466, 165.30803248882293, -6.487629816238768, -33.47894736842117]
SPS=294
Eval at step 3360000, survival=2.161%, return=[-1.2542093972791917, 102.4099122786522, -8.191036448347223, -15.76842105263161]
SPS=295
Eval at step 3400000, survival=0.248%, return=[-1.0280676573165692, 10.232003288269043, -5.823542312899372, -2.178947368421052]
SPS=296
Eval at step 3440000, survival=1.017%, return=[-1.1209024637413676, 47.45287692403794, -19.92130446381925, -13.294736842105234]
SPS=296
Eval at step 3480000, survival=0.961%, return=[-1.1143859869334847, 46.20596746873857, -8.818346767034381, -9.480701754385972]
SPS=297
Eval at step 3520000, survival=2.152%, return=[-1.2751642959774472, 103.94226760053634, -9.578947734731083, -27.894736842105182]
SPS=297
Eval at step 3560000, survival=0.012%, return=[-1.0, -1.0, -5.0, -1.0]
SPS=297
Eval at step 3600000, survival=1.331%, return=[-1.179794881748967, 63.39200415468215, -8.230434066132876, -18.831578947368406]
SPS=297
Eval at step 3640000, survival=2.650%, return=[-1.3370587137644179, 131.12051268100737, -5.96026318987806, -39.324561403508724]
SPS=296
Eval at step 3680000, survival=2.754%, return=[-1.3536728783277794, 136.5044166278839, -5.398032723218785, -41.40701754385957]
SPS=296
Eval at step 3720000, survival=2.134%, return=[-1.2544771311455407, 104.93369284343719, -7.5250123457168225, -28.30175438596487]
SPS=295
Eval at step 3760000, survival=2.178%, return=[-1.29407724798657, 105.71201461601254, -17.342984014359537, -32.84561403508765]
SPS=295
Eval at step 3800000, survival=7.681%, return=[-2.1287407755153254, 373.3578911061287, -10.59361119560781, -70.7526315789483]
SPS=294
Eval at step 3840000, survival=13.748%, return=[-3.0884045542392413, 669.4791565103537, -22.245788818571146, -118.75614035087956]
SPS=294
Eval at step 3880000, survival=9.261%, return=[-2.4223237839119975, 450.6691203093528, -5.2706558247708015, -82.40877192982607]
SPS=293
Eval at step 3920000, survival=12.362%, return=[-2.8863089257501997, 598.5853638820645, -5.524743289095932, -105.84210526315994]
SPS=293
Eval at step 3960000, survival=11.961%, return=[-2.706289081211435, 580.4765155735014, -11.491624973695433, -104.67017543859848]
SPS=293
Eval at step 4000000, survival=15.983%, return=[-3.3695149306731764, 764.0516352233881, -9.706158949794007, -148.00000000000242]
SPS=294
Eval at step 4040000, survival=14.400%, return=[-2.8859065855620427, 682.3109914770127, -12.772958343041683, -131.06315789473655]
SPS=294
Eval at step 4080000, survival=17.806%, return=[-3.312726087035844, 862.6022873735421, -5.399165800163655, -167.28421052631595]
SPS=295
Eval at step 4120000, survival=21.550%, return=[-3.7732107863703277, 1036.960359760285, -6.443374491712166, -196.76140350877057]
SPS=295
Eval at step 4160000, survival=14.818%, return=[-2.8880593835259787, 715.1227512130737, -6.3000166260950206, -144.32807017543877]
SPS=295
Eval at step 4200000, survival=14.834%, return=[-2.875458501360845, 712.6751115741733, -7.248765922625898, -131.6666666666691]
SPS=295
Eval at step 4240000, survival=17.029%, return=[-3.3569167037436274, 820.0452643394472, -5.413793067629285, -169.57017543859882]
SPS=296
Eval at step 4280000, survival=8.189%, return=[-2.148139351885766, 401.79584923362745, -5.807256561459144, -90.82105263157948]
SPS=297
Eval at step 4320000, survival=13.247%, return=[-2.9100968104787173, 638.1439907512665, -6.480406791582373, -136.9614035087718]
SPS=298
Eval at step 4360000, survival=10.301%, return=[-2.381283427251037, 492.95128671550754, -7.647827226325899, -105.90175438596653]
SPS=298
Eval at step 4400000, survival=17.938%, return=[-3.6533378330874258, 867.0725387029648, -7.007848364152051, -181.45263157895027]
SPS=299
Eval at step 4440000, survival=14.194%, return=[-2.9704819789156316, 691.2703285169595, -5.252339065436172, -141.30350877193194]
SPS=299
Eval at step 4480000, survival=18.471%, return=[-3.6667165535793176, 899.8913297753327, -14.023938423139043, -187.84736842105434]
SPS=300
Eval at step 4520000, survival=12.623%, return=[-2.6975296529592017, 614.199357880592, -7.610711583849479, -132.2877192982474]
SPS=301
Eval at step 4560000, survival=22.309%, return=[-4.191069932852406, 1086.5529802799228, -5.20491280975366, -225.14736842105617]
SPS=301
Eval at step 4600000, survival=16.283%, return=[-3.386926629545633, 799.0876873397822, -5.042092231196875, -163.60350877193193]
SPS=301
Eval at step 4640000, survival=20.642%, return=[-4.007572864415124, 1009.3517848539339, -5.099972282630188, -205.828070175442]
SPS=301
Eval at step 4680000, survival=14.120%, return=[-3.030197783379117, 686.3976538820269, -6.633479903085754, -139.30701754386138]
SPS=302
Eval at step 4720000, survival=16.458%, return=[-3.2775544092583004, 793.8886196613314, -5.197481975807387, -165.3122807017558]
SPS=303
Eval at step 4760000, survival=20.878%, return=[-4.000614306988427, 1020.1717189407348, -5.130311288805933, -206.9052631578981]
SPS=303
Eval at step 4800000, survival=18.227%, return=[-3.589326543285279, 879.7860471105574, -5.164643671074009, -173.45263157894874]
SPS=303
Eval at step 4840000, survival=15.812%, return=[-3.2141679363674482, 757.5907682991025, -5.476463207172128, -146.0473684210546]
SPS=304
Eval at step 4880000, survival=26.355%, return=[-4.751893160108011, 1254.0470893478393, -6.126916529543815, -239.86315789473815]
SPS=304
Eval at step 4920000, survival=25.226%, return=[-4.480328952107811, 1220.077925972939, -5.677472894099037, -229.89649122806856]
SPS=304
Eval at step 4960000, survival=21.951%, return=[-4.073178239847766, 1057.328043971062, -5.361786953731462, -205.78245614035004]
SPS=304
Eval at step 5000000, survival=24.893%, return=[-4.494391315919347, 1201.1693507051466, -5.32026248477996, -242.18070175438024]
SPS=304
Eval at step 5040000, survival=16.874%, return=[-3.467027476755902, 823.3939286518089, -5.132413320290834, -158.0964912280724]
SPS=304
Eval at step 5080000, survival=25.832%, return=[-4.625183567020576, 1263.0844505691516, -5.15088499904698, -238.56491228070618]
SPS=304
Eval at step 5120000, survival=11.050%, return=[-2.4346318342955784, 540.7415234613419, -5.116339577168037, -102.27719298245746]
SPS=305
Eval at step 5160000, survival=11.218%, return=[-2.4050775822543073, 541.4430529117586, -5.033113337667601, -107.24912280701903]
SPS=306
Eval at step 5200000, survival=27.915%, return=[-4.723146948846988, 1315.4310959720601, -5.272885668516096, -249.02456140350878]
SPS=306
Eval at step 5240000, survival=12.974%, return=[-2.7355984936875757, 612.4982910261153, -5.118056310889187, -118.9719298245623]
SPS=306
Eval at step 5280000, survival=17.991%, return=[-3.5574122159567194, 863.0346759366987, -5.0934611181015494, -161.77543859648867]
SPS=306
Eval at step 5320000, survival=18.384%, return=[-3.4568340459663887, 885.3716612672804, -5.280242181735412, -162.77017543859657]
SPS=307
Eval at step 5360000, survival=10.154%, return=[-2.3137353097030426, 491.02177644252754, -5.177723135777432, -83.27719298245708]
SPS=307
Eval at step 5400000, survival=25.846%, return=[-4.275590039457893, 1258.5066137838369, -5.137207839751409, -195.90877192982208]
SPS=307
Eval at step 5440000, survival=27.223%, return=[-4.465805196046131, 1316.8770703744892, -5.354154674778329, -219.15789473684117]
SPS=307
Eval at step 5480000, survival=22.122%, return=[-3.738639871997293, 1060.6014647207257, -5.44727708362152, -203.71052631579144]
SPS=308
Eval at step 5520000, survival=18.671%, return=[-3.3531866508245, 907.6146492576602, -5.182069409094038, -167.18771929824504]
SPS=308
Eval at step 5560000, survival=17.369%, return=[-3.114588811917929, 842.4592002296446, -5.275541886553219, -159.12456140350992]
SPS=308
Eval at step 5600000, survival=16.978%, return=[-3.2371617487457116, 824.1305730342863, -5.044793106483121, -155.48596491228128]
SPS=308
Eval at step 5640000, survival=21.399%, return=[-3.649880850041518, 1029.7996342039098, -5.222591839756649, -194.71929824561272]
SPS=309
Eval at step 5680000, survival=26.007%, return=[-4.425592094677268, 1252.4876724767685, -5.29735413345752, -233.24035087719767]
SPS=308
Eval at step 5720000, survival=24.265%, return=[-4.074200590449618, 1175.4130848836903, -5.424427522664587, -231.33333333333013]
SPS=308
Eval at step 5760000, survival=20.389%, return=[-3.516570400999626, 986.2117830991743, -5.231110883807924, -201.04385964912038]
SPS=308
Eval at step 5800000, survival=22.147%, return=[-3.720214509975631, 1077.7059159183505, -5.288651909667533, -230.6596491228037]
SPS=308
Eval at step 5840000, survival=18.101%, return=[-3.336134506430244, 872.0652545738227, -5.35950074147504, -212.79473684210694]
SPS=308
Eval at step 5880000, survival=15.696%, return=[-2.8984864588361234, 761.941914429665, -5.0765081354216814, -168.14736842105404]
SPS=308
Eval at step 5920000, survival=22.285%, return=[-3.9138631889014506, 1068.0210080337524, -5.508550906439632, -259.0999999999991]
SPS=308
Eval at step 5960000, survival=13.774%, return=[-2.7916928131424354, 662.5704018688199, -5.490813506394431, -148.2526315789485]
SPS=308
Eval at step 6000000, survival=16.938%, return=[-3.17302648263867, 806.8724410438542, -5.121471797738923, -233.37543859648946]
SPS=308
Eval at step 6040000, survival=21.362%, return=[-4.047504014865263, 1014.1209266371721, -5.316606716551723, -290.6649122807026]
SPS=308
Eval at step 6080000, survival=22.196%, return=[-4.307180909026647, 1051.3299199485766, -5.298491477257994, -296.524561403498]
SPS=309
Eval at step 6120000, survival=22.475%, return=[-4.047180519951508, 1066.6160320568083, -5.335502632446878, -301.0666666666654]
SPS=309
Eval at step 6160000, survival=16.404%, return=[-3.2930671554233415, 774.9183089971543, -5.178844918841423, -218.20526315789624]
SPS=309
Eval at step 6200000, survival=16.427%, return=[-3.462060579599347, 768.2717387104037, -5.889322137277804, -219.85614035088028]
SPS=309
Eval at step 6240000, survival=21.901%, return=[-3.695280700334115, 1044.1757767963404, -5.450837615459659, -233.21578947368522]
SPS=310
Eval at step 6280000, survival=16.875%, return=[-3.727215130260447, 794.8391176509859, -5.432640850386997, -226.67017543859964]
SPS=310
Eval at step 6320000, survival=19.250%, return=[-4.3131836817017755, 911.1907089567187, -5.602644396186224, -267.0526315789437]
SPS=310
Eval at step 6360000, survival=15.864%, return=[-3.4129474734712857, 753.2660075473786, -5.195755659355473, -205.4228070175473]
SPS=311
Eval at step 6400000, survival=34.246%, return=[-6.366211663826834, 1638.4922853755954, -5.132023321656743, -395.0596491227943]
SPS=310
Eval at step 6440000, survival=19.343%, return=[-3.853286046977155, 925.2765822076806, -5.2041721938105185, -219.9982456140368]
SPS=310
Eval at step 6480000, survival=18.631%, return=[-4.001696272293339, 884.1882627487188, -5.10710536513543, -226.88245614035458]
SPS=311
Eval at step 6520000, survival=14.142%, return=[-3.5664369476900903, 666.4500440454481, -5.349882572234355, -175.65964912280984]
SPS=311
Eval at step 6560000, survival=20.523%, return=[-5.365656963310903, 950.218058662415, -5.05891504087158, -267.4438596491193]
SPS=311
Eval at step 6600000, survival=21.190%, return=[-5.567465456709033, 979.9215581846241, -5.069522724257058, -275.08070175438354]
SPS=311
Eval at step 6640000, survival=16.239%, return=[-3.723079858539859, 766.3642576551438, -5.052714738823124, -215.1666666666694]
SPS=312
Eval at step 6680000, survival=10.947%, return=[-3.200704726012191, 513.1545623731613, -5.051832262899552, -143.61929824561466]
SPS=312
Eval at step 6720000, survival=12.104%, return=[-2.8262924360285977, 584.6232076759339, -5.378966970550664, -151.51403508772094]
SPS=313
Eval at step 6760000, survival=21.270%, return=[-4.305029908579309, 1027.4621349287033, -5.509199273406921, -230.77192982456512]
SPS=313
Eval at step 6800000, survival=24.406%, return=[-5.224278646166203, 1162.9175368165975, -5.095335531389719, -318.3649122807001]
SPS=313
Eval at step 6840000, survival=20.833%, return=[-4.627846956718713, 985.2329665517807, -5.0463220656920384, -272.09999999999565]
SPS=313
Eval at step 6880000, survival=22.039%, return=[-4.738780248927651, 1051.1977376699438, -5.1980637619328265, -297.60701754385633]
SPS=313
Eval at step 6920000, survival=21.577%, return=[-4.5631029521638995, 1021.1598230981829, -5.20578514249878, -287.9614035087708]
SPS=313
Eval at step 6960000, survival=22.424%, return=[-4.7439809806644915, 1049.3905065536503, -5.812916147178475, -302.18947368420834]
SPS=313
Eval at step 7000000, survival=19.339%, return=[-4.1968992775073275, 904.2900570125581, -5.580231046754034, -273.6526315789457]
SPS=314
Eval at step 7040000, survival=20.100%, return=[-4.529312997864326, 944.3022862386704, -5.849262375719991, -289.0754385964871]
SPS=314
Eval at step 7080000, survival=19.809%, return=[-4.294679778727004, 921.6361859607698, -5.293261219476699, -280.0421052631577]
SPS=314
Eval at step 7120000, survival=21.811%, return=[-4.4093157531751785, 1011.7180590209967, -5.163273187858158, -320.44385964912277]
SPS=314
Eval at step 7160000, survival=22.850%, return=[-4.7044472495093945, 1065.3221874141686, -5.141808987503327, -330.33508771929576]
SPS=314
Eval at step 7200000, survival=22.873%, return=[-4.6385483900550755, 1071.2154292154312, -5.076727150345505, -331.4894736842081]
SPS=314
Eval at step 7240000, survival=28.653%, return=[-5.536402348760748, 1326.3140220355976, -5.14363640224874, -416.2245614035076]
SPS=314
Eval at step 7280000, survival=20.019%, return=[-4.044878511782736, 939.422839856147, -5.4474636319511776, -271.00526315789267]
SPS=314
Eval at step 7320000, survival=21.825%, return=[-4.415348975860979, 1020.6730748605726, -5.128577544573091, -289.6456140350876]
SPS=314
Eval at step 7360000, survival=25.015%, return=[-4.766531379998196, 1169.0334869861604, -5.144838065426666, -330.26666666666495]
SPS=314
Eval at step 7400000, survival=21.814%, return=[-4.324402891815407, 1022.852150588036, -5.113800362398251, -283.52631578947154]
SPS=314
Eval at step 7440000, survival=22.772%, return=[-4.639052191126393, 1069.285040073394, -5.329799121095038, -293.8456140350869]
SPS=314
Eval at step 7480000, survival=17.276%, return=[-3.714787998702377, 810.3950194787981, -5.658070749260423, -216.7894736842115]
SPS=315
Eval at step 7520000, survival=21.690%, return=[-4.759106377040735, 1003.4510994625094, -6.508718690527258, -296.9403508771942]
SPS=315
Eval at step 7560000, survival=26.231%, return=[-5.307448167697293, 1231.185892004966, -5.846010934975402, -345.9789473684187]
SPS=315
Eval at step 7600000, survival=23.216%, return=[-5.145338552130852, 1083.5651834011082, -7.3676762712239, -300.82631578947337]
SPS=315
Eval at step 7640000, survival=19.869%, return=[-4.396077891718596, 922.5127748346328, -6.301938512932248, -253.0894736842106]
SPS=315
Eval at step 7680000, survival=15.642%, return=[-3.65513731786632, 734.6864761400217, -6.193693581157822, -188.71754385964886]
SPS=315
Eval at step 7720000, survival=27.902%, return=[-5.848006379895378, 1309.5974604034427, -6.5446902466967005, -354.07719298245263]
SPS=315
Eval at step 7760000, survival=17.093%, return=[-3.6422830397845245, 813.378219871521, -6.230870292291252, -192.5087719298254]
SPS=315
Eval at step 7800000, survival=23.755%, return=[-4.648463313875254, 1135.1396996927265, -5.448869627179738, -295.7578947368415]
SPS=315
Eval at step 7840000, survival=21.365%, return=[-4.375137095933314, 1017.0438925743098, -6.013373867938208, -258.19473684210385]
SPS=315
Eval at step 7880000, survival=38.054%, return=[-7.048236291349167, 1793.8667980160703, -7.480073328554852, -466.43333333332293]
SPS=315
Eval at step 7920000, survival=22.307%, return=[-4.576628895458998, 1054.6399214363096, -6.590762202041378, -270.55964912280535]
SPS=315
Eval at step 7960000, survival=26.261%, return=[-5.041729653044603, 1236.8017145061497, -5.650561954025216, -330.2491228070146]
SPS=315
Eval at step 8000000, survival=15.609%, return=[-3.3389250987907872, 746.8075462198265, -5.233054937383713, -173.93333333333572]
SPS=315
Eval at step 8040000, survival=25.353%, return=[-4.819820347364294, 1193.5770002317427, -5.7820642634625985, -328.5771929824542]
SPS=315
Eval at step 8080000, survival=23.279%, return=[-4.350553303776541, 1112.190075922012, -5.816618881050976, -262.0333333333333]
SPS=315
Eval at step 8120000, survival=14.836%, return=[-3.199977825867245, 702.6507784938815, -5.652042145369615, -176.94210526315993]
SPS=315
Eval at step 8160000, survival=18.966%, return=[-3.7402107966772746, 900.2261344718927, -5.391465990514189, -238.26842105263353]
SPS=316
Eval at step 8200000, survival=24.759%, return=[-4.693299643701176, 1168.8339599275598, -6.063994858444493, -311.51929824561137]
SPS=315
Eval at step 8240000, survival=28.108%, return=[-5.194156911765458, 1325.565367736816, -5.895626177289887, -343.5614035087695]
SPS=315
Eval at step 8280000, survival=29.820%, return=[-5.597984313621419, 1403.990418691636, -6.130291233440493, -372.43157894736595]
SPS=315
Eval at step 8320000, survival=16.519%, return=[-3.5214163703727537, 783.144656858444, -5.700700862124654, -191.14736842105435]
SPS=315
Eval at step 8360000, survival=19.291%, return=[-3.85611904815305, 924.5452211999888, -5.39339065839813, -218.21578947368283]
SPS=315
Eval at step 8400000, survival=25.056%, return=[-4.815558921522461, 1200.0073159313201, -5.457351143076812, -296.8368421052616]
SPS=315
Eval at step 8440000, survival=29.110%, return=[-5.530541143956361, 1387.062765879631, -7.49784952664686, -335.4368421052564]
SPS=315
Eval at step 8480000, survival=28.555%, return=[-5.585192382446257, 1356.7527920103082, -6.876383757842905, -321.84736842104314]
SPS=315
Eval at step 8520000, survival=44.603%, return=[-8.085098085500068, 2109.9083215856567, -30.367777019620064, -486.27543859646823]
SPS=314
Eval at step 8560000, survival=50.377%, return=[-9.179588745289948, 2378.174515610692, -115.09331973965945, -581.9350877192711]
SPS=313
Eval at step 8600000, survival=49.954%, return=[-8.94932957366691, 2357.325427462579, -20.491881737691255, -545.584210526292]
SPS=312
Eval at step 8640000, survival=56.740%, return=[-9.745602693874389, 2708.2902181434624, -19.227419120565248, -614.7543859648797]
SPS=311
Eval at step 8680000, survival=63.751%, return=[-11.060004302300513, 3023.7898970270153, -28.175271990656437, -732.278947368374]
SPS=310
Eval at step 8720000, survival=49.156%, return=[-8.220086823619203, 2352.491619477272, -25.970044909354147, -514.1315789473499]
SPS=309
Eval at step 8760000, survival=23.332%, return=[-4.721484836406307, 1115.3802364301682, -12.62649892849331, -299.83157894736956]
SPS=309
Eval at step 8800000, survival=46.611%, return=[-9.078715568501503, 2216.460049584389, -13.371776457093665, -616.8421052631327]
SPS=308
Eval at step 8840000, survival=48.467%, return=[-8.365649013081565, 2302.9518842077246, -15.305422826072867, -517.5070175438434]
SPS=308
Eval at step 8880000, survival=38.757%, return=[-7.543203591130441, 1827.2929684171752, -113.04268218157574, -485.01403508771216]
SPS=308
Eval at step 8920000, survival=38.318%, return=[-7.428031912667211, 1806.1322508239748, -15.033407308513734, -435.4929824561276]
SPS=307
Eval at step 8960000, survival=76.186%, return=[-12.341031436633784, 3618.5063650751135, -25.463883288646095, -804.7824561403212]
SPS=306
Eval at step 9000000, survival=70.418%, return=[-12.460276626853737, 3320.07204913855, -36.038049106329936, -824.131578947324]
SPS=305
Eval at step 9040000, survival=100.000%, return=[-15.595841626561015, 4761.773519072529, -73.88811680522227, -959.9368421052131]
SPS=303
Eval at step 9080000, survival=74.234%, return=[-11.839747503097168, 3523.9608801221852, -48.30945248593489, -709.9526315789175]
SPS=302
Eval at step 9120000, survival=88.198%, return=[-13.902322127809748, 4171.055933108332, -53.303436110989786, -848.8456140350409]
SPS=300
Eval at step 9160000, survival=84.983%, return=[-12.895999193500028, 4043.4342420911807, -44.2159415789627, -819.6614035087329]
SPS=299
Eval at step 9200000, survival=96.236%, return=[-14.573111948830775, 4553.883087296489, -50.01103613063024, -947.9719298245285]
SPS=297
Eval at step 9240000, survival=96.241%, return=[-14.972901620174525, 4535.339978823658, -26.90088851434921, -938.7824561403053]
SPS=296
Eval at step 9280000, survival=76.445%, return=[-11.718565585842589, 3614.283472800257, -23.943479852805403, -759.9929824561201]
SPS=295
Eval at step 9320000, survival=96.245%, return=[-15.357397627265891, 4504.389552917483, -14.406504060825318, -930.1771929824021]
SPS=293
Eval at step 9360000, survival=100.000%, return=[-15.619051047897665, 4685.124224395748, -23.78209759618884, -977.3894736841673]
SPS=291
Eval at step 9400000, survival=100.000%, return=[-15.538615733536426, 4681.873271474838, -23.162395492419954, -957.3228070174913]
SPS=290
Eval at step 9440000, survival=100.000%, return=[-15.206629081646678, 4689.998783073431, -25.724452131919453, -945.9385964911687]
SPS=288
Eval at step 9480000, survival=100.000%, return=[-15.41150748669752, 4683.140248003005, -22.82715338816347, -940.263157894693]
SPS=287
Eval at step 9520000, survival=100.000%, return=[-15.73522404585383, 4678.4542541790015, -11.223352591425737, -941.0210526315423]
SPS=285
Eval at step 9560000, survival=100.000%, return=[-15.390203382371691, 4672.480350518227, -14.727664130065614, -932.3736842104743]
SPS=284
Eval at step 9600000, survival=100.000%, return=[-15.398757220583501, 4665.25586707592, -16.095104897947113, -930.0438596490661]
SPS=283
Eval at step 9640000, survival=100.000%, return=[-15.284070122346748, 4655.084289746286, -16.837875686524832, -913.6631578946774]
SPS=281
Eval at step 9680000, survival=100.000%, return=[-16.360428571217927, 4650.895674877165, -20.7235313446075, -1023.7175438595884]
SPS=280
