Job 54654014 started on jst057 at dim 24 mai 2026 05:19:04 CEST
Training configuration:
  conda env       : marl2grid
  algorithm       : MAPPO
  env             : bus14
  seed            : 0
  total timesteps : 25000000
  n envs          : 20
  torch threads   : 20
  wandb mode      : online
Running: python -u main.py --alg MAPPO --env-id bus14 --action-type topology --seed 0 --total-timesteps 25000000 --n-envs 20 --n-threads 20 --cuda False --checkpoint True --wandb-project Grid2Op --wandb-entity corentin-plumet-epfl --wandb-mode online --time-limit 1300  --total-timesteps 15000000 --eval-freq 40000 --actor-layers 256 256 256 --critic-layers 256 256 256 --actor-lr 0.0001 --critic-lr 0.0001 --gamma 0.9 --gae-lambda 0.95 --update-epochs 10 --max-grad-norm 1.0 --clip-coef 0.2 --vf-coef 0.5 --norm-reward True --deterministic-eval False --n-steps 2000 --n-minibatches 16 --entropy-coef 0.01 --target-kl 0.02 --init-do-nothing-prob 0.5 --exp-tag a0_known_good
Eval at step 40000, survival=0.033%, return=[-1.0039632161147893, -0.19284599256515506, -5.383614851906896, -1.1385964912280704]
SPS=138
Eval at step 80000, survival=0.035%, return=[-1.0052753466763533, -0.17734413290023804, -5.737057347595692, -1.168421052631579]
SPS=159
Eval at step 120000, survival=0.048%, return=[-1.0063751248526387, 0.3527591910362242, -6.4896903990302235, -1.2789473684210526]
SPS=169
Eval at step 160000, survival=0.032%, return=[-1.0035222712671383, -0.2236625652313232, -5.297935018030694, -1.1228070175438596]
SPS=176
Eval at step 200000, survival=0.043%, return=[-1.0047822942142375, 0.21617012548446643, -6.150871828943491, -1.217543859649123]
SPS=179
Eval at step 240000, survival=0.087%, return=[-1.0107823135564105, 2.2987182278633123, -5.452967017889023, -1.3859649122807016]
SPS=181
Eval at step 280000, survival=0.081%, return=[-1.009391725284513, 1.985096755027771, -5.347942746058107, -1.3035087719298244]
SPS=185
Eval at step 320000, survival=0.095%, return=[-1.0141667072544807, 2.5670670232772825, -6.289190720906481, -1.5298245614035086]
SPS=187
Eval at step 360000, survival=0.120%, return=[-1.0182092496892436, 3.6299777474403383, -5.688655728381127, -1.6491228070175439]
SPS=190
Eval at step 400000, survival=0.138%, return=[-1.0181310939835384, 4.666158835411072, -5.438149302685633, -1.570175438596491]
SPS=194
Eval at step 440000, survival=0.207%, return=[-1.027908344217576, 7.906817681789397, -5.983254270371981, -1.805263157894737]
SPS=197
Eval at step 480000, survival=0.264%, return=[-1.0312206843402236, 10.590105291366575, -6.720456977398134, -2.705263157894737]
SPS=201
Eval at step 520000, survival=0.217%, return=[-1.0260701711056754, 8.00410808992386, -5.934522595163434, -1.9017543859649124]
SPS=205
Eval at step 560000, survival=0.418%, return=[-1.0479091961169615, 17.964945413589483, -5.334342500253115, -3.5087719298245617]
SPS=209
Eval at step 600000, survival=0.656%, return=[-1.0708852513402234, 29.860119904518125, -8.379489262681455, -5.599999999999999]
SPS=213
Eval at step 640000, survival=0.506%, return=[-1.0607124016503804, 22.13958474349976, -6.896442772867158, -4.166666666666666]
SPS=218
Eval at step 680000, survival=0.641%, return=[-1.0773911443946418, 28.623217993736272, -6.491900312248617, -5.433333333333335]
SPS=220
Eval at step 720000, survival=0.800%, return=[-1.1097713970579206, 36.20200516080857, -7.381733222561889, -5.996491228070174]
SPS=223
Eval at step 760000, survival=0.973%, return=[-1.1111992931109853, 46.27384531021117, -5.277962769404985, -8.37368421052631]
SPS=226
Eval at step 800000, survival=0.717%, return=[-1.0762788980966433, 32.2580583229065, -7.26332390292082, -4.933333333333335]
SPS=229
Eval at step 840000, survival=1.270%, return=[-1.1420481882756577, 61.014397680282585, -5.217787873472844, -8.491228070175442]
SPS=232
Eval at step 880000, survival=1.279%, return=[-1.1607104169845115, 60.17864168596267, -10.35785763997119, -10.349122807017531]
SPS=234
Eval at step 920000, survival=2.207%, return=[-1.287971288623521, 103.79116418123242, -11.395180611225078, -23.34035087719305]
SPS=237
Eval at step 960000, survival=2.215%, return=[-1.2805437443079426, 105.45609429073332, -18.18091424324448, -22.477192982456177]
SPS=241
Eval at step 1000000, survival=2.432%, return=[-1.302935459080618, 114.34564192724227, -16.32915545688593, -24.429824561403414]
SPS=245
Eval at step 1040000, survival=2.928%, return=[-1.303750253515318, 140.89373786878588, -5.200125188846141, -25.226315789473706]
SPS=249
Eval at step 1080000, survival=1.543%, return=[-1.1662980581750162, 73.27365239000324, -5.421345133602154, -12.333333333333346]
SPS=253
Eval at step 1120000, survival=3.430%, return=[-1.3824479397502727, 165.9939308176041, -12.590687830303796, -29.164912280701742]
SPS=257
Eval at step 1160000, survival=1.848%, return=[-1.201291867060354, 88.13478220939638, -5.157051965105348, -16.43157894736837]
SPS=261
Eval at step 1200000, survival=3.369%, return=[-1.4297635135415476, 156.41816108083725, -13.674140975644331, -30.233333333333434]
SPS=264
Eval at step 1240000, survival=1.318%, return=[-1.143591547734104, 61.38638110160828, -5.0678799753573, -10.133333333333315]
SPS=268
Eval at step 1280000, survival=2.421%, return=[-1.2756463599333074, 113.33367267131806, -5.295019016694278, -19.833333333333343]
SPS=271
Eval at step 1320000, survival=4.239%, return=[-1.4867869436449836, 204.4842183542251, -5.393697511008213, -32.00000000000007]
SPS=274
Eval at step 1360000, survival=2.553%, return=[-1.3582467574335169, 120.55524174308773, -29.239825007179753, -21.00175438596502]
SPS=278
Eval at step 1400000, survival=2.476%, return=[-1.3158939015120268, 120.04063963603974, -5.246621481620241, -15.591228070175438]
SPS=281
Eval at step 1440000, survival=3.261%, return=[-1.3642982060031499, 160.02000135660168, -5.28893981075962, -22.954385964912216]
SPS=284
Eval at step 1480000, survival=4.684%, return=[-1.5229383472644258, 222.15647969245916, -10.58722285667318, -38.371929824561754]
SPS=286
Eval at step 1520000, survival=2.153%, return=[-1.2745253112516366, 101.70030310916904, -5.387815736467019, -17.57543859649125]
SPS=289
Eval at step 1560000, survival=2.346%, return=[-1.2764328985009343, 109.57184750366211, -7.672413572791266, -24.191228070175438]
SPS=292
Eval at step 1600000, survival=2.907%, return=[-1.2799713694490493, 141.03177709341054, -6.1142999517323915, -22.782456140350853]
SPS=295
Eval at step 1640000, survival=2.693%, return=[-1.3524490710406099, 125.64314032602309, -5.729241172329784, -25.37368421052639]
SPS=297
Eval at step 1680000, survival=1.460%, return=[-1.156445657851873, 71.37288952827454, -5.254080812909524, -13.187719298245607]
SPS=300
Eval at step 1720000, survival=1.508%, return=[-1.173170261143241, 71.7578001289368, -5.454975309735164, -17.321052631578997]
SPS=302
Eval at step 1760000, survival=1.235%, return=[-1.1328262929338961, 58.61393287086486, -5.68757429078687, -11.729824561403486]
SPS=305
Eval at step 1800000, survival=0.303%, return=[-1.032070962607395, 12.321003361225127, -8.176031553186476, -1.9666666666666663]
SPS=304
Eval at step 1840000, survival=0.463%, return=[-1.0499581201060209, 19.88455252838135, -10.948452144640033, -3.2824561403508774]
SPS=304
Eval at step 1880000, survival=0.926%, return=[-1.1022708412550855, 43.59812827539444, -15.394810703303666, -9.15087719298246]
SPS=305
Eval at step 1920000, survival=0.698%, return=[-1.066385967214592, 32.37987593460082, -8.795895518967882, -5.605263157894738]
SPS=307
Eval at step 1960000, survival=0.718%, return=[-1.0745839638635517, 31.934154473781582, -15.183742395692388, -6.778947368421062]
SPS=308
Eval at step 2000000, survival=0.756%, return=[-1.0767352578113787, 35.11250508451461, -16.839348866126965, -6.440350877192984]
SPS=310
Eval at step 2040000, survival=1.090%, return=[-1.1110023068846204, 52.72204496860504, -12.325591304979753, -7.994736842105259]
SPS=312
Eval at step 2080000, survival=1.555%, return=[-1.1902185220387764, 72.36221908903129, -32.31460434747278, -20.019298245614074]
SPS=314
Eval at step 2120000, survival=2.004%, return=[-1.2820242408371996, 90.95507771158222, -18.184765907097606, -16.41754385964921]
SPS=316
Eval at step 2160000, survival=2.045%, return=[-1.2249170190014411, 98.06278886651994, -6.12471449606237, -17.49649122807021]
SPS=318
Eval at step 2200000, survival=1.022%, return=[-1.120796798815718, 47.52641876125335, -14.062414300686214, -10.101754385964908]
SPS=320
Eval at step 2240000, survival=4.277%, return=[-1.6527160326135344, 201.69772858142858, -15.09274103063799, -43.35087719298288]
SPS=321
Eval at step 2280000, survival=1.567%, return=[-1.1797744050738401, 75.3421334691048, -22.006990008456704, -14.124561403508778]
SPS=323
Eval at step 2320000, survival=2.455%, return=[-1.3114244876545853, 116.81972478914261, -42.23396689045476, -28.573684210526334]
SPS=325
Eval at step 2360000, survival=3.214%, return=[-1.529062460688874, 146.9591269378662, -59.94941693175933, -41.617543859649565]
SPS=326
Eval at step 2400000, survival=0.730%, return=[-1.0918804503104185, 33.47991614437102, -13.455519784311765, -8.112280701754385]
SPS=328
Eval at step 2440000, survival=1.106%, return=[-1.1556812019087375, 51.878838096618644, -12.349392154172529, -12.621052631578907]
SPS=330
Eval at step 2480000, survival=1.798%, return=[-1.3438353544392156, 83.34491502380374, -5.566472180979327, -20.175438596491468]
SPS=332
Eval at step 2520000, survival=0.640%, return=[-1.0842749152274336, 29.039028002738952, -5.672614503069781, -5.733333333333337]
SPS=333
Eval at step 2560000, survival=0.500%, return=[-1.0562698548776097, 22.039758707523347, -5.63987085337285, -5.259649122807016]
SPS=335
Eval at step 2600000, survival=0.451%, return=[-1.0486927621008362, 20.406014519691468, -5.4250738025642935, -5.052631578947365]
SPS=337
Eval at step 2640000, survival=0.856%, return=[-1.104983600450214, 38.21983811712265, -5.6667175497452265, -9.298245614035064]
SPS=338
Eval at step 2680000, survival=0.253%, return=[-1.0314583157771267, 10.11914983892441, -6.17656446491601, -2.508771929824561]
SPS=340
Eval at step 2720000, survival=0.667%, return=[-1.0807060103747061, 30.603969184398647, -14.310895103309303, -7.840350877192975]
SPS=341
Eval at step 2760000, survival=0.853%, return=[-1.1377317534643225, 38.58834693813323, -5.565179784689098, -10.424561403508791]
SPS=343
Eval at step 2800000, survival=0.475%, return=[-1.0528380379895679, 20.887485760688786, -7.682224735722412, -6.352631578947365]
SPS=344
Eval at step 2840000, survival=0.655%, return=[-1.0863547803484834, 29.30999226617812, -6.530746735341381, -7.171929824561376]
SPS=346
Eval at step 2880000, survival=2.225%, return=[-1.325356769724749, 101.34065493679043, -8.555603229405824, -28.40701754385981]
SPS=347
Eval at step 2920000, survival=1.053%, return=[-1.1209895034437067, 49.35786142516139, -20.73303800948488, -11.87543859649121]
SPS=349
Eval at step 2960000, survival=0.170%, return=[-1.0206857455137652, 6.040102206707001, -7.816784010862466, -1.9824561403508771]
SPS=351
Eval at step 3000000, survival=0.347%, return=[-1.0392784948460758, 15.199826533317571, -5.944254904589616, -4.0771929824561415]
SPS=352
Eval at step 3040000, survival=0.339%, return=[-1.044884219521191, 14.302705796718593, -8.224336529301945, -4.717543859649122]
SPS=354
Eval at step 3080000, survival=1.236%, return=[-1.211300014826702, 58.079929887771605, -5.473976538353599, -14.845614035087829]
SPS=355
Eval at step 3120000, survival=0.681%, return=[-1.0884806640329772, 32.44004394292831, -5.429593718040269, -9.896491228070136]
SPS=357
Eval at step 3160000, survival=0.587%, return=[-1.0784204676630906, 26.86335533475875, -5.767427184036933, -9.857894736842095]
SPS=358
Eval at step 3200000, survival=0.445%, return=[-1.0615147409378551, 18.60463040256499, -15.71297664490994, -8.19122807017546]
SPS=359
Eval at step 3240000, survival=1.483%, return=[-1.1659327416098677, 70.19152835655211, -5.648746658919845, -20.67543859649145]
SPS=361
Eval at step 3280000, survival=0.869%, return=[-1.0952374100801534, 38.28380770206449, -13.309739827175509, -13.577192982456117]
SPS=362
Eval at step 3320000, survival=0.692%, return=[-1.0903609457658603, 32.96520193576812, -5.1735721783828925, -10.691228070175436]
SPS=363
Eval at step 3360000, survival=5.002%, return=[-1.6234099392022472, 240.5765787053108, -16.167752696811295, -62.35964912280758]
SPS=364
Eval at step 3400000, survival=0.564%, return=[-1.0536541782610584, 26.403601698875434, -5.237370930479665, -6.06140350877193]
SPS=366
Eval at step 3440000, survival=2.438%, return=[-1.3240349901956505, 105.05088335132541, -88.81128186004352, -44.733333333333306]
SPS=367
Eval at step 3480000, survival=2.336%, return=[-1.285672465438256, 108.04748777103427, -19.547679522889666, -29.431578947368628]
SPS=368
Eval at step 3520000, survival=2.090%, return=[-1.220832722436171, 100.41455911445621, -36.01579251016956, -27.278947368421115]
SPS=369
Eval at step 3560000, survival=1.332%, return=[-1.1723191991331987, 62.9698843612671, -5.912976231845096, -20.980701754386004]
SPS=370
Eval at step 3600000, survival=3.265%, return=[-1.409853457583813, 154.9488246803284, -7.054810309399182, -40.10175438596524]
SPS=371
Eval at step 3640000, survival=1.195%, return=[-1.1337617148237769, 53.84220905017857, -21.370841967768502, -17.989473684210566]
SPS=372
Eval at step 3680000, survival=3.566%, return=[-1.4399799120845274, 168.9151645321846, -9.71860027074581, -47.53508771929874]
SPS=373
Eval at step 3720000, survival=1.427%, return=[-1.1546651534095873, 68.4236654100418, -6.996451374521712, -14.573684210526475]
SPS=374
Eval at step 3760000, survival=0.053%, return=[-1.0058802336803638, 0.7103305044174194, -5.532438432890922, -1.2421052631578948]
SPS=376
Eval at step 3800000, survival=4.400%, return=[-1.496052427997347, 209.25670953035328, -5.26093382849358, -49.46140350877245]
SPS=376
Eval at step 3840000, survival=1.403%, return=[-1.1706022419966757, 67.1185994548798, -5.789769830554723, -19.349122807017622]
SPS=377
Eval at step 3880000, survival=0.296%, return=[-1.029577198572224, 13.292374500751489, -5.391755620297045, -3.4]
SPS=379
Eval at step 3920000, survival=2.209%, return=[-1.2676129781757481, 101.70599624872213, -5.239077339714276, -30.94385964912316]
SPS=379
Eval at step 3960000, survival=1.126%, return=[-1.1147904134530109, 55.31651483011247, -5.610619087703526, -12.271929824561388]
SPS=380
Eval at step 4000000, survival=1.594%, return=[-1.1804739370069002, 74.14637805747985, -6.008106878789841, -27.10175438596513]
SPS=382
Eval at step 4040000, survival=0.097%, return=[-1.0105937934014946, 3.04493869304657, -5.249712978303433, -1.7491228070175437]
SPS=380
Eval at step 4080000, survival=0.180%, return=[-1.0197113361675292, 6.929108451843265, -6.488547746674158, -3.461403508771928]
SPS=380
Eval at step 4120000, survival=0.319%, return=[-1.0334345265640876, 13.540403833389282, -5.905245961342007, -5.717543859649122]
SPS=380
Eval at step 4160000, survival=0.037%, return=[-1.0038147649844178, 0.026855124950408937, -5.43056144178845, -1.194736842105263]
SPS=378
Eval at step 4200000, survival=0.027%, return=[-1.0022732193348929, -0.3576457381248474, -5.133850978314877, -1.1140350877192984]
SPS=375
Eval at step 4240000, survival=0.047%, return=[-1.005050693836529, 0.560788185596466, -5.0758865515701475, -1.2807017543859647]
SPS=372
Eval at step 4280000, survival=0.061%, return=[-1.007346895954106, 1.0400970745086668, -5.726998357102275, -1.5017543859649125]
SPS=369
Eval at step 4320000, survival=0.038%, return=[-1.0053055386058987, -0.08064134144783028, -6.296375768631696, -1.2280701754385963]
SPS=366
Eval at step 4360000, survival=0.047%, return=[-1.0052579845767469, 0.5340814514160156, -5.335427114367485, -1.26140350877193]
SPS=363
Eval at step 4400000, survival=0.191%, return=[-1.0229737647459842, 6.910456936359404, -10.731514185061679, -2.9421052631578926]
SPS=361
Eval at step 4440000, survival=0.675%, return=[-1.0677492937305941, 29.41152328634263, -23.595211798907258, -8.017543859649114]
SPS=360
Eval at step 4480000, survival=1.040%, return=[-1.1152053882542532, 45.407199295043945, -35.15161441889213, -14.298245614035034]
SPS=358
Eval at step 4520000, survival=0.604%, return=[-1.068029309459962, 25.985309323787725, -27.821326446253806, -11.05964912280709]
SPS=356
Eval at step 4560000, survival=0.154%, return=[-1.0180469295941292, 5.388819720268248, -8.259687626827509, -2.628070175438597]
SPS=355
Eval at step 4600000, survival=0.370%, return=[-1.037711935385596, 15.488132604599008, -12.550239525781944, -5.136842105263159]
SPS=354
Eval at step 4640000, survival=1.659%, return=[-1.2039585966733284, 74.13021992540374, -52.8452748416632, -28.831578947368847]
SPS=353
Eval at step 4680000, survival=2.044%, return=[-1.2348251996270847, 97.86082578182229, -24.324229356755676, -25.426315789473797]
SPS=353
Eval at step 4720000, survival=0.972%, return=[-1.097159131395165, 47.08544622135164, -7.768262344179675, -11.39298245614034]
SPS=353
Eval at step 4760000, survival=5.278%, return=[-1.6865927045117133, 235.571090582845, -145.5594353651348, -82.82631578947452]
SPS=353
Eval at step 4800000, survival=1.136%, return=[-1.1178953751223162, 54.95596624183656, -12.193930680444463, -15.194736842105232]
SPS=354
Eval at step 4840000, survival=4.074%, return=[-1.4688827389793004, 186.98685838603882, -70.2891932406681, -63.438596491228495]
SPS=355
Eval at step 4880000, survival=3.269%, return=[-1.3517538784770295, 152.48046353769303, -60.22973339862947, -42.95964912280757]
SPS=355
Eval at step 4920000, survival=1.801%, return=[-1.1847281629685313, 88.95247961950305, -5.684695482742972, -18.964912280701824]
SPS=356
Eval at step 4960000, survival=2.486%, return=[-1.2913827330688945, 120.0549294910431, -23.79782103544567, -37.643859649122966]
SPS=357
Eval at step 5000000, survival=3.006%, return=[-1.3501705618517008, 145.6009832978249, -42.13387844500248, -38.49473684210545]
SPS=357
Eval at step 5040000, survival=1.489%, return=[-1.1578928253729828, 70.2607325544358, -29.39498211686732, -21.643859649122952]
SPS=358
Eval at step 5080000, survival=7.278%, return=[-1.8655136024521197, 344.18088554525434, -40.1323902405682, -89.60175438596379]
SPS=359
Eval at step 5120000, survival=6.017%, return=[-1.676184856944019, 294.37942936229723, -37.55392348189671, -60.98596491228152]
SPS=359
Eval at step 5160000, survival=1.745%, return=[-1.187934948928887, 87.61604829311368, -5.268636657123352, -23.357894736842177]
SPS=360
Eval at step 5200000, survival=5.083%, return=[-1.612132480746368, 230.55630573892546, -100.20152807141562, -61.973684210527004]
SPS=360
Eval at step 5240000, survival=3.761%, return=[-1.4356349803390913, 185.93277365541456, -5.81686311518788, -40.34385964912311]
SPS=361
Eval at step 5280000, survival=2.922%, return=[-1.3217881992575713, 145.04751744222634, -13.242530319007347, -38.947368421052865]
SPS=362
Eval at step 5320000, survival=3.399%, return=[-1.416219875245588, 163.2636182742119, -5.735663446167019, -45.34385964912336]
SPS=362
Eval at step 5360000, survival=3.885%, return=[-1.4670355910784565, 190.10650408554076, -15.448444404080146, -49.91754385964966]
SPS=363
Eval at step 5400000, survival=3.808%, return=[-1.4428241423272994, 182.15340874099678, -46.58129298307176, -50.107017543860344]
SPS=364
Eval at step 5440000, survival=3.414%, return=[-1.3948338916583451, 163.6928975410461, -33.721815619659175, -41.61052631578969]
SPS=364
Eval at step 5480000, survival=4.814%, return=[-1.6008829299826175, 234.01198337411893, -5.924047351331683, -50.79649122807037]
SPS=365
Eval at step 5520000, survival=3.074%, return=[-1.3419630062184296, 151.1245789785386, -16.513422955124405, -34.48947368421074]
SPS=365
Eval at step 5560000, survival=2.830%, return=[-1.2987986834545153, 139.92465074920653, -6.235065249309992, -30.46666666666689]
SPS=366
Eval at step 5600000, survival=2.687%, return=[-1.3162693788122852, 130.960378832817, -5.975319551085704, -34.389473684210614]
SPS=367
Eval at step 5640000, survival=3.001%, return=[-1.328871298552258, 144.61365485095982, -5.762882530398201, -40.07368421052673]
SPS=367
Eval at step 5680000, survival=7.529%, return=[-1.9926103876437993, 336.13677301788397, -231.1103173881391, -92.02631578946801]
SPS=368
Eval at step 5720000, survival=15.837%, return=[-2.8321740266052076, 780.1348835039132, -45.555459021790014, -195.74035087718144]
SPS=367
Eval at step 5760000, survival=5.332%, return=[-1.6446432840137277, 263.2506646523476, -9.942552413207887, -62.28070175438573]
SPS=368
Eval at step 5800000, survival=5.118%, return=[-1.6003529048757628, 243.61999863910654, -10.51769973654591, -71.82456140350958]
SPS=368
Eval at step 5840000, survival=2.035%, return=[-1.2258984786923974, 98.1105951662064, -8.745268337259768, -28.280701754386193]
SPS=369
Eval at step 5880000, survival=5.858%, return=[-1.7095941585197578, 285.1583139061926, -5.763499815457908, -71.55087719298237]
SPS=370
Eval at step 5920000, survival=5.551%, return=[-1.6858962139580398, 267.3361828098298, -5.91872890891027, -75.98596491228162]
SPS=370
Eval at step 5960000, survival=5.293%, return=[-1.6410434833262115, 258.74778472185136, -7.045410784007617, -67.74210526315868]
SPS=371
Eval at step 6000000, survival=6.920%, return=[-1.8167468567262404, 335.9248263311388, -20.599567404561093, -85.90175438596607]
SPS=371
Eval at step 6040000, survival=4.373%, return=[-1.5204461004177574, 212.47067124128338, -7.701653256395366, -60.78947368421111]
SPS=371
Eval at step 6080000, survival=11.150%, return=[-2.4101797293522393, 538.4101122617705, -10.942059838423848, -148.21578947367266]
SPS=372
Eval at step 6120000, survival=4.735%, return=[-1.5677655661304015, 227.3851475753785, -22.23525796265676, -64.30701754386016]
SPS=372
Eval at step 6160000, survival=1.584%, return=[-1.1825647200515959, 76.2439625897407, -8.093092603206605, -21.014035087719368]
SPS=373
Eval at step 6200000, survival=1.120%, return=[-1.129631916579092, 52.915692315578454, -5.7390067726839336, -13.936842105263171]
SPS=373
Eval at step 6240000, survival=2.054%, return=[-1.234154787810985, 99.98962112808225, -6.3249501804602914, -28.749122807017688]
SPS=374
Eval at step 6280000, survival=1.920%, return=[-1.2228990889212583, 93.23677960729597, -6.542954422399634, -27.16666666666679]
SPS=374
Eval at step 6320000, survival=2.525%, return=[-1.3012799592863302, 122.32475891780857, -10.936848144957912, -37.735087719298505]
SPS=375
Eval at step 6360000, survival=1.627%, return=[-1.1868537089030724, 77.73696815681458, -11.516313612898376, -22.498245614035095]
SPS=375
Eval at step 6400000, survival=3.383%, return=[-1.4041161922621541, 163.99150956821435, -16.944230193484692, -44.13684210526338]
SPS=376
Eval at step 6440000, survival=5.794%, return=[-1.7283195461670402, 278.63147135066976, -6.743044738868866, -74.55087719298074]
SPS=376
Eval at step 6480000, survival=5.506%, return=[-1.6450987260730472, 262.36292776250843, -6.520707579892769, -76.12105263157979]
SPS=377
Eval at step 6520000, survival=3.619%, return=[-1.4487881375651341, 168.37871918678303, -23.248890813778416, -44.51052631578977]
SPS=377
Eval at step 6560000, survival=3.843%, return=[-1.4698102238122375, 187.57896887254708, -5.886334731813986, -44.963157894737364]
SPS=378
Eval at step 6600000, survival=4.151%, return=[-1.4912537772383074, 200.28555042076107, -8.771054939954775, -57.563157894737195]
SPS=378
Eval at step 6640000, survival=1.421%, return=[-1.1522449021227659, 70.31221643066405, -6.418082759770914, -18.385964912280677]
SPS=379
Eval at step 6680000, survival=3.717%, return=[-1.4645567450555972, 173.8818388066291, -9.934814003773749, -54.19824561403573]
SPS=379
Eval at step 6720000, survival=3.349%, return=[-1.3886748313787394, 163.41095103120807, -8.651618119186605, -43.76842105263181]
SPS=380
Eval at step 6760000, survival=1.151%, return=[-1.123928301257547, 55.57259613943103, -6.652070959750563, -13.764912280701726]
SPS=380
Eval at step 6800000, survival=6.272%, return=[-1.793243105453439, 296.34280616951, -7.274512497492833, -76.45789473684314]
SPS=381
Eval at step 6840000, survival=3.204%, return=[-1.4259035172231962, 152.6146073465348, -9.305051922099665, -44.53333333333363]
SPS=381
Eval at step 6880000, survival=12.467%, return=[-2.627317826502258, 589.5883326692589, -9.621620438272476, -164.2842105263059]
SPS=381
Eval at step 6920000, survival=7.199%, return=[-1.9203340982319788, 341.7802299499509, -13.66699174067071, -91.784210526311]
SPS=381
Eval at step 6960000, survival=3.104%, return=[-1.362817279662704, 149.42297048473358, -5.747044215298956, -39.043859649123036]
SPS=382
Eval at step 7000000, survival=9.420%, return=[-2.2150447022228037, 448.61366350173864, -7.9261526845686605, -129.91052631578458]
SPS=382
Eval at step 7040000, survival=12.080%, return=[-2.5691126884426922, 569.005890116692, -10.512240573125018, -158.1894736842066]
SPS=382
Eval at step 7080000, survival=7.189%, return=[-1.9189948823826852, 342.95688725423804, -6.749053270637523, -95.10701754385946]
SPS=382
Eval at step 7120000, survival=2.696%, return=[-1.3457980612758547, 126.25933015346527, -5.706847214864683, -37.41228070175468]
SPS=383
Eval at step 7160000, survival=3.524%, return=[-1.437440331018297, 164.23092807579036, -32.56348106276128, -44.34385964912315]
SPS=383
Eval at step 7200000, survival=3.729%, return=[-1.4847297412576155, 171.02739109706886, -5.6469670055666485, -50.692982456141074]
SPS=384
Eval at step 7240000, survival=14.632%, return=[-2.9176520631532186, 692.7296568684567, -18.03185586986883, -197.18947368420862]
SPS=383
Eval at step 7280000, survival=12.804%, return=[-2.69019727621926, 608.2961687932016, -10.418567923936417, -173.44210526315842]
SPS=383
Eval at step 7320000, survival=11.111%, return=[-2.4720240762631875, 529.8520667791369, -7.526993906454118, -151.09473684210485]
SPS=383
Eval at step 7360000, survival=4.999%, return=[-1.6219934877823108, 238.05726489973077, -8.100444804782455, -60.507017543860385]
SPS=384
Eval at step 7400000, survival=18.826%, return=[-3.391990819980856, 888.704406134606, -9.357149427349942, -251.6526315789352]
SPS=383
Eval at step 7440000, survival=14.185%, return=[-2.847263621201273, 671.895435339452, -10.574699064341985, -192.3175438596335]
SPS=383
Eval at step 7480000, survival=9.671%, return=[-2.2711482195882127, 460.4593990178112, -8.585591212793588, -125.63333333332957]
SPS=383
Eval at step 7520000, survival=10.087%, return=[-2.303305229730904, 478.02058173084225, -7.218989150270454, -133.02456140350887]
SPS=383
Eval at step 7560000, survival=14.277%, return=[-2.9274069482693448, 677.2413623957643, -28.26209874750948, -190.63684210525818]
SPS=383
Eval at step 7600000, survival=8.612%, return=[-2.143797593767522, 409.0537851705549, -11.680928800898254, -112.2912280701764]
SPS=383
Eval at step 7640000, survival=5.774%, return=[-1.7681120151130016, 273.42802386617655, -7.1720150758541426, -77.1245614035096]
SPS=383
Eval at step 7680000, survival=7.649%, return=[-2.018360506615136, 368.04196997261, -10.965500064895787, -107.45614035087632]
SPS=384
Eval at step 7720000, survival=8.330%, return=[-2.093562237592414, 392.94376067829114, -6.69050047460878, -108.0719298245624]
SPS=384
Eval at step 7760000, survival=12.587%, return=[-2.7145903903467117, 596.5066186990736, -8.926392499492431, -166.49999999999665]
SPS=384
Eval at step 7800000, survival=8.659%, return=[-2.146803609089693, 409.6986528573043, -11.840924257585765, -114.77543859648863]
SPS=384
Eval at step 7840000, survival=10.703%, return=[-2.4716711870511063, 503.791075036049, -9.191167202721408, -141.71228070175252]
SPS=384
Eval at step 7880000, survival=7.830%, return=[-2.0562916527152995, 371.6613140163421, -6.860215798813442, -106.64210526315928]
SPS=384
Eval at step 7920000, survival=19.023%, return=[-3.5033349444682242, 901.8857042765609, -12.518605927902353, -253.2859649122654]
SPS=384
Eval at step 7960000, survival=18.921%, return=[-3.6392256555205678, 898.1777086319928, -10.87443871501191, -250.90175438595935]
SPS=383
Eval at step 8000000, survival=14.227%, return=[-2.9604609975474885, 678.0646302752488, -12.190601617992524, -194.90701754385816]
SPS=383
Eval at step 8040000, survival=8.562%, return=[-2.134705996583216, 409.23293740034103, -8.062889352331513, -122.43333333333335]
SPS=383
Eval at step 8080000, survival=11.684%, return=[-2.624296224192949, 557.6122509193417, -7.0578870428740625, -159.79473684210342]
SPS=383
Eval at step 8120000, survival=16.307%, return=[-3.2731284704816064, 777.678203109741, -8.783844527278415, -221.1947368421019]
SPS=383
Eval at step 8160000, survival=25.691%, return=[-4.52724103431683, 1233.413401890755, -9.052361029144503, -349.8842105263009]
SPS=382
Eval at step 8200000, survival=37.759%, return=[-6.372824307129486, 1786.6259841294293, -10.292099782465447, -521.8982456140102]
SPS=381
Eval at step 8240000, survival=10.594%, return=[-2.4824745169549716, 501.2377133264539, -7.178954956914822, -143.5105263157884]
SPS=381
Eval at step 8280000, survival=17.297%, return=[-3.441093019163236, 823.5705225319867, -11.466736334110465, -237.53157894736424]
SPS=380
Eval at step 8320000, survival=21.152%, return=[-4.038521112711169, 999.8358749580381, -8.910957139241509, -287.02807017542625]
SPS=380
Eval at step 8360000, survival=8.111%, return=[-2.1118350960256067, 388.1207871208194, -7.0761682436675075, -108.98771929824613]
SPS=380
Eval at step 8400000, survival=15.635%, return=[-3.176018836040748, 748.4856479234688, -8.347727353330265, -210.81052631578805]
SPS=380
Eval at step 8440000, survival=17.252%, return=[-3.424499206180917, 820.5577659535402, -10.642237878960078, -229.18070175438316]
SPS=379
Eval at step 8480000, survival=18.738%, return=[-3.687272518419195, 886.7399215564752, -12.175245580623415, -258.9719298245516]
SPS=379
Eval at step 8520000, survival=16.321%, return=[-3.29788564646733, 774.5310129480364, -9.427246698360795, -222.16842105262543]
SPS=379
Eval at step 8560000, survival=22.873%, return=[-4.249531010410283, 1088.4718702230443, -11.81253916634978, -309.32105263157183]
SPS=378
Eval at step 8600000, survival=11.590%, return=[-2.585272012889618, 557.0504674367902, -7.694674840111839, -157.17719298245396]
SPS=378
Eval at step 8640000, survival=13.420%, return=[-2.930969475104939, 639.3669035787591, -8.309963769844035, -182.45789473684195]
SPS=378
Eval at step 8680000, survival=21.550%, return=[-4.082251934707164, 1027.6377272510522, -11.992213682637248, -293.1631578947318]
SPS=378
Eval at step 8720000, survival=24.962%, return=[-4.494515297311591, 1194.408649797439, -9.53146163975489, -346.82105263156103]
SPS=377
Eval at step 8760000, survival=23.805%, return=[-4.508106167038204, 1132.2928535623555, -10.765410728158486, -329.68596491226566]
SPS=377
Eval at step 8800000, survival=14.655%, return=[-3.0956561941537073, 697.7784324922558, -7.191356801305619, -199.44035087719016]
SPS=376
Eval at step 8840000, survival=19.337%, return=[-3.827236357826041, 917.2378622279159, -9.360471936497424, -267.8263157894627]
SPS=376
Eval at step 8880000, survival=18.885%, return=[-3.732657759549329, 907.1064512081151, -8.497844278434968, -265.23684210525875]
SPS=376
Eval at step 8920000, survival=18.876%, return=[-3.7377590592077468, 898.3782123737335, -8.755596496265024, -262.7333333333331]
SPS=375
Eval at step 8960000, survival=29.525%, return=[-5.309458737220848, 1401.6197790346182, -10.752966593552514, -414.81754385962506]
SPS=375
Eval at step 9000000, survival=20.521%, return=[-4.011351505154744, 978.2077423233983, -10.043262860455433, -283.96666666666147]
SPS=374
Eval at step 9040000, survival=19.647%, return=[-3.7907998022274114, 936.8436966838847, -9.78378672810029, -271.9982456140219]
SPS=374
Eval at step 9080000, survival=46.777%, return=[-7.826570790371624, 2232.236151039124, -14.150226853104096, -651.7649122806708]
SPS=372
Eval at step 9120000, survival=12.603%, return=[-2.835572739969939, 604.729578784466, -7.28884033450222, -177.11052631578866]
SPS=372
Eval at step 9160000, survival=20.630%, return=[-4.009652831411222, 986.7605478205675, -10.553362418372126, -286.6280701754343]
SPS=372
Eval at step 9200000, survival=20.489%, return=[-4.008589765231591, 978.0857507181172, -9.005438305286225, -288.1596491228031]
SPS=372
Eval at step 9240000, survival=11.961%, return=[-2.763016276236158, 569.1367617177971, -7.462626029064995, -166.85964912279934]
SPS=372
Eval at step 9280000, survival=38.601%, return=[-6.693036691390444, 1837.5910756492617, -11.814406119737106, -546.7929824561072]
SPS=370
Eval at step 9320000, survival=22.939%, return=[-4.401499247876927, 1084.532455368519, -13.544419062802627, -320.59298245613263]
SPS=370
Eval at step 9360000, survival=28.434%, return=[-5.147113303875085, 1357.369730692386, -11.429393116645224, -398.71403508771124]
SPS=369
Eval at step 9400000, survival=12.447%, return=[-2.795652765565319, 597.3499088473328, -9.219667665997259, -174.05087719298237]
SPS=369
Eval at step 9440000, survival=18.154%, return=[-3.6693694450194014, 867.3401774144174, -9.877534388833556, -252.2614035087692]
SPS=369
Eval at step 9480000, survival=30.609%, return=[-5.565587702079211, 1462.0496494216918, -12.654868293670006, -430.99999999998056]
SPS=368
Eval at step 9520000, survival=10.138%, return=[-2.469456191523932, 480.13168558263806, -7.281844763965637, -140.27719298245754]
SPS=368
Eval at step 9560000, survival=11.442%, return=[-2.6785774220712484, 548.0144641904819, -8.958590866184977, -161.92456140350777]
SPS=368
Eval at step 9600000, survival=22.087%, return=[-4.263010906009003, 1053.0401268906583, -12.537397267610823, -307.68771929824067]
SPS=368
Eval at step 9640000, survival=20.640%, return=[-4.032724915939616, 988.5605644927033, -10.359565501532325, -287.9999999999966]
SPS=368
Eval at step 9680000, survival=30.351%, return=[-5.590583054814488, 1449.8356429224007, -11.350230969200538, -427.30526315788103]
SPS=367
Eval at step 9720000, survival=10.384%, return=[-2.5317848171747754, 496.39225730943673, -7.73048159988466, -147.41052631579146]
SPS=367
Eval at step 9760000, survival=15.553%, return=[-3.3197123802267017, 741.4272615022659, -9.702471075596318, -219.91929824561242]
SPS=367
Eval at step 9800000, survival=21.153%, return=[-4.210228195937816, 1010.0711516876211, -10.609095515680384, -300.08771929823763]
SPS=367
Eval at step 9840000, survival=12.914%, return=[-2.892706071655266, 613.6767581601139, -7.792069858157629, -178.38596491228125]
SPS=367
Eval at step 9880000, survival=22.690%, return=[-4.463871212798404, 1070.7375249109273, -10.678646304660015, -319.24912280700744]
SPS=366
Eval at step 9920000, survival=33.760%, return=[-6.091368485894054, 1602.4576570625325, -12.567858513239026, -473.48947368419795]
SPS=365
Eval at step 9960000, survival=18.793%, return=[-3.83128346989979, 892.8787706327436, -10.80076681121859, -260.91052631578793]
SPS=365
Eval at step 10000000, survival=20.491%, return=[-4.019024083105615, 983.6177906055452, -9.212075665676911, -286.3578947368395]
SPS=365
Eval at step 10040000, survival=19.833%, return=[-3.949921900994377, 946.4166760959622, -9.704535338854658, -276.14736842104793]
SPS=365
Eval at step 10080000, survival=11.674%, return=[-2.7044448401895353, 558.4198105106353, -7.433917320549699, -162.00000000000136]
SPS=365
Eval at step 10120000, survival=26.594%, return=[-4.865960807830561, 1271.7794853768366, -10.70008064974395, -366.21403508770226]
SPS=364
Eval at step 10160000, survival=21.714%, return=[-4.277743272023509, 1033.950042675972, -10.312266903126693, -299.87719298245264]
SPS=364
Eval at step 10200000, survival=8.736%, return=[-2.2506767968356143, 420.10342652511616, -7.165837282469875, -122.58947368421161]
SPS=364
Eval at step 10240000, survival=19.206%, return=[-3.834821092284983, 913.4345929689409, -8.906607723403713, -266.478947368417]
SPS=364
Eval at step 10280000, survival=24.431%, return=[-4.593659074400785, 1170.1614753837578, -13.142295009061854, -340.44385964910725]
SPS=363
Eval at step 10320000, survival=12.416%, return=[-2.862245789915323, 591.1899795384404, -7.745341672785798, -172.55087719298157]
SPS=363
Eval at step 10360000, survival=9.250%, return=[-2.3373287252907176, 442.1794140739439, -7.552722578537941, -127.07543859649272]
SPS=363
Eval at step 10400000, survival=31.446%, return=[-5.546479030966293, 1505.716559815883, -15.327103865894156, -431.687719298228]
SPS=363
Eval at step 10440000, survival=36.217%, return=[-6.3231766763085036, 1728.1609471144682, -13.748594130413256, -490.03684210524307]
SPS=362
Eval at step 10480000, survival=32.915%, return=[-5.775287792278687, 1561.9503857264533, -12.51904696742513, -451.133333333304]
SPS=361
Eval at step 10520000, survival=24.795%, return=[-4.6465493337018415, 1188.5308734121327, -12.444729117147471, -337.82105263157484]
SPS=361
Eval at step 10560000, survival=25.928%, return=[-4.889681548060617, 1234.9042882204049, -15.459965671676764, -355.49999999999307]
SPS=360
Eval at step 10600000, survival=42.484%, return=[-7.355845208751271, 2023.4372755374911, -18.135976095499245, -575.4964912280468]
SPS=359
Eval at step 10640000, survival=20.259%, return=[-3.9498663436912467, 964.1867334055908, -8.631881093500306, -273.0596491228042]
SPS=359
Eval at step 10680000, survival=39.017%, return=[-6.678938312560786, 1864.206409992695, -18.623745806485385, -528.8298245613789]
SPS=358
Eval at step 10720000, survival=37.706%, return=[-6.586467143939808, 1780.6540400018705, -14.379460677412538, -501.2736842105008]
SPS=357
Eval at step 10760000, survival=35.967%, return=[-6.37732766859699, 1707.9894549150492, -15.317274365068442, -483.37543859647366]
SPS=357
Eval at step 10800000, survival=31.930%, return=[-5.701681057875976, 1529.6220125894536, -17.61290133038674, -435.2736842105078]
SPS=356
Eval at step 10840000, survival=28.447%, return=[-5.204951691167662, 1349.6291915755253, -11.04445349670666, -374.89649122805844]
SPS=355
Eval at step 10880000, survival=39.013%, return=[-6.839939450897509, 1855.1806159467699, -14.186298420768527, -517.229824561387]
SPS=355
Eval at step 10920000, survival=23.467%, return=[-4.5053203241259325, 1117.2477083950043, -10.165327385005366, -316.1070175438539]
SPS=354
Eval at step 10960000, survival=37.613%, return=[-6.589875374699477, 1785.4414929876334, -15.847983327322618, -502.5684210526109]
SPS=353
Eval at step 11000000, survival=33.694%, return=[-5.944859422539594, 1604.2091493997586, -14.239608571960343, -443.3596491227878]
SPS=353
Eval at step 11040000, survival=27.408%, return=[-5.083148049231386, 1299.603757189272, -11.80517750578888, -367.80701754384495]
SPS=352
Eval at step 11080000, survival=39.695%, return=[-6.890356840897584, 1888.1031217966058, -13.245914521340818, -519.7087719298066]
SPS=352
Eval at step 11120000, survival=27.599%, return=[-5.154002797161229, 1309.6288634395596, -9.798406699569398, -358.7947368420962]
SPS=351
Eval at step 11160000, survival=27.666%, return=[-5.091084875329398, 1320.675550445557, -14.893832702095006, -359.0771929824475]
SPS=351
Eval at step 11200000, survival=27.707%, return=[-5.117712015181314, 1319.9724717869753, -9.956743555604225, -351.81929824560615]
SPS=350
Eval at step 11240000, survival=27.600%, return=[-5.084329641924706, 1310.1016607632644, -11.120298869767884, -347.47719298244965]
SPS=350
Eval at step 11280000, survival=38.504%, return=[-6.848235907952767, 1824.770024921418, -16.3289576326546, -494.8859649122699]
SPS=349
Eval at step 11320000, survival=23.274%, return=[-4.460413496021647, 1108.6103209981916, -10.233844540061728, -296.2543859649097]
SPS=349
Eval at step 11360000, survival=28.480%, return=[-5.227761476137675, 1350.6567053327574, -10.179386755189261, -361.2859649122694]
SPS=348
Eval at step 11400000, survival=40.301%, return=[-7.140740416944027, 1900.5585106930732, -14.687353798021814, -505.7508771929668]
SPS=348
Eval at step 11440000, survival=29.354%, return=[-5.483449809876038, 1393.7329523248661, -12.713088150286172, -377.3105263157792]
SPS=347
Eval at step 11480000, survival=37.474%, return=[-6.550311855407199, 1777.637292933467, -12.745562995029104, -473.75964912278835]
SPS=347
Eval at step 11520000, survival=20.740%, return=[-4.1334875658212695, 991.8185475320818, -12.7782123799283, -265.07719298245314]
SPS=346
Eval at step 11560000, survival=27.099%, return=[-5.005208894843236, 1288.4819490928642, -10.536331645653808, -338.8403508771837]
SPS=346
Eval at step 11600000, survival=31.314%, return=[-5.725051081809215, 1483.8263250250807, -13.150398086959012, -385.6298245613989]
SPS=345
Eval at step 11640000, survival=14.356%, return=[-3.1391981274762655, 681.1722687578201, -7.564297201605223, -180.1947368421043]
SPS=345
Eval at step 11680000, survival=35.952%, return=[-6.387314862303901, 1705.7659839496603, -14.354548001786316, -447.6877192982327]
SPS=345
Eval at step 11720000, survival=40.182%, return=[-6.9616467140498575, 1907.0145262651415, -16.253972608158527, -502.1631578947213]
SPS=344
Eval at step 11760000, survival=54.523%, return=[-9.18845189018757, 2585.934969390866, -16.50295393502056, -681.0052631578704]
SPS=343
Eval at step 11800000, survival=44.224%, return=[-7.631663031654898, 2102.856261593821, -17.28698608959953, -556.3736842105052]
SPS=342
Eval at step 11840000, survival=36.388%, return=[-6.36217787618516, 1723.9834957046507, -11.613838816492807, -452.61578947366917]
SPS=342
Eval at step 11880000, survival=44.591%, return=[-7.700427893694723, 2120.5592744379037, -16.702616129259944, -558.4789473684007]
SPS=341
Eval at step 11920000, survival=39.328%, return=[-7.048258329479722, 1878.6643830394737, -12.934185116427035, -488.76491228068545]
SPS=340
Eval at step 11960000, survival=30.179%, return=[-5.602805958630052, 1434.4720637207033, -14.66229445903773, -377.2649122806939]
SPS=340
Eval at step 12000000, survival=22.841%, return=[-4.448373753926717, 1085.3761435079573, -10.210215447466293, -279.8543859649068]
SPS=340
Eval at step 12040000, survival=49.266%, return=[-8.434449453069828, 2333.3805435924514, -13.739780720755698, -600.3192982455948]
SPS=339
Eval at step 12080000, survival=41.637%, return=[-7.196870749612572, 1985.0586724343302, -17.228523581511855, -519.4070175438416]
SPS=338
Eval at step 12120000, survival=24.814%, return=[-4.681827345705824, 1172.2528196811704, -10.106891208564775, -304.9929824561319]
SPS=338
Eval at step 12160000, survival=52.349%, return=[-8.828766502672806, 2471.4896657810223, -13.235366313384088, -640.8456140350686]
SPS=337
Eval at step 12200000, survival=18.591%, return=[-3.6809916799073106, 883.6718731651321, -9.95999495970209, -230.74736842104548]
SPS=337
Eval at step 12240000, survival=43.914%, return=[-7.508189860451966, 2089.551940702438, -12.562323239059424, -547.5578947368233]
SPS=336
Eval at step 12280000, survival=34.844%, return=[-6.254304835869698, 1645.3818255610481, -10.82516944676795, -425.9929824561321]
SPS=335
Eval at step 12320000, survival=20.802%, return=[-4.104262067208765, 984.395354672433, -8.707372198156667, -258.1438596491195]
SPS=335
Eval at step 12360000, survival=51.756%, return=[-8.71572714582435, 2454.9697395305607, -16.9999207571851, -647.1982456140138]
SPS=334
Eval at step 12400000, survival=44.756%, return=[-7.735360049211886, 2128.6786148204783, -14.296828295672043, -558.0438596491041]
SPS=334
Eval at step 12440000, survival=23.571%, return=[-4.45342911874759, 1125.4347067031886, -8.685572970845532, -291.41929824560947]
SPS=333
Eval at step 12480000, survival=60.940%, return=[-10.075309513718821, 2893.021620902068, -16.951257003774664, -748.3298245613744]
SPS=332
Eval at step 12520000, survival=31.152%, return=[-5.550823758583283, 1476.1656052713392, -13.346376474847016, -380.0789473684115]
SPS=332
Eval at step 12560000, survival=49.005%, return=[-8.31913253645762, 2325.3059071078296, -17.66408761531518, -596.0754385964686]
SPS=331
Eval at step 12600000, survival=45.503%, return=[-7.83076027072384, 2149.8575819435137, -11.900918151152291, -544.8631578947209]
SPS=330
Eval at step 12640000, survival=36.251%, return=[-6.3866093639924655, 1725.1902147645956, -12.611754398413836, -433.8192982456041]
SPS=330
Eval at step 12680000, survival=39.830%, return=[-6.830156728206203, 1878.861211633206, -12.114421202979429, -470.75438596490267]
SPS=329
Eval at step 12720000, survival=48.966%, return=[-8.221207877836424, 2317.5887720856654, -13.100859599195655, -581.417543859632]
SPS=328
Eval at step 12760000, survival=27.015%, return=[-4.987857707054355, 1281.5186260042196, -11.474775133120783, -321.3596491228032]
SPS=328
Eval at step 12800000, survival=23.931%, return=[-4.553189111652318, 1134.8926219301222, -9.689904993043092, -284.7859649122769]
SPS=328
Eval at step 12840000, survival=40.895%, return=[-6.959535657282686, 1939.0012532472642, -13.957009969302316, -485.86491228069025]
SPS=327
Eval at step 12880000, survival=42.418%, return=[-7.148895249015186, 2018.4086992182724, -13.991395349652521, -509.2947368420907]
SPS=327
Eval at step 12920000, survival=59.239%, return=[-9.643550190824318, 2805.6652425689713, -15.971044072159941, -709.4456140350633]
SPS=326
Eval at step 12960000, survival=40.459%, return=[-6.843852492334554, 1916.8304232440037, -14.807095082348496, -484.22105263156425]
SPS=325
Eval at step 13000000, survival=59.075%, return=[-9.518956882745261, 2797.1071008782374, -17.085196751460124, -707.6245614034883]
SPS=324
Eval at step 13040000, survival=48.513%, return=[-7.898188701533945, 2299.665374932288, -12.487154452435515, -581.9140350877036]
SPS=324
Eval at step 13080000, survival=29.423%, return=[-5.289318413456203, 1400.2954358577726, -11.41059392356783, -358.1052631578861]
SPS=323
Eval at step 13120000, survival=43.692%, return=[-7.528045305411797, 2077.1681793961516, -12.080659717644812, -530.3894736841941]
SPS=323
Eval at step 13160000, survival=40.082%, return=[-6.893374173040502, 1898.2219874601342, -11.274291951931627, -478.1964912280573]
SPS=322
Eval at step 13200000, survival=47.450%, return=[-7.9777965359506195, 2241.4122216959, -12.462155162669841, -562.2736842105096]
SPS=321
Eval at step 13240000, survival=43.898%, return=[-7.339764529507375, 2082.3696555957786, -10.874629261930385, -523.5526315789333]
SPS=321
Eval at step 13280000, survival=26.850%, return=[-4.988765162258642, 1270.4310917410855, -9.461454878513631, -320.67192982455407]
SPS=321
Eval at step 13320000, survival=50.091%, return=[-8.416849612648367, 2379.389111962318, -13.641277754124577, -606.2543859648931]
SPS=320
Eval at step 13360000, survival=42.150%, return=[-7.313636567327194, 1999.3829399695392, -12.49671997250889, -506.0438596491081]
SPS=319
Eval at step 13400000, survival=48.559%, return=[-8.118345097452401, 2292.4671425876613, -12.016789475608856, -579.6105263157727]
SPS=319
Eval at step 13440000, survival=27.154%, return=[-4.91537457043305, 1287.2267542572004, -8.13928770149305, -325.3140350877135]
SPS=319
Eval at step 13480000, survival=55.179%, return=[-9.118878853454953, 2615.7584170956643, -14.431255660599458, -658.1964912280528]
SPS=318
Eval at step 13520000, survival=29.726%, return=[-5.300536004448077, 1403.8908340034486, -8.450240340141317, -352.1859649122731]
SPS=318
Eval at step 13560000, survival=22.804%, return=[-4.419390079652658, 1086.2627864208218, -9.401137306970304, -273.55614035087297]
SPS=317
Eval at step 13600000, survival=32.455%, return=[-5.800981104682433, 1535.7618919024458, -9.1808803901803, -385.5701754385891]
SPS=317
Eval at step 13640000, survival=41.122%, return=[-7.09512550199288, 1949.094766516687, -9.904715420665344, -488.96842105261646]
SPS=317
Eval at step 13680000, survival=57.241%, return=[-9.419387292733882, 2717.3055916776693, -15.416389243822772, -678.2192982455927]
SPS=316
Eval at step 13720000, survival=26.105%, return=[-4.841585536324419, 1237.612139544487, -7.893510997055489, -307.97192982455823]
SPS=316
Eval at step 13760000, survival=52.324%, return=[-8.600142465578392, 2488.8885686636004, -13.482418360648989, -622.729824561384]
SPS=315
Eval at step 13800000, survival=44.758%, return=[-7.565711937443121, 2114.720792325497, -12.345668952784445, -528.0438596491115]
SPS=314
Eval at step 13840000, survival=29.063%, return=[-5.347718724171864, 1371.3267157654768, -9.802083816370214, -340.3964912280619]
SPS=314
Eval at step 13880000, survival=28.227%, return=[-5.0812638012168465, 1328.3371163034465, -8.392475582730958, -328.3385964912205]
SPS=314
Eval at step 13920000, survival=43.539%, return=[-7.5019766125245955, 2054.796894740107, -13.047905110625276, -510.2807017543716]
SPS=313
Eval at step 13960000, survival=38.986%, return=[-6.741699217283167, 1846.696301430226, -10.566613143132964, -457.7491228070081]
SPS=313
Eval at step 14000000, survival=40.634%, return=[-7.099834012659267, 1913.0056407971365, -10.976042387877168, -474.064912280691]
SPS=313
Eval at step 14040000, survival=35.563%, return=[-6.196787443634821, 1692.801038425446, -14.200255239090984, -423.928070175431]
SPS=312
Eval at step 14080000, survival=39.706%, return=[-6.84600834751036, 1878.184208886146, -10.325342897070437, -466.47719298244544]
SPS=312
Eval at step 14120000, survival=57.619%, return=[-9.31940489229164, 2724.104697840692, -17.309468658614993, -677.528070175418]
SPS=311
Eval at step 14160000, survival=37.447%, return=[-6.5366032207384706, 1783.6349614419953, -10.47329924941987, -446.1666666666573]
SPS=311
Eval at step 14200000, survival=60.866%, return=[-9.981587415176909, 2886.1700945405983, -13.1957471273789, -717.6087719298023]
SPS=310
Eval at step 14240000, survival=56.075%, return=[-9.154894218879054, 2665.143580115324, -12.618059551319835, -667.7175438596266]
SPS=309
Eval at step 14280000, survival=46.364%, return=[-7.692137936089421, 2202.853165771486, -14.258310088289317, -556.1964912280525]
SPS=309
Eval at step 14320000, survival=55.940%, return=[-9.007698777975747, 2641.0989444489446, -13.093982584366312, -655.6947368420817]
SPS=308
Eval at step 14360000, survival=53.238%, return=[-8.783844338788185, 2511.2038941340425, -12.395900210745413, -623.7385964912088]
SPS=307
Eval at step 14400000, survival=43.380%, return=[-7.346325109590543, 2049.6989741210905, -12.326186956384026, -512.7982456140202]
SPS=307
Eval at step 14440000, survival=48.305%, return=[-8.031551223213318, 2279.8711305685065, -10.535838015085393, -568.2017543859478]
SPS=306
Eval at step 14480000, survival=58.475%, return=[-9.406248271267396, 2746.598929623131, -9.888287691657752, -690.3578947368184]
SPS=306
Eval at step 14520000, survival=57.176%, return=[-9.546869245689596, 2710.7763301868463, -12.621526360612643, -684.9175438596242]
SPS=305
Eval at step 14560000, survival=45.928%, return=[-7.798047768772813, 2168.7277080645563, -12.138607409622455, -545.1368421052491]
SPS=304
Eval at step 14600000, survival=48.503%, return=[-8.175615465379087, 2286.1124639377617, -11.959958351337264, -573.8245614034906]
SPS=304
Eval at step 14640000, survival=35.637%, return=[-6.37303069208865, 1684.0679260439897, -10.614414254945313, -424.2842105263051]
SPS=304
Eval at step 14680000, survival=57.772%, return=[-9.622641226201086, 2726.420537326808, -14.178320752381614, -686.1543859648912]
SPS=303
Eval at step 14720000, survival=38.911%, return=[-6.771137775154784, 1846.5996646409033, -13.818242355301503, -469.1982456140211]
SPS=303
Eval at step 14760000, survival=71.854%, return=[-11.469311457010917, 3405.7371813979125, -13.839955473146597, -861.163157894706]
SPS=302
Eval at step 14800000, survival=83.234%, return=[-13.251792174694128, 3933.6822784819574, -17.723868940095098, -997.7491228069797]
SPS=301
Eval at step 14840000, survival=57.605%, return=[-9.639950872020563, 2719.5385798559155, -14.140974405808766, -688.7614035087493]
SPS=300
Eval at step 14880000, survival=31.771%, return=[-5.706776508013718, 1503.4100332460416, -9.671124527826397, -380.25964912279807]
SPS=300
Eval at step 14920000, survival=40.787%, return=[-7.011861459095963, 1924.542375257492, -11.812118817479313, -488.0035087719145]
SPS=299
Eval at step 14960000, survival=51.266%, return=[-8.598904097126796, 2417.869245118615, -12.606613485098427, -610.6842105262967]
SPS=299
Eval at step 15000000, survival=55.365%, return=[-9.205027361348039, 2613.3952499279976, -10.601518126794144, -657.5771929824367]
SPS=298
[1;34mwandb[0m: 
[1;34mwandb[0m: 🚀 View run [33mMAPPO_bus14_T_0_0__I__1779592809_45825[0m at: [34mhttps://wandb.ai/corentin-plumet-epfl/Grid2Op/runs/MAPPO_bus14_T_0_0__I__1779592809_45825[0m
[1;34mwandb[0m: Find logs at: [1;35mwandb/wandb/run-20260524_052115-MAPPO_bus14_T_0_0__I__1779592809_45825/logs[0m
Job 54654014 finished at dim 24 mai 2026 19:17:31 CEST
