Job 54653975 started on jst056 at dim 24 mai 2026 04:42:37 CEST
Training configuration:
  conda env       : marl2grid
  algorithm       : MAPPO
  env             : bus14
  seed            : 0
  total timesteps : 25000000
  n envs          : 20
  torch threads   : 20
  wandb mode      : online
Running: python -u main.py --alg MAPPO --env-id bus14 --action-type topology --seed 0 --total-timesteps 25000000 --n-envs 20 --n-threads 20 --cuda False --checkpoint True --wandb-project Grid2Op --wandb-entity corentin-plumet-epfl --wandb-mode online --time-limit 1300  --total-timesteps 15000000 --eval-freq 40000 --actor-layers 256 256 256 --critic-layers 256 256 256 --actor-lr 0.0001 --critic-lr 0.0001 --gamma 0.9 --gae-lambda 0.95 --update-epochs 10 --max-grad-norm 1.0 --clip-coef 0.2 --vf-coef 0.5 --norm-reward True --n-steps 1000 --n-minibatches 10 --entropy-coef 0.01 --target-kl 0.02 --init-do-nothing-prob 0.5 --exp-tag b0_short_rollout
Eval at step 40000, survival=7.008%, return=[-1.7198478779639117, 339.94749894618985, -5.203293271813891, -13.92280701754386]
SPS=126
Eval at step 80000, survival=50.419%, return=[-7.656000819557812, 2227.165855988539, -1494.5176478735907, -241.4789473684235]
SPS=124
Eval at step 120000, survival=19.640%, return=[-3.151903541723732, 918.9042451190938, -5.009111287123233, -1.0]
SPS=133
Eval at step 160000, survival=24.046%, return=[-3.6835670026077425, 1120.952952542304, -5.010000263255097, -1.0]
SPS=139
Eval at step 200000, survival=10.160%, return=[-2.0850849900220054, 490.9898265428545, -5.760714260779787, -9.066666666666704]
SPS=147
Eval at step 240000, survival=9.968%, return=[-2.0698577900067905, 480.23160639476754, -5.416757396140747, -8.55789473684209]
SPS=155
Eval at step 280000, survival=16.438%, return=[-2.819328415900236, 767.181741805077, -5.012019313488008, -1.0]
SPS=162
Eval at step 320000, survival=10.030%, return=[-2.0602857044141274, 471.9977261543273, -5.009795589809073, -1.0]
SPS=169
Eval at step 360000, survival=16.528%, return=[-2.804023736441741, 773.6809303665166, -5.012868762424477, -1.0]
SPS=173
Eval at step 400000, survival=16.567%, return=[-2.8625817464257124, 770.0180552196508, -5.008732100260022, -1.0]
SPS=179
Eval at step 440000, survival=21.802%, return=[-3.4439135940105188, 1014.0576428937911, -5.010142196080414, -1.0]
SPS=183
Eval at step 480000, survival=19.022%, return=[-3.082733557978645, 891.6100397968291, -5.011117544642866, -1.0]
SPS=187
Eval at step 520000, survival=27.630%, return=[-4.165131804189878, 1277.7932142162315, -5.010819899100352, -1.0]
SPS=191
Eval at step 560000, survival=18.963%, return=[-3.0863903088436926, 886.3620978546139, -5.011356274165155, -1.0]
SPS=196
Eval at step 600000, survival=16.058%, return=[-2.7744421781913844, 750.2804771804812, -5.013847617336433, -1.0]
SPS=201
Eval at step 640000, survival=30.523%, return=[-4.4637273409345655, 1416.1921111631386, -5.009832467476372, -1.0]
SPS=204
Eval at step 680000, survival=22.614%, return=[-3.4484598148905206, 1050.142148194313, -4.5085081827088285, -9.984210526315994]
SPS=208
Eval at step 720000, survival=29.313%, return=[-4.269584739516722, 1362.232115303516, -12.669819458368874, -23.156140350877717]
SPS=211
Eval at step 760000, survival=23.509%, return=[-3.6162061176786664, 1095.0176351642608, -7.532008921705392, -8.81403508771941]
SPS=215
Eval at step 800000, survival=21.128%, return=[-3.36227791311685, 983.6914802904136, -5.15311161898826, -2.6859649122806974]
SPS=218
Eval at step 840000, survival=26.910%, return=[-3.9925616991706194, 1246.6366449141478, -77.59708360239037, -8.471929824561462]
SPS=221
Eval at step 880000, survival=20.530%, return=[-3.349613910529297, 947.4109267778397, -10.888246879216968, -2.826315789473673]
SPS=224
Eval at step 920000, survival=21.007%, return=[-3.3313999818463342, 968.1951794018778, -121.80545691797451, -18.315789473684546]
SPS=227
Eval at step 960000, survival=21.186%, return=[-3.348818244197173, 984.4417472600984, -66.03398711135378, -6.908771929824678]
SPS=230
Eval at step 1000000, survival=21.896%, return=[-3.4748165152908768, 992.1424863600745, -233.38628565330873, -27.103508771930354]
SPS=233
Eval at step 1040000, survival=20.320%, return=[-3.2858166788937524, 941.9768508229257, -10.589696449198527, -8.352631578947525]
SPS=236
Eval at step 1080000, survival=30.089%, return=[-4.4022578099742535, 1374.8008915877344, -233.89935114740146, -23.573684210526796]
SPS=237
Eval at step 1120000, survival=14.661%, return=[-2.614852921757847, 684.6363453578955, -5.134106503878138, -1.9122807017543857]
SPS=240
Eval at step 1160000, survival=18.027%, return=[-3.029640977497911, 835.2910327277189, -12.088722545211203, -2.982456140350875]
SPS=243
Eval at step 1200000, survival=16.204%, return=[-2.936903556960169, 748.3485055704103, -49.31043377225042, -35.13157894736919]
SPS=246
Eval at step 1240000, survival=17.006%, return=[-2.9148289418488273, 787.0363316254626, -11.967461337687563, -9.185964912280872]
SPS=248
Eval at step 1280000, survival=44.953%, return=[-5.636260116717312, 2084.46959768295, -4.072773162634985, -94.847368421055]
SPS=247
Eval at step 1320000, survival=60.216%, return=[-7.196142672881251, 2772.92444081783, -3.506194805391715, -161.06315789474087]
SPS=245
Eval at step 1360000, survival=61.555%, return=[-8.635523811867461, 2837.7694717073487, -4.0093062452157024, -208.4403508771981]
SPS=243
Eval at step 1400000, survival=65.549%, return=[-7.602012270537671, 3030.1862614202482, -3.5077115234133087, -179.92631578947817]
SPS=241
Eval at step 1440000, survival=68.770%, return=[-9.047001391311642, 3282.4749682521833, -3.506724492891226, -268.3614035087452]
SPS=238
Eval at step 1480000, survival=53.555%, return=[-6.780247426003916, 2522.2747294950486, -4.006927042646566, -169.26666666665983]
SPS=237
Eval at step 1520000, survival=74.676%, return=[-9.109845955250785, 3438.928799500466, -3.511005161202047, -216.2070175438652]
SPS=235
Eval at step 1560000, survival=33.173%, return=[-5.010594162414781, 1567.8263604402578, -4.561171831084721, -121.69473684209761]
SPS=236
Eval at step 1600000, survival=63.048%, return=[-7.919337393285241, 2935.978416047099, -3.543628992554295, -198.40877192982288]
SPS=234
Eval at step 1640000, survival=59.415%, return=[-12.233657282212516, 2798.7848631668094, -4.012341734948132, -346.6789473684176]
SPS=233
Eval at step 1680000, survival=76.291%, return=[-10.206254367949441, 3691.267488479618, -3.5045873759707318, -312.26315789470243]
SPS=230
Eval at step 1720000, survival=43.265%, return=[-6.471019824291579, 2020.33550213337, -4.824393067046185, -160.63508771928932]
SPS=230
Eval at step 1760000, survival=31.762%, return=[-5.558779754745774, 1551.4781998682013, -6.757734808819078, -191.48245614035505]
SPS=231
Eval at step 1800000, survival=41.786%, return=[-7.791796382254688, 1991.8124155178054, -19.49312185268018, -265.2403508771956]
SPS=231
Eval at step 1840000, survival=24.984%, return=[-5.5697058680874765, 1165.2593159961693, -16.437251239251054, -158.4192982456106]
SPS=231
Eval at step 1880000, survival=0.899%, return=[-1.083801251515979, 41.82919744968413, -5.0, -2.752631578947366]
SPS=233
Eval at step 1920000, survival=38.526%, return=[-6.00914831602131, 1809.6519557952888, -5.6461024883799835, -251.7526315789195]
SPS=233
Eval at step 1960000, survival=70.875%, return=[-10.092298864654731, 3358.9325902175915, -3.4146983407990774, -404.93684210521303]
SPS=232
Eval at step 2000000, survival=51.927%, return=[-8.286253273260082, 2457.5521517324414, -4.009992281631275, -304.43157894734924]
SPS=231
Eval at step 2040000, survival=72.401%, return=[-10.146914742834634, 3478.4047930431357, -2.0245076184000936, -368.5210526315321]
SPS=229
Eval at step 2080000, survival=58.113%, return=[-9.301532310020411, 2779.7492754459413, -4.421550200696629, -359.95263157890815]
SPS=228
Eval at step 2120000, survival=37.645%, return=[-6.751492427871563, 1782.0627394557043, -5.509407769427344, -226.20526315787515]
SPS=229
Eval at step 2160000, survival=48.326%, return=[-8.269517352292315, 2303.3271000897876, -8.017491820717987, -332.81403508769483]
SPS=228
Eval at step 2200000, survival=50.179%, return=[-8.658943634934257, 2378.8241575145767, -3.0137475770912716, -304.5315789473385]
SPS=228
Eval at step 2240000, survival=37.336%, return=[-5.548298967437586, 1784.9371774325518, -157.43496341809077, -275.29473684207886]
SPS=228
Eval at step 2280000, survival=94.214%, return=[-13.013558936823392, 4502.9259838190255, -274.4645424092752, -772.1157894736004]
SPS=226
Eval at step 2320000, survival=79.144%, return=[-11.48948768718401, 3863.958470011713, -2.641278568706548, -716.9122807017322]
SPS=224
Eval at step 2360000, survival=64.322%, return=[-8.65366088298615, 3138.5632862377324, -187.84556629681435, -455.0929824561079]
SPS=223
Eval at step 2400000, survival=59.650%, return=[-8.67906958030071, 2895.51100163318, -145.19161314771844, -500.2947368420772]
SPS=223
Eval at step 2440000, survival=55.238%, return=[-8.08532952418318, 2664.2631444234885, -3.1602856475939918, -457.03508771924214]
SPS=222
Eval at step 2480000, survival=87.350%, return=[-11.87756275171414, 4163.180826354029, -1.6259438380817302, -741.3333333332444]
SPS=221
Eval at step 2520000, survival=35.928%, return=[-5.352789806056535, 1724.0554954767322, -157.0203432765433, -311.5175438596281]
SPS=221
Eval at step 2560000, survival=8.326%, return=[-2.0584058481850662, 411.59204991912895, -5.2760577890614515, -73.16666666666057]
SPS=223
Eval at step 2600000, survival=7.016%, return=[-1.9559437182673718, 339.9248453378676, -5.005669270921499, -59.69298245613785]
SPS=225
Eval at step 2640000, survival=58.049%, return=[-8.20396625744761, 2825.4476930885317, -4.838466714751848, -452.4122807017017]
SPS=224
Eval at step 2680000, survival=80.375%, return=[-10.893818685173756, 3903.68335225582, -1.5677599815506256, -625.7122807016633]
SPS=223
Eval at step 2720000, survival=93.968%, return=[-13.273253071762156, 4518.98789069652, -1.698946910322593, -727.077192982349]
SPS=221
Eval at step 2760000, survival=65.878%, return=[-9.612694477883633, 3168.731438266751, -2.8420484840800784, -503.96140350870445]
SPS=220
Eval at step 2800000, survival=78.235%, return=[-10.551145673252176, 3790.901888761521, -1.5613893485802692, -587.312280701666]
SPS=219
Eval at step 2840000, survival=46.102%, return=[-7.033640498120803, 2222.0375553007134, -3.8219371625047645, -349.12631578942535]
SPS=219
Eval at step 2880000, survival=0.012%, return=[-1.0, -1.0, -5.0, -1.0]
SPS=221
Eval at step 2920000, survival=0.012%, return=[-1.0, -1.0, -5.0, -1.0]
SPS=222
Eval at step 2960000, survival=0.012%, return=[-1.0, -1.0, -5.0, -1.0]
SPS=224
Eval at step 3000000, survival=0.012%, return=[-1.0, -1.0, -5.0, -1.0]
SPS=226
Eval at step 3040000, survival=0.048%, return=[-1.021625655819662, -0.0348378539085389, -8.594511453807353, -1.4280701754385963]
SPS=228
Eval at step 3080000, survival=0.057%, return=[-1.0249047599500045, 0.11073228126764292, -9.881132265389898, -1.5333333333333332]
SPS=230
Eval at step 3120000, survival=14.364%, return=[-2.931173293717438, 618.1311890874388, -900.8364205299598, -165.5368421052514]
SPS=231
Eval at step 3160000, survival=73.997%, return=[-10.632799805380637, 3288.43544661483, -2985.5727963447266, -736.3736842105374]
SPS=230
Eval at step 3200000, survival=72.316%, return=[-10.53527142033563, 3202.7330801813305, -2919.2132571685956, -730.507017543859]
SPS=228
Eval at step 3240000, survival=63.509%, return=[-9.488692501734477, 2826.429353215773, -2558.2811028346814, -646.3701754386045]
SPS=228
Eval at step 3280000, survival=15.733%, return=[-2.998839580611093, 712.807225749013, -640.6592605933547, -158.91052631579004]
SPS=229
Eval at step 3320000, survival=0.575%, return=[-1.0929048246645834, 24.14069888019562, -20.239102809876204, -6.510526315789472]
SPS=230
Eval at step 3360000, survival=0.464%, return=[-1.0781691313546617, 19.728838990688327, -15.895966769382358, -5.3982456140350825]
SPS=232
Eval at step 3400000, survival=0.172%, return=[-1.0521763934521005, 5.11449489212036, -12.241186491493135, -2.771929824561403]
SPS=233
Eval at step 3440000, survival=0.211%, return=[-1.0685213719378226, 6.643337981700897, -16.0740248700371, -3.4140350877192978]
SPS=235
Eval at step 3480000, survival=0.499%, return=[-1.138555278640706, 17.744530271530145, -27.30000238106586, -6.349122807017548]
SPS=236
Eval at step 3520000, survival=2.180%, return=[-1.529726301302435, 92.73885627484319, -105.94752453775436, -27.7859649122807]
SPS=238
Eval at step 3560000, survival=22.034%, return=[-4.266193882666994, 1069.7510675272958, -5.404540114577685, -198.44736842103248]
SPS=239
Eval at step 3600000, survival=22.352%, return=[-3.9577090673847124, 1089.184382410526, -12.475830199668417, -194.63157894735073]
SPS=239
Eval at step 3640000, survival=0.079%, return=[-1.0173521601827815, 1.990465193748474, -6.067599831335246, -1.6438596491228068]
SPS=241
Eval at step 3680000, survival=31.874%, return=[-5.9293375640001615, 1542.265288925409, -6.618659420066979, -289.36315789471803]
SPS=241
Eval at step 3720000, survival=99.129%, return=[-14.80423458048026, 4784.670036137102, -1.3662402525718789, -864.8929824560553]
SPS=239
Eval at step 3760000, survival=31.226%, return=[-5.690795698435977, 1505.5005710983235, -4.950026372467983, -284.70877192980004]
SPS=239
Eval at step 3800000, survival=40.053%, return=[-6.1640205234813035, 1935.7931657362005, -4.547431357695314, -332.30701754382295]
SPS=239
Eval at step 3840000, survival=50.022%, return=[-7.635518124065129, 2414.847317664623, -3.3237344480119644, -425.1070175438147]
SPS=239
Eval at step 3880000, survival=76.032%, return=[-10.908783386135473, 3662.7450586509685, -3.5945262930588795, -649.1894736841408]
SPS=238
Eval at step 3920000, survival=50.160%, return=[-8.122994764399483, 2404.161530434611, -5.966257811785181, -425.4298245613526]
SPS=237
Eval at step 3960000, survival=80.012%, return=[-12.209847493516282, 3837.0830458784085, -2.518841082273866, -680.568421052552]
SPS=236
Eval at step 4000000, survival=55.694%, return=[-9.071627188153798, 2680.4405686045898, -5.122911071415001, -488.51754385960265]
SPS=236
Eval at step 4040000, survival=84.158%, return=[-11.521141990326578, 4088.0022832393684, -1.616752298033316, -691.3543859648332]
SPS=234
Eval at step 4080000, survival=90.117%, return=[-13.069255613331915, 4350.850561995026, -2.8157103314473715, -767.1245614034295]
SPS=233
Eval at step 4120000, survival=88.821%, return=[-13.202966037683655, 4287.280504710674, -5.649740419620139, -765.5035087718542]
SPS=231
Eval at step 4160000, survival=76.142%, return=[-11.376733802759555, 3679.6578522872906, -2.138126300659496, -653.8877192981869]
SPS=230
Eval at step 4200000, survival=83.123%, return=[-13.649216119386256, 4019.338778347969, -2.384302062138886, -729.0894736841431]
SPS=229
Eval at step 4240000, survival=83.817%, return=[-13.896346930519211, 4063.511817829132, -3.03142973536942, -735.5122807016909]
SPS=228
Eval at step 4280000, survival=79.015%, return=[-12.927045221318258, 3828.9345598983805, -2.7982357328452054, -682.8438596490572]
SPS=227
Eval at step 4320000, survival=96.000%, return=[-15.213445579609834, 4646.69531354904, -1.0200145175140278, -834.229824561328]
SPS=225
Eval at step 4360000, survival=100.000%, return=[-15.138342929806095, 4879.3117702055015, -2.5921851982221598, -933.2385964911622]
SPS=224
Eval at step 4400000, survival=75.362%, return=[-12.137600039143582, 3657.302470024584, -3.8188940607506083, -706.578947368372]
SPS=223
Eval at step 4440000, survival=77.437%, return=[-12.41824904792593, 3748.646751675608, -5.1170391862935505, -694.1122807016884]
SPS=221
Eval at step 4480000, survival=80.658%, return=[-13.920448566204868, 3896.59061652374, -3.6307866761973857, -758.682456140289]
SPS=220
Eval at step 4520000, survival=82.545%, return=[-12.54961937017506, 4012.1352462120035, -3.6625193649136234, -745.9438596490361]
SPS=219
Eval at step 4560000, survival=86.290%, return=[-14.04021035944461, 4203.227677736284, -1.5410454807453788, -828.0087719297966]
SPS=218
Eval at step 4600000, survival=71.602%, return=[-12.049776812415804, 3475.3669690008164, -3.7339054629897874, -643.6894736841456]
SPS=218
Eval at step 4640000, survival=92.650%, return=[-14.790204603224993, 4504.256671027656, -2.330081238936009, -829.2754385964129]
SPS=217
Eval at step 4680000, survival=64.861%, return=[-11.354680683580227, 3148.4650140781405, -3.8334147493282216, -600.1526315789126]
SPS=216
Eval at step 4720000, survival=79.081%, return=[-12.836347750091226, 3851.8676723341937, -2.08473743812865, -726.9789473683802]
SPS=215
Eval at step 4760000, survival=91.358%, return=[-14.227895723131951, 4438.667375112531, -1.8671765050561588, -835.0333333332549]
SPS=214
Eval at step 4800000, survival=66.250%, return=[-10.706345183419762, 3222.2558786406516, -4.445800906464683, -593.0929824560972]
SPS=214
Eval at step 4840000, survival=71.013%, return=[-11.652746113465401, 3456.9731574883454, -4.74992470197094, -635.4052631578521]
SPS=214
Eval at step 4880000, survival=93.788%, return=[-15.107121066260152, 4531.780226998335, -4.4816906558515255, -850.5754385964212]
SPS=213
Eval at step 4920000, survival=87.117%, return=[-13.624226165842265, 4239.107683864592, -4.037790428904555, -796.6877192981832]
SPS=212
Eval at step 4960000, survival=82.603%, return=[-12.930795420549112, 4008.1055127725645, -2.7724364346919175, -744.426315789412]
SPS=211
Eval at step 5000000, survival=78.289%, return=[-12.977128819422797, 3809.2781127104718, -3.0214158502136343, -725.2508771929473]
SPS=210
Eval at step 5040000, survival=83.007%, return=[-12.974743349547499, 4075.783984937666, -3.008855534436043, -804.2403508771732]
SPS=210
Eval at step 5080000, survival=80.693%, return=[-12.965274666884216, 3984.206997332572, -6.5543619115675025, -799.7912280701788]
SPS=209
Eval at step 5120000, survival=77.852%, return=[-12.695918760832864, 3873.467950837614, -3.3699343324005895, -803.8526315789568]
SPS=209
Eval at step 5160000, survival=64.492%, return=[-10.876822879980319, 3197.694428915981, -3.894126944890979, -656.5350877193018]
SPS=208
Eval at step 5200000, survival=68.729%, return=[-11.948249098303496, 3376.713031091691, -4.535404499747164, -686.1561403508692]
SPS=208
Eval at step 5240000, survival=53.402%, return=[-8.917783047445118, 2631.2753168010713, -3.924591905104171, -526.9263157894616]
SPS=208
Eval at step 5280000, survival=54.960%, return=[-9.747506071877433, 2698.796594204903, -4.130441440721006, -535.070175438593]
SPS=208
Eval at step 5320000, survival=83.873%, return=[-14.13145501271938, 4133.563187994963, -3.143765562019735, -866.171929824576]
SPS=207
Eval at step 5360000, survival=63.478%, return=[-10.535467824630905, 3127.727127518653, -3.0518895478657213, -626.6964912280826]
SPS=207
Eval at step 5400000, survival=95.212%, return=[-15.52113836563658, 4675.869011065961, -1.471633135754746, -957.4877192982709]
SPS=206
Eval at step 5440000, survival=75.357%, return=[-11.94967302722507, 3692.924037365915, -2.774025060905842, -724.7263157894545]
SPS=206
Eval at step 5480000, survival=63.233%, return=[-10.00194082163507, 3099.155105919839, -3.4759014443287013, -610.9280701754367]
SPS=206
Eval at step 5520000, survival=77.231%, return=[-12.296675727603724, 3798.6357610416335, -2.5474325117502303, -753.7736842105187]
SPS=205
Eval at step 5560000, survival=85.365%, return=[-13.513285453629214, 4171.8628477478005, -3.839274826240944, -819.8666666666513]
SPS=204
Eval at step 5600000, survival=79.360%, return=[-12.870712481060764, 3880.047337341313, -2.8322125064421924, -800.3157894736764]
SPS=204
Eval at step 5640000, survival=89.986%, return=[-14.84924692469649, 4391.45236017704, -2.42477046416825, -879.101754385934]
SPS=203
Eval at step 5680000, survival=84.299%, return=[-14.515643564093626, 4093.0398923635485, -3.342559569234436, -788.2210526315476]
SPS=203
Eval at step 5720000, survival=84.117%, return=[-13.82948353732354, 4122.549708132748, -1.7074692961366964, -790.0017543859411]
SPS=202
Eval at step 5760000, survival=77.940%, return=[-13.016921483969782, 3808.54835960865, -3.378039445131435, -744.985964912259]
SPS=202
Eval at step 5800000, survival=80.858%, return=[-12.787982847105013, 3970.933406028743, -3.6588871576008386, -772.9350877192908]
SPS=201
Eval at step 5840000, survival=59.994%, return=[-10.224224538792622, 2923.9089344787594, -3.5810096510980656, -571.5052631578847]
SPS=201
Eval at step 5880000, survival=63.228%, return=[-11.377617851149989, 3076.043897418977, -3.2959433333333434, -632.7315789473626]
SPS=201
Eval at step 5920000, survival=84.427%, return=[-14.118092917295872, 4125.136009716988, -2.5176841072589924, -855.6456140350907]
SPS=200
Eval at step 5960000, survival=64.139%, return=[-11.276538063125917, 3103.0989621543895, -4.68119681421067, -642.1333333333258]
SPS=200
Eval at step 6000000, survival=78.651%, return=[-12.51945107463398, 3841.0581548881514, -4.22387898800207, -801.3052631578951]
SPS=200
Eval at step 6040000, survival=79.546%, return=[-13.333285501855425, 3865.487391304972, -3.3496672500334173, -846.0631578947426]
SPS=199
Eval at step 6080000, survival=60.951%, return=[-10.306401504954556, 2965.185963487617, -4.4941796282947735, -649.8596491228097]
SPS=199
Eval at step 6120000, survival=76.505%, return=[-13.31076786838239, 3704.8101597046893, -4.5326332870514765, -795.7631578947363]
SPS=199
Eval at step 6160000, survival=74.346%, return=[-12.140746393433073, 3610.262658662791, -3.9889114003173747, -746.9473684210583]
SPS=199
Eval at step 6200000, survival=63.619%, return=[-10.636077992443461, 3091.355042467119, -4.472236703818998, -628.8929824561252]
SPS=199
Eval at step 6240000, survival=67.861%, return=[-11.450912202388281, 3299.391202626232, -4.835065546285295, -688.0385964912249]
SPS=198
Eval at step 6280000, survival=55.995%, return=[-8.818801708141109, 2721.8268771982202, -4.780706639432173, -531.0894736842035]
SPS=198
Eval at step 6320000, survival=65.773%, return=[-10.235580699535785, 3199.5484542036097, -3.256365020204612, -627.4315789473533]
SPS=198
Eval at step 6360000, survival=77.834%, return=[-12.339309833780863, 3800.972154145241, -3.2805758540460372, -768.4947368420866]
SPS=198
Eval at step 6400000, survival=54.799%, return=[-9.530045134434477, 2689.8912982463858, -5.755758437220356, -564.9561403508671]
SPS=198
Eval at step 6440000, survival=56.104%, return=[-9.373744906968204, 2755.7319617128364, -4.848930963111343, -561.0298245613897]
SPS=198
Eval at step 6480000, survival=57.975%, return=[-10.0241964304063, 2828.958784532547, -3.1274529821629984, -576.7771929824434]
SPS=198
Eval at step 6520000, survival=62.236%, return=[-10.648307048389688, 3048.0847180366554, -3.1492915294547856, -619.72105263157]
SPS=197
Eval at step 6560000, survival=38.292%, return=[-7.396573353500571, 1862.9259993028638, -5.285613102812204, -381.03333333333103]
SPS=198
Eval at step 6600000, survival=53.100%, return=[-9.258107663091504, 2579.006771941185, -4.487054588974024, -521.7982456140314]
SPS=198
Eval at step 6640000, survival=66.850%, return=[-10.928192222415237, 3258.5080211401046, -2.4229050178461877, -664.329824561398]
SPS=198
Eval at step 6680000, survival=48.473%, return=[-8.890113418310648, 2323.925783276559, -6.315534839170505, -469.55614035086603]
SPS=198
Eval at step 6720000, survival=75.365%, return=[-12.03547003523563, 3656.975404987343, -3.524605563420482, -719.7719298245395]
SPS=197
Eval at step 6760000, survival=61.425%, return=[-9.868821130209835, 2958.1975338459015, -3.751315523208177, -580.070175438578]
SPS=197
Eval at step 6800000, survival=60.903%, return=[-9.937002825445962, 2949.415903463364, -2.8168385980156017, -608.4491228069929]
SPS=197
Eval at step 6840000, survival=62.040%, return=[-9.883744268567535, 3013.5193382191665, -5.062221614668306, -558.2701754385656]
SPS=197
Eval at step 6880000, survival=80.069%, return=[-13.218007904640398, 3859.3760717868827, -2.5855188772831754, -743.2684210526002]
SPS=197
Eval at step 6920000, survival=94.271%, return=[-15.041793083184166, 4625.5694009614, -3.134448715084261, -936.1631578946896]
SPS=196
Eval at step 6960000, survival=4.886%, return=[-1.6817356366373133, 240.59293379306786, -5.027403653995134, -85.51052631578983]
SPS=197
Eval at step 7000000, survival=9.689%, return=[-2.237999519822188, 482.5112566947936, -5.129453601117712, -133.8298245614018]
SPS=197
Eval at step 7040000, survival=6.865%, return=[-2.040216172777582, 337.70523176193245, -5.058479079537937, -106.87719298245706]
SPS=198
Eval at step 7080000, survival=8.282%, return=[-2.210177756421035, 409.2661398506163, -5.262671260870957, -124.8929824561405]
SPS=198
Eval at step 7120000, survival=6.324%, return=[-1.9514224980142898, 310.1082953262329, -5.046588966568697, -102.41228070175528]
SPS=199
Eval at step 7160000, survival=4.638%, return=[-1.6184947469853797, 233.35308081340787, -5.5275492220243905, -78.7315789473688]
SPS=200
Eval at step 7200000, survival=6.022%, return=[-2.07896028899122, 296.70033977985383, -5.030157554319158, -114.84385964912249]
SPS=200
Eval at step 7240000, survival=13.075%, return=[-3.5588322353316473, 639.0573217535019, -5.414339460468693, -227.61228070175542]
SPS=201
Eval at step 7280000, survival=19.851%, return=[-4.9972089365357535, 966.5709616613376, -5.166738528112182, -327.5824561403448]
SPS=201
Eval at step 7320000, survival=25.563%, return=[-6.225048395583872, 1247.0081941127764, -5.302275285564247, -401.5368421052611]
SPS=202
Eval at step 7360000, survival=35.428%, return=[-8.380688592535444, 1723.8715339136147, -4.811624570241838, -574.5649122806724]
SPS=202
Eval at step 7400000, survival=79.118%, return=[-17.155092575924936, 3829.2562267541916, -2.8956735383680097, -1244.185964912157]
SPS=201
Eval at step 7440000, survival=86.048%, return=[-17.930988097150113, 4161.8517506790195, -2.468464005675196, -1297.0070175437238]
SPS=201
Eval at step 7480000, survival=81.415%, return=[-17.49386647841893, 3931.5162698698027, -2.9110265918322513, -1259.921052631437]
SPS=201
Eval at step 7520000, survival=61.834%, return=[-13.423169174406212, 2975.2722756147414, -3.9188181729514326, -950.8964912279735]
SPS=201
Eval at step 7560000, survival=60.520%, return=[-13.135070023301523, 2889.6239882516848, -5.804630461409397, -894.0105263157315]
SPS=200
Eval at step 7600000, survival=90.642%, return=[-18.863799583376384, 4341.624430084228, -5.764575299888293, -1333.94210526301]
SPS=200
Eval at step 7640000, survival=45.851%, return=[-10.183860187255778, 2185.4248509264, -4.938506973288713, -650.0824561403111]
SPS=200
Eval at step 7680000, survival=57.834%, return=[-12.436775412387215, 2796.9416976737944, -4.080237429668796, -870.5947368420505]
SPS=200
Eval at step 7720000, survival=77.944%, return=[-16.41630219951039, 3723.6306181955397, -3.3735796761687196, -1122.814035087602]
SPS=200
Eval at step 7760000, survival=87.934%, return=[-18.71394246437121, 4210.606352648747, -2.96303241057326, -1261.3877192981076]
SPS=199
Eval at step 7800000, survival=47.789%, return=[-10.42838184380671, 2306.9292220401753, -3.0410571227839682, -699.1824561402749]
SPS=199
Eval at step 7840000, survival=70.708%, return=[-15.259196950646583, 3418.6730947160663, -2.7523362844596706, -1039.759649122691]
SPS=199
Eval at step 7880000, survival=77.851%, return=[-16.705906360340304, 3766.8782391023583, -2.8112786322046306, -1149.191228070077]
SPS=199
Eval at step 7920000, survival=54.149%, return=[-11.914088291069493, 2611.4010496950164, -3.6232073411203602, -768.5631578946853]
SPS=199
Eval at step 7960000, survival=77.588%, return=[-16.616080196783876, 3743.494552464485, -2.1491271311184392, -1131.8929824560319]
SPS=199
Eval at step 8000000, survival=83.008%, return=[-17.641524233121892, 3965.0587417650213, -1.78557551464919, -1145.305263157791]
SPS=198
Eval at step 8040000, survival=78.569%, return=[-16.614147473382765, 3766.678720250129, -2.78719477495747, -1132.2192982455058]
SPS=198
Eval at step 8080000, survival=79.712%, return=[-16.95059327284107, 3801.3521892213807, -2.102362975086726, -1126.3315789472665]
SPS=198
Eval at step 8120000, survival=79.350%, return=[-16.900070074736142, 3802.1610831260687, -2.3009079809111426, -1070.8666666665881]
SPS=197
Eval at step 8160000, survival=75.136%, return=[-16.00601457094308, 3631.3865875530187, -1.9445130796179, -1049.2684210525308]
SPS=197
Eval at step 8200000, survival=95.641%, return=[-20.320619380450808, 4570.81421475411, -0.6426025900407695, -1261.2929824560201]
SPS=197
Eval at step 8240000, survival=52.889%, return=[-11.804767987981904, 2542.1563946294727, -4.0940092843608, -706.2052631578575]
SPS=197
Eval at step 8280000, survival=85.847%, return=[-18.2782863000175, 4106.2816884088525, -1.7933788858274056, -1120.621052631487]
SPS=196
Eval at step 8320000, survival=62.717%, return=[-13.766825514117954, 2977.067909164428, -3.9213662759973658, -811.8929824560715]
SPS=196
Eval at step 8360000, survival=64.831%, return=[-14.17726594323176, 3083.796211643219, -17.71413180154527, -847.3263157893953]
SPS=196
Eval at step 8400000, survival=76.858%, return=[-16.391569057223386, 3674.033249258988, -3.678530248563766, -1011.5877192981509]
SPS=196
Eval at step 8440000, survival=72.924%, return=[-15.26296060399618, 3485.4269141769414, -2.493868196430867, -945.8385964911619]
SPS=196
Eval at step 8480000, survival=72.059%, return=[-15.779086561693111, 3429.1552797317504, -4.396400584475851, -922.2298245613262]
SPS=196
Eval at step 8520000, survival=82.927%, return=[-17.654992634785593, 3919.969845480914, -2.846348631694582, -1062.082456140251]
SPS=195
Eval at step 8560000, survival=84.779%, return=[-17.725514749158172, 4029.641387357717, -2.6853995689321635, -1064.8298245613162]
SPS=195
Eval at step 8600000, survival=56.946%, return=[-12.292252882447793, 2738.661693029404, -4.128456271675532, -753.8649122806459]
SPS=195
Eval at step 8640000, survival=82.948%, return=[-17.477938474511028, 3968.6243545436846, -3.457610689603098, -1138.1315789472487]
SPS=195
Eval at step 8680000, survival=63.719%, return=[-13.717443337041185, 3054.378728222843, -4.70998489925878, -904.1543859648393]
SPS=195
Eval at step 8720000, survival=62.112%, return=[-13.032308822049526, 2986.230670204165, -4.223880773639519, -855.0263157894054]
SPS=195
Eval at step 8760000, survival=61.049%, return=[-13.006407330441288, 2937.383028068541, -3.5480295843245697, -870.8894736841288]
SPS=194
Eval at step 8800000, survival=61.388%, return=[-13.124151370266919, 2942.6378942060487, -4.610329887800617, -856.8543859648491]
SPS=194
Eval at step 8840000, survival=73.059%, return=[-14.898167056194506, 3476.5013723611855, -3.4470752148587054, -977.2403508771206]
SPS=194
Eval at step 8880000, survival=86.223%, return=[-16.931661461648766, 4109.696678714751, -2.52888692324741, -1144.2385964911375]
SPS=194
Eval at step 8920000, survival=73.398%, return=[-14.687577709974722, 3475.6262755785, -3.6721739073295794, -938.094736842026]
SPS=194
Eval at step 8960000, survival=83.852%, return=[-16.90773222896387, 3972.9037973880777, -3.3227574292799544, -1059.240350877109]
SPS=193
Eval at step 9000000, survival=67.577%, return=[-14.1561536455818, 3182.2718511819776, -2.5585657096195065, -857.2087719297442]
SPS=193
Eval at step 9040000, survival=55.872%, return=[-10.937362724571722, 2635.7969755458807, -4.884111451733043, -726.4105263157307]
SPS=193
Eval at step 9080000, survival=0.012%, return=[-1.0, -1.0, -5.0, -1.0]
SPS=194
Eval at step 9120000, survival=0.012%, return=[-1.0, -1.0, -5.0, -1.0]
SPS=194
Eval at step 9160000, survival=0.012%, return=[-1.0, -1.0, -5.0, -1.0]
SPS=195
Eval at step 9200000, survival=0.012%, return=[-1.0, -1.0, -5.0, -1.0]
SPS=196
Eval at step 9240000, survival=0.078%, return=[-1.0091265414026567, 2.0230505275726314, -5.022091883420944, -1.6543859649122807]
SPS=196
Eval at step 9280000, survival=0.258%, return=[-1.0342790739494376, 10.904164323806764, -5.2889805743005125, -4.107017543859646]
SPS=197
Eval at step 9320000, survival=0.019%, return=[-1.0009573969640768, -0.7158175420761108, -5.022419521212578, -1.0771929824561404]
SPS=197
Eval at step 9360000, survival=0.019%, return=[-1.0010280842892825, -0.7239794445037842, -5.028880518674851, -1.0771929824561404]
SPS=198
Eval at step 9400000, survival=0.848%, return=[-1.1203777726215776, 37.71515474319458, -8.799666645750403, -9.26666666666667]
SPS=198
Eval at step 9440000, survival=1.389%, return=[-1.1860439445707016, 63.84956429481508, -7.888094092486426, -14.580701754385961]
SPS=199
Eval at step 9480000, survival=0.451%, return=[-1.052865805203328, 20.626849832534784, -5.269991626142291, -5.382456140350876]
SPS=199
Eval at step 9520000, survival=0.779%, return=[-1.0985117438423913, 35.841351809501646, -5.34284911477589, -8.777192982456146]
SPS=200
Eval at step 9560000, survival=0.512%, return=[-1.0595323771005496, 23.365219326019293, -5.0, -5.966666666666665]
SPS=200
Eval at step 9600000, survival=0.404%, return=[-1.0482604789314791, 18.1443546962738, -5.0, -4.907017543859649]
SPS=201
Eval at step 9640000, survival=0.334%, return=[-1.0435026234190445, 14.337360649108884, -5.111545327259227, -4.1122807017543845]
SPS=202
Eval at step 9680000, survival=0.099%, return=[-1.011539356096182, 3.2295584249496456, -5.0, -1.9157894736842107]
SPS=202
Eval at step 9720000, survival=19.036%, return=[-3.894391245942097, 916.8941195535663, -4.518210715529858, -185.38070175437028]
SPS=202
Eval at step 9760000, survival=31.556%, return=[-5.612897900829557, 1519.1493952655835, -3.6652677444566506, -304.9403508771696]
SPS=203
Eval at step 9800000, survival=0.017%, return=[-1.0008717261604034, -0.7683650732040406, -5.0, -1.0403508771929826]
SPS=203
Eval at step 9840000, survival=0.506%, return=[-1.0781038357701618, 21.03817691087723, -6.067746503413946, -5.898245614035086]
SPS=204
Eval at step 9880000, survival=0.303%, return=[-1.0445294847304467, 12.071639375686644, -5.220363035466289, -3.8403508771929813]
SPS=204
Eval at step 9920000, survival=0.012%, return=[-1.0, -1.0, -5.0, -1.0]
SPS=205
Eval at step 9960000, survival=20.215%, return=[-4.12282038325211, 967.7562976312627, -4.524347092212702, -206.52456140349014]
SPS=205
