Job 54654020 started on jst280 at dim 24 mai 2026 12:47:18 CEST
Training configuration:
  conda env       : marl2grid
  algorithm       : MAPPO
  env             : bus14
  seed            : 0
  total timesteps : 25000000
  n envs          : 20
  torch threads   : 20
  wandb mode      : online
Running: python -u main.py --alg MAPPO --env-id bus14 --action-type topology --seed 0 --total-timesteps 25000000 --n-envs 20 --n-threads 20 --cuda False --checkpoint True --wandb-project Grid2Op --wandb-entity corentin-plumet-epfl --wandb-mode online --time-limit 1300  --total-timesteps 15000000 --eval-freq 40000 --actor-layers 256 256 256 --critic-layers 256 256 256 --actor-lr 0.0001 --critic-lr 0.0001 --gamma 0.9 --gae-lambda 0.95 --update-epochs 10 --max-grad-norm 1.0 --clip-coef 0.2 --vf-coef 0.5 --norm-reward True --deterministic-eval False --n-steps 1000 --n-minibatches 10 --entropy-coef 0.01 --target-kl 0.02 --init-do-nothing-prob 0.5 --exp-tag b0_short_rollout
Eval at step 40000, survival=0.033%, return=[-1.0039530492038466, -0.1837826552391052, -5.304113115463406, -1.1333333333333333]
SPS=142
Eval at step 80000, survival=0.038%, return=[-1.0050604097777978, 0.03128485202789304, -5.674421201087535, -1.1368421052631579]
SPS=164
Eval at step 120000, survival=0.055%, return=[-1.006815002101939, 0.7125183935165406, -5.753887829463929, -1.2245614035087717]
SPS=173
Eval at step 160000, survival=0.068%, return=[-1.0083637300645933, 1.2581455535888673, -6.269816492690007, -1.2789473684210526]
SPS=179
Eval at step 200000, survival=0.099%, return=[-1.013062741572503, 2.7817818861007693, -5.694371158059221, -1.3754385964912281]
SPS=186
Eval at step 240000, survival=0.239%, return=[-1.0296062378794886, 9.328651470184326, -6.176995755627286, -2.2701754385964907]
SPS=193
Eval at step 280000, survival=0.362%, return=[-1.0405104091390966, 15.811598143577575, -5.845105526479893, -2.6298245614035087]
SPS=201
Eval at step 320000, survival=0.512%, return=[-1.059024315595161, 22.93546505737305, -6.205310170352459, -4.582456140350878]
SPS=211
Eval at step 360000, survival=0.604%, return=[-1.0576768479368184, 28.134516067504876, -7.066983994282782, -4.268421052631581]
SPS=218
Eval at step 400000, survival=0.818%, return=[-1.088632622989826, 38.45070232796668, -7.810084178764373, -7.970175438596492]
SPS=224
Eval at step 440000, survival=0.807%, return=[-1.088830637896899, 37.763439433574675, -6.181303586415015, -4.949122807017546]
SPS=230
Eval at step 480000, survival=0.680%, return=[-1.0663828277378342, 32.11535461521149, -7.145121872331947, -4.5210526315789465]
SPS=236
Eval at step 520000, survival=1.048%, return=[-1.1062399256043136, 48.940398434638986, -5.506219511851668, -6.268421052631579]
SPS=243
Eval at step 560000, survival=1.158%, return=[-1.1297315218893345, 55.45547235918044, -6.275772065564524, -7.635087719298245]
SPS=250
Eval at step 600000, survival=1.074%, return=[-1.115375225112075, 51.73650348377229, -5.861792416684329, -5.566666666666667]
SPS=256
Eval at step 640000, survival=1.203%, return=[-1.1279918902437203, 57.15752492332458, -10.223794696107507, -6.496491228070174]
SPS=262
Eval at step 680000, survival=1.089%, return=[-1.1157007793080993, 51.33670931625365, -5.559828665852547, -5.605263157894741]
SPS=268
Eval at step 720000, survival=1.246%, return=[-1.123555477289483, 59.6849002904892, -9.567934311227873, -7.607017543859651]
SPS=273
Eval at step 760000, survival=1.448%, return=[-1.1356354381190612, 72.03971474218368, -5.824175928160548, -7.203508771929826]
SPS=278
Eval at step 800000, survival=2.469%, return=[-1.2594323762576096, 120.84788734674453, -5.494669717922807, -17.10175438596492]
SPS=283
Eval at step 840000, survival=4.619%, return=[-1.5664266839099583, 224.5668032112122, -5.641828494780929, -39.000000000000206]
SPS=287
Eval at step 880000, survival=6.190%, return=[-1.7105669696931727, 300.5377321648597, -6.245069102746493, -41.90175438596523]
SPS=292
Eval at step 920000, survival=9.404%, return=[-2.1006138594413644, 462.99306989669833, -5.133021001989254, -72.83333333333273]
SPS=295
Eval at step 960000, survival=10.832%, return=[-2.3387029336125122, 536.2497014842031, -5.280029740803729, -85.70526315789522]
SPS=298
Eval at step 1000000, survival=2.732%, return=[-1.3411112729052548, 134.80048735046387, -6.296762716926241, -17.314035087719304]
SPS=302
Eval at step 1040000, survival=4.821%, return=[-1.6035020438896026, 239.07745584058753, -5.564785292732995, -35.442105263158155]
SPS=306
Eval at step 1080000, survival=4.158%, return=[-1.4950338370166718, 211.71201467037204, -5.191646072641015, -26.45087719298251]
SPS=310
Eval at step 1120000, survival=3.440%, return=[-1.3637551137828268, 171.66332604408268, -5.693819379198248, -27.880701754385917]
SPS=314
Eval at step 1160000, survival=2.939%, return=[-1.3304445420915727, 148.1670495138168, -6.373108123998827, -20.296491228070117]
SPS=318
Eval at step 1200000, survival=2.863%, return=[-1.3178420476149768, 142.7346795964241, -6.033288171788445, -23.026315789473713]
SPS=321
Eval at step 1240000, survival=2.654%, return=[-1.310794702603016, 130.8367235622406, -5.897030394690228, -26.97017543859648]
SPS=325
Eval at step 1280000, survival=3.346%, return=[-1.3832136260229162, 167.34969181156154, -7.582305819660542, -31.601754385965016]
SPS=328
Eval at step 1320000, survival=2.602%, return=[-1.3073041052557528, 130.75452694892883, -5.283640446576465, -23.605263157894797]
SPS=331
Eval at step 1360000, survival=3.359%, return=[-1.4028123265656176, 165.35789335680005, -5.348190869140671, -33.41754385964935]
SPS=334
Eval at step 1400000, survival=1.895%, return=[-1.1987781506613828, 91.83171217632295, -5.360403124173172, -16.214035087719243]
SPS=337
Eval at step 1440000, survival=1.695%, return=[-1.1874865275865887, 84.33510455942155, -5.180003554420546, -14.124561403508835]
SPS=341
Eval at step 1480000, survival=4.209%, return=[-1.536079545249231, 206.55359069585796, -5.24021965751308, -40.817543859649234]
SPS=343
Eval at step 1520000, survival=0.734%, return=[-1.0897578134201467, 35.22087617158889, -5.333153969852719, -5.81754385964913]
SPS=346
Eval at step 1560000, survival=2.125%, return=[-1.3093634047545493, 103.59578394365307, -5.590443602544838, -23.26315789473697]
SPS=349
Eval at step 1600000, survival=3.255%, return=[-1.3988955964276102, 162.73397800445554, -5.333055729020271, -31.271929824561376]
SPS=351
Eval at step 1640000, survival=1.395%, return=[-1.1888136803463567, 68.3547324824333, -5.357999234891031, -13.428070175438563]
SPS=354
Eval at step 1680000, survival=8.420%, return=[-2.101809374865843, 409.2152260646819, -5.474745485559106, -104.52105263157952]
SPS=355
Eval at step 1720000, survival=4.126%, return=[-1.566754241642775, 199.6286609349251, -6.167120222495578, -44.891228070175494]
SPS=357
Eval at step 1760000, survival=1.272%, return=[-1.175593683088664, 61.77199742746351, -5.442662713514073, -13.743859649122772]
SPS=359
Eval at step 1800000, survival=1.458%, return=[-1.1690848904894664, 70.3913804130555, -8.50501362173818, -15.692982456140367]
SPS=358
Eval at step 1840000, survival=2.200%, return=[-1.2718794532993343, 105.65201465415961, -10.837537464407797, -24.30877192982457]
SPS=359
Eval at step 1880000, survival=1.844%, return=[-1.2300241576100235, 90.0357734537125, -9.927783459494822, -16.91403508771926]
SPS=361
Eval at step 1920000, survival=3.836%, return=[-1.491687633068068, 187.15287968635562, -7.696809887816198, -33.333333333333464]
SPS=362
Eval at step 1960000, survival=15.336%, return=[-3.1908180529484524, 734.4038388962748, -13.128073917488654, -159.4877192982451]
SPS=361
Eval at step 2000000, survival=6.574%, return=[-1.8422864100022707, 319.01930735683453, -6.07026594785566, -62.635087719298895]
SPS=362
Eval at step 2040000, survival=9.602%, return=[-2.4901559050020294, 443.16797166252024, -77.25706170962948, -103.25789473684304]
SPS=363
Eval at step 2080000, survival=10.412%, return=[-2.3905736549000722, 484.5393750429156, -7.7629358683509055, -109.31403508771825]
SPS=364
Eval at step 2120000, survival=15.572%, return=[-3.2488087031350004, 746.8558800635342, -14.207798887853277, -154.02631578947071]
SPS=363
Eval at step 2160000, survival=10.589%, return=[-2.5314412691106556, 504.34216265153816, -6.288447161455769, -115.00000000000132]
SPS=364
Eval at step 2200000, survival=23.411%, return=[-4.537793154839892, 1116.277138264656, -8.081772340417956, -241.55614035087652]
SPS=362
Eval at step 2240000, survival=13.056%, return=[-3.040176509739831, 623.7794242382046, -7.622884408118989, -137.02456140350847]
SPS=362
Eval at step 2280000, survival=10.973%, return=[-2.589816711517051, 518.5407818255425, -7.528220053311088, -119.7385964912291]
SPS=363
Eval at step 2320000, survival=9.914%, return=[-2.4574347189278343, 465.83996270489695, -6.447915325500071, -109.24561403508808]
SPS=363
Eval at step 2360000, survival=10.645%, return=[-2.3790751332067885, 502.3972909507752, -6.522444889936014, -116.37543859649077]
SPS=363
Eval at step 2400000, survival=7.812%, return=[-2.2672382230637593, 362.86335302591334, -7.075109389948193, -88.53157894736944]
SPS=364
Eval at step 2440000, survival=11.353%, return=[-2.3972471036657224, 546.703835777759, -8.313412919741314, -123.03859649122884]
SPS=365
Eval at step 2480000, survival=7.803%, return=[-2.212968083523447, 359.44069657015797, -6.991702903326223, -89.02631578947413]
SPS=365
Eval at step 2520000, survival=6.585%, return=[-1.9790093132061883, 312.2137003183365, -6.0695709614898075, -72.95964912280797]
SPS=366
Eval at step 2560000, survival=2.871%, return=[-1.4642590766074135, 134.40629363250736, -7.236344888276653, -30.612280701754706]
SPS=368
Eval at step 2600000, survival=0.386%, return=[-1.0541325115482323, 17.03360218524933, -5.542430477426388, -4.301754385964912]
SPS=368
Eval at step 2640000, survival=0.283%, return=[-1.0389830182422883, 11.61613722038269, -6.542248718626797, -3.5666666666666673]
SPS=368
Eval at step 2680000, survival=0.934%, return=[-1.1208593108924105, 43.3664003055096, -20.234722669702023, -11.401754385964873]
SPS=368
Eval at step 2720000, survival=0.804%, return=[-1.1026866749336477, 37.590333588123336, -8.772084713168443, -10.478947368421041]
SPS=368
Eval at step 2760000, survival=0.523%, return=[-1.075855733687058, 23.97913057088851, -5.618828002922237, -6.570175438596488]
SPS=368
Eval at step 2800000, survival=0.243%, return=[-1.0349118947284297, 9.514503080844879, -10.752621039003134, -3.36666666666667]
SPS=367
Eval at step 2840000, survival=1.298%, return=[-1.1842068067344371, 59.886539690494544, -24.049646711186504, -16.263157894736782]
SPS=366
Eval at step 2880000, survival=2.246%, return=[-1.3288537641172298, 101.95545147180562, -41.81394374719821, -27.978947368421025]
SPS=365
Eval at step 2920000, survival=2.443%, return=[-1.3242934465815779, 116.91235384416578, -17.579703615256584, -30.22631578947361]
SPS=365
Eval at step 2960000, survival=6.414%, return=[-1.927223474555649, 302.8505838747023, -24.43495673224097, -79.86491228070258]
SPS=364
Eval at step 3000000, survival=5.833%, return=[-1.7995111059630289, 282.4409098658561, -5.410336849302984, -67.49473684210554]
SPS=365
Eval at step 3040000, survival=10.166%, return=[-2.5412398956366813, 481.9592895879746, -8.310368490275868, -111.40877192982575]
SPS=365
Eval at step 3080000, survival=29.784%, return=[-5.365614732680842, 1418.3134108400347, -7.805982708833835, -331.0456140350828]
SPS=363
Eval at step 3120000, survival=10.446%, return=[-2.5551608310313894, 491.3046900248526, -6.659590702261994, -119.8228070175453]
SPS=364
Eval at step 3160000, survival=23.881%, return=[-4.7387838407943494, 1131.36727204752, -13.23427387479678, -261.8280701754378]
SPS=362
Eval at step 3200000, survival=39.369%, return=[-7.0491105027787855, 1853.7787197585112, -18.041672132801615, -437.23333333332914]
SPS=359
Eval at step 3240000, survival=32.392%, return=[-5.788289818295743, 1522.6589670376763, -12.566221878109355, -366.3368421052595]
SPS=357
Eval at step 3280000, survival=38.702%, return=[-6.864136699558003, 1812.6960172328959, -15.493976521928563, -445.8228070175322]
SPS=355
Eval at step 3320000, survival=9.381%, return=[-2.371594849304529, 438.75190528202046, -7.579303917694778, -106.6438596491233]
SPS=355
Eval at step 3360000, survival=20.903%, return=[-4.285412837698823, 989.6184974861138, -14.137710051832983, -235.1859649122795]
SPS=354
Eval at step 3400000, survival=30.694%, return=[-5.853684473864268, 1430.4323650312415, -8.343806727890115, -343.26842105262733]
SPS=353
Eval at step 3440000, survival=14.846%, return=[-3.345499447482871, 693.4199888424869, -14.364399846052402, -168.13508771930006]
SPS=353
Eval at step 3480000, survival=22.992%, return=[-4.60801465556724, 1083.8110266199096, -8.083056677310378, -256.9719298245585]
SPS=352
Eval at step 3520000, survival=6.648%, return=[-1.9921559444454033, 316.1804996557239, -6.641760345152579, -78.28070175438613]
SPS=353
Eval at step 3560000, survival=18.881%, return=[-3.7838913007231896, 900.677887532235, -6.08331380897871, -210.98421052631357]
SPS=352
Eval at step 3600000, survival=17.217%, return=[-3.5712102701712864, 817.2209685440064, -6.954065420400002, -190.82456140351013]
SPS=352
Eval at step 3640000, survival=17.703%, return=[-3.6784852574463, 821.3348971376403, -109.42755791558193, -201.92631578947427]
SPS=352
Eval at step 3680000, survival=25.312%, return=[-4.97883311008336, 1179.2302091927515, -9.728569821448763, -282.2280701754359]
SPS=351
Eval at step 3720000, survival=1.865%, return=[-1.2580527629004792, 85.67321768426908, -29.000206791918025, -23.819298245614213]
SPS=352
Eval at step 3760000, survival=6.372%, return=[-1.9503319109615405, 296.72934414434417, -40.74670059852142, -76.30175438596555]
SPS=352
Eval at step 3800000, survival=5.139%, return=[-1.6791594722948502, 248.1681088643075, -23.958124365785626, -61.829824561403846]
SPS=353
Eval at step 3840000, survival=5.954%, return=[-1.8910673236066942, 283.10627151012403, -6.092727250471671, -69.75789473684237]
SPS=354
Eval at step 3880000, survival=8.214%, return=[-2.268205259711249, 386.88562263679495, -6.615126704543218, -95.20701754385922]
SPS=354
Eval at step 3920000, survival=10.990%, return=[-2.7296044219634497, 515.5789455461502, -7.276662811986898, -127.67192982456243]
SPS=354
Eval at step 3960000, survival=9.963%, return=[-2.4722313603153454, 470.94717842674254, -6.777143149278709, -114.87719298245688]
SPS=355
Eval at step 4000000, survival=7.857%, return=[-2.2454945184115784, 364.75153319835545, -62.976164103170596, -97.29649122807055]
SPS=355
Eval at step 4040000, survival=13.836%, return=[-3.082938911562087, 653.5585347013473, -11.347566472029575, -158.34385964912514]
SPS=355
Eval at step 4080000, survival=12.548%, return=[-2.850532669672975, 597.9523365497594, -6.890289964225667, -146.0982456140351]
SPS=355
Eval at step 4120000, survival=10.243%, return=[-2.6050014285836367, 483.7989447736738, -6.304491082565801, -119.91754385964961]
SPS=356
Eval at step 4160000, survival=8.812%, return=[-2.28644711485249, 422.3908438711168, -6.853163412220056, -103.47192982456124]
SPS=356
Eval at step 4200000, survival=13.559%, return=[-3.0972494512738193, 639.8137522959707, -10.838157449585378, -158.90701754385944]
SPS=356
Eval at step 4240000, survival=7.187%, return=[-2.045317584666191, 348.9539904880521, -5.442487650668772, -96.88070175438668]
SPS=357
Eval at step 4280000, survival=11.483%, return=[-2.6964597598649562, 548.7330208559058, -42.27270424580202, -162.7052631578847]
SPS=357
Eval at step 4320000, survival=4.164%, return=[-1.6627122098812834, 196.06986413717254, -5.961483351217612, -54.25438596491239]
SPS=357
Eval at step 4360000, survival=11.724%, return=[-2.7595288560842164, 564.569293303013, -16.69226681708824, -155.86315789473605]
SPS=358
Eval at step 4400000, survival=12.634%, return=[-2.9241528548300266, 606.1172520098684, -7.7353835226589585, -164.53508771929927]
SPS=358
Eval at step 4440000, survival=14.764%, return=[-3.1524831598915624, 714.1989463825231, -6.5991444627758025, -192.9842105263144]
SPS=358
Eval at step 4480000, survival=16.122%, return=[-3.4937879130768126, 768.6271425328255, -7.997343910295603, -204.26842105263123]
SPS=357
Eval at step 4520000, survival=9.598%, return=[-2.413757534197066, 464.11421683979063, -6.983774364697456, -122.5491228070186]
SPS=358
Eval at step 4560000, survival=11.519%, return=[-2.7991699463978876, 548.3101366629602, -8.193275804935183, -146.14912280701853]
SPS=358
Eval at step 4600000, survival=11.837%, return=[-2.8097881377965677, 567.285857300281, -7.862218477402348, -151.5035087719284]
SPS=358
Eval at step 4640000, survival=13.239%, return=[-3.0304896582034417, 634.5810837955474, -21.303911521599183, -168.20526315789505]
SPS=358
Eval at step 4680000, survival=4.783%, return=[-1.7187232409371063, 230.52619177484522, -10.268225393956527, -62.08596491228123]
SPS=359
Eval at step 4720000, survival=11.327%, return=[-2.7968358652375174, 539.7549363565447, -8.017493042780552, -144.63157894736827]
SPS=359
Eval at step 4760000, survival=10.844%, return=[-2.649452175165061, 520.864142325401, -45.06436344361282, -141.6877192982467]
SPS=359
Eval at step 4800000, survival=7.024%, return=[-2.0870379192696418, 337.3838385629654, -6.378090485662687, -89.23684210526392]
SPS=360
Eval at step 4840000, survival=19.805%, return=[-4.144615739607252, 945.4131746859537, -9.477471601115393, -248.03157894736646]
SPS=359
Eval at step 4880000, survival=11.404%, return=[-2.85967044585268, 537.2545181527141, -9.067288883979563, -140.5350877192971]
SPS=359
Eval at step 4920000, survival=18.920%, return=[-3.8773218806483785, 910.1750772542953, -32.50701194553331, -238.1929824561374]
SPS=359
Eval at step 4960000, survival=7.371%, return=[-2.101129117672099, 356.4671074090003, -6.1695075653740785, -91.33508771929893]
SPS=359
Eval at step 5000000, survival=20.806%, return=[-4.266616880591028, 989.3049211750027, -80.37341682269398, -265.34385964912036]
SPS=359
Eval at step 5040000, survival=20.740%, return=[-4.201173561951146, 992.1719393520343, -27.35975905582318, -259.1649122806949]
SPS=358
Eval at step 5080000, survival=11.109%, return=[-2.705471020232653, 533.9170597648624, -7.425432521129551, -141.12982456140222]
SPS=358
Eval at step 5120000, survival=14.038%, return=[-3.0986405516567173, 679.0949445486071, -6.6485558705198855, -176.9157894736839]
SPS=358
Eval at step 5160000, survival=5.713%, return=[-1.8545001426129601, 276.62549004554734, -5.852684071483236, -71.99473684210622]
SPS=359
Eval at step 5200000, survival=7.519%, return=[-2.205075476266211, 356.394021743774, -8.991746079039876, -95.40350877193019]
SPS=359
Eval at step 5240000, survival=29.939%, return=[-5.640966645791195, 1433.3303431611064, -11.361646436038427, -381.04385964911313]
SPS=358
Eval at step 5280000, survival=16.089%, return=[-3.487987010402139, 771.7678640413285, -6.50427206635959, -203.4228070175389]
SPS=358
Eval at step 5320000, survival=18.624%, return=[-3.9765905058768114, 886.7278777356153, -8.943303926817544, -237.60350877192695]
SPS=357
Eval at step 5360000, survival=10.899%, return=[-2.6648139231896493, 521.3496996636393, -7.33410961284535, -139.46491228070346]
SPS=358
Eval at step 5400000, survival=1.002%, return=[-1.133220334997168, 48.82932749032974, -5.289719298674027, -13.214035087719287]
SPS=358
Eval at step 5440000, survival=8.104%, return=[-2.24985208028811, 389.32825077247617, -6.92657586416608, -109.28070175438754]
SPS=358
Eval at step 5480000, survival=8.559%, return=[-2.394297909439774, 407.42007054758034, -7.1363320986412875, -115.04210526315812]
SPS=359
Eval at step 5520000, survival=13.560%, return=[-3.0989775315916632, 653.1905571508408, -6.888980031769995, -182.01403508771904]
SPS=359
Eval at step 5560000, survival=12.977%, return=[-2.9304371935431845, 631.2862696447374, -6.848309651095041, -170.55789473684283]
SPS=359
Eval at step 5600000, survival=20.997%, return=[-4.188128990482073, 1004.7382770528806, -8.017636265180773, -278.4508771929763]
SPS=358
Eval at step 5640000, survival=18.524%, return=[-3.8893256033188663, 889.0797108364092, -7.457639300058327, -244.97719298245056]
SPS=358
Eval at step 5680000, survival=18.725%, return=[-3.9395289872423747, 895.968949993134, -10.029878646903308, -241.7666666666602]
SPS=358
Eval at step 5720000, survival=16.189%, return=[-3.3801776024454737, 784.0936159982679, -6.715013293927041, -205.1508771929794]
SPS=357
Eval at step 5760000, survival=25.610%, return=[-4.875533486704808, 1229.2704355792996, -8.966778289780631, -322.02280701753864]
SPS=357
Eval at step 5800000, survival=16.200%, return=[-3.416152650170261, 784.4481401271804, -19.748080714703974, -208.07719298245473]
SPS=357
Eval at step 5840000, survival=19.117%, return=[-3.8239304178685414, 921.6673088541025, -6.910233745717233, -241.43157894736055]
SPS=356
Eval at step 5880000, survival=8.229%, return=[-2.2183084235410204, 400.56583621501875, -6.8830386522990015, -105.81578947368185]
SPS=357
Eval at step 5920000, survival=17.777%, return=[-3.806714038667269, 849.6647027211189, -8.046933177245956, -225.85964912280747]
SPS=356
Eval at step 5960000, survival=8.648%, return=[-2.2873179038637317, 419.8683835997581, -6.602506151146008, -109.17192982456272]
SPS=357
Eval at step 6000000, survival=13.498%, return=[-3.124287585314596, 646.150535132885, -7.618689895971329, -171.4122807017535]
SPS=357
Eval at step 6040000, survival=8.456%, return=[-2.293471502856119, 408.8587157182695, -7.200174070744834, -102.79122807017662]
SPS=357
Eval at step 6080000, survival=21.368%, return=[-4.312949112564093, 1025.45821352005, -8.999213174589386, -264.34912280701354]
SPS=357
Eval at step 6120000, survival=19.874%, return=[-4.252577759453561, 938.6144355559347, -10.591136606964483, -243.31578947368644]
SPS=356
Eval at step 6160000, survival=13.464%, return=[-3.0856001424079293, 645.6995213713647, -8.420538746061538, -164.82280701754252]
SPS=356
Eval at step 6200000, survival=21.481%, return=[-4.4709016693232115, 1011.0269269032506, -11.064203953806828, -265.00175438595534]
SPS=356
Eval at step 6240000, survival=14.937%, return=[-3.402009889075998, 708.5649454579343, -21.1976559838331, -186.48771929824045]
SPS=356
Eval at step 6280000, survival=7.569%, return=[-2.175500445556827, 358.40951596021677, -7.165253528536414, -93.22280701754303]
SPS=356
Eval at step 6320000, survival=9.284%, return=[-2.3787300483032596, 445.14708288574184, -8.50285643539828, -115.66842105263194]
SPS=356
Eval at step 6360000, survival=7.736%, return=[-2.2112352223484777, 367.26544759511955, -7.277487489915802, -96.24385964912415]
SPS=357
Eval at step 6400000, survival=5.031%, return=[-1.7444134811055847, 241.02921580076205, -8.320702093048022, -64.54385964912366]
SPS=357
Eval at step 6440000, survival=20.655%, return=[-4.159587566438131, 987.249778977394, -9.73486876976458, -267.0789473684109]
SPS=357
Eval at step 6480000, survival=4.361%, return=[-1.6541653901280369, 208.736026315689, -6.045140558816638, -55.81578947368488]
SPS=357
Eval at step 6520000, survival=14.838%, return=[-3.2774529802030883, 708.9572680759429, -8.515685043498525, -188.70701754385672]
SPS=357
Eval at step 6560000, survival=8.447%, return=[-2.3233964492857924, 404.06720178222645, -7.074077284390478, -107.62631578947457]
SPS=358
Eval at step 6600000, survival=7.970%, return=[-2.252032805304043, 379.23889244318013, -7.960784895576216, -100.02456140350861]
SPS=358
Eval at step 6640000, survival=10.346%, return=[-2.6153124860371464, 492.07075910091424, -7.385328676849895, -130.53333333333543]
SPS=358
Eval at step 6680000, survival=8.083%, return=[-2.2068854709970767, 389.54264529204363, -6.850474220205797, -102.15087719298211]
SPS=358
Eval at step 6720000, survival=21.825%, return=[-4.333402122720145, 1044.7752842612267, -9.674583773468111, -272.2298245613996]
SPS=358
Eval at step 6760000, survival=8.741%, return=[-2.4298289761180056, 407.0472665538784, -69.98931198707723, -110.02105263157944]
SPS=358
Eval at step 6800000, survival=13.465%, return=[-3.1777734402217903, 640.0022405824659, -8.51084782200196, -167.7245614035099]
SPS=358
Eval at step 6840000, survival=10.482%, return=[-2.5746760400012136, 504.7497932872772, -8.28500236044456, -132.6859649122809]
SPS=358
Eval at step 6880000, survival=18.403%, return=[-3.8673825956648216, 881.6460276808733, -9.386705754345167, -237.10526315789235]
SPS=358
Eval at step 6920000, survival=18.425%, return=[-3.8200600886542815, 884.1449680085177, -10.095454588942811, -240.628070175433]
SPS=358
Eval at step 6960000, survival=17.025%, return=[-3.786998599668732, 807.2027354378713, -9.580226164382248, -219.26842105262898]
SPS=358
Eval at step 7000000, survival=9.936%, return=[-2.5780924852588214, 472.49986747550946, -7.936935116993846, -124.79298245613964]
SPS=358
Eval at step 7040000, survival=9.128%, return=[-2.4557999391457996, 434.4873803172113, -9.642889923445273, -114.57192982456131]
SPS=358
Eval at step 7080000, survival=12.345%, return=[-3.124832032003906, 570.3832082257262, -38.7186100207342, -155.6298245614016]
SPS=358
Eval at step 7120000, survival=11.019%, return=[-2.7823794530588204, 522.5134871473317, -7.617589056276484, -136.65789473684208]
SPS=358
Eval at step 7160000, survival=6.806%, return=[-2.0650832642859314, 326.3663612613676, -6.32400250001956, -85.46842105263268]
SPS=359
Eval at step 7200000, survival=13.614%, return=[-3.2116059281572236, 646.8168052158355, -8.859547886286236, -169.25087719298136]
SPS=359
Eval at step 7240000, survival=20.698%, return=[-4.450100426381686, 977.9814619016639, -9.622888583945405, -256.7385964912248]
SPS=358
Eval at step 7280000, survival=21.190%, return=[-4.347800720896339, 1006.0004876189229, -47.11979876673431, -266.9807017543837]
SPS=358
Eval at step 7320000, survival=22.107%, return=[-4.525588868756313, 1044.4121751251246, -57.64240261928207, -276.6666666666641]
SPS=357
Eval at step 7360000, survival=12.268%, return=[-2.9181400602683425, 587.8595076107979, -6.838063194699498, -149.78596491228174]
SPS=358
Eval at step 7400000, survival=15.820%, return=[-3.4663580519787502, 749.5376705822939, -49.02101334057515, -197.48596491227926]
SPS=357
Eval at step 7440000, survival=18.622%, return=[-3.8529254385328384, 893.9944544816026, -8.574160144601773, -230.30175438596308]
SPS=357
Eval at step 7480000, survival=24.215%, return=[-4.858315093128477, 1147.3412240056973, -83.69614501236424, -308.2912280701672]
SPS=357
Eval at step 7520000, survival=15.639%, return=[-3.5440615957602857, 743.0128959226611, -8.017353432108939, -195.064912280699]
SPS=357
Eval at step 7560000, survival=18.115%, return=[-3.930649324157275, 857.9471045374881, -8.987960198829388, -230.8298245614004]
SPS=356
Eval at step 7600000, survival=21.683%, return=[-4.499631820473587, 1019.2322127089485, -69.31216930658229, -280.121052631576]
SPS=356
Eval at step 7640000, survival=20.472%, return=[-4.351727034157375, 962.7519772024158, -11.036758404142892, -271.05789473683797]
SPS=356
Eval at step 7680000, survival=18.960%, return=[-3.9782354141410905, 902.3010547637934, -9.462051647910448, -248.2140350877196]
SPS=356
Eval at step 7720000, survival=17.794%, return=[-3.964363506977679, 835.9304129147531, -9.82129078066573, -232.06315789473643]
SPS=355
Eval at step 7760000, survival=21.380%, return=[-4.527961334888824, 1007.1979702553745, -9.916178541132831, -282.84561403508167]
SPS=355
Eval at step 7800000, survival=13.033%, return=[-3.1059268865792546, 616.4114840936664, -8.663573617577276, -172.03157894736768]
SPS=355
Eval at step 7840000, survival=15.935%, return=[-3.6051352513255552, 748.2739313855169, -58.062035692612696, -212.0719298245596]
SPS=355
Eval at step 7880000, survival=16.957%, return=[-3.6400794847286306, 811.0280086650849, -13.233003959157212, -222.46666666666306]
SPS=355
Eval at step 7920000, survival=10.698%, return=[-2.683501468715258, 510.4811839175221, -21.615668619318967, -141.16315789473782]
SPS=355
Eval at step 7960000, survival=8.208%, return=[-2.315709953539772, 390.55913063383093, -16.589076328774535, -110.22105263158066]
SPS=355
Eval at step 8000000, survival=19.998%, return=[-4.250644767464837, 951.1207065563203, -19.12173647287018, -270.9999999999981]
SPS=355
Eval at step 8040000, survival=13.802%, return=[-3.258699624426663, 651.9561993846894, -22.86481779861351, -185.2649122807017]
SPS=355
Eval at step 8080000, survival=14.907%, return=[-3.3623860958497973, 711.2479843153942, -21.456325893234315, -203.19649122806885]
SPS=355
Eval at step 8120000, survival=23.358%, return=[-4.887675879657036, 1106.4020015511528, -10.390357862507017, -315.27368421051636]
SPS=355
Eval at step 8160000, survival=21.877%, return=[-4.535301836766303, 1036.777250887872, -67.89422882218496, -300.12105263157423]
SPS=354
Eval at step 8200000, survival=19.278%, return=[-4.237307512230473, 913.2277455568319, -9.553835539985448, -260.2877192982385]
SPS=354
Eval at step 8240000, survival=14.374%, return=[-3.3265203038055917, 685.9884077186584, -7.817261495302591, -193.60701754385974]
SPS=354
Eval at step 8280000, survival=23.254%, return=[-4.783406871411716, 1100.6408196768757, -17.61147351377276, -314.67894736841845]
SPS=353
Eval at step 8320000, survival=7.161%, return=[-2.1483286028611475, 338.4320155014992, -47.88011222443602, -97.89298245614148]
SPS=354
Eval at step 8360000, survival=23.377%, return=[-4.945544182043522, 1102.8437746195796, -28.354942182256128, -310.7070175438505]
SPS=353
Eval at step 8400000, survival=23.931%, return=[-5.062657571438467, 1128.7769357914926, -10.85951722451573, -320.69122807016913]
SPS=353
Eval at step 8440000, survival=22.021%, return=[-4.62977060569101, 1045.3426293711661, -14.823398146819454, -290.8947368421017]
SPS=353
Eval at step 8480000, survival=20.678%, return=[-4.528755092876963, 977.7303805980675, -9.642154160554128, -273.48771929824136]
SPS=352
Eval at step 8520000, survival=20.265%, return=[-4.513706912397174, 949.8533661890021, -10.037439934883878, -269.1701754385943]
SPS=352
Eval at step 8560000, survival=21.941%, return=[-4.671992006339133, 1038.5786644372943, -50.12687205248294, -295.46666666666505]
SPS=352
Eval at step 8600000, survival=21.564%, return=[-4.655801099957898, 1020.8565890402791, -10.1891743448351, -285.93859649122413]
SPS=351
Eval at step 8640000, survival=33.419%, return=[-6.595255754509708, 1581.7499192972166, -63.761588845736334, -451.3929824561302]
SPS=351
Eval at step 8680000, survival=26.348%, return=[-5.496884439908899, 1245.6327530837048, -11.223151929172673, -355.58947368420576]
SPS=350
Eval at step 8720000, survival=19.146%, return=[-4.081931416451698, 912.9007887144086, -8.706034081174767, -258.62807017543685]
SPS=350
Eval at step 8760000, survival=17.320%, return=[-3.8260896468360444, 824.175944726467, -8.829905461592716, -236.34210526315843]
SPS=350
Eval at step 8800000, survival=20.639%, return=[-4.386067325354088, 978.0204589538564, -51.587649617292115, -280.5807017543831]
SPS=350
Eval at step 8840000, survival=15.046%, return=[-3.4312567440385466, 718.9644007592204, -7.722265917497907, -201.1877192982431]
SPS=350
Eval at step 8880000, survival=23.523%, return=[-4.944440735370153, 1114.6406649751661, -28.246613909710323, -306.47368421052323]
SPS=349
Eval at step 8920000, survival=24.991%, return=[-5.2174840430379845, 1181.360175487994, -9.554659181859824, -321.6105263157792]
SPS=349
Eval at step 8960000, survival=17.758%, return=[-4.018347990716575, 837.5027505645749, -9.121112716049538, -229.0824561403505]
SPS=349
Eval at step 9000000, survival=15.902%, return=[-3.5578257058747114, 757.6063416261675, -7.855519035433645, -205.6157894736851]
SPS=349
Eval at step 9040000, survival=31.220%, return=[-6.170197117730277, 1475.9751571698175, -11.409656690209522, -403.81403508770944]
SPS=348
Eval at step 9080000, survival=30.045%, return=[-5.858461547340267, 1433.1278636889454, -9.434892971942464, -397.1385964912195]
SPS=347
Eval at step 9120000, survival=12.636%, return=[-3.0180894528806674, 600.3679094586366, -41.591936106310456, -167.48070175438795]
SPS=348
Eval at step 9160000, survival=24.020%, return=[-4.852136851311661, 1145.5581381626134, -32.211855806888344, -320.414035087715]
SPS=347
Eval at step 9200000, survival=16.218%, return=[-3.4770543463062493, 784.6795248909, -7.610793786251998, -217.49298245613824]
SPS=347
Eval at step 9240000, survival=11.772%, return=[-2.9434815301792696, 556.8741099948884, -14.30600351090543, -158.2543859649141]
SPS=347
Eval at step 9280000, survival=36.345%, return=[-6.84002042246284, 1724.7487932929994, -19.28942548019404, -494.9771929824425]
SPS=346
Eval at step 9320000, survival=15.296%, return=[-3.5228586759243625, 718.1427823739044, -89.45061281431917, -211.48596491228054]
SPS=346
Eval at step 9360000, survival=23.806%, return=[-4.932948830735404, 1125.8743525629038, -11.494203249148779, -326.7315789473636]
SPS=346
Eval at step 9400000, survival=18.017%, return=[-3.8717363430419938, 854.3283720746047, -65.58587685818857, -247.74210526315505]
SPS=346
Eval at step 9440000, survival=23.451%, return=[-4.5714133471483365, 1119.3528323144924, -10.417649761505709, -320.55087719297364]
SPS=345
Eval at step 9480000, survival=11.502%, return=[-2.838739006576361, 547.0814603204728, -8.219344937207643, -156.93684210526445]
SPS=345
Eval at step 9520000, survival=15.099%, return=[-3.501238761463901, 711.3369830298423, -9.297425488669978, -209.11754385964474]
SPS=345
Eval at step 9560000, survival=13.509%, return=[-3.2169888238771818, 639.638300478458, -12.437042179629497, -186.63684210526262]
SPS=345
Eval at step 9600000, survival=15.161%, return=[-3.416786163079087, 724.6246385574342, -8.46684956178433, -209.16140350877095]
SPS=345
Eval at step 9640000, survival=14.240%, return=[-3.3502896710240746, 671.0136238613128, -34.113344193057856, -198.48070175438482]
SPS=345
Eval at step 9680000, survival=22.994%, return=[-4.752541743509937, 1093.124914534094, -10.473159669580491, -323.5649122806953]
SPS=345
Eval at step 9720000, survival=26.794%, return=[-5.363626621820731, 1274.5526545143102, -10.686053715420986, -369.9333333333235]
SPS=344
Eval at step 9760000, survival=15.190%, return=[-3.5594991925696378, 715.1275504059788, -23.669687382174743, -209.07368421052638]
SPS=344
Eval at step 9800000, survival=10.836%, return=[-2.81792347439914, 510.42453949356087, -7.953315718204249, -149.0105263157903]
SPS=344
Eval at step 9840000, survival=9.241%, return=[-2.4734456759586463, 441.2212637042997, -7.585465359054797, -128.09649122807008]
SPS=344
Eval at step 9880000, survival=17.501%, return=[-4.082604541088221, 815.5884030027385, -25.5571170558891, -241.62982456140236]
SPS=344
Eval at step 9920000, survival=14.358%, return=[-3.392838234687224, 677.8328917684548, -27.75593652692269, -197.21052631578792]
SPS=344
Eval at step 9960000, survival=11.119%, return=[-2.8122431785741355, 527.2972780170436, -9.134879962542618, -152.41929824561416]
SPS=344
Eval at step 10000000, survival=13.425%, return=[-3.19360278629465, 629.5654160485253, -109.55182933900468, -190.97192982456085]
SPS=344
Eval at step 10040000, survival=24.721%, return=[-5.28819397695479, 1149.3877528610265, -60.60127967795088, -340.491228070165]
SPS=344
Eval at step 10080000, survival=13.336%, return=[-3.173379467637278, 632.5262225589746, -8.436641456539656, -184.49649122806906]
SPS=344
Eval at step 10120000, survival=13.653%, return=[-3.26472260634182, 627.3397407121649, -203.21272054712898, -197.13684210526154]
SPS=344
Eval at step 10160000, survival=20.172%, return=[-4.358869225590024, 951.41814415884, -29.53944839158412, -278.13157894736537]
SPS=344
Eval at step 10200000, survival=16.659%, return=[-3.7713228788226845, 783.5964811706535, -39.45498480466667, -229.25263157894634]
SPS=344
Eval at step 10240000, survival=13.579%, return=[-3.368004891544115, 634.7155392003061, -8.908597156780797, -187.345614035087]
SPS=344
Eval at step 10280000, survival=24.787%, return=[-5.140099945245311, 1165.923984163761, -62.76522620136884, -343.47192982455704]
SPS=344
Eval at step 10320000, survival=6.740%, return=[-2.1058277599862776, 316.5923834724427, -14.430227121355893, -93.59473684210668]
SPS=344
Eval at step 10360000, survival=20.611%, return=[-4.466322818328626, 970.928854526047, -75.3551499499008, -290.2982456140301]
SPS=344
Eval at step 10400000, survival=27.919%, return=[-5.469000079372199, 1320.6617201218596, -44.81217993893879, -388.73157894735334]
SPS=343
Eval at step 10440000, survival=22.584%, return=[-4.942113225674257, 1053.8193709731097, -10.172977846178037, -312.27894736841733]
SPS=343
Eval at step 10480000, survival=38.991%, return=[-7.250532562489388, 1840.760512706283, -17.494931527274638, -550.3701754385727]
SPS=342
Eval at step 10520000, survival=20.749%, return=[-4.3106683428981345, 979.3880147986449, -79.16443089627987, -295.72456140350243]
SPS=342
Eval at step 10560000, survival=37.706%, return=[-7.329812130372739, 1773.3868280653946, -13.2952261497574, -530.3561403508561]
SPS=341
Eval at step 10600000, survival=25.890%, return=[-5.107915913657052, 1229.915433654786, -10.947850181277317, -358.8035087719225]
SPS=341
Eval at step 10640000, survival=26.202%, return=[-5.269360818964197, 1238.4435670022967, -10.973035975483072, -366.7701754385813]
SPS=341
Eval at step 10680000, survival=35.103%, return=[-6.974855326360557, 1645.1807193222048, -40.08074198368249, -496.11754385963013]
SPS=340
Eval at step 10720000, survival=27.901%, return=[-5.869966598832979, 1304.1130733304021, -11.453539219595381, -385.35438596490565]
SPS=340
Eval at step 10760000, survival=16.518%, return=[-3.7450211599527394, 777.7372310490598, -12.140750740265503, -227.60175438596121]
SPS=340
Eval at step 10800000, survival=33.268%, return=[-6.566900878085289, 1565.5778519144064, -12.616238243287444, -466.40526315788594]
SPS=339
Eval at step 10840000, survival=26.861%, return=[-5.389019100455334, 1255.0304012770644, -80.67352945655459, -375.3982456140223]
SPS=339
Eval at step 10880000, survival=34.906%, return=[-6.732126543053892, 1645.7463153462425, -56.85669565590833, -493.6210526315648]
SPS=338
Eval at step 10920000, survival=28.245%, return=[-5.7106166260608004, 1325.6498023900972, -11.370523961994696, -397.6666666666492]
SPS=338
Eval at step 10960000, survival=19.288%, return=[-4.221919771912508, 906.689752912522, -8.8412536173033, -272.8192982456088]
SPS=338
Eval at step 11000000, survival=16.174%, return=[-3.7198237244272603, 758.3689919347762, -8.466731315124253, -227.71052631578422]
SPS=338
Eval at step 11040000, survival=31.355%, return=[-6.300037270947359, 1468.863761754515, -12.51541557074088, -446.25789473682954]
SPS=337
Eval at step 11080000, survival=20.440%, return=[-4.2952390849241056, 968.1355864963527, -28.302100145124495, -290.57543859648706]
SPS=337
Eval at step 11120000, survival=31.634%, return=[-6.281592673331033, 1485.735293614864, -10.748641423883964, -449.27894736840256]
SPS=337
Eval at step 11160000, survival=42.719%, return=[-8.023881573346443, 2004.9456865348789, -42.12657223343085, -600.2877192982186]
SPS=336
Eval at step 11200000, survival=16.442%, return=[-3.7156882999348455, 772.494458489419, -10.078664756607031, -230.34385964912173]
SPS=336
Eval at step 11240000, survival=38.473%, return=[-7.555516317515867, 1807.3846740670185, -19.899697692781285, -539.6947368420877]
SPS=335
Eval at step 11280000, survival=30.717%, return=[-6.081228640675545, 1450.5304308629034, -10.525169274550626, -429.652631578935]
SPS=335
Eval at step 11320000, survival=28.074%, return=[-5.731292695406592, 1324.2717382163978, -10.499540811858196, -389.50526315788545]
SPS=335
Eval at step 11360000, survival=23.961%, return=[-5.176469340617769, 1123.6425984215741, -10.250263268485288, -336.3403508771868]
SPS=334
Eval at step 11400000, survival=46.166%, return=[-9.04232255347888, 2141.781230954652, -235.23147386470683, -653.4771929824361]
SPS=334
Eval at step 11440000, survival=20.494%, return=[-4.432328287570272, 965.1598017759327, -9.562765767849488, -286.90175438595867]
SPS=333
Eval at step 11480000, survival=26.138%, return=[-5.463764297170565, 1228.9360082840915, -9.58296031764785, -369.0385964912172]
SPS=333
Eval at step 11520000, survival=40.344%, return=[-7.559338000876596, 1908.638545129299, -10.692003209249242, -568.8438596490972]
SPS=332
Eval at step 11560000, survival=33.890%, return=[-6.752910297113703, 1593.164632371428, -11.506204717812944, -473.93508771928026]
SPS=332
Eval at step 11600000, survival=41.049%, return=[-7.5046468482352795, 1941.52363523483, -8.81144995666573, -573.1964912280381]
SPS=331
Eval at step 11640000, survival=42.584%, return=[-8.120348132273648, 1999.5002331747983, -24.672351589398044, -589.8999999999726]
SPS=330
Eval at step 11680000, survival=25.792%, return=[-5.356620403326815, 1211.2739299178152, -8.677520108994122, -359.5192982455991]
SPS=330
Eval at step 11720000, survival=30.897%, return=[-6.196058063278906, 1459.1239322948454, -10.382058786080416, -429.6929824561318]
SPS=330
Eval at step 11760000, survival=26.209%, return=[-5.390219965513097, 1240.720497016431, -8.615932588338547, -365.6684210526235]
SPS=330
Eval at step 11800000, survival=40.326%, return=[-7.563939037336968, 1901.2124974489227, -9.733598861465634, -567.8982456139966]
SPS=329
Eval at step 11840000, survival=36.544%, return=[-7.390463779715356, 1705.4404535183953, -178.5184416800227, -517.7491228070006]
SPS=328
Eval at step 11880000, survival=34.232%, return=[-6.534276018320815, 1631.3305970430386, -8.918073977821042, -475.05964912279177]
SPS=328
Eval at step 11920000, survival=34.246%, return=[-6.754512253392022, 1622.9444903106682, -9.727486386679084, -475.8789473684101]
SPS=327
Eval at step 11960000, survival=35.344%, return=[-6.837388260406442, 1665.6683632106783, -10.051288990886679, -487.3736842105068]
SPS=327
Eval at step 12000000, survival=50.015%, return=[-9.2342891294742, 2349.5865533895517, -74.33911850288332, -698.4842105262801]
SPS=326
Eval at step 12040000, survival=34.141%, return=[-6.699710586562287, 1616.1108852138527, -9.858872444938061, -476.9701754385786]
SPS=326
Eval at step 12080000, survival=33.030%, return=[-6.3782254512479994, 1564.3777269296652, -8.628633561762218, -457.21578947367]
SPS=325
Eval at step 12120000, survival=42.917%, return=[-8.157617425336502, 2018.1296109042182, -10.314055621432999, -598.2807017543598]
SPS=325
Eval at step 12160000, survival=46.047%, return=[-8.648564942053053, 2166.265394602773, -11.310094095492422, -633.1298245613721]
SPS=324
Eval at step 12200000, survival=31.880%, return=[-6.253017052414362, 1500.8751644048693, -9.010358051783806, -440.85438596489104]
SPS=324
Eval at step 12240000, survival=45.849%, return=[-8.363601877412293, 2172.9037099051448, -9.788680612504686, -638.5578947368059]
SPS=323
Eval at step 12280000, survival=23.342%, return=[-4.69648493170389, 1108.9033661985384, -8.473271875452337, -326.9666666666548]
SPS=323
Eval at step 12320000, survival=24.994%, return=[-5.229291736800223, 1178.5769939389234, -8.846311028399942, -348.9421052631493]
SPS=323
Eval at step 12360000, survival=59.474%, return=[-10.497595382877625, 2786.670917974485, -324.6777855638596, -835.9017543859169]
SPS=322
Eval at step 12400000, survival=35.830%, return=[-6.764497371239122, 1694.3348818063732, -9.542741530828788, -495.3175438596319]
SPS=321
Eval at step 12440000, survival=25.739%, return=[-5.1544531206483954, 1221.3783241224296, -8.259336734239543, -356.34035087718615]
SPS=321
Eval at step 12480000, survival=50.698%, return=[-9.125360899080988, 2405.051880771636, -10.438353986890979, -711.1754385964579]
SPS=320
Eval at step 12520000, survival=38.576%, return=[-7.382790358870989, 1821.0795239310246, -11.836123441613381, -539.6035087719022]
SPS=320
Eval at step 12560000, survival=32.682%, return=[-6.448611830803566, 1545.3259540576942, -22.478370619443286, -458.6719298245483]
SPS=319
Eval at step 12600000, survival=61.634%, return=[-11.163187017157906, 2907.378636157515, -11.873793060506433, -863.9807017543448]
SPS=318
Eval at step 12640000, survival=39.298%, return=[-7.18799717091606, 1868.2426571102155, -8.674386251313262, -560.9771929824217]
SPS=318
Eval at step 12680000, survival=29.215%, return=[-5.867739630135475, 1374.370284829137, -8.579541750883072, -415.34385964910064]
SPS=318
Eval at step 12720000, survival=46.116%, return=[-8.720614278002177, 2173.9721838831915, -11.22262036328516, -647.3333333333051]
SPS=317
Eval at step 12760000, survival=55.985%, return=[-10.130403552786447, 2649.1828212661744, -11.895515761247385, -791.6473684210033]
SPS=316
Eval at step 12800000, survival=41.462%, return=[-7.652474374795565, 1971.8681822700523, -32.86924331626939, -584.4192982455831]
SPS=316
Eval at step 12840000, survival=52.672%, return=[-9.547144766483688, 2490.4830465149857, -12.209474554229654, -731.9649122806666]
SPS=315
Eval at step 12880000, survival=47.414%, return=[-8.488317091279896, 2238.755097752569, -10.677550990756753, -659.150877192939]
SPS=314
Eval at step 12920000, survival=42.035%, return=[-7.902238732675324, 1963.0802912006511, -163.4346226502643, -592.6403508771648]
SPS=314
Eval at step 12960000, survival=43.898%, return=[-8.373709420784143, 2035.8655311179177, -107.55407761178257, -612.8666666666303]
SPS=313
Eval at step 13000000, survival=26.303%, return=[-5.212787196494173, 1233.2424414162642, -116.6606527642718, -370.48947368419516]
SPS=313
Eval at step 13040000, survival=46.133%, return=[-8.335147597250762, 2160.691029226301, -138.70899386789083, -656.4859649122433]
SPS=312
Eval at step 13080000, survival=30.448%, return=[-5.80432076199213, 1429.4722342524522, -132.2680406618555, -436.2473684210352]
SPS=312
Eval at step 13120000, survival=58.872%, return=[-10.160207283159252, 2774.7257691135396, -20.367474471012088, -830.7789473683657]
SPS=311
Eval at step 13160000, survival=28.576%, return=[-5.7073518505843825, 1346.1922187924379, -9.65209218461132, -403.5228070175353]
SPS=311
Eval at step 13200000, survival=33.707%, return=[-6.569681012403453, 1580.1192878007873, -10.269150393433302, -469.4421052631412]
SPS=311
Eval at step 13240000, survival=56.551%, return=[-10.317354370874819, 2645.9191278219237, -13.46463641960545, -788.449122806972]
SPS=310
Eval at step 13280000, survival=29.185%, return=[-5.938994617050048, 1364.9350732207295, -11.888402384340134, -404.3543859649041]
SPS=310
Eval at step 13320000, survival=35.076%, return=[-6.66404967958224, 1641.495294666772, -112.06219437306773, -495.6964912280456]
SPS=309
Eval at step 13360000, survival=39.948%, return=[-7.517591233900748, 1865.4607302675238, -71.81460847270432, -560.3140350876934]
SPS=309
Eval at step 13400000, survival=38.795%, return=[-7.223163538763766, 1812.6648890867211, -197.35474477274693, -552.1192982455927]
SPS=309
Eval at step 13440000, survival=22.604%, return=[-4.888132286263863, 1049.13435076952, -9.456896524346053, -311.98245614033993]
SPS=309
Eval at step 13480000, survival=19.571%, return=[-4.215007032622816, 910.1422898807508, -134.84581046815893, -277.8947368421003]
SPS=309
Eval at step 13520000, survival=10.830%, return=[-2.766539473447483, 506.14218255615276, -17.3258793213623, -150.47017543859727]
SPS=309
Eval at step 13560000, survival=25.780%, return=[-5.019912033143919, 1214.3816384172449, -7.849349175940733, -362.27368421050596]
SPS=309
Eval at step 13600000, survival=50.071%, return=[-9.01305422107107, 2358.8668344140087, -11.24621048642559, -702.7947368420724]
SPS=308
Eval at step 13640000, survival=37.170%, return=[-7.118983064003987, 1752.9013583216674, -10.197166611292777, -523.5631578947186]
SPS=308
Eval at step 13680000, survival=36.383%, return=[-6.656558123149443, 1717.573332943915, -8.600257450859862, -522.889473684177]
SPS=307
Eval at step 13720000, survival=25.373%, return=[-5.071201254415792, 1189.9753567123412, -8.29730370541365, -360.1649122806796]
SPS=307
Eval at step 13760000, survival=56.975%, return=[-9.954929572693072, 2688.8484020662295, -11.249055619072715, -809.5578947367936]
SPS=307
Eval at step 13800000, survival=55.756%, return=[-10.150281236012233, 2612.433916997431, -12.740636121018724, -790.7456140350452]
SPS=306
Eval at step 13840000, survival=44.023%, return=[-8.420418574544602, 2048.4746048240813, -203.60896719533375, -629.2438596490908]
SPS=305
Eval at step 13880000, survival=32.576%, return=[-6.413930536265252, 1528.633585865019, -10.557506110570102, -455.09122807015683]
SPS=305
Eval at step 13920000, survival=32.656%, return=[-6.205392307339935, 1534.6826344203955, -10.257616290376518, -456.06491228067944]
SPS=305
Eval at step 13960000, survival=22.514%, return=[-4.642841932189185, 1058.6357741518027, -8.979057093516484, -313.2877192982333]
SPS=305
Eval at step 14000000, survival=37.186%, return=[-6.950178014638368, 1748.4514812612554, -10.38362651629468, -517.5105263157595]
SPS=305
Eval at step 14040000, survival=36.775%, return=[-6.987867063749581, 1738.7068272433262, -11.014244763170108, -511.07017543857546]
SPS=304
Eval at step 14080000, survival=12.930%, return=[-3.1623979274823797, 597.7704791588772, -82.4114413538019, -182.6350877192983]
SPS=304
Eval at step 14120000, survival=24.256%, return=[-4.803303160576616, 1149.7340455574993, -7.814136267035792, -337.92456140349503]
SPS=304
Eval at step 14160000, survival=47.419%, return=[-8.49954652338638, 2237.653767781258, -10.100208344351994, -664.0666666666268]
SPS=304
Eval at step 14200000, survival=54.441%, return=[-9.765568126022117, 2568.201949169159, -12.21615997033914, -769.9245614034587]
SPS=303
Eval at step 14240000, survival=37.930%, return=[-7.191723703534808, 1777.828986424923, -9.754945881107142, -533.8999999999685]
SPS=303
Eval at step 14280000, survival=52.589%, return=[-9.264713722048327, 2475.016006836892, -12.356879899823435, -736.5070175438137]
SPS=302
Eval at step 14320000, survival=29.754%, return=[-5.703352431295206, 1407.6344593586887, -52.60833143378768, -419.7105263157716]
SPS=302
Eval at step 14360000, survival=38.879%, return=[-7.138453429017682, 1829.1725300674418, -9.358824158250354, -543.1877192982142]
SPS=302
Eval at step 14400000, survival=68.343%, return=[-12.136019142874284, 3196.419559239871, -95.76402815455022, -954.3842105262578]
SPS=301
Eval at step 14440000, survival=22.245%, return=[-4.8085058679571375, 1035.798548249722, -23.883888543970897, -306.48596491227363]
SPS=301
Eval at step 14480000, survival=30.787%, return=[-6.249272404628573, 1439.7268884096152, -9.78191566188725, -427.4842105262995]
SPS=301
Eval at step 14520000, survival=31.292%, return=[-5.89964740317082, 1480.626871802805, -8.254082551457396, -437.6754385964662]
SPS=301
Eval at step 14560000, survival=58.810%, return=[-10.710871256369865, 2753.003497446536, -23.040793641463097, -816.1017543859164]
SPS=300
Eval at step 14600000, survival=46.627%, return=[-8.651392338325968, 2187.9699977645887, -10.25767807858158, -651.0982456139977]
SPS=299
Eval at step 14640000, survival=51.202%, return=[-9.28687962371041, 2404.545173623562, -10.606537789847982, -720.9491228069776]
SPS=299
Eval at step 14680000, survival=35.378%, return=[-6.762977753864834, 1659.0900505065915, -8.68583477958964, -497.1140350876911]
SPS=299
Eval at step 14720000, survival=46.942%, return=[-8.397896289278288, 2210.2684109926245, -9.638954328173941, -662.1315789473218]
SPS=298
Eval at step 14760000, survival=48.155%, return=[-8.567978146637325, 2279.6708442330405, -9.353967905621607, -679.4982456139934]
SPS=298
Eval at step 14800000, survival=33.624%, return=[-6.375465995172272, 1591.0463673734635, -9.036142189240035, -476.17017543857025]
SPS=297
Eval at step 14840000, survival=18.103%, return=[-4.016059196565766, 850.0927004070281, -12.026117892627372, -254.12982456139835]
SPS=297
Eval at step 14880000, survival=30.764%, return=[-5.9092675594147295, 1441.5310342917458, -9.514596674308176, -430.42456140348474]
SPS=297
Eval at step 14920000, survival=29.676%, return=[-5.867799204570474, 1389.4943113703755, -9.360574870354503, -413.4035087719082]
SPS=297
Eval at step 14960000, survival=42.444%, return=[-7.790297910629306, 1991.392242650983, -9.624530187202799, -589.7912280701382]
SPS=297
Eval at step 15000000, survival=40.440%, return=[-7.616945677780313, 1896.814675672054, -9.73535352328563, -561.9719298245315]
SPS=296
[1;34mwandb[0m: 
[1;34mwandb[0m: 🚀 View run [33mMAPPO_bus14_T_0_0__I__1779619674_32943[0m at: [34mhttps://wandb.ai/corentin-plumet-epfl/Grid2Op/runs/MAPPO_bus14_T_0_0__I__1779619674_32943[0m
[1;34mwandb[0m: Find logs at: [1;35mwandb/wandb/run-20260524_124852-MAPPO_bus14_T_0_0__I__1779619674_32943/logs[0m
Job 54654020 finished at lun 25 mai 2026 02:50:16 CEST
